2025-10-20 19:26:24,151 [INFO] - 
=========================== STARTING NEW EXPERIMENT ============================
2025-10-20 19:26:24,151 [INFO] - The device used: cuda
2025-10-20 19:26:24,151 [INFO] - Configuration: DeepGlobal_CrossEntropyLoss_PAN_mobileone_s2
2025-10-20 19:26:24,151 [INFO] - ================================================================================
2025-10-20 19:26:24,151 [INFO] - 🔄 Loading data...
2025-10-20 19:26:24,163 [INFO] - 🔧 Initializing model, loss function, and optimizer...
2025-10-20 19:28:22,380 [INFO] - Epoch 01 | Val Loss: 0.0998 | Val IoU: 0.9308 | 🕒 118.00s
2025-10-20 19:30:05,672 [INFO] - Epoch 02 | Val Loss: 0.0989 | Val IoU: 0.9320 | 🕒 103.29s
2025-10-20 19:31:53,796 [INFO] - Epoch 03 | Val Loss: 0.0841 | Val IoU: 0.9398 | 🕒 108.12s
2025-10-20 19:33:36,333 [INFO] - Epoch 04 | Val Loss: 0.1599 | Val IoU: 0.9289 | 🕒 102.53s
2025-10-20 19:35:17,767 [INFO] - Epoch 05 | Val Loss: 0.1115 | Val IoU: 0.9373 | 🕒 101.43s
2025-10-20 19:36:50,451 [INFO] - Epoch 06 | Val Loss: 0.2508 | Val IoU: 0.9352 | 🕒 92.68s
2025-10-20 19:38:15,735 [INFO] - Epoch 07 | Val Loss: 0.0812 | Val IoU: 0.9416 | 🕒 85.28s
2025-10-20 19:39:42,268 [INFO] - Epoch 08 | Val Loss: 0.1173 | Val IoU: 0.9388 | 🕒 86.53s
2025-10-20 19:41:08,697 [INFO] - Epoch 09 | Val Loss: 0.0966 | Val IoU: 0.9415 | 🕒 86.43s
2025-10-20 19:42:33,997 [INFO] - Epoch 10 | Val Loss: 0.0787 | Val IoU: 0.9434 | 🕒 85.30s
2025-10-20 19:43:56,129 [INFO] - Epoch 11 | Val Loss: 0.1780 | Val IoU: 0.9394 | 🕒 82.13s
2025-10-20 19:45:18,452 [INFO] - Epoch 12 | Val Loss: 0.0739 | Val IoU: 0.9451 | 🕒 82.32s
2025-10-20 19:46:40,986 [INFO] - Epoch 13 | Val Loss: 0.0952 | Val IoU: 0.9434 | 🕒 82.53s
2025-10-20 19:48:02,562 [INFO] - Epoch 14 | Val Loss: 0.1196 | Val IoU: 0.9419 | 🕒 81.57s
2025-10-20 19:49:23,958 [INFO] - Epoch 15 | Val Loss: 0.1088 | Val IoU: 0.9423 | 🕒 81.40s
2025-10-20 19:50:45,856 [INFO] - Epoch 16 | Val Loss: 0.0910 | Val IoU: 0.9430 | 🕒 81.90s
2025-10-20 19:52:07,369 [INFO] - Epoch 17 | Val Loss: 0.1178 | Val IoU: 0.9418 | 🕒 81.51s
2025-10-20 19:53:28,884 [INFO] - Epoch 18 | Val Loss: 0.0768 | Val IoU: 0.9446 | 🕒 81.51s
2025-10-20 19:54:50,523 [INFO] - Epoch 19 | Val Loss: 0.0807 | Val IoU: 0.9484 | 🕒 81.64s
2025-10-20 19:56:12,508 [INFO] - Epoch 20 | Val Loss: 0.0843 | Val IoU: 0.9478 | 🕒 81.99s
2025-10-20 19:57:34,243 [INFO] - Epoch 21 | Val Loss: 0.0808 | Val IoU: 0.9482 | 🕒 81.74s
2025-10-20 19:58:56,575 [INFO] - Epoch 22 | Val Loss: 0.0852 | Val IoU: 0.9479 | 🕒 82.33s
2025-10-20 20:00:18,677 [INFO] - Epoch 23 | Val Loss: 0.0914 | Val IoU: 0.9474 | 🕒 82.10s
2025-10-20 20:01:40,420 [INFO] - Epoch 24 | Val Loss: 0.0881 | Val IoU: 0.9478 | 🕒 81.74s
2025-10-20 20:03:02,681 [INFO] - Epoch 25 | Val Loss: 0.0997 | Val IoU: 0.9470 | 🕒 82.26s
2025-10-20 20:04:24,335 [INFO] - Epoch 26 | Val Loss: 0.0927 | Val IoU: 0.9475 | 🕒 81.65s
2025-10-20 20:05:46,052 [INFO] - Epoch 27 | Val Loss: 0.0883 | Val IoU: 0.9476 | 🕒 81.72s
2025-10-20 20:07:08,423 [INFO] - Epoch 28 | Val Loss: 0.0944 | Val IoU: 0.9470 | 🕒 82.37s
2025-10-20 20:08:30,480 [INFO] - Epoch 29 | Val Loss: 0.0926 | Val IoU: 0.9474 | 🕒 82.06s
2025-10-20 20:09:52,573 [INFO] - Epoch 30 | Val Loss: 0.0926 | Val IoU: 0.9473 | 🕒 82.09s
2025-10-20 20:09:52,574 [INFO] - 
--- Training for DeepGlobal_CrossEntropyLoss_PAN_mobileone_s2 complete ---
2025-10-20 20:09:52,575 [INFO] - 📄 Time report saved at: plot/plot_DeepGlobal_CrossEntropyLoss_PAN_mobileone_s2\training_times.txt
2025-10-20 20:09:52,575 [INFO] - ✅ Best model saved at: model/model_DeepGlobal_CrossEntropyLoss_PAN_mobileone_s2.pt
2025-10-20 20:09:52,576 [INFO] - 📊 Per-epoch results saved at: plot/plot_DeepGlobal_CrossEntropyLoss_PAN_mobileone_s2\epoch_results.csv
2025-10-20 20:09:52,590 [INFO] - 
Training history saved to 'plot/plot_DeepGlobal_CrossEntropyLoss_PAN_mobileone_s2' directory.
2025-10-20 20:09:53,510 [INFO] - Summary plot saved at: plot/plot_DeepGlobal_CrossEntropyLoss_PAN_mobileone_s2\training_metrics_summary.png
2025-10-20 20:09:53,635 [INFO] - 📈 Confusion matrix saved at: plot/plot_DeepGlobal_CrossEntropyLoss_PAN_mobileone_s2\confusion_matrix.png
2025-10-20 20:09:53,636 [INFO] - 
============================= EXPERIMENT FINISHED ==============================

