2025-08-04 13:23:19,690 [INFO] - 
=========================== STARTING NEW EXPERIMENT ============================
2025-08-04 13:23:19,690 [INFO] - Configuration: TGRS_Road_CrossEntropyLoss_DeepLabV3Plus_mobileone_s1
2025-08-04 13:23:19,690 [INFO] - ================================================================================
2025-08-04 13:23:19,690 [INFO] - 🔄 Loading data...
2025-08-04 13:23:19,698 [INFO] - 🔧 Initializing model, loss function, and optimizer...
2025-08-04 13:23:32,765 [INFO] - Epoch 01 | Val Loss: 0.2185 | Val IoU: 0.8284 | 🕒 12.11s
2025-08-04 13:23:44,677 [INFO] - Epoch 02 | Val Loss: 0.1276 | Val IoU: 0.8999 | 🕒 11.91s
2025-08-04 13:23:56,604 [INFO] - Epoch 03 | Val Loss: 0.1151 | Val IoU: 0.9105 | 🕒 11.93s
2025-08-04 13:24:08,399 [INFO] - Epoch 04 | Val Loss: 0.1042 | Val IoU: 0.9195 | 🕒 11.79s
2025-08-04 13:24:20,258 [INFO] - Epoch 05 | Val Loss: 0.0852 | Val IoU: 0.9312 | 🕒 11.86s
2025-08-04 13:24:32,090 [INFO] - Epoch 06 | Val Loss: 0.0806 | Val IoU: 0.9353 | 🕒 11.83s
2025-08-04 13:24:43,995 [INFO] - Epoch 07 | Val Loss: 0.0694 | Val IoU: 0.9439 | 🕒 11.90s
2025-08-04 13:24:55,661 [INFO] - Epoch 08 | Val Loss: 0.0697 | Val IoU: 0.9438 | 🕒 11.67s
2025-08-04 13:25:07,440 [INFO] - Epoch 09 | Val Loss: 0.0686 | Val IoU: 0.9448 | 🕒 11.78s
2025-08-04 13:25:19,102 [INFO] - Epoch 10 | Val Loss: 0.0751 | Val IoU: 0.9407 | 🕒 11.66s
2025-08-04 13:25:30,783 [INFO] - Epoch 11 | Val Loss: 0.0703 | Val IoU: 0.9437 | 🕒 11.68s
2025-08-04 13:25:42,612 [INFO] - Epoch 12 | Val Loss: 0.0725 | Val IoU: 0.9434 | 🕒 11.83s
2025-08-04 13:25:54,264 [INFO] - Epoch 13 | Val Loss: 0.0766 | Val IoU: 0.9412 | 🕒 11.65s
2025-08-04 13:26:05,856 [INFO] - Epoch 14 | Val Loss: 0.0747 | Val IoU: 0.9434 | 🕒 11.59s
2025-08-04 13:26:17,583 [INFO] - Epoch 15 | Val Loss: 0.0736 | Val IoU: 0.9437 | 🕒 11.73s
2025-08-04 13:26:29,479 [INFO] - Epoch 16 | Val Loss: 0.0667 | Val IoU: 0.9474 | 🕒 11.90s
2025-08-04 13:26:41,221 [INFO] - Epoch 17 | Val Loss: 0.0680 | Val IoU: 0.9469 | 🕒 11.74s
2025-08-04 13:26:52,945 [INFO] - Epoch 18 | Val Loss: 0.0680 | Val IoU: 0.9471 | 🕒 11.72s
2025-08-04 13:27:04,758 [INFO] - Epoch 19 | Val Loss: 0.0662 | Val IoU: 0.9482 | 🕒 11.81s
2025-08-04 13:27:16,544 [INFO] - Epoch 20 | Val Loss: 0.0686 | Val IoU: 0.9470 | 🕒 11.79s
2025-08-04 13:27:28,334 [INFO] - Epoch 21 | Val Loss: 0.0679 | Val IoU: 0.9476 | 🕒 11.79s
2025-08-04 13:27:40,124 [INFO] - Epoch 22 | Val Loss: 0.0683 | Val IoU: 0.9474 | 🕒 11.79s
2025-08-04 13:27:51,857 [INFO] - Epoch 23 | Val Loss: 0.0681 | Val IoU: 0.9476 | 🕒 11.73s
2025-08-04 13:28:03,574 [INFO] - Epoch 24 | Val Loss: 0.0692 | Val IoU: 0.9471 | 🕒 11.72s
2025-08-04 13:28:15,321 [INFO] - Epoch 25 | Val Loss: 0.0703 | Val IoU: 0.9466 | 🕒 11.75s
2025-08-04 13:28:27,083 [INFO] - Epoch 26 | Val Loss: 0.0682 | Val IoU: 0.9474 | 🕒 11.76s
2025-08-04 13:28:38,919 [INFO] - Epoch 27 | Val Loss: 0.0676 | Val IoU: 0.9481 | 🕒 11.84s
2025-08-04 13:28:50,715 [INFO] - Epoch 28 | Val Loss: 0.0692 | Val IoU: 0.9473 | 🕒 11.80s
2025-08-04 13:29:02,578 [INFO] - Epoch 29 | Val Loss: 0.0679 | Val IoU: 0.9478 | 🕒 11.86s
2025-08-04 13:29:14,334 [INFO] - Epoch 30 | Val Loss: 0.0683 | Val IoU: 0.9477 | 🕒 11.76s
2025-08-04 13:29:14,334 [INFO] - 
--- Training for TGRS_Road_CrossEntropyLoss_DeepLabV3Plus_mobileone_s1 complete ---
2025-08-04 13:29:14,334 [INFO] - 📄 Time report saved at: plot/plot_TGRS_Road_CrossEntropyLoss_DeepLabV3Plus_mobileone_s1/training_times.txt
2025-08-04 13:29:14,334 [INFO] - ✅ Best model saved at: model/model_TGRS_Road_CrossEntropyLoss_DeepLabV3Plus_mobileone_s1.pt
2025-08-04 13:29:14,334 [INFO] - 📊 Per-epoch results saved at: plot/plot_TGRS_Road_CrossEntropyLoss_DeepLabV3Plus_mobileone_s1/epoch_results.csv
2025-08-04 13:29:14,336 [INFO] - 
Training history saved to 'plot/plot_TGRS_Road_CrossEntropyLoss_DeepLabV3Plus_mobileone_s1' directory.
2025-08-04 13:29:15,290 [INFO] - Summary plot saved at: plot/plot_TGRS_Road_CrossEntropyLoss_DeepLabV3Plus_mobileone_s1/training_metrics_summary.png
2025-08-04 13:29:15,416 [INFO] - 📈 Confusion matrix saved at: plot/plot_TGRS_Road_CrossEntropyLoss_DeepLabV3Plus_mobileone_s1/confusion_matrix.png
2025-08-04 13:29:15,416 [INFO] - 
============================= EXPERIMENT FINISHED ==============================

