2025-10-10 15:54:03,938 [INFO] - 
=========================== STARTING NEW EXPERIMENT ============================
2025-10-10 15:54:03,938 [INFO] - The device used: cuda
2025-10-10 15:54:03,938 [INFO] - Configuration: TGRS_Road_CrossEntropyLoss_MAnet_mobileone_s1
2025-10-10 15:54:03,938 [INFO] - ================================================================================
2025-10-10 15:54:03,938 [INFO] - 🔄 Loading data...
2025-10-10 15:54:03,940 [INFO] - 🔧 Initializing model, loss function, and optimizer...
2025-10-10 15:55:52,948 [INFO] - Epoch 01 | Val Loss: 0.1050 | Val IoU: 0.9261 | 🕒 108.42s
2025-10-10 15:57:44,985 [INFO] - Epoch 02 | Val Loss: 0.0894 | Val IoU: 0.9307 | 🕒 112.04s
2025-10-10 15:59:42,420 [INFO] - Epoch 03 | Val Loss: 0.0762 | Val IoU: 0.9415 | 🕒 117.43s
2025-10-10 16:01:36,147 [INFO] - Epoch 04 | Val Loss: 0.0720 | Val IoU: 0.9427 | 🕒 113.73s
2025-10-10 16:03:29,062 [INFO] - Epoch 05 | Val Loss: 0.0756 | Val IoU: 0.9383 | 🕒 112.91s
2025-10-10 16:05:25,735 [INFO] - Epoch 06 | Val Loss: 0.0682 | Val IoU: 0.9455 | 🕒 116.67s
2025-10-10 16:07:19,607 [INFO] - Epoch 07 | Val Loss: 0.0613 | Val IoU: 0.9497 | 🕒 113.87s
2025-10-10 16:09:15,452 [INFO] - Epoch 08 | Val Loss: 0.0672 | Val IoU: 0.9449 | 🕒 115.85s
2025-10-10 16:11:09,114 [INFO] - Epoch 09 | Val Loss: 0.0640 | Val IoU: 0.9480 | 🕒 113.66s
2025-10-10 16:13:04,406 [INFO] - Epoch 10 | Val Loss: 0.0673 | Val IoU: 0.9462 | 🕒 115.29s
2025-10-10 16:14:58,567 [INFO] - Epoch 11 | Val Loss: 0.0681 | Val IoU: 0.9464 | 🕒 114.16s
2025-10-10 16:16:52,698 [INFO] - Epoch 12 | Val Loss: 0.0662 | Val IoU: 0.9469 | 🕒 114.13s
2025-10-10 16:18:47,770 [INFO] - Epoch 13 | Val Loss: 0.0572 | Val IoU: 0.9545 | 🕒 115.07s
2025-10-10 16:20:41,449 [INFO] - Epoch 14 | Val Loss: 0.0688 | Val IoU: 0.9459 | 🕒 113.68s
2025-10-10 16:22:36,180 [INFO] - Epoch 15 | Val Loss: 0.0558 | Val IoU: 0.9543 | 🕒 114.73s
2025-10-10 16:24:30,079 [INFO] - Epoch 16 | Val Loss: 0.0587 | Val IoU: 0.9526 | 🕒 113.90s
2025-10-10 16:26:25,593 [INFO] - Epoch 17 | Val Loss: 0.0571 | Val IoU: 0.9541 | 🕒 115.51s
2025-10-10 16:28:28,806 [INFO] - Epoch 18 | Val Loss: 0.0549 | Val IoU: 0.9556 | 🕒 123.21s
2025-10-10 16:30:31,408 [INFO] - Epoch 19 | Val Loss: 0.0645 | Val IoU: 0.9496 | 🕒 122.60s
2025-10-10 16:32:26,300 [INFO] - Epoch 20 | Val Loss: 0.0552 | Val IoU: 0.9551 | 🕒 114.89s
2025-10-10 16:34:24,794 [INFO] - Epoch 21 | Val Loss: 0.0631 | Val IoU: 0.9536 | 🕒 118.49s
2025-10-10 16:36:14,639 [INFO] - Epoch 22 | Val Loss: 0.0667 | Val IoU: 0.9491 | 🕒 109.84s
2025-10-10 16:38:04,766 [INFO] - Epoch 23 | Val Loss: 0.0648 | Val IoU: 0.9523 | 🕒 110.13s
2025-10-10 16:39:55,317 [INFO] - Epoch 24 | Val Loss: 0.0592 | Val IoU: 0.9555 | 🕒 110.55s
2025-10-10 16:41:46,364 [INFO] - Epoch 25 | Val Loss: 0.0569 | Val IoU: 0.9570 | 🕒 111.05s
2025-10-10 16:43:36,147 [INFO] - Epoch 26 | Val Loss: 0.0591 | Val IoU: 0.9562 | 🕒 109.78s
2025-10-10 16:45:26,710 [INFO] - Epoch 27 | Val Loss: 0.0591 | Val IoU: 0.9559 | 🕒 110.56s
2025-10-10 16:47:16,531 [INFO] - Epoch 28 | Val Loss: 0.0592 | Val IoU: 0.9561 | 🕒 109.82s
2025-10-10 16:49:06,394 [INFO] - Epoch 29 | Val Loss: 0.0606 | Val IoU: 0.9555 | 🕒 109.86s
2025-10-10 16:50:56,751 [INFO] - Epoch 30 | Val Loss: 0.0593 | Val IoU: 0.9562 | 🕒 110.36s
2025-10-10 16:50:56,751 [INFO] - 
--- Training for TGRS_Road_CrossEntropyLoss_MAnet_mobileone_s1 complete ---
2025-10-10 16:50:56,751 [INFO] - 📄 Time report saved at: plot/plot_TGRS_Road_CrossEntropyLoss_MAnet_mobileone_s1\training_times.txt
2025-10-10 16:50:56,751 [INFO] - ✅ Best model saved at: model/model_TGRS_Road_CrossEntropyLoss_MAnet_mobileone_s1.pt
2025-10-10 16:50:56,751 [INFO] - 📊 Per-epoch results saved at: plot/plot_TGRS_Road_CrossEntropyLoss_MAnet_mobileone_s1\epoch_results.csv
2025-10-10 16:50:56,755 [INFO] - 
Training history saved to 'plot/plot_TGRS_Road_CrossEntropyLoss_MAnet_mobileone_s1' directory.
2025-10-10 16:50:57,408 [INFO] - Summary plot saved at: plot/plot_TGRS_Road_CrossEntropyLoss_MAnet_mobileone_s1\training_metrics_summary.png
2025-10-10 16:50:57,499 [INFO] - 📈 Confusion matrix saved at: plot/plot_TGRS_Road_CrossEntropyLoss_MAnet_mobileone_s1\confusion_matrix.png
2025-10-10 16:50:57,499 [INFO] - 
============================= EXPERIMENT FINISHED ==============================

