2025-08-06 05:31:58,762 [INFO] - 
=========================== STARTING NEW EXPERIMENT ============================
2025-08-06 05:31:58,762 [INFO] - Configuration: Massachusetts_CrossEntropyLoss_UNet++_mobileone_s2
2025-08-06 05:31:58,762 [INFO] - ================================================================================
2025-08-06 05:31:58,762 [INFO] - 🔄 Loading data...
2025-08-06 05:32:04,094 [INFO] - 🔧 Initializing model, loss function, and optimizer...
2025-08-06 05:40:44,310 [INFO] - Epoch 01 | Val Loss: 0.1031 | Val IoU: 0.9300 | 🕒 518.22s
2025-08-06 05:42:33,918 [INFO] - Epoch 02 | Val Loss: 0.0929 | Val IoU: 0.9371 | 🕒 109.61s
2025-08-06 05:44:22,879 [INFO] - Epoch 03 | Val Loss: 0.1517 | Val IoU: 0.9134 | 🕒 108.96s
2025-08-06 05:46:12,120 [INFO] - Epoch 04 | Val Loss: 0.0906 | Val IoU: 0.9402 | 🕒 109.24s
2025-08-06 05:48:01,154 [INFO] - Epoch 05 | Val Loss: 0.0880 | Val IoU: 0.9395 | 🕒 109.03s
2025-08-06 05:49:50,607 [INFO] - Epoch 06 | Val Loss: 0.0930 | Val IoU: 0.9406 | 🕒 109.45s
2025-08-06 05:51:39,581 [INFO] - Epoch 07 | Val Loss: 0.0856 | Val IoU: 0.9419 | 🕒 108.97s
2025-08-06 05:53:28,355 [INFO] - Epoch 08 | Val Loss: 0.0830 | Val IoU: 0.9435 | 🕒 108.77s
2025-08-06 05:55:17,384 [INFO] - Epoch 09 | Val Loss: 0.0843 | Val IoU: 0.9441 | 🕒 109.03s
2025-08-06 05:57:05,918 [INFO] - Epoch 10 | Val Loss: 0.0849 | Val IoU: 0.9430 | 🕒 108.53s
2025-08-06 05:58:54,749 [INFO] - Epoch 11 | Val Loss: 0.0840 | Val IoU: 0.9447 | 🕒 108.83s
2025-08-06 06:00:43,505 [INFO] - Epoch 12 | Val Loss: 0.0872 | Val IoU: 0.9445 | 🕒 108.76s
2025-08-06 06:02:32,129 [INFO] - Epoch 13 | Val Loss: 0.0846 | Val IoU: 0.9437 | 🕒 108.62s
2025-08-06 06:04:20,669 [INFO] - Epoch 14 | Val Loss: 0.0938 | Val IoU: 0.9445 | 🕒 108.54s
2025-08-06 06:06:09,236 [INFO] - Epoch 15 | Val Loss: 0.0880 | Val IoU: 0.9458 | 🕒 108.57s
2025-08-06 06:07:57,676 [INFO] - Epoch 16 | Val Loss: 0.0903 | Val IoU: 0.9455 | 🕒 108.44s
2025-08-06 06:09:46,213 [INFO] - Epoch 17 | Val Loss: 0.0921 | Val IoU: 0.9449 | 🕒 108.54s
2025-08-06 06:11:35,107 [INFO] - Epoch 18 | Val Loss: 0.0940 | Val IoU: 0.9454 | 🕒 108.89s
2025-08-06 06:13:23,849 [INFO] - Epoch 19 | Val Loss: 0.0931 | Val IoU: 0.9450 | 🕒 108.74s
2025-08-06 06:15:12,437 [INFO] - Epoch 20 | Val Loss: 0.0957 | Val IoU: 0.9450 | 🕒 108.59s
2025-08-06 06:17:00,919 [INFO] - Epoch 21 | Val Loss: 0.0957 | Val IoU: 0.9450 | 🕒 108.48s
2025-08-06 06:18:49,723 [INFO] - Epoch 22 | Val Loss: 0.0961 | Val IoU: 0.9450 | 🕒 108.80s
2025-08-06 06:20:39,111 [INFO] - Epoch 23 | Val Loss: 0.0943 | Val IoU: 0.9452 | 🕒 109.39s
2025-08-06 06:22:28,266 [INFO] - Epoch 24 | Val Loss: 0.0954 | Val IoU: 0.9450 | 🕒 109.16s
2025-08-06 06:24:17,115 [INFO] - Epoch 25 | Val Loss: 0.0959 | Val IoU: 0.9449 | 🕒 108.85s
2025-08-06 06:26:05,919 [INFO] - Epoch 26 | Val Loss: 0.0966 | Val IoU: 0.9448 | 🕒 108.80s
2025-08-06 06:27:54,809 [INFO] - Epoch 27 | Val Loss: 0.0970 | Val IoU: 0.9447 | 🕒 108.89s
2025-08-06 06:29:43,732 [INFO] - Epoch 28 | Val Loss: 0.0964 | Val IoU: 0.9447 | 🕒 108.92s
2025-08-06 06:31:32,321 [INFO] - Epoch 29 | Val Loss: 0.0964 | Val IoU: 0.9448 | 🕒 108.59s
2025-08-06 06:33:20,979 [INFO] - Epoch 30 | Val Loss: 0.0971 | Val IoU: 0.9448 | 🕒 108.66s
2025-08-06 06:33:20,979 [INFO] - 
--- Training for Massachusetts_CrossEntropyLoss_UNet++_mobileone_s2 complete ---
2025-08-06 06:33:20,980 [INFO] - 📄 Time report saved at: plot/plot_Massachusetts_CrossEntropyLoss_UNet++_mobileone_s2/training_times.txt
2025-08-06 06:33:20,980 [INFO] - ✅ Best model saved at: model/model_Massachusetts_CrossEntropyLoss_UNet++_mobileone_s2.pt
2025-08-06 06:33:20,980 [INFO] - 📊 Per-epoch results saved at: plot/plot_Massachusetts_CrossEntropyLoss_UNet++_mobileone_s2/epoch_results.csv
2025-08-06 06:33:20,981 [INFO] - 
Training history saved to 'plot/plot_Massachusetts_CrossEntropyLoss_UNet++_mobileone_s2' directory.
2025-08-06 06:33:22,134 [INFO] - Summary plot saved at: plot/plot_Massachusetts_CrossEntropyLoss_UNet++_mobileone_s2/training_metrics_summary.png
2025-08-06 06:33:22,273 [INFO] - 📈 Confusion matrix saved at: plot/plot_Massachusetts_CrossEntropyLoss_UNet++_mobileone_s2/confusion_matrix.png
2025-08-06 06:33:22,273 [INFO] - 
============================= EXPERIMENT FINISHED ==============================

