2025-12-20 14:38:54,803 [INFO] - Config suffix: TGRS_Road_CrossEntropyLoss_EfficientViT-Seg_l2-cityscapes
2025-12-20 14:38:54,803 [INFO] - Device: cuda
2025-12-20 14:38:54,803 [INFO] - 🔄 Loading data...
2025-12-20 14:38:54,814 [INFO] - 🔧 Initializing model, loss, optimizer, scheduler...
2025-12-20 14:39:23,554 [INFO] - Epoch 01/30 | Val Loss: 0.1317 | Val IoU: 0.8997 | 🕒 26.96s
2025-12-20 14:39:50,988 [INFO] - Epoch 02/30 | Val Loss: 0.0984 | Val IoU: 0.9231 | 🕒 27.35s
2025-12-20 14:40:18,292 [INFO] - Epoch 03/30 | Val Loss: 0.0909 | Val IoU: 0.9243 | 🕒 27.21s
2025-12-20 14:40:45,119 [INFO] - Epoch 04/30 | Val Loss: 0.0933 | Val IoU: 0.9248 | 🕒 26.73s
2025-12-20 14:41:12,222 [INFO] - Epoch 05/30 | Val Loss: 0.0875 | Val IoU: 0.9290 | 🕒 27.01s
2025-12-20 14:41:39,484 [INFO] - Epoch 06/30 | Val Loss: 0.1275 | Val IoU: 0.9174 | 🕒 27.17s
2025-12-20 14:42:06,603 [INFO] - Epoch 07/30 | Val Loss: 0.0820 | Val IoU: 0.9372 | 🕒 27.02s
2025-12-20 14:42:33,376 [INFO] - Epoch 08/30 | Val Loss: 0.2781 | Val IoU: 0.8409 | 🕒 26.68s
2025-12-20 14:43:00,757 [INFO] - Epoch 09/30 | Val Loss: 0.0695 | Val IoU: 0.9439 | 🕒 27.27s
2025-12-20 14:43:27,685 [INFO] - Epoch 10/30 | Val Loss: 0.0750 | Val IoU: 0.9415 | 🕒 26.83s
2025-12-20 14:43:54,574 [INFO] - Epoch 11/30 | Val Loss: 0.0880 | Val IoU: 0.9321 | 🕒 26.78s
2025-12-20 14:44:21,490 [INFO] - Epoch 12/30 | Val Loss: 0.0792 | Val IoU: 0.9391 | 🕒 26.81s
2025-12-20 14:44:48,709 [INFO] - Epoch 13/30 | Val Loss: 0.0710 | Val IoU: 0.9470 | 🕒 27.11s
2025-12-20 14:45:15,865 [INFO] - Epoch 14/30 | Val Loss: 0.0704 | Val IoU: 0.9476 | 🕒 27.06s
2025-12-20 14:45:42,564 [INFO] - Epoch 15/30 | Val Loss: 0.0739 | Val IoU: 0.9471 | 🕒 26.60s
2025-12-20 14:46:09,689 [INFO] - Epoch 16/30 | Val Loss: 0.0692 | Val IoU: 0.9497 | 🕒 27.02s
2025-12-20 14:46:36,833 [INFO] - Epoch 17/30 | Val Loss: 0.0666 | Val IoU: 0.9518 | 🕒 27.05s
2025-12-20 14:47:04,140 [INFO] - Epoch 18/30 | Val Loss: 0.0679 | Val IoU: 0.9514 | 🕒 27.21s
2025-12-20 14:47:30,865 [INFO] - Epoch 19/30 | Val Loss: 0.0693 | Val IoU: 0.9507 | 🕒 26.62s
2025-12-20 14:47:57,619 [INFO] - Epoch 20/30 | Val Loss: 0.0702 | Val IoU: 0.9504 | 🕒 26.65s
2025-12-20 14:48:24,383 [INFO] - Epoch 21/30 | Val Loss: 0.0698 | Val IoU: 0.9510 | 🕒 26.66s
2025-12-20 14:48:51,123 [INFO] - Epoch 22/30 | Val Loss: 0.0695 | Val IoU: 0.9512 | 🕒 26.64s
2025-12-20 14:49:17,856 [INFO] - Epoch 23/30 | Val Loss: 0.0699 | Val IoU: 0.9510 | 🕒 26.63s
2025-12-20 14:49:44,678 [INFO] - Epoch 24/30 | Val Loss: 0.0694 | Val IoU: 0.9513 | 🕒 26.72s
2025-12-20 14:50:11,415 [INFO] - Epoch 25/30 | Val Loss: 0.0691 | Val IoU: 0.9516 | 🕒 26.63s
2025-12-20 14:50:38,216 [INFO] - Epoch 26/30 | Val Loss: 0.0703 | Val IoU: 0.9510 | 🕒 26.70s
2025-12-20 14:51:04,978 [INFO] - Epoch 27/30 | Val Loss: 0.0703 | Val IoU: 0.9509 | 🕒 26.66s
2025-12-20 14:51:31,615 [INFO] - Epoch 28/30 | Val Loss: 0.0705 | Val IoU: 0.9507 | 🕒 26.54s
2025-12-20 14:51:58,364 [INFO] - Epoch 29/30 | Val Loss: 0.0701 | Val IoU: 0.9511 | 🕒 26.65s
2025-12-20 14:52:25,181 [INFO] - Epoch 30/30 | Val Loss: 0.0695 | Val IoU: 0.9512 | 🕒 26.72s
2025-12-20 14:52:25,281 [INFO] - 📄 Time report saved at: plot/plot_TGRS_Road_CrossEntropyLoss_EfficientViT-Seg_l2-cityscapes/training_times.txt
2025-12-20 14:52:26,801 [INFO] - ✅ Best model saved at: model/model_TGRS_Road_CrossEntropyLoss_EfficientViT-Seg_l2-cityscapes.pt
2025-12-20 14:52:26,801 [INFO] - 📊 Results saved at: plot/plot_TGRS_Road_CrossEntropyLoss_EfficientViT-Seg_l2-cityscapes
