2025-08-04 13:49:47,289 [INFO] - 
=========================== STARTING NEW EXPERIMENT ============================
2025-08-04 13:49:47,289 [INFO] - Configuration: TGRS_Road_CrossEntropyLoss_SegFormer_mobileone_s4
2025-08-04 13:49:47,289 [INFO] - ================================================================================
2025-08-04 13:49:47,289 [INFO] - 🔄 Loading data...
2025-08-04 13:49:47,299 [INFO] - 🔧 Initializing model, loss function, and optimizer...
2025-08-04 13:50:09,428 [INFO] - Epoch 01 | Val Loss: 0.1206 | Val IoU: 0.9122 | 🕒 21.09s
2025-08-04 13:50:30,433 [INFO] - Epoch 02 | Val Loss: 0.0879 | Val IoU: 0.9312 | 🕒 21.00s
2025-08-04 13:50:51,547 [INFO] - Epoch 03 | Val Loss: 0.0803 | Val IoU: 0.9338 | 🕒 21.11s
2025-08-04 13:51:12,172 [INFO] - Epoch 04 | Val Loss: 0.0760 | Val IoU: 0.9372 | 🕒 20.62s
2025-08-04 13:51:33,099 [INFO] - Epoch 05 | Val Loss: 0.0745 | Val IoU: 0.9386 | 🕒 20.93s
2025-08-04 13:51:53,878 [INFO] - Epoch 06 | Val Loss: 0.0749 | Val IoU: 0.9386 | 🕒 20.78s
2025-08-04 13:52:14,653 [INFO] - Epoch 07 | Val Loss: 0.0781 | Val IoU: 0.9360 | 🕒 20.78s
2025-08-04 13:52:35,545 [INFO] - Epoch 08 | Val Loss: 0.0688 | Val IoU: 0.9432 | 🕒 20.89s
2025-08-04 13:52:55,982 [INFO] - Epoch 09 | Val Loss: 0.0713 | Val IoU: 0.9426 | 🕒 20.44s
2025-08-04 13:53:16,805 [INFO] - Epoch 10 | Val Loss: 0.0674 | Val IoU: 0.9453 | 🕒 20.82s
2025-08-04 13:53:37,461 [INFO] - Epoch 11 | Val Loss: 0.0653 | Val IoU: 0.9465 | 🕒 20.66s
2025-08-04 13:53:58,108 [INFO] - Epoch 12 | Val Loss: 0.0709 | Val IoU: 0.9445 | 🕒 20.65s
2025-08-04 13:54:18,890 [INFO] - Epoch 13 | Val Loss: 0.0651 | Val IoU: 0.9476 | 🕒 20.78s
2025-08-04 13:54:39,500 [INFO] - Epoch 14 | Val Loss: 0.0723 | Val IoU: 0.9437 | 🕒 20.61s
2025-08-04 13:55:00,204 [INFO] - Epoch 15 | Val Loss: 0.0680 | Val IoU: 0.9471 | 🕒 20.70s
2025-08-04 13:55:20,687 [INFO] - Epoch 16 | Val Loss: 0.0791 | Val IoU: 0.9432 | 🕒 20.48s
2025-08-04 13:55:41,451 [INFO] - Epoch 17 | Val Loss: 0.0683 | Val IoU: 0.9478 | 🕒 20.76s
2025-08-04 13:56:02,230 [INFO] - Epoch 18 | Val Loss: 0.0686 | Val IoU: 0.9493 | 🕒 20.78s
2025-08-04 13:56:22,910 [INFO] - Epoch 19 | Val Loss: 0.0692 | Val IoU: 0.9490 | 🕒 20.68s
2025-08-04 13:56:43,652 [INFO] - Epoch 20 | Val Loss: 0.0679 | Val IoU: 0.9498 | 🕒 20.74s
2025-08-04 13:57:04,389 [INFO] - Epoch 21 | Val Loss: 0.0675 | Val IoU: 0.9503 | 🕒 20.74s
2025-08-04 13:57:25,379 [INFO] - Epoch 22 | Val Loss: 0.0678 | Val IoU: 0.9503 | 🕒 20.99s
2025-08-04 13:57:45,980 [INFO] - Epoch 23 | Val Loss: 0.0700 | Val IoU: 0.9497 | 🕒 20.60s
2025-08-04 13:58:06,625 [INFO] - Epoch 24 | Val Loss: 0.0684 | Val IoU: 0.9506 | 🕒 20.64s
2025-08-04 13:58:27,033 [INFO] - Epoch 25 | Val Loss: 0.0694 | Val IoU: 0.9504 | 🕒 20.41s
2025-08-04 13:58:47,697 [INFO] - Epoch 26 | Val Loss: 0.0690 | Val IoU: 0.9507 | 🕒 20.66s
2025-08-04 13:59:08,288 [INFO] - Epoch 27 | Val Loss: 0.0693 | Val IoU: 0.9504 | 🕒 20.59s
2025-08-04 13:59:28,801 [INFO] - Epoch 28 | Val Loss: 0.0695 | Val IoU: 0.9503 | 🕒 20.51s
2025-08-04 13:59:49,531 [INFO] - Epoch 29 | Val Loss: 0.0687 | Val IoU: 0.9508 | 🕒 20.73s
2025-08-04 14:00:09,926 [INFO] - Epoch 30 | Val Loss: 0.0685 | Val IoU: 0.9508 | 🕒 20.39s
2025-08-04 14:00:09,926 [INFO] - 
--- Training for TGRS_Road_CrossEntropyLoss_SegFormer_mobileone_s4 complete ---
2025-08-04 14:00:09,926 [INFO] - 📄 Time report saved at: plot/plot_TGRS_Road_CrossEntropyLoss_SegFormer_mobileone_s4/training_times.txt
2025-08-04 14:00:09,926 [INFO] - ✅ Best model saved at: model/model_TGRS_Road_CrossEntropyLoss_SegFormer_mobileone_s4.pt
2025-08-04 14:00:09,926 [INFO] - 📊 Per-epoch results saved at: plot/plot_TGRS_Road_CrossEntropyLoss_SegFormer_mobileone_s4/epoch_results.csv
2025-08-04 14:00:09,927 [INFO] - 
Training history saved to 'plot/plot_TGRS_Road_CrossEntropyLoss_SegFormer_mobileone_s4' directory.
2025-08-04 14:00:10,922 [INFO] - Summary plot saved at: plot/plot_TGRS_Road_CrossEntropyLoss_SegFormer_mobileone_s4/training_metrics_summary.png
2025-08-04 14:00:11,045 [INFO] - 📈 Confusion matrix saved at: plot/plot_TGRS_Road_CrossEntropyLoss_SegFormer_mobileone_s4/confusion_matrix.png
2025-08-04 14:00:11,045 [INFO] - 
============================= EXPERIMENT FINISHED ==============================

