2025-10-11 15:22:14,037 [INFO] - 
=========================== STARTING NEW EXPERIMENT ============================
2025-10-11 15:22:14,037 [INFO] - The device used: cuda
2025-10-11 15:22:14,037 [INFO] - Configuration: DeepGlobal_CrossEntropyLoss_DeepLabV3Plus_mobileone_s3
2025-10-11 15:22:14,037 [INFO] - ================================================================================
2025-10-11 15:22:14,037 [INFO] - 🔄 Loading data...
2025-10-11 15:22:14,042 [INFO] - 🔧 Initializing model, loss function, and optimizer...
2025-10-11 15:23:23,750 [INFO] - Epoch 01 | Val Loss: 0.0897 | Val IoU: 0.9339 | 🕒 69.57s
2025-10-11 15:24:33,213 [INFO] - Epoch 02 | Val Loss: 0.0817 | Val IoU: 0.9391 | 🕒 69.46s
2025-10-11 15:25:41,046 [INFO] - Epoch 03 | Val Loss: 0.0811 | Val IoU: 0.9386 | 🕒 67.83s
2025-10-11 15:26:49,467 [INFO] - Epoch 04 | Val Loss: 0.0838 | Val IoU: 0.9403 | 🕒 68.42s
2025-10-11 15:27:57,707 [INFO] - Epoch 05 | Val Loss: 0.0725 | Val IoU: 0.9459 | 🕒 68.24s
2025-10-11 15:29:06,005 [INFO] - Epoch 06 | Val Loss: 0.0740 | Val IoU: 0.9456 | 🕒 68.30s
2025-10-11 15:30:15,819 [INFO] - Epoch 07 | Val Loss: 0.0781 | Val IoU: 0.9464 | 🕒 69.81s
2025-10-11 15:31:24,766 [INFO] - Epoch 08 | Val Loss: 0.0766 | Val IoU: 0.9478 | 🕒 68.95s
2025-10-11 15:32:33,990 [INFO] - Epoch 09 | Val Loss: 0.0730 | Val IoU: 0.9478 | 🕒 69.22s
2025-10-11 15:33:41,465 [INFO] - Epoch 10 | Val Loss: 0.0753 | Val IoU: 0.9461 | 🕒 67.47s
2025-10-11 15:34:51,123 [INFO] - Epoch 11 | Val Loss: 0.0732 | Val IoU: 0.9469 | 🕒 69.66s
2025-10-11 15:35:58,689 [INFO] - Epoch 12 | Val Loss: 0.0705 | Val IoU: 0.9511 | 🕒 67.57s
2025-10-11 15:37:11,086 [INFO] - Epoch 13 | Val Loss: 0.0733 | Val IoU: 0.9513 | 🕒 72.40s
2025-10-11 15:38:25,458 [INFO] - Epoch 14 | Val Loss: 0.0716 | Val IoU: 0.9510 | 🕒 74.37s
2025-10-11 15:39:39,481 [INFO] - Epoch 15 | Val Loss: 0.0727 | Val IoU: 0.9511 | 🕒 74.02s
2025-10-11 15:40:53,409 [INFO] - Epoch 16 | Val Loss: 0.0744 | Val IoU: 0.9510 | 🕒 73.93s
2025-10-11 15:42:06,007 [INFO] - Epoch 17 | Val Loss: 0.0765 | Val IoU: 0.9513 | 🕒 72.60s
2025-10-11 15:43:17,546 [INFO] - Epoch 18 | Val Loss: 0.0788 | Val IoU: 0.9510 | 🕒 71.54s
2025-10-11 15:44:29,246 [INFO] - Epoch 19 | Val Loss: 0.0780 | Val IoU: 0.9508 | 🕒 71.70s
2025-10-11 15:45:38,725 [INFO] - Epoch 20 | Val Loss: 0.0782 | Val IoU: 0.9510 | 🕒 69.48s
2025-10-11 15:46:48,030 [INFO] - Epoch 21 | Val Loss: 0.0790 | Val IoU: 0.9508 | 🕒 69.30s
2025-10-11 15:47:55,645 [INFO] - Epoch 22 | Val Loss: 0.0794 | Val IoU: 0.9509 | 🕒 67.62s
2025-10-11 15:49:03,268 [INFO] - Epoch 23 | Val Loss: 0.0781 | Val IoU: 0.9509 | 🕒 67.62s
2025-10-11 15:50:10,806 [INFO] - Epoch 24 | Val Loss: 0.0812 | Val IoU: 0.9509 | 🕒 67.54s
2025-10-11 15:51:18,322 [INFO] - Epoch 25 | Val Loss: 0.0801 | Val IoU: 0.9509 | 🕒 67.52s
2025-10-11 15:52:25,820 [INFO] - Epoch 26 | Val Loss: 0.0809 | Val IoU: 0.9509 | 🕒 67.50s
2025-10-11 15:53:33,371 [INFO] - Epoch 27 | Val Loss: 0.0812 | Val IoU: 0.9509 | 🕒 67.55s
2025-10-11 15:54:40,854 [INFO] - Epoch 28 | Val Loss: 0.0810 | Val IoU: 0.9508 | 🕒 67.48s
2025-10-11 15:55:48,374 [INFO] - Epoch 29 | Val Loss: 0.0812 | Val IoU: 0.9510 | 🕒 67.52s
2025-10-11 15:56:55,879 [INFO] - Epoch 30 | Val Loss: 0.0802 | Val IoU: 0.9510 | 🕒 67.50s
2025-10-11 15:56:55,879 [INFO] - 
--- Training for DeepGlobal_CrossEntropyLoss_DeepLabV3Plus_mobileone_s3 complete ---
2025-10-11 15:56:55,879 [INFO] - 📄 Time report saved at: plot/plot_DeepGlobal_CrossEntropyLoss_DeepLabV3Plus_mobileone_s3/training_times.txt
2025-10-11 15:56:55,879 [INFO] - ✅ Best model saved at: model/model_DeepGlobal_CrossEntropyLoss_DeepLabV3Plus_mobileone_s3.pt
2025-10-11 15:56:55,879 [INFO] - 📊 Per-epoch results saved at: plot/plot_DeepGlobal_CrossEntropyLoss_DeepLabV3Plus_mobileone_s3/epoch_results.csv
2025-10-11 15:56:55,880 [INFO] - 
Training history saved to 'plot/plot_DeepGlobal_CrossEntropyLoss_DeepLabV3Plus_mobileone_s3' directory.
2025-10-11 15:56:56,527 [INFO] - Summary plot saved at: plot/plot_DeepGlobal_CrossEntropyLoss_DeepLabV3Plus_mobileone_s3/training_metrics_summary.png
2025-10-11 15:56:56,608 [INFO] - 📈 Confusion matrix saved at: plot/plot_DeepGlobal_CrossEntropyLoss_DeepLabV3Plus_mobileone_s3/confusion_matrix.png
2025-10-11 15:56:56,608 [INFO] - 
============================= EXPERIMENT FINISHED ==============================

