2025-08-04 13:34:10,439 [INFO] - 
=========================== STARTING NEW EXPERIMENT ============================
2025-08-04 13:34:10,440 [INFO] - Configuration: TGRS_Road_CrossEntropyLoss_SegFormer_mobileone_s2
2025-08-04 13:34:10,440 [INFO] - ================================================================================
2025-08-04 13:34:10,440 [INFO] - 🔄 Loading data...
2025-08-04 13:34:10,449 [INFO] - 🔧 Initializing model, loss function, and optimizer...
2025-08-04 13:34:26,464 [INFO] - Epoch 01 | Val Loss: 0.1222 | Val IoU: 0.9078 | 🕒 15.20s
2025-08-04 13:34:41,239 [INFO] - Epoch 02 | Val Loss: 0.0998 | Val IoU: 0.9183 | 🕒 14.77s
2025-08-04 13:34:55,975 [INFO] - Epoch 03 | Val Loss: 0.0899 | Val IoU: 0.9256 | 🕒 14.74s
2025-08-04 13:35:10,717 [INFO] - Epoch 04 | Val Loss: 0.0866 | Val IoU: 0.9270 | 🕒 14.74s
2025-08-04 13:35:25,334 [INFO] - Epoch 05 | Val Loss: 0.0780 | Val IoU: 0.9369 | 🕒 14.62s
2025-08-04 13:35:39,873 [INFO] - Epoch 06 | Val Loss: 0.0763 | Val IoU: 0.9376 | 🕒 14.54s
2025-08-04 13:35:54,472 [INFO] - Epoch 07 | Val Loss: 0.0740 | Val IoU: 0.9393 | 🕒 14.60s
2025-08-04 13:36:09,363 [INFO] - Epoch 08 | Val Loss: 0.0717 | Val IoU: 0.9412 | 🕒 14.89s
2025-08-04 13:36:24,289 [INFO] - Epoch 09 | Val Loss: 0.0700 | Val IoU: 0.9433 | 🕒 14.92s
2025-08-04 13:36:39,018 [INFO] - Epoch 10 | Val Loss: 0.0704 | Val IoU: 0.9433 | 🕒 14.73s
2025-08-04 13:36:53,673 [INFO] - Epoch 11 | Val Loss: 0.0699 | Val IoU: 0.9448 | 🕒 14.65s
2025-08-04 13:37:08,196 [INFO] - Epoch 12 | Val Loss: 0.0724 | Val IoU: 0.9438 | 🕒 14.52s
2025-08-04 13:37:22,747 [INFO] - Epoch 13 | Val Loss: 0.0683 | Val IoU: 0.9463 | 🕒 14.55s
2025-08-04 13:37:37,237 [INFO] - Epoch 14 | Val Loss: 0.0689 | Val IoU: 0.9457 | 🕒 14.49s
2025-08-04 13:37:51,846 [INFO] - Epoch 15 | Val Loss: 0.0730 | Val IoU: 0.9439 | 🕒 14.61s
2025-08-04 13:38:06,484 [INFO] - Epoch 16 | Val Loss: 0.0680 | Val IoU: 0.9467 | 🕒 14.64s
2025-08-04 13:38:21,167 [INFO] - Epoch 17 | Val Loss: 0.0779 | Val IoU: 0.9422 | 🕒 14.68s
2025-08-04 13:38:36,070 [INFO] - Epoch 18 | Val Loss: 0.0761 | Val IoU: 0.9439 | 🕒 14.90s
2025-08-04 13:38:50,683 [INFO] - Epoch 19 | Val Loss: 0.0691 | Val IoU: 0.9474 | 🕒 14.61s
2025-08-04 13:39:05,301 [INFO] - Epoch 20 | Val Loss: 0.0676 | Val IoU: 0.9481 | 🕒 14.62s
2025-08-04 13:39:20,007 [INFO] - Epoch 21 | Val Loss: 0.0680 | Val IoU: 0.9487 | 🕒 14.71s
2025-08-04 13:39:34,608 [INFO] - Epoch 22 | Val Loss: 0.0692 | Val IoU: 0.9477 | 🕒 14.60s
2025-08-04 13:39:49,188 [INFO] - Epoch 23 | Val Loss: 0.0694 | Val IoU: 0.9486 | 🕒 14.58s
2025-08-04 13:40:03,750 [INFO] - Epoch 24 | Val Loss: 0.0727 | Val IoU: 0.9485 | 🕒 14.56s
2025-08-04 13:40:18,340 [INFO] - Epoch 25 | Val Loss: 0.0794 | Val IoU: 0.9454 | 🕒 14.59s
2025-08-04 13:40:33,302 [INFO] - Epoch 26 | Val Loss: 0.0699 | Val IoU: 0.9499 | 🕒 14.96s
2025-08-04 13:40:48,071 [INFO] - Epoch 27 | Val Loss: 0.0731 | Val IoU: 0.9490 | 🕒 14.77s
2025-08-04 13:41:02,625 [INFO] - Epoch 28 | Val Loss: 0.0735 | Val IoU: 0.9487 | 🕒 14.55s
2025-08-04 13:41:17,283 [INFO] - Epoch 29 | Val Loss: 0.0741 | Val IoU: 0.9487 | 🕒 14.66s
2025-08-04 13:41:31,771 [INFO] - Epoch 30 | Val Loss: 0.0734 | Val IoU: 0.9492 | 🕒 14.49s
2025-08-04 13:41:31,771 [INFO] - 
--- Training for TGRS_Road_CrossEntropyLoss_SegFormer_mobileone_s2 complete ---
2025-08-04 13:41:31,771 [INFO] - 📄 Time report saved at: plot/plot_TGRS_Road_CrossEntropyLoss_SegFormer_mobileone_s2/training_times.txt
2025-08-04 13:41:31,771 [INFO] - ✅ Best model saved at: model/model_TGRS_Road_CrossEntropyLoss_SegFormer_mobileone_s2.pt
2025-08-04 13:41:31,771 [INFO] - 📊 Per-epoch results saved at: plot/plot_TGRS_Road_CrossEntropyLoss_SegFormer_mobileone_s2/epoch_results.csv
2025-08-04 13:41:31,773 [INFO] - 
Training history saved to 'plot/plot_TGRS_Road_CrossEntropyLoss_SegFormer_mobileone_s2' directory.
2025-08-04 13:41:32,720 [INFO] - Summary plot saved at: plot/plot_TGRS_Road_CrossEntropyLoss_SegFormer_mobileone_s2/training_metrics_summary.png
2025-08-04 13:41:32,845 [INFO] - 📈 Confusion matrix saved at: plot/plot_TGRS_Road_CrossEntropyLoss_SegFormer_mobileone_s2/confusion_matrix.png
2025-08-04 13:41:32,845 [INFO] - 
============================= EXPERIMENT FINISHED ==============================

