2025-08-04 14:01:23,760 [INFO] - 
=========================== STARTING NEW EXPERIMENT ============================
2025-08-04 14:01:23,761 [INFO] - Configuration: TGRS_Road_CrossEntropyLoss_UNet++_mobileone_s3
2025-08-04 14:01:23,761 [INFO] - ================================================================================
2025-08-04 14:01:23,761 [INFO] - 🔄 Loading data...
2025-08-04 14:01:23,769 [INFO] - 🔧 Initializing model, loss function, and optimizer...
2025-08-04 14:01:59,306 [INFO] - Epoch 01 | Val Loss: 0.1148 | Val IoU: 0.9154 | 🕒 34.38s
2025-08-04 14:02:33,446 [INFO] - Epoch 02 | Val Loss: 0.0867 | Val IoU: 0.9337 | 🕒 34.14s
2025-08-04 14:03:07,602 [INFO] - Epoch 03 | Val Loss: 0.0652 | Val IoU: 0.9483 | 🕒 34.16s
2025-08-04 14:03:41,744 [INFO] - Epoch 04 | Val Loss: 0.0755 | Val IoU: 0.9401 | 🕒 34.14s
2025-08-04 14:04:15,931 [INFO] - Epoch 05 | Val Loss: 0.0565 | Val IoU: 0.9556 | 🕒 34.19s
2025-08-04 14:04:50,169 [INFO] - Epoch 06 | Val Loss: 0.0580 | Val IoU: 0.9551 | 🕒 34.24s
2025-08-04 14:05:24,057 [INFO] - Epoch 07 | Val Loss: 0.0564 | Val IoU: 0.9554 | 🕒 33.89s
2025-08-04 14:05:57,996 [INFO] - Epoch 08 | Val Loss: 0.0604 | Val IoU: 0.9538 | 🕒 33.94s
2025-08-04 14:06:32,079 [INFO] - Epoch 09 | Val Loss: 0.0569 | Val IoU: 0.9562 | 🕒 34.08s
2025-08-04 14:07:05,973 [INFO] - Epoch 10 | Val Loss: 0.0746 | Val IoU: 0.9451 | 🕒 33.89s
2025-08-04 14:07:40,192 [INFO] - Epoch 11 | Val Loss: 0.0541 | Val IoU: 0.9580 | 🕒 34.22s
2025-08-04 14:08:14,013 [INFO] - Epoch 12 | Val Loss: 0.0626 | Val IoU: 0.9526 | 🕒 33.82s
2025-08-04 14:08:48,157 [INFO] - Epoch 13 | Val Loss: 0.0566 | Val IoU: 0.9581 | 🕒 34.14s
2025-08-04 14:09:21,985 [INFO] - Epoch 14 | Val Loss: 0.0591 | Val IoU: 0.9548 | 🕒 33.83s
2025-08-04 14:09:55,852 [INFO] - Epoch 15 | Val Loss: 0.0695 | Val IoU: 0.9496 | 🕒 33.87s
2025-08-04 14:10:29,790 [INFO] - Epoch 16 | Val Loss: 0.0605 | Val IoU: 0.9563 | 🕒 33.94s
2025-08-04 14:11:03,574 [INFO] - Epoch 17 | Val Loss: 0.0670 | Val IoU: 0.9534 | 🕒 33.78s
2025-08-04 14:11:37,896 [INFO] - Epoch 18 | Val Loss: 0.0566 | Val IoU: 0.9587 | 🕒 34.32s
2025-08-04 14:12:11,755 [INFO] - Epoch 19 | Val Loss: 0.0584 | Val IoU: 0.9584 | 🕒 33.86s
2025-08-04 14:12:45,863 [INFO] - Epoch 20 | Val Loss: 0.0573 | Val IoU: 0.9590 | 🕒 34.11s
2025-08-04 14:13:19,823 [INFO] - Epoch 21 | Val Loss: 0.0594 | Val IoU: 0.9582 | 🕒 33.96s
2025-08-04 14:13:53,682 [INFO] - Epoch 22 | Val Loss: 0.0613 | Val IoU: 0.9574 | 🕒 33.86s
2025-08-04 14:14:27,610 [INFO] - Epoch 23 | Val Loss: 0.0594 | Val IoU: 0.9581 | 🕒 33.93s
2025-08-04 14:15:01,400 [INFO] - Epoch 24 | Val Loss: 0.0578 | Val IoU: 0.9589 | 🕒 33.79s
2025-08-04 14:15:35,261 [INFO] - Epoch 25 | Val Loss: 0.0593 | Val IoU: 0.9584 | 🕒 33.86s
2025-08-04 14:16:09,146 [INFO] - Epoch 26 | Val Loss: 0.0590 | Val IoU: 0.9587 | 🕒 33.88s
2025-08-04 14:16:43,049 [INFO] - Epoch 27 | Val Loss: 0.0601 | Val IoU: 0.9582 | 🕒 33.90s
2025-08-04 14:17:17,019 [INFO] - Epoch 28 | Val Loss: 0.0590 | Val IoU: 0.9586 | 🕒 33.97s
2025-08-04 14:17:50,785 [INFO] - Epoch 29 | Val Loss: 0.0599 | Val IoU: 0.9582 | 🕒 33.77s
2025-08-04 14:18:24,696 [INFO] - Epoch 30 | Val Loss: 0.0602 | Val IoU: 0.9581 | 🕒 33.91s
2025-08-04 14:18:24,696 [INFO] - 
--- Training for TGRS_Road_CrossEntropyLoss_UNet++_mobileone_s3 complete ---
2025-08-04 14:18:24,696 [INFO] - 📄 Time report saved at: plot/plot_TGRS_Road_CrossEntropyLoss_UNet++_mobileone_s3/training_times.txt
2025-08-04 14:18:24,696 [INFO] - ✅ Best model saved at: model/model_TGRS_Road_CrossEntropyLoss_UNet++_mobileone_s3.pt
2025-08-04 14:18:24,696 [INFO] - 📊 Per-epoch results saved at: plot/plot_TGRS_Road_CrossEntropyLoss_UNet++_mobileone_s3/epoch_results.csv
2025-08-04 14:18:24,697 [INFO] - 
Training history saved to 'plot/plot_TGRS_Road_CrossEntropyLoss_UNet++_mobileone_s3' directory.
2025-08-04 14:18:25,641 [INFO] - Summary plot saved at: plot/plot_TGRS_Road_CrossEntropyLoss_UNet++_mobileone_s3/training_metrics_summary.png
2025-08-04 14:18:25,766 [INFO] - 📈 Confusion matrix saved at: plot/plot_TGRS_Road_CrossEntropyLoss_UNet++_mobileone_s3/confusion_matrix.png
2025-08-04 14:18:25,766 [INFO] - 
============================= EXPERIMENT FINISHED ==============================

