2025-10-11 13:54:56,202 [INFO] - 
=========================== STARTING NEW EXPERIMENT ============================
2025-10-11 13:54:56,202 [INFO] - The device used: cuda
2025-10-11 13:54:56,202 [INFO] - Configuration: DeepGlobal_CrossEntropyLoss_DeepLabV3Plus_mobileone_s0
2025-10-11 13:54:56,202 [INFO] - ================================================================================
2025-10-11 13:54:56,202 [INFO] - 🔄 Loading data...
2025-10-11 13:54:56,208 [INFO] - 🔧 Initializing model, loss function, and optimizer...
2025-10-11 13:55:59,913 [INFO] - Epoch 01 | Val Loss: 0.1065 | Val IoU: 0.9275 | 🕒 63.28s
2025-10-11 13:57:02,623 [INFO] - Epoch 02 | Val Loss: 0.0870 | Val IoU: 0.9371 | 🕒 62.71s
2025-10-11 13:58:05,477 [INFO] - Epoch 03 | Val Loss: 0.0841 | Val IoU: 0.9396 | 🕒 62.85s
2025-10-11 13:59:08,412 [INFO] - Epoch 04 | Val Loss: 0.0797 | Val IoU: 0.9412 | 🕒 62.93s
2025-10-11 14:00:11,279 [INFO] - Epoch 05 | Val Loss: 0.0840 | Val IoU: 0.9390 | 🕒 62.87s
2025-10-11 14:01:14,430 [INFO] - Epoch 06 | Val Loss: 0.0786 | Val IoU: 0.9433 | 🕒 63.15s
2025-10-11 14:02:17,475 [INFO] - Epoch 07 | Val Loss: 0.0745 | Val IoU: 0.9442 | 🕒 63.04s
2025-10-11 14:03:20,557 [INFO] - Epoch 08 | Val Loss: 0.0778 | Val IoU: 0.9437 | 🕒 63.08s
2025-10-11 14:04:23,672 [INFO] - Epoch 09 | Val Loss: 0.0806 | Val IoU: 0.9431 | 🕒 63.11s
2025-10-11 14:05:26,815 [INFO] - Epoch 10 | Val Loss: 0.0782 | Val IoU: 0.9430 | 🕒 63.14s
2025-10-11 14:06:30,157 [INFO] - Epoch 11 | Val Loss: 0.0762 | Val IoU: 0.9456 | 🕒 63.34s
2025-10-11 14:07:33,486 [INFO] - Epoch 12 | Val Loss: 0.0777 | Val IoU: 0.9461 | 🕒 63.33s
2025-10-11 14:08:36,895 [INFO] - Epoch 13 | Val Loss: 0.0752 | Val IoU: 0.9441 | 🕒 63.41s
2025-10-11 14:09:40,348 [INFO] - Epoch 14 | Val Loss: 0.0702 | Val IoU: 0.9496 | 🕒 63.45s
2025-10-11 14:10:43,734 [INFO] - Epoch 15 | Val Loss: 0.0709 | Val IoU: 0.9494 | 🕒 63.39s
2025-10-11 14:11:47,273 [INFO] - Epoch 16 | Val Loss: 0.0715 | Val IoU: 0.9498 | 🕒 63.54s
2025-10-11 14:12:50,731 [INFO] - Epoch 17 | Val Loss: 0.0713 | Val IoU: 0.9491 | 🕒 63.46s
2025-10-11 14:13:54,175 [INFO] - Epoch 18 | Val Loss: 0.0726 | Val IoU: 0.9498 | 🕒 63.44s
2025-10-11 14:14:57,577 [INFO] - Epoch 19 | Val Loss: 0.0751 | Val IoU: 0.9496 | 🕒 63.40s
2025-10-11 14:16:01,010 [INFO] - Epoch 20 | Val Loss: 0.0741 | Val IoU: 0.9491 | 🕒 63.43s
2025-10-11 14:17:04,402 [INFO] - Epoch 21 | Val Loss: 0.0758 | Val IoU: 0.9496 | 🕒 63.39s
2025-10-11 14:18:07,788 [INFO] - Epoch 22 | Val Loss: 0.0743 | Val IoU: 0.9495 | 🕒 63.39s
2025-10-11 14:19:11,154 [INFO] - Epoch 23 | Val Loss: 0.0750 | Val IoU: 0.9493 | 🕒 63.37s
2025-10-11 14:20:14,508 [INFO] - Epoch 24 | Val Loss: 0.0758 | Val IoU: 0.9493 | 🕒 63.35s
2025-10-11 14:21:17,867 [INFO] - Epoch 25 | Val Loss: 0.0751 | Val IoU: 0.9493 | 🕒 63.36s
2025-10-11 14:22:21,250 [INFO] - Epoch 26 | Val Loss: 0.0754 | Val IoU: 0.9493 | 🕒 63.38s
2025-10-11 14:23:24,644 [INFO] - Epoch 27 | Val Loss: 0.0754 | Val IoU: 0.9494 | 🕒 63.39s
2025-10-11 14:24:28,098 [INFO] - Epoch 28 | Val Loss: 0.0753 | Val IoU: 0.9492 | 🕒 63.45s
2025-10-11 14:25:31,561 [INFO] - Epoch 29 | Val Loss: 0.0762 | Val IoU: 0.9494 | 🕒 63.46s
2025-10-11 14:26:35,047 [INFO] - Epoch 30 | Val Loss: 0.0752 | Val IoU: 0.9494 | 🕒 63.49s
2025-10-11 14:26:35,047 [INFO] - 
--- Training for DeepGlobal_CrossEntropyLoss_DeepLabV3Plus_mobileone_s0 complete ---
2025-10-11 14:26:35,047 [INFO] - 📄 Time report saved at: plot/plot_DeepGlobal_CrossEntropyLoss_DeepLabV3Plus_mobileone_s0/training_times.txt
2025-10-11 14:26:35,047 [INFO] - ✅ Best model saved at: model/model_DeepGlobal_CrossEntropyLoss_DeepLabV3Plus_mobileone_s0.pt
2025-10-11 14:26:35,047 [INFO] - 📊 Per-epoch results saved at: plot/plot_DeepGlobal_CrossEntropyLoss_DeepLabV3Plus_mobileone_s0/epoch_results.csv
2025-10-11 14:26:35,048 [INFO] - 
Training history saved to 'plot/plot_DeepGlobal_CrossEntropyLoss_DeepLabV3Plus_mobileone_s0' directory.
2025-10-11 14:26:35,745 [INFO] - Summary plot saved at: plot/plot_DeepGlobal_CrossEntropyLoss_DeepLabV3Plus_mobileone_s0/training_metrics_summary.png
2025-10-11 14:26:35,826 [INFO] - 📈 Confusion matrix saved at: plot/plot_DeepGlobal_CrossEntropyLoss_DeepLabV3Plus_mobileone_s0/confusion_matrix.png
2025-10-11 14:26:35,826 [INFO] - 
============================= EXPERIMENT FINISHED ==============================

