2025-10-11 23:01:45,035 [INFO] - 
=========================== STARTING NEW EXPERIMENT ============================
2025-10-11 23:01:45,035 [INFO] - The device used: cuda
2025-10-11 23:01:45,035 [INFO] - Configuration: TGRS_Road_CrossEntropyLoss_UPerNet_mobileone_s3
2025-10-11 23:01:45,035 [INFO] - ================================================================================
2025-10-11 23:01:45,035 [INFO] - 🔄 Loading data...
2025-10-11 23:01:45,038 [INFO] - 🔧 Initializing model, loss function, and optimizer...
2025-10-11 23:03:35,221 [INFO] - Epoch 01 | Val Loss: 0.1624 | Val IoU: 0.8826 | 🕒 109.89s
2025-10-11 23:05:24,469 [INFO] - Epoch 02 | Val Loss: 0.1037 | Val IoU: 0.9190 | 🕒 109.25s
2025-10-11 23:07:13,684 [INFO] - Epoch 03 | Val Loss: 0.0936 | Val IoU: 0.9264 | 🕒 109.21s
2025-10-11 23:09:03,350 [INFO] - Epoch 04 | Val Loss: 0.0849 | Val IoU: 0.9309 | 🕒 109.67s
2025-10-11 23:10:52,304 [INFO] - Epoch 05 | Val Loss: 0.0842 | Val IoU: 0.9313 | 🕒 108.95s
2025-10-11 23:12:41,571 [INFO] - Epoch 06 | Val Loss: 0.0927 | Val IoU: 0.9253 | 🕒 109.27s
2025-10-11 23:14:30,701 [INFO] - Epoch 07 | Val Loss: 0.0751 | Val IoU: 0.9391 | 🕒 109.13s
2025-10-11 23:16:19,618 [INFO] - Epoch 08 | Val Loss: 0.0697 | Val IoU: 0.9441 | 🕒 108.92s
2025-10-11 23:18:09,068 [INFO] - Epoch 09 | Val Loss: 0.0648 | Val IoU: 0.9476 | 🕒 109.45s
2025-10-11 23:19:58,305 [INFO] - Epoch 10 | Val Loss: 0.0690 | Val IoU: 0.9451 | 🕒 109.24s
2025-10-11 23:21:46,530 [INFO] - Epoch 11 | Val Loss: 0.0686 | Val IoU: 0.9460 | 🕒 108.22s
2025-10-11 23:23:35,446 [INFO] - Epoch 12 | Val Loss: 0.0712 | Val IoU: 0.9441 | 🕒 108.91s
2025-10-11 23:25:24,457 [INFO] - Epoch 13 | Val Loss: 0.0738 | Val IoU: 0.9444 | 🕒 109.01s
2025-10-11 23:27:12,860 [INFO] - Epoch 14 | Val Loss: 0.0698 | Val IoU: 0.9460 | 🕒 108.40s
2025-10-11 23:29:01,891 [INFO] - Epoch 15 | Val Loss: 0.0721 | Val IoU: 0.9449 | 🕒 109.03s
2025-10-11 23:30:50,884 [INFO] - Epoch 16 | Val Loss: 0.0650 | Val IoU: 0.9496 | 🕒 108.99s
2025-10-11 23:32:39,590 [INFO] - Epoch 17 | Val Loss: 0.0663 | Val IoU: 0.9487 | 🕒 108.70s
2025-10-11 23:34:28,834 [INFO] - Epoch 18 | Val Loss: 0.0636 | Val IoU: 0.9504 | 🕒 109.24s
2025-10-11 23:36:18,456 [INFO] - Epoch 19 | Val Loss: 0.0637 | Val IoU: 0.9506 | 🕒 109.62s
2025-10-11 23:38:07,691 [INFO] - Epoch 20 | Val Loss: 0.0666 | Val IoU: 0.9489 | 🕒 109.23s
2025-10-11 23:39:56,451 [INFO] - Epoch 21 | Val Loss: 0.0650 | Val IoU: 0.9499 | 🕒 108.76s
2025-10-11 23:41:45,506 [INFO] - Epoch 22 | Val Loss: 0.0632 | Val IoU: 0.9511 | 🕒 109.06s
2025-10-11 23:43:34,083 [INFO] - Epoch 23 | Val Loss: 0.0660 | Val IoU: 0.9497 | 🕒 108.58s
2025-10-11 23:45:23,054 [INFO] - Epoch 24 | Val Loss: 0.0648 | Val IoU: 0.9506 | 🕒 108.97s
2025-10-11 23:47:11,469 [INFO] - Epoch 25 | Val Loss: 0.0644 | Val IoU: 0.9507 | 🕒 108.41s
2025-10-11 23:49:00,118 [INFO] - Epoch 26 | Val Loss: 0.0665 | Val IoU: 0.9497 | 🕒 108.65s
2025-10-11 23:50:48,983 [INFO] - Epoch 27 | Val Loss: 0.0666 | Val IoU: 0.9497 | 🕒 108.86s
2025-10-11 23:52:37,319 [INFO] - Epoch 28 | Val Loss: 0.0648 | Val IoU: 0.9509 | 🕒 108.34s
2025-10-11 23:54:26,328 [INFO] - Epoch 29 | Val Loss: 0.0652 | Val IoU: 0.9507 | 🕒 109.01s
2025-10-11 23:56:15,132 [INFO] - Epoch 30 | Val Loss: 0.0669 | Val IoU: 0.9498 | 🕒 108.80s
2025-10-11 23:56:15,132 [INFO] - 
--- Training for TGRS_Road_CrossEntropyLoss_UPerNet_mobileone_s3 complete ---
2025-10-11 23:56:15,132 [INFO] - 📄 Time report saved at: plot/plot_TGRS_Road_CrossEntropyLoss_UPerNet_mobileone_s3\training_times.txt
2025-10-11 23:56:15,132 [INFO] - ✅ Best model saved at: model/model_TGRS_Road_CrossEntropyLoss_UPerNet_mobileone_s3.pt
2025-10-11 23:56:15,133 [INFO] - 📊 Per-epoch results saved at: plot/plot_TGRS_Road_CrossEntropyLoss_UPerNet_mobileone_s3\epoch_results.csv
2025-10-11 23:56:15,136 [INFO] - 
Training history saved to 'plot/plot_TGRS_Road_CrossEntropyLoss_UPerNet_mobileone_s3' directory.
2025-10-11 23:56:15,886 [INFO] - Summary plot saved at: plot/plot_TGRS_Road_CrossEntropyLoss_UPerNet_mobileone_s3\training_metrics_summary.png
2025-10-11 23:56:15,973 [INFO] - 📈 Confusion matrix saved at: plot/plot_TGRS_Road_CrossEntropyLoss_UPerNet_mobileone_s3\confusion_matrix.png
2025-10-11 23:56:15,973 [INFO] - 
============================= EXPERIMENT FINISHED ==============================

