2025-10-16 15:37:05,174 [INFO] - 
=========================== STARTING NEW EXPERIMENT ============================
2025-10-16 15:37:05,174 [INFO] - The device used: cuda
2025-10-16 15:37:05,174 [INFO] - Configuration: TGRS_Road_CrossEntropyLoss_DeepLabV3_mobileone_s0
2025-10-16 15:37:05,174 [INFO] - ================================================================================
2025-10-16 15:37:05,174 [INFO] - 🔄 Loading data...
2025-10-16 15:37:05,183 [INFO] - 🔧 Initializing model, loss function, and optimizer...
2025-10-16 15:42:07,503 [INFO] - Epoch 01 | Val Loss: 0.2652 | Val IoU: 0.8092 | 🕒 299.09s
2025-10-16 15:43:33,846 [INFO] - Epoch 02 | Val Loss: 0.1470 | Val IoU: 0.8817 | 🕒 86.34s
2025-10-16 15:44:59,337 [INFO] - Epoch 03 | Val Loss: 0.1199 | Val IoU: 0.9057 | 🕒 85.49s
2025-10-16 15:46:24,759 [INFO] - Epoch 04 | Val Loss: 0.1036 | Val IoU: 0.9157 | 🕒 85.42s
2025-10-16 15:47:50,277 [INFO] - Epoch 05 | Val Loss: 0.0957 | Val IoU: 0.9234 | 🕒 85.52s
2025-10-16 15:49:15,699 [INFO] - Epoch 06 | Val Loss: 0.0952 | Val IoU: 0.9236 | 🕒 85.42s
2025-10-16 15:50:40,932 [INFO] - Epoch 07 | Val Loss: 0.0939 | Val IoU: 0.9232 | 🕒 85.23s
2025-10-16 15:52:06,358 [INFO] - Epoch 08 | Val Loss: 0.0865 | Val IoU: 0.9298 | 🕒 85.43s
2025-10-16 15:53:31,812 [INFO] - Epoch 09 | Val Loss: 0.0846 | Val IoU: 0.9320 | 🕒 85.45s
2025-10-16 15:54:57,134 [INFO] - Epoch 10 | Val Loss: 0.0865 | Val IoU: 0.9311 | 🕒 85.32s
2025-10-16 15:56:22,495 [INFO] - Epoch 11 | Val Loss: 0.0920 | Val IoU: 0.9304 | 🕒 85.36s
2025-10-16 15:57:47,972 [INFO] - Epoch 12 | Val Loss: 0.0783 | Val IoU: 0.9373 | 🕒 85.48s
2025-10-16 15:59:13,381 [INFO] - Epoch 13 | Val Loss: 0.0846 | Val IoU: 0.9312 | 🕒 85.41s
2025-10-16 16:00:38,629 [INFO] - Epoch 14 | Val Loss: 0.0983 | Val IoU: 0.9286 | 🕒 85.25s
2025-10-16 16:02:03,902 [INFO] - Epoch 15 | Val Loss: 0.0988 | Val IoU: 0.9283 | 🕒 85.27s
2025-10-16 16:03:29,303 [INFO] - Epoch 16 | Val Loss: 0.0816 | Val IoU: 0.9380 | 🕒 85.40s
2025-10-16 16:04:54,612 [INFO] - Epoch 17 | Val Loss: 0.0837 | Val IoU: 0.9357 | 🕒 85.31s
2025-10-16 16:06:20,250 [INFO] - Epoch 18 | Val Loss: 0.0804 | Val IoU: 0.9385 | 🕒 85.64s
2025-10-16 16:07:45,737 [INFO] - Epoch 19 | Val Loss: 0.0760 | Val IoU: 0.9424 | 🕒 85.49s
2025-10-16 16:09:10,980 [INFO] - Epoch 20 | Val Loss: 0.0772 | Val IoU: 0.9416 | 🕒 85.24s
2025-10-16 16:10:36,479 [INFO] - Epoch 21 | Val Loss: 0.0742 | Val IoU: 0.9434 | 🕒 85.50s
2025-10-16 16:12:01,868 [INFO] - Epoch 22 | Val Loss: 0.0761 | Val IoU: 0.9425 | 🕒 85.39s
2025-10-16 16:13:27,114 [INFO] - Epoch 23 | Val Loss: 0.0759 | Val IoU: 0.9427 | 🕒 85.25s
2025-10-16 16:14:52,514 [INFO] - Epoch 24 | Val Loss: 0.0768 | Val IoU: 0.9423 | 🕒 85.40s
2025-10-16 16:16:17,788 [INFO] - Epoch 25 | Val Loss: 0.0773 | Val IoU: 0.9423 | 🕒 85.27s
2025-10-16 16:17:43,158 [INFO] - Epoch 26 | Val Loss: 0.0770 | Val IoU: 0.9426 | 🕒 85.37s
2025-10-16 16:19:08,425 [INFO] - Epoch 27 | Val Loss: 0.0762 | Val IoU: 0.9427 | 🕒 85.27s
2025-10-16 16:20:33,917 [INFO] - Epoch 28 | Val Loss: 0.0778 | Val IoU: 0.9422 | 🕒 85.49s
2025-10-16 16:21:59,241 [INFO] - Epoch 29 | Val Loss: 0.0765 | Val IoU: 0.9429 | 🕒 85.32s
2025-10-16 16:23:24,771 [INFO] - Epoch 30 | Val Loss: 0.0784 | Val IoU: 0.9421 | 🕒 85.53s
2025-10-16 16:23:24,771 [INFO] - 
--- Training for TGRS_Road_CrossEntropyLoss_DeepLabV3_mobileone_s0 complete ---
2025-10-16 16:23:24,771 [INFO] - 📄 Time report saved at: plot/plot_TGRS_Road_CrossEntropyLoss_DeepLabV3_mobileone_s0/training_times.txt
2025-10-16 16:23:24,772 [INFO] - ✅ Best model saved at: model/model_TGRS_Road_CrossEntropyLoss_DeepLabV3_mobileone_s0.pt
2025-10-16 16:23:24,772 [INFO] - 📊 Per-epoch results saved at: plot/plot_TGRS_Road_CrossEntropyLoss_DeepLabV3_mobileone_s0/epoch_results.csv
2025-10-16 16:23:24,774 [INFO] - 
Training history saved to 'plot/plot_TGRS_Road_CrossEntropyLoss_DeepLabV3_mobileone_s0' directory.
2025-10-16 16:23:26,180 [INFO] - Summary plot saved at: plot/plot_TGRS_Road_CrossEntropyLoss_DeepLabV3_mobileone_s0/training_metrics_summary.png
2025-10-16 16:23:26,324 [INFO] - 📈 Confusion matrix saved at: plot/plot_TGRS_Road_CrossEntropyLoss_DeepLabV3_mobileone_s0/confusion_matrix.png
2025-10-16 16:23:26,324 [INFO] - 
============================= EXPERIMENT FINISHED ==============================

