2025-10-11 12:39:48,347 [INFO] - 
=========================== STARTING NEW EXPERIMENT ============================
2025-10-11 12:39:48,347 [INFO] - The device used: cuda
2025-10-11 12:39:48,347 [INFO] - Configuration: Massachusetts_CrossEntropyLoss_DeepLabV3Plus_mobileone_s3
2025-10-11 12:39:48,347 [INFO] - ================================================================================
2025-10-11 12:39:48,347 [INFO] - 🔄 Loading data...
2025-10-11 12:39:48,349 [INFO] - 🔧 Initializing model, loss function, and optimizer...
2025-10-11 12:40:25,933 [INFO] - Epoch 01 | Val Loss: 0.1350 | Val IoU: 0.9060 | 🕒 37.39s
2025-10-11 12:41:03,531 [INFO] - Epoch 02 | Val Loss: 0.1308 | Val IoU: 0.9090 | 🕒 37.60s
2025-10-11 12:41:41,102 [INFO] - Epoch 03 | Val Loss: 0.1237 | Val IoU: 0.9133 | 🕒 37.57s
2025-10-11 12:42:18,700 [INFO] - Epoch 04 | Val Loss: 0.1162 | Val IoU: 0.9151 | 🕒 37.60s
2025-10-11 12:42:56,222 [INFO] - Epoch 05 | Val Loss: 0.1138 | Val IoU: 0.9167 | 🕒 37.52s
2025-10-11 12:43:33,656 [INFO] - Epoch 06 | Val Loss: 0.1141 | Val IoU: 0.9151 | 🕒 37.43s
2025-10-11 12:44:11,213 [INFO] - Epoch 07 | Val Loss: 0.1104 | Val IoU: 0.9177 | 🕒 37.56s
2025-10-11 12:44:48,767 [INFO] - Epoch 08 | Val Loss: 0.1127 | Val IoU: 0.9185 | 🕒 37.55s
2025-10-11 12:45:26,130 [INFO] - Epoch 09 | Val Loss: 0.1093 | Val IoU: 0.9184 | 🕒 37.36s
2025-10-11 12:46:03,745 [INFO] - Epoch 10 | Val Loss: 0.1103 | Val IoU: 0.9214 | 🕒 37.62s
2025-10-11 12:46:41,265 [INFO] - Epoch 11 | Val Loss: 0.1077 | Val IoU: 0.9223 | 🕒 37.52s
2025-10-11 12:47:18,608 [INFO] - Epoch 12 | Val Loss: 0.1128 | Val IoU: 0.9183 | 🕒 37.34s
2025-10-11 12:47:55,977 [INFO] - Epoch 13 | Val Loss: 0.1067 | Val IoU: 0.9221 | 🕒 37.37s
2025-10-11 12:48:33,527 [INFO] - Epoch 14 | Val Loss: 0.1081 | Val IoU: 0.9227 | 🕒 37.55s
2025-10-11 12:49:11,091 [INFO] - Epoch 15 | Val Loss: 0.1108 | Val IoU: 0.9233 | 🕒 37.56s
2025-10-11 12:49:48,487 [INFO] - Epoch 16 | Val Loss: 0.1163 | Val IoU: 0.9232 | 🕒 37.40s
2025-10-11 12:50:25,838 [INFO] - Epoch 17 | Val Loss: 0.1174 | Val IoU: 0.9226 | 🕒 37.35s
2025-10-11 12:51:03,358 [INFO] - Epoch 18 | Val Loss: 0.1205 | Val IoU: 0.9245 | 🕒 37.52s
2025-10-11 12:51:40,714 [INFO] - Epoch 19 | Val Loss: 0.1100 | Val IoU: 0.9222 | 🕒 37.36s
2025-10-11 12:52:18,258 [INFO] - Epoch 20 | Val Loss: 0.1121 | Val IoU: 0.9253 | 🕒 37.54s
2025-10-11 12:52:55,756 [INFO] - Epoch 21 | Val Loss: 0.1120 | Val IoU: 0.9255 | 🕒 37.50s
2025-10-11 12:53:33,259 [INFO] - Epoch 22 | Val Loss: 0.1162 | Val IoU: 0.9255 | 🕒 37.50s
2025-10-11 12:54:10,622 [INFO] - Epoch 23 | Val Loss: 0.1153 | Val IoU: 0.9247 | 🕒 37.36s
2025-10-11 12:54:47,974 [INFO] - Epoch 24 | Val Loss: 0.1156 | Val IoU: 0.9253 | 🕒 37.35s
2025-10-11 12:55:25,424 [INFO] - Epoch 25 | Val Loss: 0.1155 | Val IoU: 0.9255 | 🕒 37.45s
2025-10-11 12:56:02,781 [INFO] - Epoch 26 | Val Loss: 0.1159 | Val IoU: 0.9254 | 🕒 37.36s
2025-10-11 12:56:40,292 [INFO] - Epoch 27 | Val Loss: 0.1153 | Val IoU: 0.9256 | 🕒 37.51s
2025-10-11 12:57:17,636 [INFO] - Epoch 28 | Val Loss: 0.1163 | Val IoU: 0.9254 | 🕒 37.34s
2025-10-11 12:57:55,144 [INFO] - Epoch 29 | Val Loss: 0.1168 | Val IoU: 0.9256 | 🕒 37.51s
2025-10-11 12:58:32,478 [INFO] - Epoch 30 | Val Loss: 0.1191 | Val IoU: 0.9256 | 🕒 37.33s
2025-10-11 12:58:32,478 [INFO] - 
--- Training for Massachusetts_CrossEntropyLoss_DeepLabV3Plus_mobileone_s3 complete ---
2025-10-11 12:58:32,479 [INFO] - 📄 Time report saved at: plot/plot_Massachusetts_CrossEntropyLoss_DeepLabV3Plus_mobileone_s3/training_times.txt
2025-10-11 12:58:32,479 [INFO] - ✅ Best model saved at: model/model_Massachusetts_CrossEntropyLoss_DeepLabV3Plus_mobileone_s3.pt
2025-10-11 12:58:32,479 [INFO] - 📊 Per-epoch results saved at: plot/plot_Massachusetts_CrossEntropyLoss_DeepLabV3Plus_mobileone_s3/epoch_results.csv
2025-10-11 12:58:32,480 [INFO] - 
Training history saved to 'plot/plot_Massachusetts_CrossEntropyLoss_DeepLabV3Plus_mobileone_s3' directory.
2025-10-11 12:58:33,118 [INFO] - Summary plot saved at: plot/plot_Massachusetts_CrossEntropyLoss_DeepLabV3Plus_mobileone_s3/training_metrics_summary.png
2025-10-11 12:58:33,201 [INFO] - 📈 Confusion matrix saved at: plot/plot_Massachusetts_CrossEntropyLoss_DeepLabV3Plus_mobileone_s3/confusion_matrix.png
2025-10-11 12:58:33,201 [INFO] - 
============================= EXPERIMENT FINISHED ==============================

