2025-10-10 09:39:57,237 [INFO] - 
=========================== STARTING NEW EXPERIMENT ============================
2025-10-10 09:39:57,237 [INFO] - The device used: cuda
2025-10-10 09:39:57,237 [INFO] - Configuration: Massachusetts_CrossEntropyLoss_MAnet_mobileone_s1
2025-10-10 09:39:57,238 [INFO] - ================================================================================
2025-10-10 09:39:57,238 [INFO] - 🔄 Loading data...
2025-10-10 09:39:57,243 [INFO] - 🔧 Initializing model, loss function, and optimizer...
2025-10-10 09:46:30,800 [INFO] - Epoch 01 | Val Loss: 0.1176 | Val IoU: 0.9203 | 🕒 392.89s
2025-10-10 09:53:07,577 [INFO] - Epoch 02 | Val Loss: 0.0988 | Val IoU: 0.9324 | 🕒 396.78s
2025-10-10 09:59:44,170 [INFO] - Epoch 03 | Val Loss: 0.0950 | Val IoU: 0.9367 | 🕒 396.59s
2025-10-10 10:06:21,880 [INFO] - Epoch 04 | Val Loss: 0.0923 | Val IoU: 0.9373 | 🕒 397.71s
2025-10-10 10:12:58,863 [INFO] - Epoch 05 | Val Loss: 0.0891 | Val IoU: 0.9395 | 🕒 396.98s
2025-10-10 10:19:36,120 [INFO] - Epoch 06 | Val Loss: 0.0873 | Val IoU: 0.9410 | 🕒 397.26s
2025-10-10 10:26:12,769 [INFO] - Epoch 07 | Val Loss: 0.0846 | Val IoU: 0.9422 | 🕒 396.65s
2025-10-10 10:32:49,170 [INFO] - Epoch 08 | Val Loss: 0.0877 | Val IoU: 0.9410 | 🕒 396.40s
2025-10-10 10:39:25,603 [INFO] - Epoch 09 | Val Loss: 0.0875 | Val IoU: 0.9415 | 🕒 396.43s
2025-10-10 10:46:02,018 [INFO] - Epoch 10 | Val Loss: 0.0849 | Val IoU: 0.9413 | 🕒 396.42s
2025-10-10 10:52:38,902 [INFO] - Epoch 11 | Val Loss: 0.0830 | Val IoU: 0.9432 | 🕒 396.88s
2025-10-10 10:59:16,136 [INFO] - Epoch 12 | Val Loss: 0.0850 | Val IoU: 0.9438 | 🕒 397.23s
2025-10-10 11:05:54,146 [INFO] - Epoch 13 | Val Loss: 0.0836 | Val IoU: 0.9422 | 🕒 398.01s
2025-10-10 11:12:30,703 [INFO] - Epoch 14 | Val Loss: 0.0852 | Val IoU: 0.9435 | 🕒 396.56s
2025-10-10 11:19:07,081 [INFO] - Epoch 15 | Val Loss: 0.0846 | Val IoU: 0.9429 | 🕒 396.38s
2025-10-10 11:25:43,590 [INFO] - Epoch 16 | Val Loss: 0.0879 | Val IoU: 0.9409 | 🕒 396.51s
2025-10-10 11:32:19,955 [INFO] - Epoch 17 | Val Loss: 0.0943 | Val IoU: 0.9378 | 🕒 396.37s
2025-10-10 11:38:58,339 [INFO] - Epoch 18 | Val Loss: 0.0836 | Val IoU: 0.9434 | 🕒 398.38s
2025-10-10 11:45:35,132 [INFO] - Epoch 19 | Val Loss: 0.0837 | Val IoU: 0.9440 | 🕒 396.79s
2025-10-10 11:52:11,556 [INFO] - Epoch 20 | Val Loss: 0.0837 | Val IoU: 0.9436 | 🕒 396.42s
2025-10-10 11:58:48,113 [INFO] - Epoch 21 | Val Loss: 0.0839 | Val IoU: 0.9441 | 🕒 396.56s
2025-10-10 12:05:24,721 [INFO] - Epoch 22 | Val Loss: 0.0846 | Val IoU: 0.9439 | 🕒 396.61s
2025-10-10 12:12:03,352 [INFO] - Epoch 23 | Val Loss: 0.0867 | Val IoU: 0.9438 | 🕒 398.63s
2025-10-10 12:18:41,824 [INFO] - Epoch 24 | Val Loss: 0.0839 | Val IoU: 0.9442 | 🕒 398.47s
2025-10-10 12:25:18,317 [INFO] - Epoch 25 | Val Loss: 0.0842 | Val IoU: 0.9442 | 🕒 396.49s
2025-10-10 12:31:55,498 [INFO] - Epoch 26 | Val Loss: 0.0844 | Val IoU: 0.9439 | 🕒 397.18s
2025-10-10 12:38:31,710 [INFO] - Epoch 27 | Val Loss: 0.0846 | Val IoU: 0.9444 | 🕒 396.21s
2025-10-10 12:45:13,034 [INFO] - Epoch 28 | Val Loss: 0.0844 | Val IoU: 0.9442 | 🕒 401.32s
2025-10-10 12:52:11,139 [INFO] - Epoch 29 | Val Loss: 0.0845 | Val IoU: 0.9441 | 🕒 418.10s
2025-10-10 12:58:53,350 [INFO] - Epoch 30 | Val Loss: 0.0849 | Val IoU: 0.9444 | 🕒 402.21s
2025-10-10 12:58:53,351 [INFO] - 
--- Training for Massachusetts_CrossEntropyLoss_MAnet_mobileone_s1 complete ---
2025-10-10 12:58:53,353 [INFO] - 📄 Time report saved at: plot/plot_Massachusetts_CrossEntropyLoss_MAnet_mobileone_s1\training_times.txt
2025-10-10 12:58:53,353 [INFO] - ✅ Best model saved at: model/model_Massachusetts_CrossEntropyLoss_MAnet_mobileone_s1.pt
2025-10-10 12:58:53,354 [INFO] - 📊 Per-epoch results saved at: plot/plot_Massachusetts_CrossEntropyLoss_MAnet_mobileone_s1\epoch_results.csv
2025-10-10 12:58:53,365 [INFO] - 
Training history saved to 'plot/plot_Massachusetts_CrossEntropyLoss_MAnet_mobileone_s1' directory.
2025-10-10 12:58:54,559 [INFO] - Summary plot saved at: plot/plot_Massachusetts_CrossEntropyLoss_MAnet_mobileone_s1\training_metrics_summary.png
2025-10-10 12:58:54,733 [INFO] - 📈 Confusion matrix saved at: plot/plot_Massachusetts_CrossEntropyLoss_MAnet_mobileone_s1\confusion_matrix.png
2025-10-10 12:58:54,733 [INFO] - 
============================= EXPERIMENT FINISHED ==============================

