2025-10-20 05:50:57,346 [INFO] - 
=========================== STARTING NEW EXPERIMENT ============================
2025-10-20 05:50:57,347 [INFO] - The device used: cuda
2025-10-20 05:50:57,347 [INFO] - Configuration: TGRS_Road_CrossEntropyLoss_DeepLabV3_mobileone_s2
2025-10-20 05:50:57,347 [INFO] - ================================================================================
2025-10-20 05:50:57,347 [INFO] - 🔄 Loading data...
2025-10-20 05:50:58,569 [INFO] - 🔧 Initializing model, loss function, and optimizer...
2025-10-20 05:56:18,971 [INFO] - Epoch 01 | Val Loss: 0.2727 | Val IoU: 0.7939 | 🕒 317.44s
2025-10-20 05:58:35,861 [INFO] - Epoch 02 | Val Loss: 0.1477 | Val IoU: 0.8775 | 🕒 136.89s
2025-10-20 06:00:50,636 [INFO] - Epoch 03 | Val Loss: 0.1116 | Val IoU: 0.9106 | 🕒 134.77s
2025-10-20 06:03:04,953 [INFO] - Epoch 04 | Val Loss: 0.0988 | Val IoU: 0.9183 | 🕒 134.32s
2025-10-20 06:05:19,642 [INFO] - Epoch 05 | Val Loss: 0.0988 | Val IoU: 0.9188 | 🕒 134.69s
2025-10-20 06:07:34,139 [INFO] - Epoch 06 | Val Loss: 0.0968 | Val IoU: 0.9194 | 🕒 134.49s
2025-10-20 06:09:48,582 [INFO] - Epoch 07 | Val Loss: 0.0816 | Val IoU: 0.9339 | 🕒 134.44s
2025-10-20 06:12:02,950 [INFO] - Epoch 08 | Val Loss: 0.0876 | Val IoU: 0.9306 | 🕒 134.37s
2025-10-20 06:14:17,271 [INFO] - Epoch 09 | Val Loss: 0.0817 | Val IoU: 0.9336 | 🕒 134.32s
2025-10-20 06:16:31,872 [INFO] - Epoch 10 | Val Loss: 0.0794 | Val IoU: 0.9370 | 🕒 134.60s
2025-10-20 06:18:46,145 [INFO] - Epoch 11 | Val Loss: 0.0847 | Val IoU: 0.9334 | 🕒 134.27s
2025-10-20 06:21:00,505 [INFO] - Epoch 12 | Val Loss: 0.0781 | Val IoU: 0.9391 | 🕒 134.36s
2025-10-20 06:23:14,838 [INFO] - Epoch 13 | Val Loss: 0.0825 | Val IoU: 0.9374 | 🕒 134.33s
2025-10-20 06:25:29,373 [INFO] - Epoch 14 | Val Loss: 0.0772 | Val IoU: 0.9402 | 🕒 134.53s
2025-10-20 06:27:44,041 [INFO] - Epoch 15 | Val Loss: 0.0833 | Val IoU: 0.9353 | 🕒 134.67s
2025-10-20 06:29:58,167 [INFO] - Epoch 16 | Val Loss: 0.0825 | Val IoU: 0.9375 | 🕒 134.13s
2025-10-20 06:32:12,784 [INFO] - Epoch 17 | Val Loss: 0.0760 | Val IoU: 0.9426 | 🕒 134.61s
2025-10-20 06:34:27,114 [INFO] - Epoch 18 | Val Loss: 0.0868 | Val IoU: 0.9375 | 🕒 134.33s
2025-10-20 06:36:41,312 [INFO] - Epoch 19 | Val Loss: 0.0850 | Val IoU: 0.9386 | 🕒 134.20s
2025-10-20 06:38:55,958 [INFO] - Epoch 20 | Val Loss: 0.0789 | Val IoU: 0.9426 | 🕒 134.65s
2025-10-20 06:41:10,015 [INFO] - Epoch 21 | Val Loss: 0.0886 | Val IoU: 0.9358 | 🕒 134.06s
2025-10-20 06:43:24,382 [INFO] - Epoch 22 | Val Loss: 0.0819 | Val IoU: 0.9404 | 🕒 134.37s
2025-10-20 06:45:38,702 [INFO] - Epoch 23 | Val Loss: 0.0819 | Val IoU: 0.9424 | 🕒 134.32s
2025-10-20 06:47:53,110 [INFO] - Epoch 24 | Val Loss: 0.0800 | Val IoU: 0.9427 | 🕒 134.41s
2025-10-20 06:50:07,586 [INFO] - Epoch 25 | Val Loss: 0.0780 | Val IoU: 0.9439 | 🕒 134.48s
2025-10-20 06:52:21,885 [INFO] - Epoch 26 | Val Loss: 0.0780 | Val IoU: 0.9438 | 🕒 134.30s
2025-10-20 06:54:36,125 [INFO] - Epoch 27 | Val Loss: 0.0812 | Val IoU: 0.9424 | 🕒 134.24s
2025-10-20 06:56:50,412 [INFO] - Epoch 28 | Val Loss: 0.0793 | Val IoU: 0.9437 | 🕒 134.29s
2025-10-20 06:59:04,612 [INFO] - Epoch 29 | Val Loss: 0.0827 | Val IoU: 0.9424 | 🕒 134.20s
2025-10-20 07:01:19,021 [INFO] - Epoch 30 | Val Loss: 0.0805 | Val IoU: 0.9435 | 🕒 134.41s
2025-10-20 07:01:19,022 [INFO] - 
--- Training for TGRS_Road_CrossEntropyLoss_DeepLabV3_mobileone_s2 complete ---
2025-10-20 07:01:19,022 [INFO] - 📄 Time report saved at: plot/plot_TGRS_Road_CrossEntropyLoss_DeepLabV3_mobileone_s2/training_times.txt
2025-10-20 07:01:19,022 [INFO] - ✅ Best model saved at: model/model_TGRS_Road_CrossEntropyLoss_DeepLabV3_mobileone_s2.pt
2025-10-20 07:01:19,022 [INFO] - 📊 Per-epoch results saved at: plot/plot_TGRS_Road_CrossEntropyLoss_DeepLabV3_mobileone_s2/epoch_results.csv
2025-10-20 07:01:19,023 [INFO] - 
Training history saved to 'plot/plot_TGRS_Road_CrossEntropyLoss_DeepLabV3_mobileone_s2' directory.
2025-10-20 07:01:20,029 [INFO] - Summary plot saved at: plot/plot_TGRS_Road_CrossEntropyLoss_DeepLabV3_mobileone_s2/training_metrics_summary.png
2025-10-20 07:01:20,165 [INFO] - 📈 Confusion matrix saved at: plot/plot_TGRS_Road_CrossEntropyLoss_DeepLabV3_mobileone_s2/confusion_matrix.png
2025-10-20 07:01:20,165 [INFO] - 
============================= EXPERIMENT FINISHED ==============================

