2025-10-13 15:41:01,415 [INFO] - 
=========================== STARTING NEW EXPERIMENT ============================
2025-10-13 15:41:01,415 [INFO] - The device used: cuda
2025-10-13 15:41:01,415 [INFO] - Configuration: Massachusetts_CrossEntropyLoss_PAN_mobileone_s3
2025-10-13 15:41:01,415 [INFO] - ================================================================================
2025-10-13 15:41:01,415 [INFO] - 🔄 Loading data...
2025-10-13 15:41:01,424 [INFO] - 🔧 Initializing model, loss function, and optimizer...
2025-10-13 15:41:57,905 [INFO] - Epoch 01 | Val Loss: 0.1403 | Val IoU: 0.9053 | 🕒 55.76s
2025-10-13 15:42:53,320 [INFO] - Epoch 02 | Val Loss: 0.1511 | Val IoU: 0.9052 | 🕒 55.41s
2025-10-13 15:43:48,991 [INFO] - Epoch 03 | Val Loss: 0.1402 | Val IoU: 0.9062 | 🕒 55.67s
2025-10-13 15:44:46,917 [INFO] - Epoch 04 | Val Loss: 0.1255 | Val IoU: 0.9064 | 🕒 57.92s
2025-10-13 15:45:42,861 [INFO] - Epoch 05 | Val Loss: 0.1444 | Val IoU: 0.9049 | 🕒 55.94s
2025-10-13 15:46:38,113 [INFO] - Epoch 06 | Val Loss: 0.1198 | Val IoU: 0.9082 | 🕒 55.25s
2025-10-13 15:47:33,414 [INFO] - Epoch 07 | Val Loss: 0.1227 | Val IoU: 0.9087 | 🕒 55.30s
2025-10-13 15:48:29,139 [INFO] - Epoch 08 | Val Loss: 0.1179 | Val IoU: 0.9101 | 🕒 55.72s
2025-10-13 15:49:23,731 [INFO] - Epoch 09 | Val Loss: 3.3350 | Val IoU: 0.9039 | 🕒 54.59s
2025-10-13 15:50:18,561 [INFO] - Epoch 10 | Val Loss: 0.1250 | Val IoU: 0.9083 | 🕒 54.83s
2025-10-13 15:51:13,106 [INFO] - Epoch 11 | Val Loss: 0.7579 | Val IoU: 0.9057 | 🕒 54.55s
2025-10-13 15:52:07,540 [INFO] - Epoch 12 | Val Loss: 0.1199 | Val IoU: 0.9083 | 🕒 54.43s
2025-10-13 15:53:02,605 [INFO] - Epoch 13 | Val Loss: 0.1397 | Val IoU: 0.9087 | 🕒 55.06s
2025-10-13 15:53:56,958 [INFO] - Epoch 14 | Val Loss: 0.1349 | Val IoU: 0.9109 | 🕒 54.35s
2025-10-13 15:54:51,701 [INFO] - Epoch 15 | Val Loss: 0.1128 | Val IoU: 0.9123 | 🕒 54.74s
2025-10-13 15:55:46,032 [INFO] - Epoch 16 | Val Loss: 0.1156 | Val IoU: 0.9124 | 🕒 54.33s
2025-10-13 15:56:40,535 [INFO] - Epoch 17 | Val Loss: 0.1196 | Val IoU: 0.9120 | 🕒 54.50s
2025-10-13 15:57:34,248 [INFO] - Epoch 18 | Val Loss: 0.1125 | Val IoU: 0.9128 | 🕒 53.71s
2025-10-13 15:58:28,545 [INFO] - Epoch 19 | Val Loss: 0.1128 | Val IoU: 0.9124 | 🕒 54.30s
2025-10-13 15:59:23,711 [INFO] - Epoch 20 | Val Loss: 0.1130 | Val IoU: 0.9128 | 🕒 55.17s
2025-10-13 16:00:18,075 [INFO] - Epoch 21 | Val Loss: 0.1129 | Val IoU: 0.9131 | 🕒 54.36s
2025-10-13 16:01:11,938 [INFO] - Epoch 22 | Val Loss: 0.1126 | Val IoU: 0.9131 | 🕒 53.86s
2025-10-13 16:02:06,272 [INFO] - Epoch 23 | Val Loss: 0.1140 | Val IoU: 0.9127 | 🕒 54.33s
2025-10-13 16:03:00,549 [INFO] - Epoch 24 | Val Loss: 0.1143 | Val IoU: 0.9131 | 🕒 54.28s
2025-10-13 16:03:54,980 [INFO] - Epoch 25 | Val Loss: 0.1145 | Val IoU: 0.9131 | 🕒 54.43s
2025-10-13 16:04:48,877 [INFO] - Epoch 26 | Val Loss: 0.1183 | Val IoU: 0.9128 | 🕒 53.90s
2025-10-13 16:05:43,670 [INFO] - Epoch 27 | Val Loss: 0.1128 | Val IoU: 0.9132 | 🕒 54.79s
2025-10-13 16:06:38,338 [INFO] - Epoch 28 | Val Loss: 0.1147 | Val IoU: 0.9132 | 🕒 54.67s
2025-10-13 16:07:32,856 [INFO] - Epoch 29 | Val Loss: 0.1121 | Val IoU: 0.9133 | 🕒 54.52s
2025-10-13 16:08:29,547 [INFO] - Epoch 30 | Val Loss: 0.1174 | Val IoU: 0.9133 | 🕒 56.69s
2025-10-13 16:08:29,547 [INFO] - 
--- Training for Massachusetts_CrossEntropyLoss_PAN_mobileone_s3 complete ---
2025-10-13 16:08:29,550 [INFO] - 📄 Time report saved at: plot/plot_Massachusetts_CrossEntropyLoss_PAN_mobileone_s3\training_times.txt
2025-10-13 16:08:29,550 [INFO] - ✅ Best model saved at: model/model_Massachusetts_CrossEntropyLoss_PAN_mobileone_s3.pt
2025-10-13 16:08:29,551 [INFO] - 📊 Per-epoch results saved at: plot/plot_Massachusetts_CrossEntropyLoss_PAN_mobileone_s3\epoch_results.csv
2025-10-13 16:08:29,567 [INFO] - 
Training history saved to 'plot/plot_Massachusetts_CrossEntropyLoss_PAN_mobileone_s3' directory.
2025-10-13 16:08:30,693 [INFO] - Summary plot saved at: plot/plot_Massachusetts_CrossEntropyLoss_PAN_mobileone_s3\training_metrics_summary.png
2025-10-13 16:08:30,852 [INFO] - 📈 Confusion matrix saved at: plot/plot_Massachusetts_CrossEntropyLoss_PAN_mobileone_s3\confusion_matrix.png
2025-10-13 16:08:30,852 [INFO] - 
============================= EXPERIMENT FINISHED ==============================

