2025-10-11 14:52:07,011 [INFO] - 
=========================== STARTING NEW EXPERIMENT ============================
2025-10-11 14:52:07,011 [INFO] - The device used: cuda
2025-10-11 14:52:07,011 [INFO] - Configuration: DeepGlobal_CrossEntropyLoss_DeepLabV3Plus_mobileone_s2
2025-10-11 14:52:07,011 [INFO] - ================================================================================
2025-10-11 14:52:07,011 [INFO] - 🔄 Loading data...
2025-10-11 14:52:07,021 [INFO] - 🔧 Initializing model, loss function, and optimizer...
2025-10-11 14:53:06,770 [INFO] - Epoch 01 | Val Loss: 0.0889 | Val IoU: 0.9351 | 🕒 59.64s
2025-10-11 14:54:06,468 [INFO] - Epoch 02 | Val Loss: 0.0808 | Val IoU: 0.9397 | 🕒 59.70s
2025-10-11 14:55:05,791 [INFO] - Epoch 03 | Val Loss: 0.0832 | Val IoU: 0.9396 | 🕒 59.32s
2025-10-11 14:56:05,150 [INFO] - Epoch 04 | Val Loss: 0.0841 | Val IoU: 0.9353 | 🕒 59.36s
2025-10-11 14:57:04,748 [INFO] - Epoch 05 | Val Loss: 0.0768 | Val IoU: 0.9443 | 🕒 59.60s
2025-10-11 14:58:04,740 [INFO] - Epoch 06 | Val Loss: 0.0752 | Val IoU: 0.9438 | 🕒 59.99s
2025-10-11 14:59:04,137 [INFO] - Epoch 07 | Val Loss: 0.0747 | Val IoU: 0.9464 | 🕒 59.40s
2025-10-11 15:00:03,598 [INFO] - Epoch 08 | Val Loss: 0.0770 | Val IoU: 0.9463 | 🕒 59.46s
2025-10-11 15:01:03,016 [INFO] - Epoch 09 | Val Loss: 0.0761 | Val IoU: 0.9418 | 🕒 59.42s
2025-10-11 15:02:02,587 [INFO] - Epoch 10 | Val Loss: 0.0746 | Val IoU: 0.9465 | 🕒 59.57s
2025-10-11 15:03:02,163 [INFO] - Epoch 11 | Val Loss: 0.0715 | Val IoU: 0.9487 | 🕒 59.58s
2025-10-11 15:04:01,714 [INFO] - Epoch 12 | Val Loss: 0.0741 | Val IoU: 0.9491 | 🕒 59.55s
2025-10-11 15:05:01,233 [INFO] - Epoch 13 | Val Loss: 0.0736 | Val IoU: 0.9487 | 🕒 59.52s
2025-10-11 15:06:00,680 [INFO] - Epoch 14 | Val Loss: 0.0721 | Val IoU: 0.9458 | 🕒 59.45s
2025-10-11 15:07:01,392 [INFO] - Epoch 15 | Val Loss: 0.0743 | Val IoU: 0.9452 | 🕒 60.71s
2025-10-11 15:08:02,125 [INFO] - Epoch 16 | Val Loss: 0.0749 | Val IoU: 0.9476 | 🕒 60.73s
2025-10-11 15:09:01,633 [INFO] - Epoch 17 | Val Loss: 0.0763 | Val IoU: 0.9451 | 🕒 59.51s
2025-10-11 15:10:02,259 [INFO] - Epoch 18 | Val Loss: 0.0742 | Val IoU: 0.9510 | 🕒 60.63s
2025-10-11 15:11:03,569 [INFO] - Epoch 19 | Val Loss: 0.0753 | Val IoU: 0.9511 | 🕒 61.31s
2025-10-11 15:12:03,646 [INFO] - Epoch 20 | Val Loss: 0.0776 | Val IoU: 0.9508 | 🕒 60.08s
2025-10-11 15:13:03,523 [INFO] - Epoch 21 | Val Loss: 0.0791 | Val IoU: 0.9506 | 🕒 59.88s
2025-10-11 15:14:03,343 [INFO] - Epoch 22 | Val Loss: 0.0811 | Val IoU: 0.9509 | 🕒 59.82s
2025-10-11 15:15:04,385 [INFO] - Epoch 23 | Val Loss: 0.0811 | Val IoU: 0.9506 | 🕒 61.04s
2025-10-11 15:16:05,023 [INFO] - Epoch 24 | Val Loss: 0.0828 | Val IoU: 0.9510 | 🕒 60.64s
2025-10-11 15:17:07,351 [INFO] - Epoch 25 | Val Loss: 0.0816 | Val IoU: 0.9509 | 🕒 62.33s
2025-10-11 15:18:07,765 [INFO] - Epoch 26 | Val Loss: 0.0821 | Val IoU: 0.9510 | 🕒 60.41s
2025-10-11 15:19:09,025 [INFO] - Epoch 27 | Val Loss: 0.0829 | Val IoU: 0.9510 | 🕒 61.26s
2025-10-11 15:20:10,392 [INFO] - Epoch 28 | Val Loss: 0.0839 | Val IoU: 0.9510 | 🕒 61.37s
2025-10-11 15:21:11,698 [INFO] - Epoch 29 | Val Loss: 0.0842 | Val IoU: 0.9506 | 🕒 61.31s
2025-10-11 15:22:13,276 [INFO] - Epoch 30 | Val Loss: 0.0836 | Val IoU: 0.9506 | 🕒 61.58s
2025-10-11 15:22:13,276 [INFO] - 
--- Training for DeepGlobal_CrossEntropyLoss_DeepLabV3Plus_mobileone_s2 complete ---
2025-10-11 15:22:13,276 [INFO] - 📄 Time report saved at: plot/plot_DeepGlobal_CrossEntropyLoss_DeepLabV3Plus_mobileone_s2/training_times.txt
2025-10-11 15:22:13,276 [INFO] - ✅ Best model saved at: model/model_DeepGlobal_CrossEntropyLoss_DeepLabV3Plus_mobileone_s2.pt
2025-10-11 15:22:13,276 [INFO] - 📊 Per-epoch results saved at: plot/plot_DeepGlobal_CrossEntropyLoss_DeepLabV3Plus_mobileone_s2/epoch_results.csv
2025-10-11 15:22:13,277 [INFO] - 
Training history saved to 'plot/plot_DeepGlobal_CrossEntropyLoss_DeepLabV3Plus_mobileone_s2' directory.
2025-10-11 15:22:13,948 [INFO] - Summary plot saved at: plot/plot_DeepGlobal_CrossEntropyLoss_DeepLabV3Plus_mobileone_s2/training_metrics_summary.png
2025-10-11 15:22:14,032 [INFO] - 📈 Confusion matrix saved at: plot/plot_DeepGlobal_CrossEntropyLoss_DeepLabV3Plus_mobileone_s2/confusion_matrix.png
2025-10-11 15:22:14,032 [INFO] - 
============================= EXPERIMENT FINISHED ==============================

