2025-10-11 21:56:53,880 [INFO] - 
=========================== STARTING NEW EXPERIMENT ============================
2025-10-11 21:56:53,880 [INFO] - The device used: cuda
2025-10-11 21:56:53,880 [INFO] - Configuration: TGRS_Road_CrossEntropyLoss_PAN_mobileone_s1
2025-10-11 21:56:53,880 [INFO] - ================================================================================
2025-10-11 21:56:53,880 [INFO] - 🔄 Loading data...
2025-10-11 21:56:53,882 [INFO] - 🔧 Initializing model, loss function, and optimizer...
2025-10-11 21:57:04,213 [INFO] - Epoch 01 | Val Loss: 0.1886 | Val IoU: 0.8770 | 🕒 10.20s
2025-10-11 21:57:14,291 [INFO] - Epoch 02 | Val Loss: 0.1275 | Val IoU: 0.9053 | 🕒 10.08s
2025-10-11 21:57:24,053 [INFO] - Epoch 03 | Val Loss: 0.1171 | Val IoU: 0.9086 | 🕒 9.76s
2025-10-11 21:57:33,879 [INFO] - Epoch 04 | Val Loss: 0.1255 | Val IoU: 0.9090 | 🕒 9.83s
2025-10-11 21:57:43,949 [INFO] - Epoch 05 | Val Loss: 0.1089 | Val IoU: 0.9152 | 🕒 10.07s
2025-10-11 21:57:53,615 [INFO] - Epoch 06 | Val Loss: 0.1091 | Val IoU: 0.9116 | 🕒 9.67s
2025-10-11 21:58:03,395 [INFO] - Epoch 07 | Val Loss: 0.0999 | Val IoU: 0.9200 | 🕒 9.78s
2025-10-11 21:58:13,873 [INFO] - Epoch 08 | Val Loss: 0.1037 | Val IoU: 0.9166 | 🕒 10.48s
2025-10-11 21:58:23,637 [INFO] - Epoch 09 | Val Loss: 0.0942 | Val IoU: 0.9275 | 🕒 9.76s
2025-10-11 21:58:33,389 [INFO] - Epoch 10 | Val Loss: 0.0903 | Val IoU: 0.9296 | 🕒 9.75s
2025-10-11 21:58:43,114 [INFO] - Epoch 11 | Val Loss: 0.0989 | Val IoU: 0.9221 | 🕒 9.72s
2025-10-11 21:58:52,851 [INFO] - Epoch 12 | Val Loss: 0.0898 | Val IoU: 0.9288 | 🕒 9.74s
2025-10-11 21:59:02,536 [INFO] - Epoch 13 | Val Loss: 0.0913 | Val IoU: 0.9285 | 🕒 9.68s
2025-10-11 21:59:12,282 [INFO] - Epoch 14 | Val Loss: 0.0902 | Val IoU: 0.9279 | 🕒 9.75s
2025-10-11 21:59:22,293 [INFO] - Epoch 15 | Val Loss: 0.0828 | Val IoU: 0.9336 | 🕒 10.01s
2025-10-11 21:59:31,953 [INFO] - Epoch 16 | Val Loss: 0.0946 | Val IoU: 0.9230 | 🕒 9.66s
2025-10-11 21:59:41,768 [INFO] - Epoch 17 | Val Loss: 0.0789 | Val IoU: 0.9369 | 🕒 9.81s
2025-10-11 21:59:51,528 [INFO] - Epoch 18 | Val Loss: 0.0810 | Val IoU: 0.9355 | 🕒 9.76s
2025-10-11 22:00:01,333 [INFO] - Epoch 19 | Val Loss: 0.0845 | Val IoU: 0.9322 | 🕒 9.80s
2025-10-11 22:00:11,157 [INFO] - Epoch 20 | Val Loss: 0.0799 | Val IoU: 0.9355 | 🕒 9.82s
2025-10-11 22:00:21,081 [INFO] - Epoch 21 | Val Loss: 0.0783 | Val IoU: 0.9375 | 🕒 9.92s
2025-10-11 22:00:31,186 [INFO] - Epoch 22 | Val Loss: 0.0840 | Val IoU: 0.9330 | 🕒 10.10s
2025-10-11 22:00:41,011 [INFO] - Epoch 23 | Val Loss: 0.0749 | Val IoU: 0.9398 | 🕒 9.83s
2025-10-11 22:00:50,854 [INFO] - Epoch 24 | Val Loss: 0.0746 | Val IoU: 0.9400 | 🕒 9.84s
2025-10-11 22:01:00,634 [INFO] - Epoch 25 | Val Loss: 0.0782 | Val IoU: 0.9375 | 🕒 9.78s
2025-10-11 22:01:10,441 [INFO] - Epoch 26 | Val Loss: 0.0780 | Val IoU: 0.9382 | 🕒 9.81s
2025-10-11 22:01:20,211 [INFO] - Epoch 27 | Val Loss: 0.0765 | Val IoU: 0.9392 | 🕒 9.77s
2025-10-11 22:01:30,099 [INFO] - Epoch 28 | Val Loss: 0.0842 | Val IoU: 0.9335 | 🕒 9.89s
2025-10-11 22:01:40,194 [INFO] - Epoch 29 | Val Loss: 0.0829 | Val IoU: 0.9346 | 🕒 10.09s
2025-10-11 22:01:49,946 [INFO] - Epoch 30 | Val Loss: 0.1080 | Val IoU: 0.9205 | 🕒 9.75s
2025-10-11 22:01:49,946 [INFO] - 
--- Training for TGRS_Road_CrossEntropyLoss_PAN_mobileone_s1 complete ---
2025-10-11 22:01:49,947 [INFO] - 📄 Time report saved at: plot/plot_TGRS_Road_CrossEntropyLoss_PAN_mobileone_s1\training_times.txt
2025-10-11 22:01:49,947 [INFO] - ✅ Best model saved at: model/model_TGRS_Road_CrossEntropyLoss_PAN_mobileone_s1.pt
2025-10-11 22:01:49,947 [INFO] - 📊 Per-epoch results saved at: plot/plot_TGRS_Road_CrossEntropyLoss_PAN_mobileone_s1\epoch_results.csv
2025-10-11 22:01:49,951 [INFO] - 
Training history saved to 'plot/plot_TGRS_Road_CrossEntropyLoss_PAN_mobileone_s1' directory.
2025-10-11 22:01:50,633 [INFO] - Summary plot saved at: plot/plot_TGRS_Road_CrossEntropyLoss_PAN_mobileone_s1\training_metrics_summary.png
2025-10-11 22:01:50,734 [INFO] - 📈 Confusion matrix saved at: plot/plot_TGRS_Road_CrossEntropyLoss_PAN_mobileone_s1\confusion_matrix.png
2025-10-11 22:01:50,734 [INFO] - 
============================= EXPERIMENT FINISHED ==============================

