2025-10-11 20:45:58,063 [INFO] - 
=========================== STARTING NEW EXPERIMENT ============================
2025-10-11 20:45:58,063 [INFO] - The device used: cuda
2025-10-11 20:45:58,063 [INFO] - Configuration: TGRS_Road_CrossEntropyLoss_PSPNet_mobileone_s2
2025-10-11 20:45:58,063 [INFO] - ================================================================================
2025-10-11 20:45:58,063 [INFO] - 🔄 Loading data...
2025-10-11 20:45:58,065 [INFO] - 🔧 Initializing model, loss function, and optimizer...
2025-10-11 20:46:07,120 [INFO] - Epoch 01 | Val Loss: 0.1622 | Val IoU: 0.8721 | 🕒 8.91s
2025-10-11 20:46:16,018 [INFO] - Epoch 02 | Val Loss: 0.1426 | Val IoU: 0.8799 | 🕒 8.90s
2025-10-11 20:46:24,942 [INFO] - Epoch 03 | Val Loss: 0.1285 | Val IoU: 0.8929 | 🕒 8.92s
2025-10-11 20:46:34,186 [INFO] - Epoch 04 | Val Loss: 0.1415 | Val IoU: 0.8826 | 🕒 9.24s
2025-10-11 20:46:43,118 [INFO] - Epoch 05 | Val Loss: 0.1104 | Val IoU: 0.9097 | 🕒 8.93s
2025-10-11 20:46:51,946 [INFO] - Epoch 06 | Val Loss: 0.2049 | Val IoU: 0.8587 | 🕒 8.83s
2025-10-11 20:47:00,911 [INFO] - Epoch 07 | Val Loss: 0.1020 | Val IoU: 0.9160 | 🕒 8.96s
2025-10-11 20:47:09,817 [INFO] - Epoch 08 | Val Loss: 0.0834 | Val IoU: 0.9308 | 🕒 8.91s
2025-10-11 20:47:18,657 [INFO] - Epoch 09 | Val Loss: 0.0866 | Val IoU: 0.9298 | 🕒 8.84s
2025-10-11 20:47:27,593 [INFO] - Epoch 10 | Val Loss: 0.0773 | Val IoU: 0.9368 | 🕒 8.94s
2025-10-11 20:47:36,731 [INFO] - Epoch 11 | Val Loss: 0.0800 | Val IoU: 0.9343 | 🕒 9.14s
2025-10-11 20:47:45,687 [INFO] - Epoch 12 | Val Loss: 0.0789 | Val IoU: 0.9355 | 🕒 8.96s
2025-10-11 20:47:54,800 [INFO] - Epoch 13 | Val Loss: 0.0817 | Val IoU: 0.9341 | 🕒 9.11s
2025-10-11 20:48:03,979 [INFO] - Epoch 14 | Val Loss: 0.0767 | Val IoU: 0.9379 | 🕒 9.18s
2025-10-11 20:48:12,845 [INFO] - Epoch 15 | Val Loss: 0.0765 | Val IoU: 0.9383 | 🕒 8.87s
2025-10-11 20:48:21,604 [INFO] - Epoch 16 | Val Loss: 0.0834 | Val IoU: 0.9351 | 🕒 8.76s
2025-10-11 20:48:30,433 [INFO] - Epoch 17 | Val Loss: 0.0868 | Val IoU: 0.9321 | 🕒 8.83s
2025-10-11 20:48:39,293 [INFO] - Epoch 18 | Val Loss: 0.0826 | Val IoU: 0.9343 | 🕒 8.86s
2025-10-11 20:48:48,618 [INFO] - Epoch 19 | Val Loss: 0.0794 | Val IoU: 0.9382 | 🕒 9.33s
2025-10-11 20:48:57,585 [INFO] - Epoch 20 | Val Loss: 0.0815 | Val IoU: 0.9385 | 🕒 8.97s
2025-10-11 20:49:06,342 [INFO] - Epoch 21 | Val Loss: 0.0861 | Val IoU: 0.9335 | 🕒 8.76s
2025-10-11 20:49:15,248 [INFO] - Epoch 22 | Val Loss: 0.0776 | Val IoU: 0.9403 | 🕒 8.91s
2025-10-11 20:49:24,181 [INFO] - Epoch 23 | Val Loss: 0.0751 | Val IoU: 0.9421 | 🕒 8.93s
2025-10-11 20:49:33,040 [INFO] - Epoch 24 | Val Loss: 0.0753 | Val IoU: 0.9418 | 🕒 8.86s
2025-10-11 20:49:41,923 [INFO] - Epoch 25 | Val Loss: 0.0733 | Val IoU: 0.9435 | 🕒 8.88s
2025-10-11 20:49:50,949 [INFO] - Epoch 26 | Val Loss: 0.0745 | Val IoU: 0.9425 | 🕒 9.03s
2025-10-11 20:50:00,162 [INFO] - Epoch 27 | Val Loss: 0.0766 | Val IoU: 0.9415 | 🕒 9.21s
2025-10-11 20:50:08,961 [INFO] - Epoch 28 | Val Loss: 0.0760 | Val IoU: 0.9414 | 🕒 8.80s
2025-10-11 20:50:17,794 [INFO] - Epoch 29 | Val Loss: 0.0762 | Val IoU: 0.9420 | 🕒 8.83s
2025-10-11 20:50:26,687 [INFO] - Epoch 30 | Val Loss: 0.0767 | Val IoU: 0.9416 | 🕒 8.89s
2025-10-11 20:50:26,687 [INFO] - 
--- Training for TGRS_Road_CrossEntropyLoss_PSPNet_mobileone_s2 complete ---
2025-10-11 20:50:26,688 [INFO] - 📄 Time report saved at: plot/plot_TGRS_Road_CrossEntropyLoss_PSPNet_mobileone_s2\training_times.txt
2025-10-11 20:50:26,688 [INFO] - ✅ Best model saved at: model/model_TGRS_Road_CrossEntropyLoss_PSPNet_mobileone_s2.pt
2025-10-11 20:50:26,688 [INFO] - 📊 Per-epoch results saved at: plot/plot_TGRS_Road_CrossEntropyLoss_PSPNet_mobileone_s2\epoch_results.csv
2025-10-11 20:50:26,692 [INFO] - 
Training history saved to 'plot/plot_TGRS_Road_CrossEntropyLoss_PSPNet_mobileone_s2' directory.
2025-10-11 20:50:27,532 [INFO] - Summary plot saved at: plot/plot_TGRS_Road_CrossEntropyLoss_PSPNet_mobileone_s2\training_metrics_summary.png
2025-10-11 20:50:27,803 [INFO] - 📈 Confusion matrix saved at: plot/plot_TGRS_Road_CrossEntropyLoss_PSPNet_mobileone_s2\confusion_matrix.png
2025-10-11 20:50:27,803 [INFO] - 
============================= EXPERIMENT FINISHED ==============================

