2025-12-20 15:10:59,901 [INFO] - Config suffix: Massachusetts_CrossEntropyLoss_EfficientViT-Seg_l2-cityscapes
2025-12-20 15:10:59,902 [INFO] - Device: cuda
2025-12-20 15:10:59,902 [INFO] - 🔄 Loading data...
2025-12-20 15:10:59,929 [INFO] - 🔧 Initializing model, loss, optimizer, scheduler...
2025-12-20 15:12:37,775 [INFO] - Epoch 01/30 | Val Loss: 0.1439 | Val IoU: 0.9052 | 🕒 95.77s
2025-12-20 15:14:12,489 [INFO] - Epoch 02/30 | Val Loss: 0.1293 | Val IoU: 0.9072 | 🕒 94.63s
2025-12-20 15:15:48,169 [INFO] - Epoch 03/30 | Val Loss: 0.1221 | Val IoU: 0.9085 | 🕒 95.56s
2025-12-20 15:17:23,041 [INFO] - Epoch 04/30 | Val Loss: 0.1271 | Val IoU: 0.9076 | 🕒 94.77s
2025-12-20 15:18:57,842 [INFO] - Epoch 05/30 | Val Loss: 0.1244 | Val IoU: 0.9082 | 🕒 94.69s
2025-12-20 15:20:32,537 [INFO] - Epoch 06/30 | Val Loss: 0.1241 | Val IoU: 0.9075 | 🕒 94.59s
2025-12-20 15:22:07,327 [INFO] - Epoch 07/30 | Val Loss: 0.2469 | Val IoU: 0.9052 | 🕒 94.69s
2025-12-20 15:23:41,924 [INFO] - Epoch 08/30 | Val Loss: 0.1265 | Val IoU: 0.9078 | 🕒 94.49s
2025-12-20 15:25:17,133 [INFO] - Epoch 09/30 | Val Loss: 0.1176 | Val IoU: 0.9094 | 🕒 95.10s
2025-12-20 15:26:51,711 [INFO] - Epoch 10/30 | Val Loss: 0.1648 | Val IoU: 0.9068 | 🕒 94.48s
2025-12-20 15:28:26,633 [INFO] - Epoch 11/30 | Val Loss: 0.1397 | Val IoU: 0.9083 | 🕒 94.82s
2025-12-20 15:30:01,352 [INFO] - Epoch 12/30 | Val Loss: 0.1450 | Val IoU: 0.9093 | 🕒 94.61s
2025-12-20 15:31:35,925 [INFO] - Epoch 13/30 | Val Loss: 0.1448 | Val IoU: 0.9081 | 🕒 94.47s
2025-12-20 15:33:10,590 [INFO] - Epoch 14/30 | Val Loss: 0.1212 | Val IoU: 0.9090 | 🕒 94.56s
2025-12-20 15:34:45,700 [INFO] - Epoch 15/30 | Val Loss: 0.1232 | Val IoU: 0.9095 | 🕒 95.01s
2025-12-20 15:36:21,143 [INFO] - Epoch 16/30 | Val Loss: 0.1280 | Val IoU: 0.9108 | 🕒 95.35s
2025-12-20 15:37:55,757 [INFO] - Epoch 17/30 | Val Loss: 0.1329 | Val IoU: 0.9106 | 🕒 94.52s
2025-12-20 15:39:31,051 [INFO] - Epoch 18/30 | Val Loss: 0.1392 | Val IoU: 0.9110 | 🕒 95.19s
2025-12-20 15:41:05,823 [INFO] - Epoch 19/30 | Val Loss: 0.1359 | Val IoU: 0.9107 | 🕒 94.68s
2025-12-20 15:42:40,519 [INFO] - Epoch 20/30 | Val Loss: 0.1390 | Val IoU: 0.9108 | 🕒 94.59s
2025-12-20 15:44:15,197 [INFO] - Epoch 21/30 | Val Loss: 0.1495 | Val IoU: 0.9109 | 🕒 94.57s
2025-12-20 15:45:50,148 [INFO] - Epoch 22/30 | Val Loss: 0.1393 | Val IoU: 0.9107 | 🕒 94.85s
2025-12-20 15:47:25,030 [INFO] - Epoch 23/30 | Val Loss: 0.1407 | Val IoU: 0.9108 | 🕒 94.78s
2025-12-20 15:48:59,772 [INFO] - Epoch 24/30 | Val Loss: 0.1413 | Val IoU: 0.9107 | 🕒 94.64s
2025-12-20 15:50:34,547 [INFO] - Epoch 25/30 | Val Loss: 0.1410 | Val IoU: 0.9108 | 🕒 94.67s
2025-12-20 15:52:09,887 [INFO] - Epoch 26/30 | Val Loss: 0.1456 | Val IoU: 0.9110 | 🕒 95.23s
2025-12-20 15:53:44,580 [INFO] - Epoch 27/30 | Val Loss: 0.1429 | Val IoU: 0.9107 | 🕒 94.60s
2025-12-20 15:55:19,293 [INFO] - Epoch 28/30 | Val Loss: 0.1460 | Val IoU: 0.9108 | 🕒 94.61s
2025-12-20 15:56:53,917 [INFO] - Epoch 29/30 | Val Loss: 0.1450 | Val IoU: 0.9109 | 🕒 94.52s
2025-12-20 15:58:29,051 [INFO] - Epoch 30/30 | Val Loss: 0.1447 | Val IoU: 0.9109 | 🕒 95.03s
2025-12-20 15:58:29,157 [INFO] - 📄 Time report saved at: plot/plot_Massachusetts_CrossEntropyLoss_EfficientViT-Seg_l2-cityscapes/training_times.txt
2025-12-20 15:58:30,305 [INFO] - ✅ Best model saved at: model/model_Massachusetts_CrossEntropyLoss_EfficientViT-Seg_l2-cityscapes.pt
2025-12-20 15:58:30,305 [INFO] - 📊 Results saved at: plot/plot_Massachusetts_CrossEntropyLoss_EfficientViT-Seg_l2-cityscapes
