2025-08-05 18:54:47,003 [INFO] - 
=========================== STARTING NEW EXPERIMENT ============================
2025-08-05 18:54:47,003 [INFO] - Configuration: Massachusetts_CrossEntropyLoss_DeepLabV3Plus_mobileone_s4
2025-08-05 18:54:47,003 [INFO] - ================================================================================
2025-08-05 18:54:47,003 [INFO] - 🔄 Loading data...
2025-08-05 18:54:47,007 [INFO] - 🔧 Initializing model, loss function, and optimizer...
2025-08-05 18:55:44,347 [INFO] - Epoch 01 | Val Loss: 0.1374 | Val IoU: 0.9056 | 🕒 56.90s
2025-08-05 18:56:40,962 [INFO] - Epoch 02 | Val Loss: 0.1292 | Val IoU: 0.9075 | 🕒 56.61s
2025-08-05 18:57:39,301 [INFO] - Epoch 03 | Val Loss: 0.1252 | Val IoU: 0.9091 | 🕒 58.34s
2025-08-05 18:58:37,874 [INFO] - Epoch 04 | Val Loss: 0.1186 | Val IoU: 0.9137 | 🕒 58.57s
2025-08-05 18:59:36,513 [INFO] - Epoch 05 | Val Loss: 0.1188 | Val IoU: 0.9133 | 🕒 58.64s
2025-08-05 19:00:33,529 [INFO] - Epoch 06 | Val Loss: 0.1165 | Val IoU: 0.9145 | 🕒 57.02s
2025-08-05 19:01:34,063 [INFO] - Epoch 07 | Val Loss: 0.1164 | Val IoU: 0.9149 | 🕒 60.53s
2025-08-05 19:02:32,188 [INFO] - Epoch 08 | Val Loss: 0.1136 | Val IoU: 0.9155 | 🕒 58.12s
2025-08-05 19:03:31,611 [INFO] - Epoch 09 | Val Loss: 0.1131 | Val IoU: 0.9181 | 🕒 59.42s
2025-08-05 19:04:28,689 [INFO] - Epoch 10 | Val Loss: 0.1118 | Val IoU: 0.9190 | 🕒 57.08s
2025-08-05 19:05:25,138 [INFO] - Epoch 11 | Val Loss: 0.1163 | Val IoU: 0.9185 | 🕒 56.45s
2025-08-05 19:06:21,105 [INFO] - Epoch 12 | Val Loss: 0.1139 | Val IoU: 0.9187 | 🕒 55.97s
2025-08-05 19:07:16,918 [INFO] - Epoch 13 | Val Loss: 0.1122 | Val IoU: 0.9182 | 🕒 55.81s
2025-08-05 19:08:14,336 [INFO] - Epoch 14 | Val Loss: 0.1093 | Val IoU: 0.9194 | 🕒 57.42s
2025-08-05 19:09:11,319 [INFO] - Epoch 15 | Val Loss: 0.1137 | Val IoU: 0.9198 | 🕒 56.98s
2025-08-05 19:10:08,606 [INFO] - Epoch 16 | Val Loss: 0.1118 | Val IoU: 0.9187 | 🕒 57.29s
2025-08-05 19:11:04,397 [INFO] - Epoch 17 | Val Loss: 0.1085 | Val IoU: 0.9211 | 🕒 55.79s
2025-08-05 19:12:09,685 [INFO] - Epoch 18 | Val Loss: 0.1329 | Val IoU: 0.9177 | 🕒 65.29s
2025-08-05 19:13:15,084 [INFO] - Epoch 19 | Val Loss: 0.1144 | Val IoU: 0.9197 | 🕒 65.40s
2025-08-05 19:14:11,746 [INFO] - Epoch 20 | Val Loss: 0.1084 | Val IoU: 0.9211 | 🕒 56.63s
2025-08-05 19:15:07,770 [INFO] - Epoch 21 | Val Loss: 0.1101 | Val IoU: 0.9190 | 🕒 56.02s
2025-08-05 19:16:06,018 [INFO] - Epoch 22 | Val Loss: 0.1147 | Val IoU: 0.9196 | 🕒 58.25s
2025-08-05 19:17:04,259 [INFO] - Epoch 23 | Val Loss: 0.1289 | Val IoU: 0.9162 | 🕒 58.24s
2025-08-05 19:18:02,086 [INFO] - Epoch 24 | Val Loss: 0.1416 | Val IoU: 0.9185 | 🕒 57.83s
2025-08-05 19:19:00,393 [INFO] - Epoch 25 | Val Loss: 0.1116 | Val IoU: 0.9212 | 🕒 58.31s
2025-08-05 19:19:58,304 [INFO] - Epoch 26 | Val Loss: 0.1609 | Val IoU: 0.9215 | 🕒 57.91s
2025-08-05 19:20:54,255 [INFO] - Epoch 27 | Val Loss: 0.1651 | Val IoU: 0.9220 | 🕒 55.95s
2025-08-05 19:21:50,405 [INFO] - Epoch 28 | Val Loss: 0.2017 | Val IoU: 0.9223 | 🕒 56.15s
2025-08-05 19:22:46,528 [INFO] - Epoch 29 | Val Loss: 0.3601 | Val IoU: 0.9222 | 🕒 56.12s
2025-08-05 19:23:43,008 [INFO] - Epoch 30 | Val Loss: 0.9174 | Val IoU: 0.9220 | 🕒 56.48s
2025-08-05 19:23:43,008 [INFO] - 
--- Training for Massachusetts_CrossEntropyLoss_DeepLabV3Plus_mobileone_s4 complete ---
2025-08-05 19:23:43,008 [INFO] - 📄 Time report saved at: plot/plot_Massachusetts_CrossEntropyLoss_DeepLabV3Plus_mobileone_s4/training_times.txt
2025-08-05 19:23:43,008 [INFO] - ✅ Best model saved at: model/model_Massachusetts_CrossEntropyLoss_DeepLabV3Plus_mobileone_s4.pt
2025-08-05 19:23:43,008 [INFO] - 📊 Per-epoch results saved at: plot/plot_Massachusetts_CrossEntropyLoss_DeepLabV3Plus_mobileone_s4/epoch_results.csv
2025-08-05 19:23:43,009 [INFO] - 
Training history saved to 'plot/plot_Massachusetts_CrossEntropyLoss_DeepLabV3Plus_mobileone_s4' directory.
2025-08-05 19:23:43,678 [INFO] - Summary plot saved at: plot/plot_Massachusetts_CrossEntropyLoss_DeepLabV3Plus_mobileone_s4/training_metrics_summary.png
2025-08-05 19:23:43,834 [INFO] - 📈 Confusion matrix saved at: plot/plot_Massachusetts_CrossEntropyLoss_DeepLabV3Plus_mobileone_s4/confusion_matrix.png
2025-08-05 19:23:43,834 [INFO] - 
============================= EXPERIMENT FINISHED ==============================

