2025-08-06 09:14:24,498 [INFO] - 
=========================== STARTING NEW EXPERIMENT ============================
2025-08-06 09:14:24,499 [INFO] - Configuration: DeepGlobal_CrossEntropyLoss_DeepLabV3Plus_mobileone_s3
2025-08-06 09:14:24,499 [INFO] - ================================================================================
2025-08-06 09:14:24,499 [INFO] - 🔄 Loading data...
2025-08-06 09:14:34,196 [INFO] - 🔧 Initializing model, loss function, and optimizer...
2025-08-06 09:30:34,235 [INFO] - Epoch 01 | Val Loss: 0.0927 | Val IoU: 0.9338 | 🕒 959.60s
2025-08-06 09:32:16,952 [INFO] - Epoch 02 | Val Loss: 0.0806 | Val IoU: 0.9401 | 🕒 102.72s
2025-08-06 09:33:58,033 [INFO] - Epoch 03 | Val Loss: 0.0808 | Val IoU: 0.9389 | 🕒 101.08s
2025-08-06 09:35:39,224 [INFO] - Epoch 04 | Val Loss: 0.0808 | Val IoU: 0.9415 | 🕒 101.19s
2025-08-06 09:37:20,425 [INFO] - Epoch 05 | Val Loss: 0.0740 | Val IoU: 0.9457 | 🕒 101.20s
2025-08-06 09:39:01,583 [INFO] - Epoch 06 | Val Loss: 0.0716 | Val IoU: 0.9469 | 🕒 101.16s
2025-08-06 09:40:42,566 [INFO] - Epoch 07 | Val Loss: 0.0758 | Val IoU: 0.9473 | 🕒 100.98s
2025-08-06 09:42:23,550 [INFO] - Epoch 08 | Val Loss: 0.0799 | Val IoU: 0.9462 | 🕒 100.98s
2025-08-06 09:44:04,514 [INFO] - Epoch 09 | Val Loss: 0.0795 | Val IoU: 0.9473 | 🕒 100.96s
2025-08-06 09:45:45,341 [INFO] - Epoch 10 | Val Loss: 0.0790 | Val IoU: 0.9436 | 🕒 100.83s
2025-08-06 09:47:26,266 [INFO] - Epoch 11 | Val Loss: 0.0755 | Val IoU: 0.9486 | 🕒 100.92s
2025-08-06 09:49:07,444 [INFO] - Epoch 12 | Val Loss: 0.0757 | Val IoU: 0.9491 | 🕒 101.18s
2025-08-06 09:50:48,801 [INFO] - Epoch 13 | Val Loss: 0.0724 | Val IoU: 0.9514 | 🕒 101.36s
2025-08-06 09:52:29,631 [INFO] - Epoch 14 | Val Loss: 0.0720 | Val IoU: 0.9511 | 🕒 100.83s
2025-08-06 09:54:10,476 [INFO] - Epoch 15 | Val Loss: 0.0723 | Val IoU: 0.9514 | 🕒 100.84s
2025-08-06 09:55:51,616 [INFO] - Epoch 16 | Val Loss: 0.0746 | Val IoU: 0.9514 | 🕒 101.14s
2025-08-06 09:57:32,135 [INFO] - Epoch 17 | Val Loss: 0.0761 | Val IoU: 0.9514 | 🕒 100.52s
2025-08-06 09:59:12,907 [INFO] - Epoch 18 | Val Loss: 0.0777 | Val IoU: 0.9512 | 🕒 100.77s
2025-08-06 10:00:53,750 [INFO] - Epoch 19 | Val Loss: 0.0772 | Val IoU: 0.9512 | 🕒 100.84s
2025-08-06 10:02:34,526 [INFO] - Epoch 20 | Val Loss: 0.0770 | Val IoU: 0.9515 | 🕒 100.78s
2025-08-06 10:04:16,169 [INFO] - Epoch 21 | Val Loss: 0.0779 | Val IoU: 0.9512 | 🕒 101.64s
2025-08-06 10:05:57,221 [INFO] - Epoch 22 | Val Loss: 0.0787 | Val IoU: 0.9513 | 🕒 101.05s
2025-08-06 10:07:38,000 [INFO] - Epoch 23 | Val Loss: 0.0774 | Val IoU: 0.9514 | 🕒 100.78s
2025-08-06 10:09:18,982 [INFO] - Epoch 24 | Val Loss: 0.0800 | Val IoU: 0.9514 | 🕒 100.98s
2025-08-06 10:10:59,633 [INFO] - Epoch 25 | Val Loss: 0.0792 | Val IoU: 0.9514 | 🕒 100.65s
2025-08-06 10:12:40,938 [INFO] - Epoch 26 | Val Loss: 0.0801 | Val IoU: 0.9515 | 🕒 101.30s
2025-08-06 10:14:22,310 [INFO] - Epoch 27 | Val Loss: 0.0794 | Val IoU: 0.9515 | 🕒 101.37s
2025-08-06 10:16:03,167 [INFO] - Epoch 28 | Val Loss: 0.0793 | Val IoU: 0.9511 | 🕒 100.86s
2025-08-06 10:17:44,311 [INFO] - Epoch 29 | Val Loss: 0.0787 | Val IoU: 0.9513 | 🕒 101.14s
2025-08-06 10:19:25,340 [INFO] - Epoch 30 | Val Loss: 0.0794 | Val IoU: 0.9514 | 🕒 101.03s
2025-08-06 10:19:25,340 [INFO] - 
--- Training for DeepGlobal_CrossEntropyLoss_DeepLabV3Plus_mobileone_s3 complete ---
2025-08-06 10:19:25,341 [INFO] - 📄 Time report saved at: plot/plot_DeepGlobal_CrossEntropyLoss_DeepLabV3Plus_mobileone_s3/training_times.txt
2025-08-06 10:19:25,341 [INFO] - ✅ Best model saved at: model/model_DeepGlobal_CrossEntropyLoss_DeepLabV3Plus_mobileone_s3.pt
2025-08-06 10:19:25,341 [INFO] - 📊 Per-epoch results saved at: plot/plot_DeepGlobal_CrossEntropyLoss_DeepLabV3Plus_mobileone_s3/epoch_results.csv
2025-08-06 10:19:25,342 [INFO] - 
Training history saved to 'plot/plot_DeepGlobal_CrossEntropyLoss_DeepLabV3Plus_mobileone_s3' directory.
2025-08-06 10:19:26,975 [INFO] - Summary plot saved at: plot/plot_DeepGlobal_CrossEntropyLoss_DeepLabV3Plus_mobileone_s3/training_metrics_summary.png
2025-08-06 10:19:27,125 [INFO] - 📈 Confusion matrix saved at: plot/plot_DeepGlobal_CrossEntropyLoss_DeepLabV3Plus_mobileone_s3/confusion_matrix.png
2025-08-06 10:19:27,125 [INFO] - 
============================= EXPERIMENT FINISHED ==============================

