2025-08-04 13:18:59,297 [INFO] - 
=========================== STARTING NEW EXPERIMENT ============================
2025-08-04 13:18:59,297 [INFO] - Configuration: TGRS_Road_CrossEntropyLoss_SegFormer_mobileone_s0
2025-08-04 13:18:59,297 [INFO] - ================================================================================
2025-08-04 13:18:59,297 [INFO] - 🔄 Loading data...
2025-08-04 13:18:59,306 [INFO] - 🔧 Initializing model, loss function, and optimizer...
2025-08-04 13:20:01,902 [INFO] - Epoch 01 | Val Loss: 0.1415 | Val IoU: 0.9000 | 🕒 62.28s
2025-08-04 13:20:17,204 [INFO] - Epoch 02 | Val Loss: 0.1001 | Val IoU: 0.9186 | 🕒 15.30s
2025-08-04 13:20:32,639 [INFO] - Epoch 03 | Val Loss: 0.0918 | Val IoU: 0.9250 | 🕒 15.43s
2025-08-04 13:20:48,441 [INFO] - Epoch 04 | Val Loss: 0.0877 | Val IoU: 0.9307 | 🕒 15.80s
2025-08-04 13:21:04,285 [INFO] - Epoch 05 | Val Loss: 0.0828 | Val IoU: 0.9327 | 🕒 15.84s
2025-08-04 13:21:20,024 [INFO] - Epoch 06 | Val Loss: 0.0992 | Val IoU: 0.9180 | 🕒 15.74s
2025-08-04 13:21:35,828 [INFO] - Epoch 07 | Val Loss: 0.0786 | Val IoU: 0.9358 | 🕒 15.80s
2025-08-04 13:21:51,449 [INFO] - Epoch 08 | Val Loss: 0.0773 | Val IoU: 0.9366 | 🕒 15.62s
2025-08-04 13:22:07,076 [INFO] - Epoch 09 | Val Loss: 0.0793 | Val IoU: 0.9355 | 🕒 15.63s
2025-08-04 13:22:22,825 [INFO] - Epoch 10 | Val Loss: 0.1727 | Val IoU: 0.9348 | 🕒 15.75s
2025-08-04 13:22:38,394 [INFO] - Epoch 11 | Val Loss: 0.1056 | Val IoU: 0.9182 | 🕒 15.57s
2025-08-04 13:22:54,126 [INFO] - Epoch 12 | Val Loss: 0.0944 | Val IoU: 0.9271 | 🕒 15.73s
2025-08-04 13:23:09,908 [INFO] - Epoch 13 | Val Loss: 0.0768 | Val IoU: 0.9379 | 🕒 15.78s
2025-08-04 13:23:25,705 [INFO] - Epoch 14 | Val Loss: 0.0697 | Val IoU: 0.9434 | 🕒 15.80s
2025-08-04 13:23:41,397 [INFO] - Epoch 15 | Val Loss: 0.0738 | Val IoU: 0.9406 | 🕒 15.69s
2025-08-04 13:23:56,865 [INFO] - Epoch 16 | Val Loss: 0.0786 | Val IoU: 0.9385 | 🕒 15.47s
2025-08-04 13:24:12,386 [INFO] - Epoch 17 | Val Loss: 0.0773 | Val IoU: 0.9400 | 🕒 15.52s
2025-08-04 13:24:28,033 [INFO] - Epoch 18 | Val Loss: 0.0695 | Val IoU: 0.9445 | 🕒 15.65s
2025-08-04 13:24:43,630 [INFO] - Epoch 19 | Val Loss: 0.0814 | Val IoU: 0.9384 | 🕒 15.60s
2025-08-04 13:24:59,392 [INFO] - Epoch 20 | Val Loss: 0.0768 | Val IoU: 0.9405 | 🕒 15.76s
2025-08-04 13:25:14,951 [INFO] - Epoch 21 | Val Loss: 0.0802 | Val IoU: 0.9411 | 🕒 15.56s
2025-08-04 13:25:30,473 [INFO] - Epoch 22 | Val Loss: 0.0784 | Val IoU: 0.9410 | 🕒 15.52s
2025-08-04 13:25:45,939 [INFO] - Epoch 23 | Val Loss: 0.0760 | Val IoU: 0.9423 | 🕒 15.47s
2025-08-04 13:26:01,542 [INFO] - Epoch 24 | Val Loss: 0.0669 | Val IoU: 0.9476 | 🕒 15.60s
2025-08-04 13:26:17,202 [INFO] - Epoch 25 | Val Loss: 0.0703 | Val IoU: 0.9466 | 🕒 15.66s
2025-08-04 13:26:32,890 [INFO] - Epoch 26 | Val Loss: 0.0735 | Val IoU: 0.9444 | 🕒 15.69s
2025-08-04 13:26:48,445 [INFO] - Epoch 27 | Val Loss: 0.0691 | Val IoU: 0.9464 | 🕒 15.56s
2025-08-04 13:27:04,020 [INFO] - Epoch 28 | Val Loss: 0.0756 | Val IoU: 0.9460 | 🕒 15.57s
2025-08-04 13:27:19,435 [INFO] - Epoch 29 | Val Loss: 0.0797 | Val IoU: 0.9431 | 🕒 15.41s
2025-08-04 13:27:35,114 [INFO] - Epoch 30 | Val Loss: 0.0715 | Val IoU: 0.9479 | 🕒 15.68s
2025-08-04 13:27:35,114 [INFO] - 
--- Training for TGRS_Road_CrossEntropyLoss_SegFormer_mobileone_s0 complete ---
2025-08-04 13:27:35,115 [INFO] - 📄 Time report saved at: plot/plot_TGRS_Road_CrossEntropyLoss_SegFormer_mobileone_s0/training_times.txt
2025-08-04 13:27:35,115 [INFO] - ✅ Best model saved at: model/model_TGRS_Road_CrossEntropyLoss_SegFormer_mobileone_s0.pt
2025-08-04 13:27:35,115 [INFO] - 📊 Per-epoch results saved at: plot/plot_TGRS_Road_CrossEntropyLoss_SegFormer_mobileone_s0/epoch_results.csv
2025-08-04 13:27:35,117 [INFO] - 
Training history saved to 'plot/plot_TGRS_Road_CrossEntropyLoss_SegFormer_mobileone_s0' directory.
2025-08-04 13:27:36,885 [INFO] - Summary plot saved at: plot/plot_TGRS_Road_CrossEntropyLoss_SegFormer_mobileone_s0/training_metrics_summary.png
2025-08-04 13:27:37,072 [INFO] - 📈 Confusion matrix saved at: plot/plot_TGRS_Road_CrossEntropyLoss_SegFormer_mobileone_s0/confusion_matrix.png
2025-08-04 13:27:37,072 [INFO] - 
============================= EXPERIMENT FINISHED ==============================

