2025-08-05 18:35:33,218 [INFO] - 
=========================== STARTING NEW EXPERIMENT ============================
2025-08-05 18:35:33,219 [INFO] - Configuration: Massachusetts_CrossEntropyLoss_DeepLabV3Plus_mobileone_s3
2025-08-05 18:35:33,219 [INFO] - ================================================================================
2025-08-05 18:35:33,219 [INFO] - 🔄 Loading data...
2025-08-05 18:35:33,221 [INFO] - 🔧 Initializing model, loss function, and optimizer...
2025-08-05 18:36:10,323 [INFO] - Epoch 01 | Val Loss: 0.1365 | Val IoU: 0.9057 | 🕒 36.95s
2025-08-05 18:36:47,386 [INFO] - Epoch 02 | Val Loss: 0.1297 | Val IoU: 0.9084 | 🕒 37.06s
2025-08-05 18:37:24,424 [INFO] - Epoch 03 | Val Loss: 0.1202 | Val IoU: 0.9132 | 🕒 37.04s
2025-08-05 18:38:01,455 [INFO] - Epoch 04 | Val Loss: 0.1185 | Val IoU: 0.9139 | 🕒 37.03s
2025-08-05 18:38:38,510 [INFO] - Epoch 05 | Val Loss: 0.1154 | Val IoU: 0.9147 | 🕒 37.05s
2025-08-05 18:39:15,605 [INFO] - Epoch 06 | Val Loss: 0.1131 | Val IoU: 0.9157 | 🕒 37.09s
2025-08-05 18:39:52,597 [INFO] - Epoch 07 | Val Loss: 0.1157 | Val IoU: 0.9166 | 🕒 36.99s
2025-08-05 18:40:29,969 [INFO] - Epoch 08 | Val Loss: 0.1152 | Val IoU: 0.9175 | 🕒 37.37s
2025-08-05 18:41:11,096 [INFO] - Epoch 09 | Val Loss: 0.1082 | Val IoU: 0.9181 | 🕒 41.13s
2025-08-05 18:41:48,146 [INFO] - Epoch 10 | Val Loss: 0.1106 | Val IoU: 0.9198 | 🕒 37.05s
2025-08-05 18:42:27,851 [INFO] - Epoch 11 | Val Loss: 0.1110 | Val IoU: 0.9215 | 🕒 39.70s
2025-08-05 18:43:07,034 [INFO] - Epoch 12 | Val Loss: 0.1149 | Val IoU: 0.9187 | 🕒 39.18s
2025-08-05 18:43:44,441 [INFO] - Epoch 13 | Val Loss: 0.1074 | Val IoU: 0.9216 | 🕒 37.41s
2025-08-05 18:44:21,871 [INFO] - Epoch 14 | Val Loss: 0.1121 | Val IoU: 0.9226 | 🕒 37.43s
2025-08-05 18:44:59,873 [INFO] - Epoch 15 | Val Loss: 0.1093 | Val IoU: 0.9230 | 🕒 38.00s
2025-08-05 18:45:38,186 [INFO] - Epoch 16 | Val Loss: 0.1084 | Val IoU: 0.9232 | 🕒 38.31s
2025-08-05 18:46:15,793 [INFO] - Epoch 17 | Val Loss: 0.1125 | Val IoU: 0.9233 | 🕒 37.61s
2025-08-05 18:46:54,197 [INFO] - Epoch 18 | Val Loss: 0.1161 | Val IoU: 0.9238 | 🕒 38.40s
2025-08-05 18:47:31,726 [INFO] - Epoch 19 | Val Loss: 0.1151 | Val IoU: 0.9221 | 🕒 37.53s
2025-08-05 18:48:10,409 [INFO] - Epoch 20 | Val Loss: 0.1120 | Val IoU: 0.9250 | 🕒 38.68s
2025-08-05 18:48:51,121 [INFO] - Epoch 21 | Val Loss: 0.1108 | Val IoU: 0.9252 | 🕒 40.71s
2025-08-05 18:49:28,777 [INFO] - Epoch 22 | Val Loss: 0.1172 | Val IoU: 0.9251 | 🕒 37.66s
2025-08-05 18:50:07,281 [INFO] - Epoch 23 | Val Loss: 0.1145 | Val IoU: 0.9247 | 🕒 38.50s
2025-08-05 18:50:44,926 [INFO] - Epoch 24 | Val Loss: 0.1141 | Val IoU: 0.9250 | 🕒 37.64s
2025-08-05 18:51:23,594 [INFO] - Epoch 25 | Val Loss: 0.1134 | Val IoU: 0.9252 | 🕒 38.67s
2025-08-05 18:52:11,419 [INFO] - Epoch 26 | Val Loss: 0.1132 | Val IoU: 0.9252 | 🕒 47.82s
2025-08-05 18:52:52,034 [INFO] - Epoch 27 | Val Loss: 0.1124 | Val IoU: 0.9253 | 🕒 40.61s
2025-08-05 18:53:29,440 [INFO] - Epoch 28 | Val Loss: 0.1160 | Val IoU: 0.9250 | 🕒 37.41s
2025-08-05 18:54:08,137 [INFO] - Epoch 29 | Val Loss: 0.1154 | Val IoU: 0.9253 | 🕒 38.70s
2025-08-05 18:54:46,108 [INFO] - Epoch 30 | Val Loss: 0.1154 | Val IoU: 0.9253 | 🕒 37.97s
2025-08-05 18:54:46,108 [INFO] - 
--- Training for Massachusetts_CrossEntropyLoss_DeepLabV3Plus_mobileone_s3 complete ---
2025-08-05 18:54:46,109 [INFO] - 📄 Time report saved at: plot/plot_Massachusetts_CrossEntropyLoss_DeepLabV3Plus_mobileone_s3/training_times.txt
2025-08-05 18:54:46,109 [INFO] - ✅ Best model saved at: model/model_Massachusetts_CrossEntropyLoss_DeepLabV3Plus_mobileone_s3.pt
2025-08-05 18:54:46,109 [INFO] - 📊 Per-epoch results saved at: plot/plot_Massachusetts_CrossEntropyLoss_DeepLabV3Plus_mobileone_s3/epoch_results.csv
2025-08-05 18:54:46,110 [INFO] - 
Training history saved to 'plot/plot_Massachusetts_CrossEntropyLoss_DeepLabV3Plus_mobileone_s3' directory.
2025-08-05 18:54:46,841 [INFO] - Summary plot saved at: plot/plot_Massachusetts_CrossEntropyLoss_DeepLabV3Plus_mobileone_s3/training_metrics_summary.png
2025-08-05 18:54:46,997 [INFO] - 📈 Confusion matrix saved at: plot/plot_Massachusetts_CrossEntropyLoss_DeepLabV3Plus_mobileone_s3/confusion_matrix.png
2025-08-05 18:54:46,997 [INFO] - 
============================= EXPERIMENT FINISHED ==============================

