2025-08-04 13:33:34,271 [INFO] - 
=========================== STARTING NEW EXPERIMENT ============================
2025-08-04 13:33:34,271 [INFO] - Configuration: TGRS_Road_CrossEntropyLoss_UNet++_mobileone_s1
2025-08-04 13:33:34,271 [INFO] - ================================================================================
2025-08-04 13:33:34,271 [INFO] - 🔄 Loading data...
2025-08-04 13:33:34,279 [INFO] - 🔧 Initializing model, loss function, and optimizer...
2025-08-04 13:34:01,697 [INFO] - Epoch 01 | Val Loss: 0.1123 | Val IoU: 0.9178 | 🕒 26.69s
2025-08-04 13:34:28,215 [INFO] - Epoch 02 | Val Loss: 0.0705 | Val IoU: 0.9454 | 🕒 26.52s
2025-08-04 13:34:54,663 [INFO] - Epoch 03 | Val Loss: 0.0753 | Val IoU: 0.9412 | 🕒 26.45s
2025-08-04 13:35:21,031 [INFO] - Epoch 04 | Val Loss: 0.0746 | Val IoU: 0.9413 | 🕒 26.37s
2025-08-04 13:35:47,531 [INFO] - Epoch 05 | Val Loss: 0.0632 | Val IoU: 0.9498 | 🕒 26.50s
2025-08-04 13:36:14,031 [INFO] - Epoch 06 | Val Loss: 0.0581 | Val IoU: 0.9532 | 🕒 26.50s
2025-08-04 13:36:40,462 [INFO] - Epoch 07 | Val Loss: 0.0597 | Val IoU: 0.9534 | 🕒 26.43s
2025-08-04 13:37:06,841 [INFO] - Epoch 08 | Val Loss: 0.0588 | Val IoU: 0.9530 | 🕒 26.38s
2025-08-04 13:37:33,133 [INFO] - Epoch 09 | Val Loss: 0.0584 | Val IoU: 0.9534 | 🕒 26.29s
2025-08-04 13:37:59,506 [INFO] - Epoch 10 | Val Loss: 0.0610 | Val IoU: 0.9499 | 🕒 26.37s
2025-08-04 13:38:25,854 [INFO] - Epoch 11 | Val Loss: 0.0620 | Val IoU: 0.9534 | 🕒 26.35s
2025-08-04 13:38:52,407 [INFO] - Epoch 12 | Val Loss: 0.0581 | Val IoU: 0.9535 | 🕒 26.55s
2025-08-04 13:39:18,966 [INFO] - Epoch 13 | Val Loss: 0.0521 | Val IoU: 0.9586 | 🕒 26.56s
2025-08-04 13:39:45,239 [INFO] - Epoch 14 | Val Loss: 0.0535 | Val IoU: 0.9581 | 🕒 26.27s
2025-08-04 13:40:11,546 [INFO] - Epoch 15 | Val Loss: 0.0548 | Val IoU: 0.9577 | 🕒 26.31s
2025-08-04 13:40:37,925 [INFO] - Epoch 16 | Val Loss: 0.0555 | Val IoU: 0.9574 | 🕒 26.38s
2025-08-04 13:41:04,321 [INFO] - Epoch 17 | Val Loss: 0.0554 | Val IoU: 0.9580 | 🕒 26.40s
2025-08-04 13:41:30,765 [INFO] - Epoch 18 | Val Loss: 0.0570 | Val IoU: 0.9573 | 🕒 26.44s
2025-08-04 13:41:57,178 [INFO] - Epoch 19 | Val Loss: 0.0582 | Val IoU: 0.9573 | 🕒 26.41s
2025-08-04 13:42:23,596 [INFO] - Epoch 20 | Val Loss: 0.0557 | Val IoU: 0.9585 | 🕒 26.42s
2025-08-04 13:42:49,967 [INFO] - Epoch 21 | Val Loss: 0.0560 | Val IoU: 0.9582 | 🕒 26.37s
2025-08-04 13:43:16,376 [INFO] - Epoch 22 | Val Loss: 0.0573 | Val IoU: 0.9576 | 🕒 26.41s
2025-08-04 13:43:42,725 [INFO] - Epoch 23 | Val Loss: 0.0555 | Val IoU: 0.9585 | 🕒 26.35s
2025-08-04 13:44:09,049 [INFO] - Epoch 24 | Val Loss: 0.0564 | Val IoU: 0.9582 | 🕒 26.32s
2025-08-04 13:44:35,484 [INFO] - Epoch 25 | Val Loss: 0.0565 | Val IoU: 0.9582 | 🕒 26.43s
2025-08-04 13:45:01,848 [INFO] - Epoch 26 | Val Loss: 0.0583 | Val IoU: 0.9572 | 🕒 26.36s
2025-08-04 13:45:28,238 [INFO] - Epoch 27 | Val Loss: 0.0577 | Val IoU: 0.9575 | 🕒 26.39s
2025-08-04 13:45:54,614 [INFO] - Epoch 28 | Val Loss: 0.0580 | Val IoU: 0.9575 | 🕒 26.38s
2025-08-04 13:46:21,029 [INFO] - Epoch 29 | Val Loss: 0.0557 | Val IoU: 0.9585 | 🕒 26.42s
2025-08-04 13:46:47,450 [INFO] - Epoch 30 | Val Loss: 0.0560 | Val IoU: 0.9584 | 🕒 26.42s
2025-08-04 13:46:47,450 [INFO] - 
--- Training for TGRS_Road_CrossEntropyLoss_UNet++_mobileone_s1 complete ---
2025-08-04 13:46:47,451 [INFO] - 📄 Time report saved at: plot/plot_TGRS_Road_CrossEntropyLoss_UNet++_mobileone_s1/training_times.txt
2025-08-04 13:46:47,451 [INFO] - ✅ Best model saved at: model/model_TGRS_Road_CrossEntropyLoss_UNet++_mobileone_s1.pt
2025-08-04 13:46:47,451 [INFO] - 📊 Per-epoch results saved at: plot/plot_TGRS_Road_CrossEntropyLoss_UNet++_mobileone_s1/epoch_results.csv
2025-08-04 13:46:47,452 [INFO] - 
Training history saved to 'plot/plot_TGRS_Road_CrossEntropyLoss_UNet++_mobileone_s1' directory.
2025-08-04 13:46:48,409 [INFO] - Summary plot saved at: plot/plot_TGRS_Road_CrossEntropyLoss_UNet++_mobileone_s1/training_metrics_summary.png
2025-08-04 13:46:48,534 [INFO] - 📈 Confusion matrix saved at: plot/plot_TGRS_Road_CrossEntropyLoss_UNet++_mobileone_s1/confusion_matrix.png
2025-08-04 13:46:48,535 [INFO] - 
============================= EXPERIMENT FINISHED ==============================

