2025-10-11 20:42:02,181 [INFO] - 
=========================== STARTING NEW EXPERIMENT ============================
2025-10-11 20:42:02,181 [INFO] - The device used: cuda
2025-10-11 20:42:02,181 [INFO] - Configuration: TGRS_Road_CrossEntropyLoss_PSPNet_mobileone_s1
2025-10-11 20:42:02,181 [INFO] - ================================================================================
2025-10-11 20:42:02,181 [INFO] - 🔄 Loading data...
2025-10-11 20:42:02,183 [INFO] - 🔧 Initializing model, loss function, and optimizer...
2025-10-11 20:42:10,173 [INFO] - Epoch 01 | Val Loss: 0.1707 | Val IoU: 0.8677 | 🕒 7.85s
2025-10-11 20:42:17,815 [INFO] - Epoch 02 | Val Loss: 0.1565 | Val IoU: 0.8722 | 🕒 7.64s
2025-10-11 20:42:25,667 [INFO] - Epoch 03 | Val Loss: 0.1376 | Val IoU: 0.8869 | 🕒 7.85s
2025-10-11 20:42:33,543 [INFO] - Epoch 04 | Val Loss: 0.1217 | Val IoU: 0.8969 | 🕒 7.88s
2025-10-11 20:42:41,309 [INFO] - Epoch 05 | Val Loss: 0.1581 | Val IoU: 0.8703 | 🕒 7.76s
2025-10-11 20:42:49,067 [INFO] - Epoch 06 | Val Loss: 0.1784 | Val IoU: 0.8644 | 🕒 7.76s
2025-10-11 20:42:56,899 [INFO] - Epoch 07 | Val Loss: 0.1169 | Val IoU: 0.9038 | 🕒 7.83s
2025-10-11 20:43:04,794 [INFO] - Epoch 08 | Val Loss: 0.0969 | Val IoU: 0.9192 | 🕒 7.90s
2025-10-11 20:43:12,907 [INFO] - Epoch 09 | Val Loss: 0.1103 | Val IoU: 0.9104 | 🕒 8.11s
2025-10-11 20:43:20,637 [INFO] - Epoch 10 | Val Loss: 0.1036 | Val IoU: 0.9181 | 🕒 7.73s
2025-10-11 20:43:28,393 [INFO] - Epoch 11 | Val Loss: 0.1270 | Val IoU: 0.9010 | 🕒 7.75s
2025-10-11 20:43:36,272 [INFO] - Epoch 12 | Val Loss: 0.0948 | Val IoU: 0.9224 | 🕒 7.88s
2025-10-11 20:43:44,117 [INFO] - Epoch 13 | Val Loss: 0.0800 | Val IoU: 0.9341 | 🕒 7.84s
2025-10-11 20:43:51,886 [INFO] - Epoch 14 | Val Loss: 0.1324 | Val IoU: 0.9002 | 🕒 7.77s
2025-10-11 20:43:59,702 [INFO] - Epoch 15 | Val Loss: 0.0822 | Val IoU: 0.9338 | 🕒 7.82s
2025-10-11 20:44:07,543 [INFO] - Epoch 16 | Val Loss: 0.0826 | Val IoU: 0.9338 | 🕒 7.84s
2025-10-11 20:44:15,352 [INFO] - Epoch 17 | Val Loss: 0.0823 | Val IoU: 0.9338 | 🕒 7.81s
2025-10-11 20:44:23,473 [INFO] - Epoch 18 | Val Loss: 0.0924 | Val IoU: 0.9277 | 🕒 8.12s
2025-10-11 20:44:31,363 [INFO] - Epoch 19 | Val Loss: 0.0790 | Val IoU: 0.9385 | 🕒 7.89s
2025-10-11 20:44:39,119 [INFO] - Epoch 20 | Val Loss: 0.0830 | Val IoU: 0.9350 | 🕒 7.76s
2025-10-11 20:44:46,831 [INFO] - Epoch 21 | Val Loss: 0.0926 | Val IoU: 0.9286 | 🕒 7.71s
2025-10-11 20:44:54,571 [INFO] - Epoch 22 | Val Loss: 0.0826 | Val IoU: 0.9345 | 🕒 7.74s
2025-10-11 20:45:02,298 [INFO] - Epoch 23 | Val Loss: 0.0846 | Val IoU: 0.9341 | 🕒 7.73s
2025-10-11 20:45:09,947 [INFO] - Epoch 24 | Val Loss: 0.0956 | Val IoU: 0.9279 | 🕒 7.65s
2025-10-11 20:45:17,750 [INFO] - Epoch 25 | Val Loss: 0.0791 | Val IoU: 0.9396 | 🕒 7.80s
2025-10-11 20:45:25,988 [INFO] - Epoch 26 | Val Loss: 0.0757 | Val IoU: 0.9417 | 🕒 8.24s
2025-10-11 20:45:33,835 [INFO] - Epoch 27 | Val Loss: 0.0758 | Val IoU: 0.9414 | 🕒 7.85s
2025-10-11 20:45:41,651 [INFO] - Epoch 28 | Val Loss: 0.0769 | Val IoU: 0.9415 | 🕒 7.82s
2025-10-11 20:45:49,383 [INFO] - Epoch 29 | Val Loss: 0.0788 | Val IoU: 0.9401 | 🕒 7.73s
2025-10-11 20:45:57,176 [INFO] - Epoch 30 | Val Loss: 0.0768 | Val IoU: 0.9414 | 🕒 7.79s
2025-10-11 20:45:57,176 [INFO] - 
--- Training for TGRS_Road_CrossEntropyLoss_PSPNet_mobileone_s1 complete ---
2025-10-11 20:45:57,176 [INFO] - 📄 Time report saved at: plot/plot_TGRS_Road_CrossEntropyLoss_PSPNet_mobileone_s1\training_times.txt
2025-10-11 20:45:57,176 [INFO] - ✅ Best model saved at: model/model_TGRS_Road_CrossEntropyLoss_PSPNet_mobileone_s1.pt
2025-10-11 20:45:57,177 [INFO] - 📊 Per-epoch results saved at: plot/plot_TGRS_Road_CrossEntropyLoss_PSPNet_mobileone_s1\epoch_results.csv
2025-10-11 20:45:57,181 [INFO] - 
Training history saved to 'plot/plot_TGRS_Road_CrossEntropyLoss_PSPNet_mobileone_s1' directory.
2025-10-11 20:45:57,953 [INFO] - Summary plot saved at: plot/plot_TGRS_Road_CrossEntropyLoss_PSPNet_mobileone_s1\training_metrics_summary.png
2025-10-11 20:45:58,059 [INFO] - 📈 Confusion matrix saved at: plot/plot_TGRS_Road_CrossEntropyLoss_PSPNet_mobileone_s1\confusion_matrix.png
2025-10-11 20:45:58,060 [INFO] - 
============================= EXPERIMENT FINISHED ==============================

