2025-08-04 13:29:15,422 [INFO] - 
=========================== STARTING NEW EXPERIMENT ============================
2025-08-04 13:29:15,422 [INFO] - Configuration: TGRS_Road_CrossEntropyLoss_DeepLabV3Plus_mobileone_s2
2025-08-04 13:29:15,422 [INFO] - ================================================================================
2025-08-04 13:29:15,422 [INFO] - 🔄 Loading data...
2025-08-04 13:29:15,434 [INFO] - 🔧 Initializing model, loss function, and optimizer...
2025-08-04 13:29:30,300 [INFO] - Epoch 01 | Val Loss: 0.1560 | Val IoU: 0.8827 | 🕒 13.85s
2025-08-04 13:29:44,041 [INFO] - Epoch 02 | Val Loss: 0.1037 | Val IoU: 0.9171 | 🕒 13.74s
2025-08-04 13:29:57,855 [INFO] - Epoch 03 | Val Loss: 0.0845 | Val IoU: 0.9337 | 🕒 13.81s
2025-08-04 13:30:11,395 [INFO] - Epoch 04 | Val Loss: 0.0918 | Val IoU: 0.9247 | 🕒 13.54s
2025-08-04 13:30:25,055 [INFO] - Epoch 05 | Val Loss: 0.0699 | Val IoU: 0.9431 | 🕒 13.66s
2025-08-04 13:30:38,634 [INFO] - Epoch 06 | Val Loss: 0.0713 | Val IoU: 0.9428 | 🕒 13.58s
2025-08-04 13:30:52,239 [INFO] - Epoch 07 | Val Loss: 0.0649 | Val IoU: 0.9476 | 🕒 13.60s
2025-08-04 13:31:05,873 [INFO] - Epoch 08 | Val Loss: 0.0750 | Val IoU: 0.9410 | 🕒 13.63s
2025-08-04 13:31:19,578 [INFO] - Epoch 09 | Val Loss: 0.0691 | Val IoU: 0.9441 | 🕒 13.70s
2025-08-04 13:31:33,033 [INFO] - Epoch 10 | Val Loss: 0.0689 | Val IoU: 0.9451 | 🕒 13.45s
2025-08-04 13:31:46,549 [INFO] - Epoch 11 | Val Loss: 0.0776 | Val IoU: 0.9414 | 🕒 13.52s
2025-08-04 13:31:59,963 [INFO] - Epoch 12 | Val Loss: 0.0702 | Val IoU: 0.9453 | 🕒 13.41s
2025-08-04 13:32:13,513 [INFO] - Epoch 13 | Val Loss: 0.0659 | Val IoU: 0.9480 | 🕒 13.55s
2025-08-04 13:32:27,167 [INFO] - Epoch 14 | Val Loss: 0.0612 | Val IoU: 0.9511 | 🕒 13.65s
2025-08-04 13:32:40,773 [INFO] - Epoch 15 | Val Loss: 0.0626 | Val IoU: 0.9505 | 🕒 13.61s
2025-08-04 13:32:54,345 [INFO] - Epoch 16 | Val Loss: 0.0631 | Val IoU: 0.9504 | 🕒 13.57s
2025-08-04 13:33:07,961 [INFO] - Epoch 17 | Val Loss: 0.0628 | Val IoU: 0.9506 | 🕒 13.61s
2025-08-04 13:33:21,485 [INFO] - Epoch 18 | Val Loss: 0.0649 | Val IoU: 0.9493 | 🕒 13.52s
2025-08-04 13:33:35,027 [INFO] - Epoch 19 | Val Loss: 0.0624 | Val IoU: 0.9510 | 🕒 13.54s
2025-08-04 13:33:48,605 [INFO] - Epoch 20 | Val Loss: 0.0636 | Val IoU: 0.9506 | 🕒 13.58s
2025-08-04 13:34:02,090 [INFO] - Epoch 21 | Val Loss: 0.0646 | Val IoU: 0.9498 | 🕒 13.48s
2025-08-04 13:34:15,651 [INFO] - Epoch 22 | Val Loss: 0.0635 | Val IoU: 0.9504 | 🕒 13.56s
2025-08-04 13:34:29,087 [INFO] - Epoch 23 | Val Loss: 0.0638 | Val IoU: 0.9503 | 🕒 13.44s
2025-08-04 13:34:42,594 [INFO] - Epoch 24 | Val Loss: 0.0658 | Val IoU: 0.9492 | 🕒 13.51s
2025-08-04 13:34:56,039 [INFO] - Epoch 25 | Val Loss: 0.0642 | Val IoU: 0.9500 | 🕒 13.44s
2025-08-04 13:35:09,554 [INFO] - Epoch 26 | Val Loss: 0.0638 | Val IoU: 0.9505 | 🕒 13.51s
2025-08-04 13:35:22,993 [INFO] - Epoch 27 | Val Loss: 0.0629 | Val IoU: 0.9509 | 🕒 13.44s
2025-08-04 13:35:36,421 [INFO] - Epoch 28 | Val Loss: 0.0630 | Val IoU: 0.9507 | 🕒 13.43s
2025-08-04 13:35:49,958 [INFO] - Epoch 29 | Val Loss: 0.0639 | Val IoU: 0.9504 | 🕒 13.54s
2025-08-04 13:36:03,390 [INFO] - Epoch 30 | Val Loss: 0.0639 | Val IoU: 0.9503 | 🕒 13.43s
2025-08-04 13:36:03,390 [INFO] - 
--- Training for TGRS_Road_CrossEntropyLoss_DeepLabV3Plus_mobileone_s2 complete ---
2025-08-04 13:36:03,390 [INFO] - 📄 Time report saved at: plot/plot_TGRS_Road_CrossEntropyLoss_DeepLabV3Plus_mobileone_s2/training_times.txt
2025-08-04 13:36:03,390 [INFO] - ✅ Best model saved at: model/model_TGRS_Road_CrossEntropyLoss_DeepLabV3Plus_mobileone_s2.pt
2025-08-04 13:36:03,390 [INFO] - 📊 Per-epoch results saved at: plot/plot_TGRS_Road_CrossEntropyLoss_DeepLabV3Plus_mobileone_s2/epoch_results.csv
2025-08-04 13:36:03,392 [INFO] - 
Training history saved to 'plot/plot_TGRS_Road_CrossEntropyLoss_DeepLabV3Plus_mobileone_s2' directory.
2025-08-04 13:36:04,309 [INFO] - Summary plot saved at: plot/plot_TGRS_Road_CrossEntropyLoss_DeepLabV3Plus_mobileone_s2/training_metrics_summary.png
2025-08-04 13:36:04,433 [INFO] - 📈 Confusion matrix saved at: plot/plot_TGRS_Road_CrossEntropyLoss_DeepLabV3Plus_mobileone_s2/confusion_matrix.png
2025-08-04 13:36:04,433 [INFO] - 
============================= EXPERIMENT FINISHED ==============================

