2025-10-08 17:12:41,032 [INFO] - 
=========================== STARTING NEW EXPERIMENT ============================
2025-10-08 17:12:41,032 [INFO] - Configuration: Massachusetts_CrossEntropyLoss_PSPNet_mobileone_s2
2025-10-08 17:12:41,032 [INFO] - ================================================================================
2025-10-08 17:12:41,032 [INFO] - 🔄 Loading data...
2025-10-08 17:12:41,054 [INFO] - 🔧 Initializing model, loss function, and optimizer...
2025-10-08 17:13:19,535 [INFO] - Epoch 01 | Val Loss: 0.1501 | Val IoU: 0.9038 | 🕒 35.98s
2025-10-08 17:13:53,815 [INFO] - Epoch 02 | Val Loss: 0.1458 | Val IoU: 0.9037 | 🕒 34.28s
2025-10-08 17:14:28,760 [INFO] - Epoch 03 | Val Loss: 0.1417 | Val IoU: 0.9042 | 🕒 34.94s
2025-10-08 17:15:03,510 [INFO] - Epoch 04 | Val Loss: 0.1325 | Val IoU: 0.9042 | 🕒 34.75s
2025-10-08 17:15:38,327 [INFO] - Epoch 05 | Val Loss: 0.1329 | Val IoU: 0.9046 | 🕒 34.82s
2025-10-08 17:16:12,895 [INFO] - Epoch 06 | Val Loss: 0.1279 | Val IoU: 0.9048 | 🕒 34.57s
2025-10-08 17:16:47,577 [INFO] - Epoch 07 | Val Loss: 0.1358 | Val IoU: 0.9054 | 🕒 34.68s
2025-10-08 17:17:22,067 [INFO] - Epoch 08 | Val Loss: 0.1310 | Val IoU: 0.9052 | 🕒 34.49s
2025-10-08 17:17:56,425 [INFO] - Epoch 09 | Val Loss: 0.1324 | Val IoU: 0.9055 | 🕒 34.36s
2025-10-08 17:18:31,262 [INFO] - Epoch 10 | Val Loss: 0.1258 | Val IoU: 0.9057 | 🕒 34.84s
2025-10-08 17:19:06,131 [INFO] - Epoch 11 | Val Loss: 0.1294 | Val IoU: 0.9044 | 🕒 34.87s
2025-10-08 17:19:40,473 [INFO] - Epoch 12 | Val Loss: 0.1323 | Val IoU: 0.9057 | 🕒 34.34s
2025-10-08 17:20:15,349 [INFO] - Epoch 13 | Val Loss: 0.1282 | Val IoU: 0.9050 | 🕒 34.88s
2025-10-08 17:20:50,469 [INFO] - Epoch 14 | Val Loss: 0.1303 | Val IoU: 0.9044 | 🕒 35.12s
2025-10-08 17:21:24,765 [INFO] - Epoch 15 | Val Loss: 0.1279 | Val IoU: 0.9052 | 🕒 34.30s
2025-10-08 17:21:59,197 [INFO] - Epoch 16 | Val Loss: 0.1362 | Val IoU: 0.9054 | 🕒 34.43s
2025-10-08 17:22:33,898 [INFO] - Epoch 17 | Val Loss: 0.1286 | Val IoU: 0.9057 | 🕒 34.70s
2025-10-08 17:23:08,250 [INFO] - Epoch 18 | Val Loss: 0.1299 | Val IoU: 0.9057 | 🕒 34.35s
2025-10-08 17:23:42,857 [INFO] - Epoch 19 | Val Loss: 0.1311 | Val IoU: 0.9058 | 🕒 34.61s
2025-10-08 17:24:17,465 [INFO] - Epoch 20 | Val Loss: 0.1319 | Val IoU: 0.9057 | 🕒 34.61s
2025-10-08 17:24:51,996 [INFO] - Epoch 21 | Val Loss: 0.1330 | Val IoU: 0.9057 | 🕒 34.53s
2025-10-08 17:25:26,808 [INFO] - Epoch 22 | Val Loss: 0.1334 | Val IoU: 0.9057 | 🕒 34.81s
2025-10-08 17:26:01,407 [INFO] - Epoch 23 | Val Loss: 0.1336 | Val IoU: 0.9055 | 🕒 34.60s
2025-10-08 17:26:35,986 [INFO] - Epoch 24 | Val Loss: 0.1337 | Val IoU: 0.9056 | 🕒 34.58s
2025-10-08 17:27:10,286 [INFO] - Epoch 25 | Val Loss: 0.1349 | Val IoU: 0.9055 | 🕒 34.30s
2025-10-08 17:27:44,712 [INFO] - Epoch 26 | Val Loss: 0.1337 | Val IoU: 0.9056 | 🕒 34.43s
2025-10-08 17:28:19,259 [INFO] - Epoch 27 | Val Loss: 0.1358 | Val IoU: 0.9056 | 🕒 34.55s
2025-10-08 17:28:53,581 [INFO] - Epoch 28 | Val Loss: 0.1347 | Val IoU: 0.9055 | 🕒 34.32s
2025-10-08 17:29:28,165 [INFO] - Epoch 29 | Val Loss: 0.1344 | Val IoU: 0.9056 | 🕒 34.58s
2025-10-08 17:30:02,857 [INFO] - Epoch 30 | Val Loss: 0.1353 | Val IoU: 0.9056 | 🕒 34.69s
2025-10-08 17:30:02,857 [INFO] - 
--- Training for Massachusetts_CrossEntropyLoss_PSPNet_mobileone_s2 complete ---
2025-10-08 17:30:02,858 [INFO] - 📄 Time report saved at: plot/plot_Massachusetts_CrossEntropyLoss_PSPNet_mobileone_s2/training_times.txt
2025-10-08 17:30:02,858 [INFO] - ✅ Best model saved at: model/model_Massachusetts_CrossEntropyLoss_PSPNet_mobileone_s2.pt
2025-10-08 17:30:02,858 [INFO] - 📊 Per-epoch results saved at: plot/plot_Massachusetts_CrossEntropyLoss_PSPNet_mobileone_s2/epoch_results.csv
2025-10-08 17:30:02,859 [INFO] - 
Training history saved to 'plot/plot_Massachusetts_CrossEntropyLoss_PSPNet_mobileone_s2' directory.
2025-10-08 17:30:04,008 [INFO] - Summary plot saved at: plot/plot_Massachusetts_CrossEntropyLoss_PSPNet_mobileone_s2/training_metrics_summary.png
2025-10-08 17:30:04,129 [INFO] - 📈 Confusion matrix saved at: plot/plot_Massachusetts_CrossEntropyLoss_PSPNet_mobileone_s2/confusion_matrix.png
2025-10-08 17:30:04,129 [INFO] - 
============================= EXPERIMENT FINISHED ==============================

