2025-10-11 20:37:06,585 [INFO] - 
=========================== STARTING NEW EXPERIMENT ============================
2025-10-11 20:37:06,585 [INFO] - The device used: cuda
2025-10-11 20:37:06,585 [INFO] - Configuration: TGRS_Road_CrossEntropyLoss_PSPNet_mobileone_s0
2025-10-11 20:37:06,585 [INFO] - ================================================================================
2025-10-11 20:37:06,585 [INFO] - 🔄 Loading data...
2025-10-11 20:37:06,587 [INFO] - 🔧 Initializing model, loss function, and optimizer...
2025-10-11 20:37:17,727 [INFO] - Epoch 01 | Val Loss: 0.1676 | Val IoU: 0.8756 | 🕒 10.82s
2025-10-11 20:37:27,188 [INFO] - Epoch 02 | Val Loss: 0.1433 | Val IoU: 0.8812 | 🕒 9.46s
2025-10-11 20:37:36,829 [INFO] - Epoch 03 | Val Loss: 0.1272 | Val IoU: 0.8934 | 🕒 9.64s
2025-10-11 20:37:46,489 [INFO] - Epoch 04 | Val Loss: 0.1234 | Val IoU: 0.8954 | 🕒 9.66s
2025-10-11 20:37:56,045 [INFO] - Epoch 05 | Val Loss: 0.1249 | Val IoU: 0.8995 | 🕒 9.56s
2025-10-11 20:38:05,962 [INFO] - Epoch 06 | Val Loss: 0.0965 | Val IoU: 0.9208 | 🕒 9.92s
2025-10-11 20:38:15,838 [INFO] - Epoch 07 | Val Loss: 0.0894 | Val IoU: 0.9266 | 🕒 9.88s
2025-10-11 20:38:26,362 [INFO] - Epoch 08 | Val Loss: 0.0919 | Val IoU: 0.9268 | 🕒 10.52s
2025-10-11 20:38:36,148 [INFO] - Epoch 09 | Val Loss: 0.1496 | Val IoU: 0.8854 | 🕒 9.78s
2025-10-11 20:38:45,653 [INFO] - Epoch 10 | Val Loss: 0.0839 | Val IoU: 0.9314 | 🕒 9.51s
2025-10-11 20:38:55,328 [INFO] - Epoch 11 | Val Loss: 0.0795 | Val IoU: 0.9345 | 🕒 9.67s
2025-10-11 20:39:05,206 [INFO] - Epoch 12 | Val Loss: 0.0792 | Val IoU: 0.9357 | 🕒 9.88s
2025-10-11 20:39:14,730 [INFO] - Epoch 13 | Val Loss: 0.0833 | Val IoU: 0.9338 | 🕒 9.52s
2025-10-11 20:39:24,342 [INFO] - Epoch 14 | Val Loss: 0.0793 | Val IoU: 0.9350 | 🕒 9.61s
2025-10-11 20:39:33,943 [INFO] - Epoch 15 | Val Loss: 0.0841 | Val IoU: 0.9309 | 🕒 9.60s
2025-10-11 20:39:43,667 [INFO] - Epoch 16 | Val Loss: 0.0870 | Val IoU: 0.9307 | 🕒 9.72s
2025-10-11 20:39:53,742 [INFO] - Epoch 17 | Val Loss: 0.0833 | Val IoU: 0.9357 | 🕒 10.08s
2025-10-11 20:40:03,524 [INFO] - Epoch 18 | Val Loss: 0.0845 | Val IoU: 0.9330 | 🕒 9.78s
2025-10-11 20:40:13,169 [INFO] - Epoch 19 | Val Loss: 0.0753 | Val IoU: 0.9399 | 🕒 9.65s
2025-10-11 20:40:22,901 [INFO] - Epoch 20 | Val Loss: 0.0758 | Val IoU: 0.9403 | 🕒 9.73s
2025-10-11 20:40:32,675 [INFO] - Epoch 21 | Val Loss: 0.0750 | Val IoU: 0.9412 | 🕒 9.77s
2025-10-11 20:40:42,252 [INFO] - Epoch 22 | Val Loss: 0.0753 | Val IoU: 0.9410 | 🕒 9.58s
2025-10-11 20:40:51,811 [INFO] - Epoch 23 | Val Loss: 0.0769 | Val IoU: 0.9398 | 🕒 9.56s
2025-10-11 20:41:01,700 [INFO] - Epoch 24 | Val Loss: 0.0750 | Val IoU: 0.9414 | 🕒 9.89s
2025-10-11 20:41:11,561 [INFO] - Epoch 25 | Val Loss: 0.0736 | Val IoU: 0.9422 | 🕒 9.86s
2025-10-11 20:41:21,205 [INFO] - Epoch 26 | Val Loss: 0.0769 | Val IoU: 0.9400 | 🕒 9.64s
2025-10-11 20:41:31,002 [INFO] - Epoch 27 | Val Loss: 0.0763 | Val IoU: 0.9411 | 🕒 9.80s
2025-10-11 20:41:40,897 [INFO] - Epoch 28 | Val Loss: 0.0740 | Val IoU: 0.9422 | 🕒 9.90s
2025-10-11 20:41:50,462 [INFO] - Epoch 29 | Val Loss: 0.0745 | Val IoU: 0.9419 | 🕒 9.56s
2025-10-11 20:42:00,864 [INFO] - Epoch 30 | Val Loss: 0.0747 | Val IoU: 0.9418 | 🕒 10.40s
2025-10-11 20:42:00,864 [INFO] - 
--- Training for TGRS_Road_CrossEntropyLoss_PSPNet_mobileone_s0 complete ---
2025-10-11 20:42:00,866 [INFO] - 📄 Time report saved at: plot/plot_TGRS_Road_CrossEntropyLoss_PSPNet_mobileone_s0\training_times.txt
2025-10-11 20:42:00,867 [INFO] - ✅ Best model saved at: model/model_TGRS_Road_CrossEntropyLoss_PSPNet_mobileone_s0.pt
2025-10-11 20:42:00,867 [INFO] - 📊 Per-epoch results saved at: plot/plot_TGRS_Road_CrossEntropyLoss_PSPNet_mobileone_s0\epoch_results.csv
2025-10-11 20:42:00,882 [INFO] - 
Training history saved to 'plot/plot_TGRS_Road_CrossEntropyLoss_PSPNet_mobileone_s0' directory.
2025-10-11 20:42:02,061 [INFO] - Summary plot saved at: plot/plot_TGRS_Road_CrossEntropyLoss_PSPNet_mobileone_s0\training_metrics_summary.png
2025-10-11 20:42:02,173 [INFO] - 📈 Confusion matrix saved at: plot/plot_TGRS_Road_CrossEntropyLoss_PSPNet_mobileone_s0\confusion_matrix.png
2025-10-11 20:42:02,174 [INFO] - 
============================= EXPERIMENT FINISHED ==============================

