2025-10-08 16:57:03,244 [INFO] - 
=========================== STARTING NEW EXPERIMENT ============================
2025-10-08 16:57:03,244 [INFO] - Configuration: Massachusetts_CrossEntropyLoss_PSPNet_mobileone_s1
2025-10-08 16:57:03,244 [INFO] - ================================================================================
2025-10-08 16:57:03,244 [INFO] - 🔄 Loading data...
2025-10-08 16:57:03,267 [INFO] - 🔧 Initializing model, loss function, and optimizer...
2025-10-08 16:57:38,193 [INFO] - Epoch 01 | Val Loss: 0.1547 | Val IoU: 0.8966 | 🕒 32.53s
2025-10-08 16:58:09,107 [INFO] - Epoch 02 | Val Loss: 0.1523 | Val IoU: 0.8916 | 🕒 30.91s
2025-10-08 16:58:39,821 [INFO] - Epoch 03 | Val Loss: 0.1612 | Val IoU: 0.9040 | 🕒 30.71s
2025-10-08 16:59:11,451 [INFO] - Epoch 04 | Val Loss: 0.1345 | Val IoU: 0.9043 | 🕒 31.63s
2025-10-08 16:59:42,419 [INFO] - Epoch 05 | Val Loss: 0.1424 | Val IoU: 0.9044 | 🕒 30.97s
2025-10-08 17:00:13,969 [INFO] - Epoch 06 | Val Loss: 0.1311 | Val IoU: 0.9043 | 🕒 31.55s
2025-10-08 17:00:45,246 [INFO] - Epoch 07 | Val Loss: 0.1323 | Val IoU: 0.9033 | 🕒 31.28s
2025-10-08 17:01:16,007 [INFO] - Epoch 08 | Val Loss: 0.1286 | Val IoU: 0.9053 | 🕒 30.76s
2025-10-08 17:01:46,925 [INFO] - Epoch 09 | Val Loss: 0.1288 | Val IoU: 0.9049 | 🕒 30.92s
2025-10-08 17:02:17,917 [INFO] - Epoch 10 | Val Loss: 0.1302 | Val IoU: 0.9028 | 🕒 30.99s
2025-10-08 17:02:48,668 [INFO] - Epoch 11 | Val Loss: 0.1293 | Val IoU: 0.9044 | 🕒 30.75s
2025-10-08 17:03:19,925 [INFO] - Epoch 12 | Val Loss: 0.1338 | Val IoU: 0.9053 | 🕒 31.26s
2025-10-08 17:03:50,765 [INFO] - Epoch 13 | Val Loss: 0.1514 | Val IoU: 0.9051 | 🕒 30.84s
2025-10-08 17:04:21,930 [INFO] - Epoch 14 | Val Loss: 0.1287 | Val IoU: 0.9047 | 🕒 31.16s
2025-10-08 17:04:53,135 [INFO] - Epoch 15 | Val Loss: 0.1282 | Val IoU: 0.9060 | 🕒 31.20s
2025-10-08 17:05:23,851 [INFO] - Epoch 16 | Val Loss: 0.1286 | Val IoU: 0.9060 | 🕒 30.72s
2025-10-08 17:05:55,097 [INFO] - Epoch 17 | Val Loss: 0.1267 | Val IoU: 0.9057 | 🕒 31.25s
2025-10-08 17:06:26,189 [INFO] - Epoch 18 | Val Loss: 0.1264 | Val IoU: 0.9056 | 🕒 31.09s
2025-10-08 17:06:57,069 [INFO] - Epoch 19 | Val Loss: 0.1304 | Val IoU: 0.9057 | 🕒 30.88s
2025-10-08 17:07:28,191 [INFO] - Epoch 20 | Val Loss: 0.1294 | Val IoU: 0.9055 | 🕒 31.12s
2025-10-08 17:07:59,237 [INFO] - Epoch 21 | Val Loss: 0.1293 | Val IoU: 0.9057 | 🕒 31.05s
2025-10-08 17:08:30,260 [INFO] - Epoch 22 | Val Loss: 0.1309 | Val IoU: 0.9057 | 🕒 31.02s
2025-10-08 17:09:02,430 [INFO] - Epoch 23 | Val Loss: 0.1311 | Val IoU: 0.9058 | 🕒 32.17s
2025-10-08 17:09:33,253 [INFO] - Epoch 24 | Val Loss: 0.1282 | Val IoU: 0.9056 | 🕒 30.82s
2025-10-08 17:10:04,969 [INFO] - Epoch 25 | Val Loss: 0.1304 | Val IoU: 0.9057 | 🕒 31.72s
2025-10-08 17:10:36,046 [INFO] - Epoch 26 | Val Loss: 0.1309 | Val IoU: 0.9056 | 🕒 31.08s
2025-10-08 17:11:06,900 [INFO] - Epoch 27 | Val Loss: 0.1320 | Val IoU: 0.9057 | 🕒 30.85s
2025-10-08 17:11:38,056 [INFO] - Epoch 28 | Val Loss: 0.1313 | Val IoU: 0.9056 | 🕒 31.16s
2025-10-08 17:12:08,727 [INFO] - Epoch 29 | Val Loss: 0.1318 | Val IoU: 0.9058 | 🕒 30.67s
2025-10-08 17:12:39,834 [INFO] - Epoch 30 | Val Loss: 0.1305 | Val IoU: 0.9057 | 🕒 31.11s
2025-10-08 17:12:39,834 [INFO] - 
--- Training for Massachusetts_CrossEntropyLoss_PSPNet_mobileone_s1 complete ---
2025-10-08 17:12:39,835 [INFO] - 📄 Time report saved at: plot/plot_Massachusetts_CrossEntropyLoss_PSPNet_mobileone_s1/training_times.txt
2025-10-08 17:12:39,835 [INFO] - ✅ Best model saved at: model/model_Massachusetts_CrossEntropyLoss_PSPNet_mobileone_s1.pt
2025-10-08 17:12:39,835 [INFO] - 📊 Per-epoch results saved at: plot/plot_Massachusetts_CrossEntropyLoss_PSPNet_mobileone_s1/epoch_results.csv
2025-10-08 17:12:39,836 [INFO] - 
Training history saved to 'plot/plot_Massachusetts_CrossEntropyLoss_PSPNet_mobileone_s1' directory.
2025-10-08 17:12:40,909 [INFO] - Summary plot saved at: plot/plot_Massachusetts_CrossEntropyLoss_PSPNet_mobileone_s1/training_metrics_summary.png
2025-10-08 17:12:41,028 [INFO] - 📈 Confusion matrix saved at: plot/plot_Massachusetts_CrossEntropyLoss_PSPNet_mobileone_s1/confusion_matrix.png
2025-10-08 17:12:41,028 [INFO] - 
============================= EXPERIMENT FINISHED ==============================

