2025-10-11 11:51:08,752 [INFO] - 
=========================== STARTING NEW EXPERIMENT ============================
2025-10-11 11:51:08,752 [INFO] - The device used: cuda
2025-10-11 11:51:08,752 [INFO] - Configuration: Massachusetts_CrossEntropyLoss_DeepLabV3Plus_mobileone_s0
2025-10-11 11:51:08,752 [INFO] - ================================================================================
2025-10-11 11:51:08,752 [INFO] - 🔄 Loading data...
2025-10-11 11:51:08,755 [INFO] - 🔧 Initializing model, loss function, and optimizer...
2025-10-11 11:51:44,650 [INFO] - Epoch 01 | Val Loss: 0.1452 | Val IoU: 0.9049 | 🕒 35.39s
2025-10-11 11:52:19,137 [INFO] - Epoch 02 | Val Loss: 0.1342 | Val IoU: 0.9065 | 🕒 34.49s
2025-10-11 11:52:53,803 [INFO] - Epoch 03 | Val Loss: 0.1323 | Val IoU: 0.9088 | 🕒 34.67s
2025-10-11 11:53:28,690 [INFO] - Epoch 04 | Val Loss: 0.1271 | Val IoU: 0.9098 | 🕒 34.89s
2025-10-11 11:54:03,616 [INFO] - Epoch 05 | Val Loss: 0.1270 | Val IoU: 0.9116 | 🕒 34.93s
2025-10-11 11:54:38,541 [INFO] - Epoch 06 | Val Loss: 0.1269 | Val IoU: 0.9110 | 🕒 34.93s
2025-10-11 11:55:13,653 [INFO] - Epoch 07 | Val Loss: 0.1270 | Val IoU: 0.9129 | 🕒 35.11s
2025-10-11 11:55:48,840 [INFO] - Epoch 08 | Val Loss: 0.1177 | Val IoU: 0.9153 | 🕒 35.19s
2025-10-11 11:56:23,894 [INFO] - Epoch 09 | Val Loss: 0.1197 | Val IoU: 0.9148 | 🕒 35.05s
2025-10-11 11:56:59,059 [INFO] - Epoch 10 | Val Loss: 0.1186 | Val IoU: 0.9152 | 🕒 35.17s
2025-10-11 11:57:34,356 [INFO] - Epoch 11 | Val Loss: 0.1183 | Val IoU: 0.9153 | 🕒 35.30s
2025-10-11 11:58:09,693 [INFO] - Epoch 12 | Val Loss: 0.1121 | Val IoU: 0.9185 | 🕒 35.34s
2025-10-11 11:58:45,109 [INFO] - Epoch 13 | Val Loss: 0.1095 | Val IoU: 0.9195 | 🕒 35.42s
2025-10-11 11:59:20,386 [INFO] - Epoch 14 | Val Loss: 0.1117 | Val IoU: 0.9194 | 🕒 35.28s
2025-10-11 11:59:55,841 [INFO] - Epoch 15 | Val Loss: 0.1080 | Val IoU: 0.9198 | 🕒 35.45s
2025-10-11 12:00:31,173 [INFO] - Epoch 16 | Val Loss: 0.1120 | Val IoU: 0.9197 | 🕒 35.33s
2025-10-11 12:01:06,472 [INFO] - Epoch 17 | Val Loss: 0.1139 | Val IoU: 0.9193 | 🕒 35.30s
2025-10-11 12:01:41,794 [INFO] - Epoch 18 | Val Loss: 0.1118 | Val IoU: 0.9186 | 🕒 35.32s
2025-10-11 12:02:17,317 [INFO] - Epoch 19 | Val Loss: 0.1136 | Val IoU: 0.9216 | 🕒 35.52s
2025-10-11 12:02:52,699 [INFO] - Epoch 20 | Val Loss: 0.1097 | Val IoU: 0.9211 | 🕒 35.38s
2025-10-11 12:03:28,144 [INFO] - Epoch 21 | Val Loss: 0.1105 | Val IoU: 0.9215 | 🕒 35.44s
2025-10-11 12:04:03,655 [INFO] - Epoch 22 | Val Loss: 0.1081 | Val IoU: 0.9227 | 🕒 35.51s
2025-10-11 12:04:39,141 [INFO] - Epoch 23 | Val Loss: 0.1074 | Val IoU: 0.9230 | 🕒 35.49s
2025-10-11 12:05:14,735 [INFO] - Epoch 24 | Val Loss: 0.1078 | Val IoU: 0.9231 | 🕒 35.59s
2025-10-11 12:05:50,355 [INFO] - Epoch 25 | Val Loss: 0.1084 | Val IoU: 0.9234 | 🕒 35.62s
2025-10-11 12:06:25,755 [INFO] - Epoch 26 | Val Loss: 0.1088 | Val IoU: 0.9231 | 🕒 35.40s
2025-10-11 12:07:01,184 [INFO] - Epoch 27 | Val Loss: 0.1092 | Val IoU: 0.9231 | 🕒 35.43s
2025-10-11 12:07:36,605 [INFO] - Epoch 28 | Val Loss: 0.1096 | Val IoU: 0.9230 | 🕒 35.42s
2025-10-11 12:08:12,177 [INFO] - Epoch 29 | Val Loss: 0.1105 | Val IoU: 0.9236 | 🕒 35.57s
2025-10-11 12:08:47,710 [INFO] - Epoch 30 | Val Loss: 0.1115 | Val IoU: 0.9234 | 🕒 35.53s
2025-10-11 12:08:47,710 [INFO] - 
--- Training for Massachusetts_CrossEntropyLoss_DeepLabV3Plus_mobileone_s0 complete ---
2025-10-11 12:08:47,710 [INFO] - 📄 Time report saved at: plot/plot_Massachusetts_CrossEntropyLoss_DeepLabV3Plus_mobileone_s0/training_times.txt
2025-10-11 12:08:47,710 [INFO] - ✅ Best model saved at: model/model_Massachusetts_CrossEntropyLoss_DeepLabV3Plus_mobileone_s0.pt
2025-10-11 12:08:47,710 [INFO] - 📊 Per-epoch results saved at: plot/plot_Massachusetts_CrossEntropyLoss_DeepLabV3Plus_mobileone_s0/epoch_results.csv
2025-10-11 12:08:47,712 [INFO] - 
Training history saved to 'plot/plot_Massachusetts_CrossEntropyLoss_DeepLabV3Plus_mobileone_s0' directory.
2025-10-11 12:08:48,787 [INFO] - Summary plot saved at: plot/plot_Massachusetts_CrossEntropyLoss_DeepLabV3Plus_mobileone_s0/training_metrics_summary.png
2025-10-11 12:08:48,875 [INFO] - 📈 Confusion matrix saved at: plot/plot_Massachusetts_CrossEntropyLoss_DeepLabV3Plus_mobileone_s0/confusion_matrix.png
2025-10-11 12:08:48,875 [INFO] - 
============================= EXPERIMENT FINISHED ==============================

