2025-10-13 17:07:06,559 [INFO] - 
=========================== STARTING NEW EXPERIMENT ============================
2025-10-13 17:07:06,559 [INFO] - The device used: cuda
2025-10-13 17:07:06,559 [INFO] - Configuration: Massachusetts_CrossEntropyLoss_MAnet_mobileone_s2
2025-10-13 17:07:06,560 [INFO] - ================================================================================
2025-10-13 17:07:06,560 [INFO] - 🔄 Loading data...
2025-10-13 17:07:06,564 [INFO] - 🔧 Initializing model, loss function, and optimizer...
2025-10-13 17:11:22,094 [INFO] - Epoch 01 | Val Loss: 0.1114 | Val IoU: 0.9256 | 🕒 254.11s
2025-10-13 17:15:48,672 [INFO] - Epoch 02 | Val Loss: 0.0997 | Val IoU: 0.9325 | 🕒 266.57s
2025-10-13 17:20:31,675 [INFO] - Epoch 03 | Val Loss: 0.0990 | Val IoU: 0.9333 | 🕒 283.00s
2025-10-13 17:24:38,321 [INFO] - Epoch 04 | Val Loss: 0.0899 | Val IoU: 0.9389 | 🕒 246.64s
2025-10-13 17:28:24,903 [INFO] - Epoch 05 | Val Loss: 0.0888 | Val IoU: 0.9394 | 🕒 226.58s
2025-10-13 17:32:10,926 [INFO] - Epoch 06 | Val Loss: 0.0928 | Val IoU: 0.9375 | 🕒 226.02s
2025-10-13 17:35:57,955 [INFO] - Epoch 07 | Val Loss: 0.1562 | Val IoU: 0.9230 | 🕒 227.03s
2025-10-13 17:39:58,229 [INFO] - Epoch 08 | Val Loss: 0.0867 | Val IoU: 0.9414 | 🕒 240.27s
2025-10-13 17:43:44,998 [INFO] - Epoch 09 | Val Loss: 0.0920 | Val IoU: 0.9396 | 🕒 226.77s
2025-10-13 17:47:31,123 [INFO] - Epoch 10 | Val Loss: 0.0891 | Val IoU: 0.9392 | 🕒 226.12s
2025-10-13 17:51:16,064 [INFO] - Epoch 11 | Val Loss: 0.0879 | Val IoU: 0.9412 | 🕒 224.94s
2025-10-13 17:55:01,067 [INFO] - Epoch 12 | Val Loss: 0.0877 | Val IoU: 0.9405 | 🕒 225.00s
2025-10-13 17:58:46,294 [INFO] - Epoch 13 | Val Loss: 0.0921 | Val IoU: 0.9408 | 🕒 225.23s
2025-10-13 18:03:11,393 [INFO] - Epoch 14 | Val Loss: 0.0934 | Val IoU: 0.9394 | 🕒 265.10s
2025-10-13 18:07:14,065 [INFO] - Epoch 15 | Val Loss: 0.0828 | Val IoU: 0.9437 | 🕒 242.67s
2025-10-13 18:11:25,787 [INFO] - Epoch 16 | Val Loss: 0.0848 | Val IoU: 0.9430 | 🕒 251.72s
2025-10-13 18:15:26,574 [INFO] - Epoch 17 | Val Loss: 0.0852 | Val IoU: 0.9432 | 🕒 240.79s
2025-10-13 18:19:30,651 [INFO] - Epoch 18 | Val Loss: 0.0838 | Val IoU: 0.9433 | 🕒 244.08s
2025-10-13 18:23:50,174 [INFO] - Epoch 19 | Val Loss: 0.0842 | Val IoU: 0.9433 | 🕒 259.52s
2025-10-13 18:27:39,364 [INFO] - Epoch 20 | Val Loss: 0.0884 | Val IoU: 0.9430 | 🕒 229.19s
2025-10-13 18:31:51,459 [INFO] - Epoch 21 | Val Loss: 0.0839 | Val IoU: 0.9430 | 🕒 252.10s
2025-10-13 18:35:36,207 [INFO] - Epoch 22 | Val Loss: 0.0854 | Val IoU: 0.9431 | 🕒 224.75s
2025-10-13 18:39:21,615 [INFO] - Epoch 23 | Val Loss: 0.0841 | Val IoU: 0.9433 | 🕒 225.41s
2025-10-13 18:43:05,647 [INFO] - Epoch 24 | Val Loss: 0.0882 | Val IoU: 0.9431 | 🕒 224.03s
2025-10-13 18:46:52,917 [INFO] - Epoch 25 | Val Loss: 0.0832 | Val IoU: 0.9439 | 🕒 227.27s
2025-10-13 18:50:37,295 [INFO] - Epoch 26 | Val Loss: 0.0848 | Val IoU: 0.9432 | 🕒 224.38s
2025-10-13 18:54:22,325 [INFO] - Epoch 27 | Val Loss: 0.0839 | Val IoU: 0.9435 | 🕒 225.03s
2025-10-13 18:58:07,541 [INFO] - Epoch 28 | Val Loss: 0.0844 | Val IoU: 0.9431 | 🕒 225.22s
2025-10-13 19:01:51,973 [INFO] - Epoch 29 | Val Loss: 0.0900 | Val IoU: 0.9425 | 🕒 224.43s
2025-10-13 19:05:37,845 [INFO] - Epoch 30 | Val Loss: 0.0834 | Val IoU: 0.9435 | 🕒 225.87s
2025-10-13 19:05:37,845 [INFO] - 
--- Training for Massachusetts_CrossEntropyLoss_MAnet_mobileone_s2 complete ---
2025-10-13 19:05:37,846 [INFO] - 📄 Time report saved at: plot/plot_Massachusetts_CrossEntropyLoss_MAnet_mobileone_s2\training_times.txt
2025-10-13 19:05:37,846 [INFO] - ✅ Best model saved at: model/model_Massachusetts_CrossEntropyLoss_MAnet_mobileone_s2.pt
2025-10-13 19:05:37,846 [INFO] - 📊 Per-epoch results saved at: plot/plot_Massachusetts_CrossEntropyLoss_MAnet_mobileone_s2\epoch_results.csv
2025-10-13 19:05:37,849 [INFO] - 
Training history saved to 'plot/plot_Massachusetts_CrossEntropyLoss_MAnet_mobileone_s2' directory.
2025-10-13 19:05:38,758 [INFO] - Summary plot saved at: plot/plot_Massachusetts_CrossEntropyLoss_MAnet_mobileone_s2\training_metrics_summary.png
2025-10-13 19:05:38,855 [INFO] - 📈 Confusion matrix saved at: plot/plot_Massachusetts_CrossEntropyLoss_MAnet_mobileone_s2\confusion_matrix.png
2025-10-13 19:05:38,855 [INFO] - 
============================= EXPERIMENT FINISHED ==============================

