2025-08-06 08:02:16,577 [INFO] - 
=========================== STARTING NEW EXPERIMENT ============================
2025-08-06 08:02:16,577 [INFO] - Configuration: Massachusetts_CrossEntropyLoss_UNet++_mobileone_s1
2025-08-06 08:02:16,577 [INFO] - ================================================================================
2025-08-06 08:02:16,577 [INFO] - 🔄 Loading data...
2025-08-06 08:02:16,580 [INFO] - 🔧 Initializing model, loss function, and optimizer...
2025-08-06 08:03:35,485 [INFO] - Epoch 01 | Val Loss: 0.1025 | Val IoU: 0.9297 | 🕒 78.73s
2025-08-06 08:04:54,286 [INFO] - Epoch 02 | Val Loss: 0.0954 | Val IoU: 0.9365 | 🕒 78.80s
2025-08-06 08:06:13,037 [INFO] - Epoch 03 | Val Loss: 0.0902 | Val IoU: 0.9389 | 🕒 78.75s
2025-08-06 08:07:31,927 [INFO] - Epoch 04 | Val Loss: 0.0856 | Val IoU: 0.9420 | 🕒 78.89s
2025-08-06 08:08:50,574 [INFO] - Epoch 05 | Val Loss: 0.0865 | Val IoU: 0.9408 | 🕒 78.65s
2025-08-06 08:10:09,305 [INFO] - Epoch 06 | Val Loss: 0.0896 | Val IoU: 0.9415 | 🕒 78.73s
2025-08-06 08:11:28,348 [INFO] - Epoch 07 | Val Loss: 0.0841 | Val IoU: 0.9438 | 🕒 79.04s
2025-08-06 08:12:50,942 [INFO] - Epoch 08 | Val Loss: 0.0851 | Val IoU: 0.9421 | 🕒 82.59s
2025-08-06 08:14:15,119 [INFO] - Epoch 09 | Val Loss: 0.0818 | Val IoU: 0.9458 | 🕒 84.18s
2025-08-06 08:15:38,367 [INFO] - Epoch 10 | Val Loss: 0.0894 | Val IoU: 0.9437 | 🕒 83.25s
2025-08-06 08:17:01,573 [INFO] - Epoch 11 | Val Loss: 0.0827 | Val IoU: 0.9450 | 🕒 83.21s
2025-08-06 08:18:20,088 [INFO] - Epoch 12 | Val Loss: 0.0841 | Val IoU: 0.9450 | 🕒 78.51s
2025-08-06 08:19:38,540 [INFO] - Epoch 13 | Val Loss: 0.0859 | Val IoU: 0.9452 | 🕒 78.45s
2025-08-06 08:20:57,126 [INFO] - Epoch 14 | Val Loss: 0.0864 | Val IoU: 0.9437 | 🕒 78.59s
2025-08-06 08:22:16,542 [INFO] - Epoch 15 | Val Loss: 0.0847 | Val IoU: 0.9456 | 🕒 79.42s
2025-08-06 08:23:37,003 [INFO] - Epoch 16 | Val Loss: 0.0868 | Val IoU: 0.9463 | 🕒 80.46s
2025-08-06 08:24:56,586 [INFO] - Epoch 17 | Val Loss: 0.0888 | Val IoU: 0.9464 | 🕒 79.58s
2025-08-06 08:26:15,352 [INFO] - Epoch 18 | Val Loss: 0.0905 | Val IoU: 0.9461 | 🕒 78.77s
2025-08-06 08:27:33,775 [INFO] - Epoch 19 | Val Loss: 0.0912 | Val IoU: 0.9460 | 🕒 78.42s
2025-08-06 08:28:54,647 [INFO] - Epoch 20 | Val Loss: 0.0936 | Val IoU: 0.9458 | 🕒 80.87s
2025-08-06 08:30:14,079 [INFO] - Epoch 21 | Val Loss: 0.0921 | Val IoU: 0.9455 | 🕒 79.43s
2025-08-06 08:31:36,321 [INFO] - Epoch 22 | Val Loss: 0.0926 | Val IoU: 0.9457 | 🕒 82.24s
2025-08-06 08:32:55,807 [INFO] - Epoch 23 | Val Loss: 0.0940 | Val IoU: 0.9459 | 🕒 79.49s
2025-08-06 08:34:18,142 [INFO] - Epoch 24 | Val Loss: 0.0939 | Val IoU: 0.9457 | 🕒 82.34s
2025-08-06 08:35:37,658 [INFO] - Epoch 25 | Val Loss: 0.0931 | Val IoU: 0.9457 | 🕒 79.52s
2025-08-06 08:36:57,657 [INFO] - Epoch 26 | Val Loss: 0.0948 | Val IoU: 0.9456 | 🕒 80.00s
2025-08-06 08:38:16,599 [INFO] - Epoch 27 | Val Loss: 0.0930 | Val IoU: 0.9459 | 🕒 78.94s
2025-08-06 08:39:38,029 [INFO] - Epoch 28 | Val Loss: 0.0944 | Val IoU: 0.9455 | 🕒 81.43s
2025-08-06 08:41:00,722 [INFO] - Epoch 29 | Val Loss: 0.0946 | Val IoU: 0.9458 | 🕒 82.69s
2025-08-06 08:42:25,397 [INFO] - Epoch 30 | Val Loss: 0.0950 | Val IoU: 0.9458 | 🕒 84.67s
2025-08-06 08:42:25,397 [INFO] - 
--- Training for Massachusetts_CrossEntropyLoss_UNet++_mobileone_s1 complete ---
2025-08-06 08:42:25,397 [INFO] - 📄 Time report saved at: plot/plot_Massachusetts_CrossEntropyLoss_UNet++_mobileone_s1/training_times.txt
2025-08-06 08:42:25,397 [INFO] - ✅ Best model saved at: model/model_Massachusetts_CrossEntropyLoss_UNet++_mobileone_s1.pt
2025-08-06 08:42:25,397 [INFO] - 📊 Per-epoch results saved at: plot/plot_Massachusetts_CrossEntropyLoss_UNet++_mobileone_s1/epoch_results.csv
2025-08-06 08:42:25,398 [INFO] - 
Training history saved to 'plot/plot_Massachusetts_CrossEntropyLoss_UNet++_mobileone_s1' directory.
2025-08-06 08:42:26,158 [INFO] - Summary plot saved at: plot/plot_Massachusetts_CrossEntropyLoss_UNet++_mobileone_s1/training_metrics_summary.png
2025-08-06 08:42:26,332 [INFO] - 📈 Confusion matrix saved at: plot/plot_Massachusetts_CrossEntropyLoss_UNet++_mobileone_s1/confusion_matrix.png
2025-08-06 08:42:26,332 [INFO] - 
============================= EXPERIMENT FINISHED ==============================

