2025-08-06 09:08:54,641 [INFO] - 
=========================== STARTING NEW EXPERIMENT ============================
2025-08-06 09:08:54,641 [INFO] - Configuration: DeepGlobal_CrossEntropyLoss_SegFormer_mobileone_s2
2025-08-06 09:08:54,641 [INFO] - ================================================================================
2025-08-06 09:08:54,641 [INFO] - 🔄 Loading data...
2025-08-06 09:08:54,676 [INFO] - 🔧 Initializing model, loss function, and optimizer...
2025-08-06 09:10:33,782 [INFO] - Epoch 01 | Val Loss: 0.0872 | Val IoU: 0.9378 | 🕒 96.50s
2025-08-06 09:12:06,523 [INFO] - Epoch 02 | Val Loss: 0.0834 | Val IoU: 0.9383 | 🕒 92.74s
2025-08-06 09:13:39,114 [INFO] - Epoch 03 | Val Loss: 0.0776 | Val IoU: 0.9429 | 🕒 92.59s
2025-08-06 09:15:12,279 [INFO] - Epoch 04 | Val Loss: 0.0742 | Val IoU: 0.9437 | 🕒 93.16s
2025-08-06 09:16:44,892 [INFO] - Epoch 05 | Val Loss: 0.0725 | Val IoU: 0.9441 | 🕒 92.61s
2025-08-06 09:18:17,698 [INFO] - Epoch 06 | Val Loss: 0.0705 | Val IoU: 0.9468 | 🕒 92.81s
2025-08-06 09:19:50,820 [INFO] - Epoch 07 | Val Loss: 0.0821 | Val IoU: 0.9340 | 🕒 93.12s
2025-08-06 09:21:23,449 [INFO] - Epoch 08 | Val Loss: 0.0705 | Val IoU: 0.9457 | 🕒 92.63s
2025-08-06 09:22:56,136 [INFO] - Epoch 09 | Val Loss: 0.0694 | Val IoU: 0.9494 | 🕒 92.69s
2025-08-06 09:24:28,897 [INFO] - Epoch 10 | Val Loss: 0.0708 | Val IoU: 0.9478 | 🕒 92.76s
2025-08-06 09:26:01,401 [INFO] - Epoch 11 | Val Loss: 0.0724 | Val IoU: 0.9492 | 🕒 92.50s
2025-08-06 09:27:34,289 [INFO] - Epoch 12 | Val Loss: 0.0868 | Val IoU: 0.9452 | 🕒 92.89s
2025-08-06 09:29:07,008 [INFO] - Epoch 13 | Val Loss: 0.0736 | Val IoU: 0.9458 | 🕒 92.72s
2025-08-06 09:30:39,795 [INFO] - Epoch 14 | Val Loss: 0.0843 | Val IoU: 0.9469 | 🕒 92.79s
2025-08-06 09:32:12,283 [INFO] - Epoch 15 | Val Loss: 0.0747 | Val IoU: 0.9484 | 🕒 92.49s
2025-08-06 09:33:44,823 [INFO] - Epoch 16 | Val Loss: 0.0715 | Val IoU: 0.9516 | 🕒 92.54s
2025-08-06 09:35:17,684 [INFO] - Epoch 17 | Val Loss: 0.0740 | Val IoU: 0.9515 | 🕒 92.86s
2025-08-06 09:36:50,193 [INFO] - Epoch 18 | Val Loss: 0.0740 | Val IoU: 0.9514 | 🕒 92.51s
2025-08-06 09:38:22,601 [INFO] - Epoch 19 | Val Loss: 0.0774 | Val IoU: 0.9515 | 🕒 92.41s
2025-08-06 09:39:55,004 [INFO] - Epoch 20 | Val Loss: 0.0790 | Val IoU: 0.9516 | 🕒 92.40s
2025-08-06 09:41:27,390 [INFO] - Epoch 21 | Val Loss: 0.0807 | Val IoU: 0.9516 | 🕒 92.39s
2025-08-06 09:42:59,595 [INFO] - Epoch 22 | Val Loss: 0.0799 | Val IoU: 0.9514 | 🕒 92.20s
2025-08-06 09:44:32,097 [INFO] - Epoch 23 | Val Loss: 0.0812 | Val IoU: 0.9517 | 🕒 92.50s
2025-08-06 09:46:05,657 [INFO] - Epoch 24 | Val Loss: 0.0817 | Val IoU: 0.9516 | 🕒 93.56s
2025-08-06 09:47:38,908 [INFO] - Epoch 25 | Val Loss: 0.0815 | Val IoU: 0.9515 | 🕒 93.25s
2025-08-06 09:49:12,040 [INFO] - Epoch 26 | Val Loss: 0.0815 | Val IoU: 0.9514 | 🕒 93.13s
2025-08-06 09:50:45,219 [INFO] - Epoch 27 | Val Loss: 0.0826 | Val IoU: 0.9515 | 🕒 93.18s
2025-08-06 09:52:18,053 [INFO] - Epoch 28 | Val Loss: 0.0823 | Val IoU: 0.9515 | 🕒 92.83s
2025-08-06 09:53:50,973 [INFO] - Epoch 29 | Val Loss: 0.0811 | Val IoU: 0.9514 | 🕒 92.92s
2025-08-06 09:55:24,270 [INFO] - Epoch 30 | Val Loss: 0.0829 | Val IoU: 0.9515 | 🕒 93.30s
2025-08-06 09:55:24,270 [INFO] - 
--- Training for DeepGlobal_CrossEntropyLoss_SegFormer_mobileone_s2 complete ---
2025-08-06 09:55:24,271 [INFO] - 📄 Time report saved at: plot/plot_DeepGlobal_CrossEntropyLoss_SegFormer_mobileone_s2/training_times.txt
2025-08-06 09:55:24,271 [INFO] - ✅ Best model saved at: model/model_DeepGlobal_CrossEntropyLoss_SegFormer_mobileone_s2.pt
2025-08-06 09:55:24,271 [INFO] - 📊 Per-epoch results saved at: plot/plot_DeepGlobal_CrossEntropyLoss_SegFormer_mobileone_s2/epoch_results.csv
2025-08-06 09:55:24,272 [INFO] - 
Training history saved to 'plot/plot_DeepGlobal_CrossEntropyLoss_SegFormer_mobileone_s2' directory.
2025-08-06 09:55:25,492 [INFO] - Summary plot saved at: plot/plot_DeepGlobal_CrossEntropyLoss_SegFormer_mobileone_s2/training_metrics_summary.png
2025-08-06 09:55:25,611 [INFO] - 📈 Confusion matrix saved at: plot/plot_DeepGlobal_CrossEntropyLoss_SegFormer_mobileone_s2/confusion_matrix.png
2025-08-06 09:55:25,611 [INFO] - 
============================= EXPERIMENT FINISHED ==============================

