2025-10-23 14:11:55,139 [INFO] - 
=========================== STARTING NEW EXPERIMENT ============================
2025-10-23 14:11:55,139 [INFO] - The device used: cuda
2025-10-23 14:11:55,139 [INFO] - Configuration: Massachusetts_CrossEntropyLoss_MAnet_mobileone_s3
2025-10-23 14:11:55,139 [INFO] - ================================================================================
2025-10-23 14:11:55,139 [INFO] - 🔄 Loading data...
2025-10-23 14:11:55,143 [INFO] - 🔧 Initializing model, loss function, and optimizer...
2025-10-23 14:19:26,380 [INFO] - Epoch 01 | Val Loss: 0.1163 | Val IoU: 0.9216 | 🕒 450.00s
2025-10-23 14:26:51,343 [INFO] - Epoch 02 | Val Loss: 0.1000 | Val IoU: 0.9320 | 🕒 444.96s
2025-10-23 14:34:16,067 [INFO] - Epoch 03 | Val Loss: 0.0974 | Val IoU: 0.9345 | 🕒 444.72s
2025-10-23 14:41:39,299 [INFO] - Epoch 04 | Val Loss: 0.0936 | Val IoU: 0.9348 | 🕒 443.23s
2025-10-23 14:49:05,003 [INFO] - Epoch 05 | Val Loss: 0.0974 | Val IoU: 0.9362 | 🕒 445.70s
2025-10-23 14:56:30,343 [INFO] - Epoch 06 | Val Loss: 0.0894 | Val IoU: 0.9394 | 🕒 445.34s
2025-10-23 15:03:54,842 [INFO] - Epoch 07 | Val Loss: 0.0869 | Val IoU: 0.9407 | 🕒 444.50s
2025-10-23 15:11:19,291 [INFO] - Epoch 08 | Val Loss: 0.0873 | Val IoU: 0.9403 | 🕒 444.45s
2025-10-23 15:18:39,561 [INFO] - Epoch 09 | Val Loss: 0.0851 | Val IoU: 0.9414 | 🕒 440.27s
2025-10-23 15:26:02,875 [INFO] - Epoch 10 | Val Loss: 0.0913 | Val IoU: 0.9396 | 🕒 443.31s
2025-10-23 15:33:23,046 [INFO] - Epoch 11 | Val Loss: 0.1023 | Val IoU: 0.9411 | 🕒 440.17s
2025-10-23 15:40:42,989 [INFO] - Epoch 12 | Val Loss: 0.0863 | Val IoU: 0.9422 | 🕒 439.94s
2025-10-23 15:48:05,279 [INFO] - Epoch 13 | Val Loss: 0.0904 | Val IoU: 0.9403 | 🕒 442.29s
2025-10-23 15:55:24,999 [INFO] - Epoch 14 | Val Loss: 0.0942 | Val IoU: 0.9419 | 🕒 439.72s
2025-10-23 16:02:44,079 [INFO] - Epoch 15 | Val Loss: 0.0950 | Val IoU: 0.9404 | 🕒 439.08s
2025-10-23 16:10:13,237 [INFO] - Epoch 16 | Val Loss: 0.0904 | Val IoU: 0.9429 | 🕒 449.16s
2025-10-23 16:17:58,997 [INFO] - Epoch 17 | Val Loss: 0.0941 | Val IoU: 0.9428 | 🕒 465.76s
2025-10-23 16:25:29,084 [INFO] - Epoch 18 | Val Loss: 0.0940 | Val IoU: 0.9430 | 🕒 450.09s
2025-10-23 16:33:30,657 [INFO] - Epoch 19 | Val Loss: 0.0944 | Val IoU: 0.9426 | 🕒 481.57s
2025-10-23 16:41:21,599 [INFO] - Epoch 20 | Val Loss: 0.0948 | Val IoU: 0.9421 | 🕒 470.94s
2025-10-23 16:48:59,743 [INFO] - Epoch 21 | Val Loss: 0.0972 | Val IoU: 0.9421 | 🕒 458.14s
2025-10-23 16:56:34,652 [INFO] - Epoch 22 | Val Loss: 0.0964 | Val IoU: 0.9422 | 🕒 454.91s
2025-10-23 17:04:16,995 [INFO] - Epoch 23 | Val Loss: 0.0978 | Val IoU: 0.9421 | 🕒 462.34s
2025-10-23 17:12:00,683 [INFO] - Epoch 24 | Val Loss: 0.0995 | Val IoU: 0.9420 | 🕒 463.69s
2025-10-23 17:19:56,271 [INFO] - Epoch 25 | Val Loss: 0.0986 | Val IoU: 0.9419 | 🕒 475.59s
2025-10-23 18:18:33,374 [INFO] - Epoch 26 | Val Loss: 0.0971 | Val IoU: 0.9420 | 🕒 3517.10s
2025-10-23 18:27:38,794 [INFO] - Epoch 27 | Val Loss: 0.0979 | Val IoU: 0.9416 | 🕒 545.42s
2025-10-23 18:37:02,279 [INFO] - Epoch 28 | Val Loss: 0.0986 | Val IoU: 0.9417 | 🕒 563.48s
2025-10-23 18:46:22,435 [INFO] - Epoch 29 | Val Loss: 0.0994 | Val IoU: 0.9419 | 🕒 560.16s
2025-10-23 18:55:08,061 [INFO] - Epoch 30 | Val Loss: 0.0985 | Val IoU: 0.9415 | 🕒 525.63s
2025-10-23 18:55:08,065 [INFO] - 
--- Training for Massachusetts_CrossEntropyLoss_MAnet_mobileone_s3 complete ---
2025-10-23 18:55:08,072 [INFO] - 📄 Time report saved at: plot/plot_Massachusetts_CrossEntropyLoss_MAnet_mobileone_s3\training_times.txt
2025-10-23 18:55:08,072 [INFO] - ✅ Best model saved at: model/model_Massachusetts_CrossEntropyLoss_MAnet_mobileone_s3.pt
2025-10-23 18:55:08,073 [INFO] - 📊 Per-epoch results saved at: plot/plot_Massachusetts_CrossEntropyLoss_MAnet_mobileone_s3\epoch_results.csv
2025-10-23 18:55:08,097 [INFO] - 
Training history saved to 'plot/plot_Massachusetts_CrossEntropyLoss_MAnet_mobileone_s3' directory.
2025-10-23 18:55:09,154 [INFO] - Summary plot saved at: plot/plot_Massachusetts_CrossEntropyLoss_MAnet_mobileone_s3\training_metrics_summary.png
2025-10-23 18:55:09,324 [INFO] - 📈 Confusion matrix saved at: plot/plot_Massachusetts_CrossEntropyLoss_MAnet_mobileone_s3\confusion_matrix.png
2025-10-23 18:55:09,324 [INFO] - 
============================= EXPERIMENT FINISHED ==============================

