2025-10-23 00:37:15,172 [INFO] - 
=========================== STARTING NEW EXPERIMENT ============================
2025-10-23 00:37:15,173 [INFO] - The device used: cuda
2025-10-23 00:37:15,173 [INFO] - Configuration: DeepGlobal_CrossEntropyLoss_UPerNet_mobileone_s3
2025-10-23 00:37:15,173 [INFO] - ================================================================================
2025-10-23 00:37:15,173 [INFO] - 🔄 Loading data...
2025-10-23 00:37:15,188 [INFO] - 🔧 Initializing model, loss function, and optimizer...
2025-10-23 00:47:34,528 [INFO] - Epoch 01 | Val Loss: 0.0917 | Val IoU: 0.9333 | 🕒 618.31s
2025-10-23 00:58:12,508 [INFO] - Epoch 02 | Val Loss: 0.0824 | Val IoU: 0.9379 | 🕒 637.98s
2025-10-23 01:08:42,921 [INFO] - Epoch 03 | Val Loss: 0.0764 | Val IoU: 0.9417 | 🕒 630.41s
2025-10-23 01:19:24,686 [INFO] - Epoch 04 | Val Loss: 0.0748 | Val IoU: 0.9427 | 🕒 641.76s
2025-10-23 01:30:32,386 [INFO] - Epoch 05 | Val Loss: 0.0776 | Val IoU: 0.9411 | 🕒 667.70s
2025-10-23 01:41:06,719 [INFO] - Epoch 06 | Val Loss: 0.0693 | Val IoU: 0.9477 | 🕒 634.33s
2025-10-23 01:52:04,228 [INFO] - Epoch 07 | Val Loss: 0.0664 | Val IoU: 0.9494 | 🕒 657.51s
2025-10-23 02:01:56,146 [INFO] - Epoch 08 | Val Loss: 0.0715 | Val IoU: 0.9489 | 🕒 591.92s
2025-10-23 02:12:02,633 [INFO] - Epoch 09 | Val Loss: 0.0710 | Val IoU: 0.9491 | 🕒 606.49s
2025-10-23 02:22:18,744 [INFO] - Epoch 10 | Val Loss: 0.0688 | Val IoU: 0.9499 | 🕒 616.11s
2025-10-23 02:32:25,865 [INFO] - Epoch 11 | Val Loss: 0.0720 | Val IoU: 0.9433 | 🕒 607.12s
2025-10-23 02:42:32,967 [INFO] - Epoch 12 | Val Loss: 0.0707 | Val IoU: 0.9489 | 🕒 607.10s
2025-10-23 02:52:42,824 [INFO] - Epoch 13 | Val Loss: 0.0705 | Val IoU: 0.9472 | 🕒 609.86s
2025-10-23 03:02:36,198 [INFO] - Epoch 14 | Val Loss: 0.0670 | Val IoU: 0.9534 | 🕒 593.37s
2025-10-23 03:12:41,431 [INFO] - Epoch 15 | Val Loss: 0.0673 | Val IoU: 0.9532 | 🕒 605.23s
2025-10-23 03:22:47,378 [INFO] - Epoch 16 | Val Loss: 0.0698 | Val IoU: 0.9534 | 🕒 605.95s
2025-10-23 03:33:00,202 [INFO] - Epoch 17 | Val Loss: 0.0729 | Val IoU: 0.9535 | 🕒 612.82s
2025-10-23 03:43:26,412 [INFO] - Epoch 18 | Val Loss: 0.0731 | Val IoU: 0.9533 | 🕒 626.21s
2025-10-23 03:54:22,031 [INFO] - Epoch 19 | Val Loss: 0.0749 | Val IoU: 0.9533 | 🕒 655.62s
2025-10-23 04:04:28,507 [INFO] - Epoch 20 | Val Loss: 0.0766 | Val IoU: 0.9533 | 🕒 606.48s
2025-10-23 04:14:35,132 [INFO] - Epoch 21 | Val Loss: 0.0768 | Val IoU: 0.9534 | 🕒 606.62s
2025-10-23 04:24:41,855 [INFO] - Epoch 22 | Val Loss: 0.0768 | Val IoU: 0.9534 | 🕒 606.72s
2025-10-23 04:34:48,369 [INFO] - Epoch 23 | Val Loss: 0.0761 | Val IoU: 0.9533 | 🕒 606.51s
2025-10-23 04:44:55,462 [INFO] - Epoch 24 | Val Loss: 0.0785 | Val IoU: 0.9536 | 🕒 607.09s
2025-10-23 08:54:40,433 [INFO] - Epoch 25 | Val Loss: 0.0784 | Val IoU: 0.9534 | 🕒 14984.97s
2025-10-23 09:14:03,471 [INFO] - Epoch 26 | Val Loss: 0.0793 | Val IoU: 0.9534 | 🕒 1163.04s
2025-10-23 09:39:24,258 [INFO] - Epoch 27 | Val Loss: 0.0789 | Val IoU: 0.9533 | 🕒 1520.79s
2025-10-23 10:04:35,092 [INFO] - Epoch 28 | Val Loss: 0.0786 | Val IoU: 0.9532 | 🕒 1510.83s
2025-10-23 10:30:04,053 [INFO] - Epoch 29 | Val Loss: 0.0800 | Val IoU: 0.9534 | 🕒 1528.96s
2025-10-23 10:55:52,134 [INFO] - Epoch 30 | Val Loss: 0.0782 | Val IoU: 0.9534 | 🕒 1548.08s
2025-10-23 10:55:52,134 [INFO] - 
--- Training for DeepGlobal_CrossEntropyLoss_UPerNet_mobileone_s3 complete ---
2025-10-23 10:55:52,141 [INFO] - 📄 Time report saved at: plot/plot_DeepGlobal_CrossEntropyLoss_UPerNet_mobileone_s3\training_times.txt
2025-10-23 10:55:52,141 [INFO] - ✅ Best model saved at: model/model_DeepGlobal_CrossEntropyLoss_UPerNet_mobileone_s3.pt
2025-10-23 10:55:52,141 [INFO] - 📊 Per-epoch results saved at: plot/plot_DeepGlobal_CrossEntropyLoss_UPerNet_mobileone_s3\epoch_results.csv
2025-10-23 10:55:52,158 [INFO] - 
Training history saved to 'plot/plot_DeepGlobal_CrossEntropyLoss_UPerNet_mobileone_s3' directory.
2025-10-23 10:55:52,939 [INFO] - Summary plot saved at: plot/plot_DeepGlobal_CrossEntropyLoss_UPerNet_mobileone_s3\training_metrics_summary.png
2025-10-23 10:55:53,054 [INFO] - 📈 Confusion matrix saved at: plot/plot_DeepGlobal_CrossEntropyLoss_UPerNet_mobileone_s3\confusion_matrix.png
2025-10-23 10:55:53,054 [INFO] - 
============================= EXPERIMENT FINISHED ==============================

