2025-10-08 17:30:04,133 [INFO] - 
=========================== STARTING NEW EXPERIMENT ============================
2025-10-08 17:30:04,133 [INFO] - Configuration: Massachusetts_CrossEntropyLoss_PSPNet_mobileone_s3
2025-10-08 17:30:04,133 [INFO] - ================================================================================
2025-10-08 17:30:04,133 [INFO] - 🔄 Loading data...
2025-10-08 17:30:04,154 [INFO] - 🔧 Initializing model, loss function, and optimizer...
2025-10-08 17:30:46,528 [INFO] - Epoch 01 | Val Loss: 0.1547 | Val IoU: 0.9038 | 🕒 39.77s
2025-10-08 17:31:24,268 [INFO] - Epoch 02 | Val Loss: 0.1451 | Val IoU: 0.9021 | 🕒 37.74s
2025-10-08 17:32:02,229 [INFO] - Epoch 03 | Val Loss: 0.1360 | Val IoU: 0.9041 | 🕒 37.96s
2025-10-08 17:32:39,895 [INFO] - Epoch 04 | Val Loss: 0.1303 | Val IoU: 0.9041 | 🕒 37.67s
2025-10-08 17:33:17,683 [INFO] - Epoch 05 | Val Loss: 0.1391 | Val IoU: 0.9049 | 🕒 37.79s
2025-10-08 17:33:55,485 [INFO] - Epoch 06 | Val Loss: 0.1303 | Val IoU: 0.9029 | 🕒 37.80s
2025-10-08 17:34:33,130 [INFO] - Epoch 07 | Val Loss: 0.1557 | Val IoU: 0.9047 | 🕒 37.64s
2025-10-08 17:35:10,815 [INFO] - Epoch 08 | Val Loss: 0.1268 | Val IoU: 0.9052 | 🕒 37.68s
2025-10-08 17:35:48,377 [INFO] - Epoch 09 | Val Loss: 0.1291 | Val IoU: 0.9027 | 🕒 37.56s
2025-10-08 17:36:26,248 [INFO] - Epoch 10 | Val Loss: 0.1299 | Val IoU: 0.9051 | 🕒 37.87s
2025-10-08 17:37:04,584 [INFO] - Epoch 11 | Val Loss: 0.1318 | Val IoU: 0.9035 | 🕒 38.34s
2025-10-08 17:37:42,493 [INFO] - Epoch 12 | Val Loss: 0.1304 | Val IoU: 0.9057 | 🕒 37.91s
2025-10-08 17:38:20,163 [INFO] - Epoch 13 | Val Loss: 0.1451 | Val IoU: 0.9056 | 🕒 37.67s
2025-10-08 17:38:57,743 [INFO] - Epoch 14 | Val Loss: 0.1340 | Val IoU: 0.9057 | 🕒 37.58s
2025-10-08 17:39:35,343 [INFO] - Epoch 15 | Val Loss: 0.1330 | Val IoU: 0.9057 | 🕒 37.60s
2025-10-08 17:40:12,834 [INFO] - Epoch 16 | Val Loss: 0.1317 | Val IoU: 0.9054 | 🕒 37.49s
2025-10-08 17:40:50,593 [INFO] - Epoch 17 | Val Loss: 0.1348 | Val IoU: 0.9053 | 🕒 37.76s
2025-10-08 17:41:28,475 [INFO] - Epoch 18 | Val Loss: 0.1384 | Val IoU: 0.9054 | 🕒 37.88s
2025-10-08 17:42:06,439 [INFO] - Epoch 19 | Val Loss: 0.1405 | Val IoU: 0.9055 | 🕒 37.96s
2025-10-08 17:42:44,309 [INFO] - Epoch 20 | Val Loss: 0.1362 | Val IoU: 0.9054 | 🕒 37.87s
2025-10-08 17:43:21,646 [INFO] - Epoch 21 | Val Loss: 0.1396 | Val IoU: 0.9054 | 🕒 37.34s
2025-10-08 17:43:59,118 [INFO] - Epoch 22 | Val Loss: 0.1387 | Val IoU: 0.9053 | 🕒 37.47s
2025-10-08 17:44:36,608 [INFO] - Epoch 23 | Val Loss: 0.1410 | Val IoU: 0.9055 | 🕒 37.49s
2025-10-08 17:45:14,174 [INFO] - Epoch 24 | Val Loss: 0.1398 | Val IoU: 0.9053 | 🕒 37.57s
2025-10-08 17:45:51,645 [INFO] - Epoch 25 | Val Loss: 0.1384 | Val IoU: 0.9054 | 🕒 37.47s
2025-10-08 17:46:29,140 [INFO] - Epoch 26 | Val Loss: 0.1413 | Val IoU: 0.9055 | 🕒 37.49s
2025-10-08 17:47:06,952 [INFO] - Epoch 27 | Val Loss: 0.1386 | Val IoU: 0.9052 | 🕒 37.81s
2025-10-08 17:47:44,824 [INFO] - Epoch 28 | Val Loss: 0.1401 | Val IoU: 0.9054 | 🕒 37.87s
2025-10-08 17:48:22,422 [INFO] - Epoch 29 | Val Loss: 0.1380 | Val IoU: 0.9054 | 🕒 37.60s
2025-10-08 17:49:00,061 [INFO] - Epoch 30 | Val Loss: 0.1386 | Val IoU: 0.9054 | 🕒 37.64s
2025-10-08 17:49:00,061 [INFO] - 
--- Training for Massachusetts_CrossEntropyLoss_PSPNet_mobileone_s3 complete ---
2025-10-08 17:49:00,061 [INFO] - 📄 Time report saved at: plot/plot_Massachusetts_CrossEntropyLoss_PSPNet_mobileone_s3/training_times.txt
2025-10-08 17:49:00,061 [INFO] - ✅ Best model saved at: model/model_Massachusetts_CrossEntropyLoss_PSPNet_mobileone_s3.pt
2025-10-08 17:49:00,061 [INFO] - 📊 Per-epoch results saved at: plot/plot_Massachusetts_CrossEntropyLoss_PSPNet_mobileone_s3/epoch_results.csv
2025-10-08 17:49:00,063 [INFO] - 
Training history saved to 'plot/plot_Massachusetts_CrossEntropyLoss_PSPNet_mobileone_s3' directory.
2025-10-08 17:49:01,054 [INFO] - Summary plot saved at: plot/plot_Massachusetts_CrossEntropyLoss_PSPNet_mobileone_s3/training_metrics_summary.png
2025-10-08 17:49:01,173 [INFO] - 📈 Confusion matrix saved at: plot/plot_Massachusetts_CrossEntropyLoss_PSPNet_mobileone_s3/confusion_matrix.png
2025-10-08 17:49:01,173 [INFO] - 
============================= EXPERIMENT FINISHED ==============================

