2025-08-06 10:06:10,611 [INFO] - 
=========================== STARTING NEW EXPERIMENT ============================
2025-08-06 10:06:10,611 [INFO] - Configuration: Massachusetts_CrossEntropyLoss_SegFormer_mobileone_s3
2025-08-06 10:06:10,611 [INFO] - ================================================================================
2025-08-06 10:06:10,611 [INFO] - 🔄 Loading data...
2025-08-06 10:06:10,621 [INFO] - 🔧 Initializing model, loss function, and optimizer...
2025-08-06 10:06:57,615 [INFO] - Epoch 01 | Val Loss: 0.1373 | Val IoU: 0.9037 | 🕒 46.86s
2025-08-06 10:07:40,537 [INFO] - Epoch 02 | Val Loss: 0.1296 | Val IoU: 0.9069 | 🕒 42.92s
2025-08-06 10:08:19,731 [INFO] - Epoch 03 | Val Loss: 0.1239 | Val IoU: 0.9086 | 🕒 39.19s
2025-08-06 10:08:58,493 [INFO] - Epoch 04 | Val Loss: 0.1200 | Val IoU: 0.9097 | 🕒 38.76s
2025-08-06 10:09:37,165 [INFO] - Epoch 05 | Val Loss: 0.1205 | Val IoU: 0.9114 | 🕒 38.67s
2025-08-06 10:10:16,892 [INFO] - Epoch 06 | Val Loss: 0.1150 | Val IoU: 0.9141 | 🕒 39.73s
2025-08-06 10:10:56,746 [INFO] - Epoch 07 | Val Loss: 0.1121 | Val IoU: 0.9154 | 🕒 39.85s
2025-08-06 10:11:40,040 [INFO] - Epoch 08 | Val Loss: 0.1152 | Val IoU: 0.9154 | 🕒 43.29s
2025-08-06 10:12:19,831 [INFO] - Epoch 09 | Val Loss: 0.1097 | Val IoU: 0.9195 | 🕒 39.79s
2025-08-06 10:13:00,938 [INFO] - Epoch 10 | Val Loss: 0.1105 | Val IoU: 0.9192 | 🕒 41.11s
2025-08-06 10:13:40,541 [INFO] - Epoch 11 | Val Loss: 0.1113 | Val IoU: 0.9195 | 🕒 39.60s
2025-08-06 10:14:20,788 [INFO] - Epoch 12 | Val Loss: 0.1104 | Val IoU: 0.9196 | 🕒 40.25s
2025-08-06 10:15:01,461 [INFO] - Epoch 13 | Val Loss: 0.1080 | Val IoU: 0.9208 | 🕒 40.67s
2025-08-06 10:15:39,908 [INFO] - Epoch 14 | Val Loss: 0.1110 | Val IoU: 0.9193 | 🕒 38.45s
2025-08-06 10:16:19,342 [INFO] - Epoch 15 | Val Loss: 0.1156 | Val IoU: 0.9210 | 🕒 39.43s
2025-08-06 10:17:00,023 [INFO] - Epoch 16 | Val Loss: 0.1152 | Val IoU: 0.9220 | 🕒 40.68s
2025-08-06 10:17:39,773 [INFO] - Epoch 17 | Val Loss: 0.1190 | Val IoU: 0.9201 | 🕒 39.75s
2025-08-06 10:18:19,260 [INFO] - Epoch 18 | Val Loss: 0.1171 | Val IoU: 0.9206 | 🕒 39.49s
2025-08-06 10:19:02,889 [INFO] - Epoch 19 | Val Loss: 0.1217 | Val IoU: 0.9223 | 🕒 43.63s
2025-08-06 10:19:45,061 [INFO] - Epoch 20 | Val Loss: 0.1174 | Val IoU: 0.9233 | 🕒 42.17s
2025-08-06 10:20:26,087 [INFO] - Epoch 21 | Val Loss: 0.1218 | Val IoU: 0.9231 | 🕒 41.03s
2025-08-06 10:21:09,160 [INFO] - Epoch 22 | Val Loss: 0.1224 | Val IoU: 0.9236 | 🕒 43.07s
2025-08-06 10:21:52,542 [INFO] - Epoch 23 | Val Loss: 0.1241 | Val IoU: 0.9234 | 🕒 43.38s
2025-08-06 10:22:34,499 [INFO] - Epoch 24 | Val Loss: 0.1248 | Val IoU: 0.9231 | 🕒 41.92s
2025-08-06 10:23:16,994 [INFO] - Epoch 25 | Val Loss: 0.1224 | Val IoU: 0.9229 | 🕒 42.49s
2025-08-06 10:23:56,691 [INFO] - Epoch 26 | Val Loss: 0.1242 | Val IoU: 0.9232 | 🕒 39.70s
2025-08-06 10:24:34,766 [INFO] - Epoch 27 | Val Loss: 0.1252 | Val IoU: 0.9234 | 🕒 38.07s
2025-08-06 10:25:12,858 [INFO] - Epoch 28 | Val Loss: 0.1268 | Val IoU: 0.9233 | 🕒 38.09s
2025-08-06 10:25:50,907 [INFO] - Epoch 29 | Val Loss: 0.1272 | Val IoU: 0.9233 | 🕒 38.05s
2025-08-06 10:26:28,877 [INFO] - Epoch 30 | Val Loss: 0.1272 | Val IoU: 0.9233 | 🕒 37.97s
2025-08-06 10:26:28,878 [INFO] - 
--- Training for Massachusetts_CrossEntropyLoss_SegFormer_mobileone_s3 complete ---
2025-08-06 10:26:28,878 [INFO] - 📄 Time report saved at: plot/plot_Massachusetts_CrossEntropyLoss_SegFormer_mobileone_s3/training_times.txt
2025-08-06 10:26:28,878 [INFO] - ✅ Best model saved at: model/model_Massachusetts_CrossEntropyLoss_SegFormer_mobileone_s3.pt
2025-08-06 10:26:28,878 [INFO] - 📊 Per-epoch results saved at: plot/plot_Massachusetts_CrossEntropyLoss_SegFormer_mobileone_s3/epoch_results.csv
2025-08-06 10:26:28,879 [INFO] - 
Training history saved to 'plot/plot_Massachusetts_CrossEntropyLoss_SegFormer_mobileone_s3' directory.
2025-08-06 10:26:29,743 [INFO] - Summary plot saved at: plot/plot_Massachusetts_CrossEntropyLoss_SegFormer_mobileone_s3/training_metrics_summary.png
2025-08-06 10:26:29,897 [INFO] - 📈 Confusion matrix saved at: plot/plot_Massachusetts_CrossEntropyLoss_SegFormer_mobileone_s3/confusion_matrix.png
2025-08-06 10:26:29,897 [INFO] - 
============================= EXPERIMENT FINISHED ==============================

