2025-12-20 15:12:48,468 [INFO] - Config suffix: TGRS_Road_CrossEntropyLoss_EfficientViT-Seg_l2-ade20k
2025-12-20 15:12:48,469 [INFO] - Device: cuda
2025-12-20 15:12:48,469 [INFO] - 🔄 Loading data...
2025-12-20 15:12:48,483 [INFO] - 🔧 Initializing model, loss, optimizer, scheduler...
2025-12-20 15:13:28,464 [INFO] - Epoch 01/30 | Val Loss: 0.3171 | Val IoU: 0.8708 | 🕒 37.92s
2025-12-20 15:14:06,798 [INFO] - Epoch 02/30 | Val Loss: 0.1086 | Val IoU: 0.9168 | 🕒 38.24s
2025-12-20 15:14:44,428 [INFO] - Epoch 03/30 | Val Loss: 0.1223 | Val IoU: 0.9023 | 🕒 37.53s
2025-12-20 15:15:22,349 [INFO] - Epoch 04/30 | Val Loss: 0.0873 | Val IoU: 0.9299 | 🕒 37.82s
2025-12-20 15:16:00,437 [INFO] - Epoch 05/30 | Val Loss: 0.0741 | Val IoU: 0.9422 | 🕒 37.99s
2025-12-20 15:16:38,842 [INFO] - Epoch 06/30 | Val Loss: 0.0690 | Val IoU: 0.9450 | 🕒 38.31s
2025-12-20 15:17:16,370 [INFO] - Epoch 07/30 | Val Loss: 0.0810 | Val IoU: 0.9359 | 🕒 37.44s
2025-12-20 15:17:53,944 [INFO] - Epoch 08/30 | Val Loss: 0.0723 | Val IoU: 0.9442 | 🕒 37.48s
2025-12-20 15:18:32,079 [INFO] - Epoch 09/30 | Val Loss: 0.0698 | Val IoU: 0.9469 | 🕒 38.04s
2025-12-20 15:19:10,198 [INFO] - Epoch 10/30 | Val Loss: 0.0690 | Val IoU: 0.9474 | 🕒 38.03s
2025-12-20 15:19:48,276 [INFO] - Epoch 11/30 | Val Loss: 0.0678 | Val IoU: 0.9476 | 🕒 37.98s
2025-12-20 15:20:25,791 [INFO] - Epoch 12/30 | Val Loss: 0.0686 | Val IoU: 0.9475 | 🕒 37.41s
2025-12-20 15:21:03,663 [INFO] - Epoch 13/30 | Val Loss: 0.0644 | Val IoU: 0.9510 | 🕒 37.78s
2025-12-20 15:21:41,083 [INFO] - Epoch 14/30 | Val Loss: 0.0650 | Val IoU: 0.9510 | 🕒 37.33s
2025-12-20 15:22:18,562 [INFO] - Epoch 15/30 | Val Loss: 0.0696 | Val IoU: 0.9485 | 🕒 37.39s
2025-12-20 15:22:56,200 [INFO] - Epoch 16/30 | Val Loss: 0.0691 | Val IoU: 0.9493 | 🕒 37.55s
2025-12-20 15:23:33,851 [INFO] - Epoch 17/30 | Val Loss: 0.0657 | Val IoU: 0.9508 | 🕒 37.56s
2025-12-20 15:24:11,921 [INFO] - Epoch 18/30 | Val Loss: 0.0653 | Val IoU: 0.9528 | 🕒 37.97s
2025-12-20 15:24:49,397 [INFO] - Epoch 19/30 | Val Loss: 0.0670 | Val IoU: 0.9497 | 🕒 37.38s
2025-12-20 15:25:26,932 [INFO] - Epoch 20/30 | Val Loss: 0.0666 | Val IoU: 0.9518 | 🕒 37.44s
2025-12-20 15:26:04,489 [INFO] - Epoch 21/30 | Val Loss: 0.0670 | Val IoU: 0.9520 | 🕒 37.46s
2025-12-20 15:26:42,047 [INFO] - Epoch 22/30 | Val Loss: 0.0670 | Val IoU: 0.9523 | 🕒 37.47s
2025-12-20 15:27:20,106 [INFO] - Epoch 23/30 | Val Loss: 0.0656 | Val IoU: 0.9529 | 🕒 37.96s
2025-12-20 15:27:57,659 [INFO] - Epoch 24/30 | Val Loss: 0.0667 | Val IoU: 0.9527 | 🕒 37.46s
2025-12-20 15:28:35,278 [INFO] - Epoch 25/30 | Val Loss: 0.0684 | Val IoU: 0.9522 | 🕒 37.53s
2025-12-20 15:29:12,773 [INFO] - Epoch 26/30 | Val Loss: 0.0675 | Val IoU: 0.9522 | 🕒 37.40s
2025-12-20 15:29:50,369 [INFO] - Epoch 27/30 | Val Loss: 0.0685 | Val IoU: 0.9521 | 🕒 37.50s
2025-12-20 15:30:27,860 [INFO] - Epoch 28/30 | Val Loss: 0.0671 | Val IoU: 0.9526 | 🕒 37.40s
2025-12-20 15:31:05,454 [INFO] - Epoch 29/30 | Val Loss: 0.0666 | Val IoU: 0.9528 | 🕒 37.50s
2025-12-20 15:31:42,930 [INFO] - Epoch 30/30 | Val Loss: 0.0681 | Val IoU: 0.9522 | 🕒 37.38s
2025-12-20 15:31:43,023 [INFO] - 📄 Time report saved at: plot/plot_TGRS_Road_CrossEntropyLoss_EfficientViT-Seg_l2-ade20k/training_times.txt
2025-12-20 15:31:44,148 [INFO] - ✅ Best model saved at: model/model_TGRS_Road_CrossEntropyLoss_EfficientViT-Seg_l2-ade20k.pt
2025-12-20 15:31:44,149 [INFO] - 📊 Results saved at: plot/plot_TGRS_Road_CrossEntropyLoss_EfficientViT-Seg_l2-ade20k
