2025-08-06 07:29:45,506 [INFO] - 
=========================== STARTING NEW EXPERIMENT ============================
2025-08-06 07:29:45,506 [INFO] - Configuration: DeepGlobal_CrossEntropyLoss_SegFormer_mobileone_s0
2025-08-06 07:29:45,506 [INFO] - ================================================================================
2025-08-06 07:29:45,506 [INFO] - 🔄 Loading data...
2025-08-06 07:29:51,929 [INFO] - 🔧 Initializing model, loss function, and optimizer...
2025-08-06 07:38:27,743 [INFO] - Epoch 01 | Val Loss: 0.1069 | Val IoU: 0.9222 | 🕒 514.73s
2025-08-06 07:40:07,342 [INFO] - Epoch 02 | Val Loss: 0.0916 | Val IoU: 0.9337 | 🕒 99.60s
2025-08-06 07:41:46,874 [INFO] - Epoch 03 | Val Loss: 0.0811 | Val IoU: 0.9395 | 🕒 99.53s
2025-08-06 07:43:26,282 [INFO] - Epoch 04 | Val Loss: 0.0784 | Val IoU: 0.9414 | 🕒 99.41s
2025-08-06 07:45:05,486 [INFO] - Epoch 05 | Val Loss: 0.0846 | Val IoU: 0.9384 | 🕒 99.20s
2025-08-06 07:46:45,049 [INFO] - Epoch 06 | Val Loss: 0.0786 | Val IoU: 0.9407 | 🕒 99.56s
2025-08-06 07:48:24,112 [INFO] - Epoch 07 | Val Loss: 0.0735 | Val IoU: 0.9452 | 🕒 99.06s
2025-08-06 07:50:04,181 [INFO] - Epoch 08 | Val Loss: 0.0753 | Val IoU: 0.9439 | 🕒 100.07s
2025-08-06 07:51:43,204 [INFO] - Epoch 09 | Val Loss: 0.0755 | Val IoU: 0.9426 | 🕒 99.02s
2025-08-06 07:53:22,620 [INFO] - Epoch 10 | Val Loss: 0.0785 | Val IoU: 0.9404 | 🕒 99.42s
2025-08-06 07:55:01,947 [INFO] - Epoch 11 | Val Loss: 0.0721 | Val IoU: 0.9457 | 🕒 99.33s
2025-08-06 07:56:42,648 [INFO] - Epoch 12 | Val Loss: 0.0813 | Val IoU: 0.9376 | 🕒 100.70s
2025-08-06 07:58:22,764 [INFO] - Epoch 13 | Val Loss: 0.0733 | Val IoU: 0.9443 | 🕒 100.12s
2025-08-06 08:00:03,230 [INFO] - Epoch 14 | Val Loss: 0.0738 | Val IoU: 0.9466 | 🕒 100.47s
2025-08-06 08:01:43,285 [INFO] - Epoch 15 | Val Loss: 0.0731 | Val IoU: 0.9462 | 🕒 100.05s
2025-08-06 08:03:23,043 [INFO] - Epoch 16 | Val Loss: 0.0732 | Val IoU: 0.9463 | 🕒 99.76s
2025-08-06 08:05:03,757 [INFO] - Epoch 17 | Val Loss: 0.0753 | Val IoU: 0.9480 | 🕒 100.71s
2025-08-06 08:06:43,938 [INFO] - Epoch 18 | Val Loss: 0.0697 | Val IoU: 0.9498 | 🕒 100.18s
2025-08-06 08:08:24,833 [INFO] - Epoch 19 | Val Loss: 0.0708 | Val IoU: 0.9497 | 🕒 100.89s
2025-08-06 08:10:05,033 [INFO] - Epoch 20 | Val Loss: 0.0713 | Val IoU: 0.9490 | 🕒 100.20s
2025-08-06 08:11:45,427 [INFO] - Epoch 21 | Val Loss: 0.0736 | Val IoU: 0.9494 | 🕒 100.39s
2025-08-06 08:13:25,699 [INFO] - Epoch 22 | Val Loss: 0.0741 | Val IoU: 0.9497 | 🕒 100.27s
2025-08-06 08:15:05,551 [INFO] - Epoch 23 | Val Loss: 0.0741 | Val IoU: 0.9494 | 🕒 99.85s
2025-08-06 08:16:45,672 [INFO] - Epoch 24 | Val Loss: 0.0767 | Val IoU: 0.9495 | 🕒 100.12s
2025-08-06 08:18:25,875 [INFO] - Epoch 25 | Val Loss: 0.0773 | Val IoU: 0.9494 | 🕒 100.20s
2025-08-06 08:20:06,188 [INFO] - Epoch 26 | Val Loss: 0.0769 | Val IoU: 0.9496 | 🕒 100.31s
2025-08-06 08:21:46,587 [INFO] - Epoch 27 | Val Loss: 0.0775 | Val IoU: 0.9494 | 🕒 100.40s
2025-08-06 08:23:26,851 [INFO] - Epoch 28 | Val Loss: 0.0780 | Val IoU: 0.9494 | 🕒 100.26s
2025-08-06 08:25:06,670 [INFO] - Epoch 29 | Val Loss: 0.0772 | Val IoU: 0.9494 | 🕒 99.82s
2025-08-06 08:26:47,033 [INFO] - Epoch 30 | Val Loss: 0.0775 | Val IoU: 0.9496 | 🕒 100.36s
2025-08-06 08:26:47,033 [INFO] - 
--- Training for DeepGlobal_CrossEntropyLoss_SegFormer_mobileone_s0 complete ---
2025-08-06 08:26:47,033 [INFO] - 📄 Time report saved at: plot/plot_DeepGlobal_CrossEntropyLoss_SegFormer_mobileone_s0/training_times.txt
2025-08-06 08:26:47,033 [INFO] - ✅ Best model saved at: model/model_DeepGlobal_CrossEntropyLoss_SegFormer_mobileone_s0.pt
2025-08-06 08:26:47,033 [INFO] - 📊 Per-epoch results saved at: plot/plot_DeepGlobal_CrossEntropyLoss_SegFormer_mobileone_s0/epoch_results.csv
2025-08-06 08:26:47,035 [INFO] - 
Training history saved to 'plot/plot_DeepGlobal_CrossEntropyLoss_SegFormer_mobileone_s0' directory.
2025-08-06 08:26:48,109 [INFO] - Summary plot saved at: plot/plot_DeepGlobal_CrossEntropyLoss_SegFormer_mobileone_s0/training_metrics_summary.png
2025-08-06 08:26:48,247 [INFO] - 📈 Confusion matrix saved at: plot/plot_DeepGlobal_CrossEntropyLoss_SegFormer_mobileone_s0/confusion_matrix.png
2025-08-06 08:26:48,247 [INFO] - 
============================= EXPERIMENT FINISHED ==============================

