2025-08-06 09:55:25,617 [INFO] - 
=========================== STARTING NEW EXPERIMENT ============================
2025-08-06 09:55:25,617 [INFO] - Configuration: DeepGlobal_CrossEntropyLoss_SegFormer_mobileone_s3
2025-08-06 09:55:25,617 [INFO] - ================================================================================
2025-08-06 09:55:25,617 [INFO] - 🔄 Loading data...
2025-08-06 09:55:25,652 [INFO] - 🔧 Initializing model, loss function, and optimizer...
2025-08-06 09:57:15,288 [INFO] - Epoch 01 | Val Loss: 0.0900 | Val IoU: 0.9354 | 🕒 108.89s
2025-08-06 09:58:59,968 [INFO] - Epoch 02 | Val Loss: 0.1083 | Val IoU: 0.9388 | 🕒 104.68s
2025-08-06 10:00:44,839 [INFO] - Epoch 03 | Val Loss: 0.0753 | Val IoU: 0.9435 | 🕒 104.87s
2025-08-06 10:02:29,304 [INFO] - Epoch 04 | Val Loss: 0.0764 | Val IoU: 0.9409 | 🕒 104.46s
2025-08-06 10:04:13,791 [INFO] - Epoch 05 | Val Loss: 0.0734 | Val IoU: 0.9437 | 🕒 104.49s
2025-08-06 10:05:58,339 [INFO] - Epoch 06 | Val Loss: 0.0704 | Val IoU: 0.9456 | 🕒 104.54s
2025-08-06 10:07:42,941 [INFO] - Epoch 07 | Val Loss: 0.0731 | Val IoU: 0.9469 | 🕒 104.60s
2025-08-06 10:09:27,283 [INFO] - Epoch 08 | Val Loss: 0.0682 | Val IoU: 0.9488 | 🕒 104.34s
2025-08-06 10:11:11,490 [INFO] - Epoch 09 | Val Loss: 0.0730 | Val IoU: 0.9466 | 🕒 104.21s
2025-08-06 10:12:55,896 [INFO] - Epoch 10 | Val Loss: 0.0741 | Val IoU: 0.9487 | 🕒 104.41s
2025-08-06 10:14:41,165 [INFO] - Epoch 11 | Val Loss: 0.0721 | Val IoU: 0.9467 | 🕒 105.27s
2025-08-06 10:16:25,953 [INFO] - Epoch 12 | Val Loss: 0.0731 | Val IoU: 0.9491 | 🕒 104.79s
2025-08-06 10:18:10,437 [INFO] - Epoch 13 | Val Loss: 0.0763 | Val IoU: 0.9492 | 🕒 104.48s
2025-08-06 10:19:54,306 [INFO] - Epoch 14 | Val Loss: 0.0720 | Val IoU: 0.9432 | 🕒 103.87s
2025-08-06 10:21:38,515 [INFO] - Epoch 15 | Val Loss: 0.0697 | Val IoU: 0.9519 | 🕒 104.21s
2025-08-06 10:23:22,589 [INFO] - Epoch 16 | Val Loss: 0.0728 | Val IoU: 0.9523 | 🕒 104.07s
2025-08-06 10:25:07,031 [INFO] - Epoch 17 | Val Loss: 0.0735 | Val IoU: 0.9522 | 🕒 104.44s
2025-08-06 10:26:51,191 [INFO] - Epoch 18 | Val Loss: 0.0761 | Val IoU: 0.9521 | 🕒 104.16s
2025-08-06 10:28:35,448 [INFO] - Epoch 19 | Val Loss: 0.0757 | Val IoU: 0.9523 | 🕒 104.26s
2025-08-06 10:30:19,703 [INFO] - Epoch 20 | Val Loss: 0.0786 | Val IoU: 0.9521 | 🕒 104.25s
2025-08-06 10:32:03,882 [INFO] - Epoch 21 | Val Loss: 0.0784 | Val IoU: 0.9524 | 🕒 104.18s
2025-08-06 10:33:48,091 [INFO] - Epoch 22 | Val Loss: 0.0791 | Val IoU: 0.9523 | 🕒 104.21s
2025-08-06 10:35:32,189 [INFO] - Epoch 23 | Val Loss: 0.0792 | Val IoU: 0.9522 | 🕒 104.10s
2025-08-06 10:37:16,278 [INFO] - Epoch 24 | Val Loss: 0.0805 | Val IoU: 0.9523 | 🕒 104.09s
2025-08-06 10:39:00,246 [INFO] - Epoch 25 | Val Loss: 0.0794 | Val IoU: 0.9523 | 🕒 103.97s
2025-08-06 10:40:44,160 [INFO] - Epoch 26 | Val Loss: 0.0813 | Val IoU: 0.9523 | 🕒 103.91s
2025-08-06 10:42:28,074 [INFO] - Epoch 27 | Val Loss: 0.0812 | Val IoU: 0.9521 | 🕒 103.91s
2025-08-06 10:44:12,159 [INFO] - Epoch 28 | Val Loss: 0.0803 | Val IoU: 0.9522 | 🕒 104.08s
2025-08-06 10:45:56,402 [INFO] - Epoch 29 | Val Loss: 0.0805 | Val IoU: 0.9522 | 🕒 104.24s
2025-08-06 10:47:40,622 [INFO] - Epoch 30 | Val Loss: 0.0803 | Val IoU: 0.9522 | 🕒 104.22s
2025-08-06 10:47:40,623 [INFO] - 
--- Training for DeepGlobal_CrossEntropyLoss_SegFormer_mobileone_s3 complete ---
2025-08-06 10:47:40,623 [INFO] - 📄 Time report saved at: plot/plot_DeepGlobal_CrossEntropyLoss_SegFormer_mobileone_s3/training_times.txt
2025-08-06 10:47:40,623 [INFO] - ✅ Best model saved at: model/model_DeepGlobal_CrossEntropyLoss_SegFormer_mobileone_s3.pt
2025-08-06 10:47:40,623 [INFO] - 📊 Per-epoch results saved at: plot/plot_DeepGlobal_CrossEntropyLoss_SegFormer_mobileone_s3/epoch_results.csv
2025-08-06 10:47:40,624 [INFO] - 
Training history saved to 'plot/plot_DeepGlobal_CrossEntropyLoss_SegFormer_mobileone_s3' directory.
2025-08-06 10:47:41,592 [INFO] - Summary plot saved at: plot/plot_DeepGlobal_CrossEntropyLoss_SegFormer_mobileone_s3/training_metrics_summary.png
2025-08-06 10:47:41,709 [INFO] - 📈 Confusion matrix saved at: plot/plot_DeepGlobal_CrossEntropyLoss_SegFormer_mobileone_s3/confusion_matrix.png
2025-08-06 10:47:41,709 [INFO] - 
============================= EXPERIMENT FINISHED ==============================

