2025-08-06 08:53:13,105 [INFO] - 
=========================== STARTING NEW EXPERIMENT ============================
2025-08-06 08:53:13,105 [INFO] - Configuration: DeepGlobal_CrossEntropyLoss_UNet++_mobileone_s1
2025-08-06 08:53:13,105 [INFO] - ================================================================================
2025-08-06 08:53:13,105 [INFO] - 🔄 Loading data...
2025-08-06 08:53:13,159 [INFO] - 🔧 Initializing model, loss function, and optimizer...
2025-08-06 08:56:14,284 [INFO] - Epoch 01 | Val Loss: 0.0889 | Val IoU: 0.9375 | 🕒 180.28s
2025-08-06 08:59:11,473 [INFO] - Epoch 02 | Val Loss: 0.0796 | Val IoU: 0.9438 | 🕒 177.19s
2025-08-06 09:02:08,485 [INFO] - Epoch 03 | Val Loss: 0.0670 | Val IoU: 0.9497 | 🕒 177.01s
2025-08-06 09:05:05,332 [INFO] - Epoch 04 | Val Loss: 0.0678 | Val IoU: 0.9491 | 🕒 176.85s
2025-08-06 09:08:02,362 [INFO] - Epoch 05 | Val Loss: 0.0626 | Val IoU: 0.9528 | 🕒 177.03s
2025-08-06 09:10:59,359 [INFO] - Epoch 06 | Val Loss: 0.0661 | Val IoU: 0.9499 | 🕒 177.00s
2025-08-06 09:13:56,107 [INFO] - Epoch 07 | Val Loss: 0.0643 | Val IoU: 0.9515 | 🕒 176.75s
2025-08-06 09:16:52,939 [INFO] - Epoch 08 | Val Loss: 0.0656 | Val IoU: 0.9526 | 🕒 176.83s
2025-08-06 09:19:49,662 [INFO] - Epoch 09 | Val Loss: 0.0699 | Val IoU: 0.9507 | 🕒 176.72s
2025-08-06 09:22:46,809 [INFO] - Epoch 10 | Val Loss: 0.0658 | Val IoU: 0.9525 | 🕒 177.15s
2025-08-06 09:25:44,192 [INFO] - Epoch 11 | Val Loss: 0.0684 | Val IoU: 0.9501 | 🕒 177.38s
2025-08-06 09:28:41,391 [INFO] - Epoch 12 | Val Loss: 0.0642 | Val IoU: 0.9552 | 🕒 177.20s
2025-08-06 09:31:38,380 [INFO] - Epoch 13 | Val Loss: 0.0654 | Val IoU: 0.9548 | 🕒 176.99s
2025-08-06 09:34:35,242 [INFO] - Epoch 14 | Val Loss: 0.0653 | Val IoU: 0.9553 | 🕒 176.86s
2025-08-06 09:37:32,197 [INFO] - Epoch 15 | Val Loss: 0.0681 | Val IoU: 0.9549 | 🕒 176.95s
2025-08-06 09:40:29,022 [INFO] - Epoch 16 | Val Loss: 0.0693 | Val IoU: 0.9550 | 🕒 176.83s
2025-08-06 09:43:26,167 [INFO] - Epoch 17 | Val Loss: 0.0707 | Val IoU: 0.9551 | 🕒 177.15s
2025-08-06 09:46:23,009 [INFO] - Epoch 18 | Val Loss: 0.0730 | Val IoU: 0.9551 | 🕒 176.84s
2025-08-06 09:49:19,310 [INFO] - Epoch 19 | Val Loss: 0.0715 | Val IoU: 0.9551 | 🕒 176.30s
2025-08-06 09:52:15,926 [INFO] - Epoch 20 | Val Loss: 0.0718 | Val IoU: 0.9552 | 🕒 176.62s
2025-08-06 09:55:12,737 [INFO] - Epoch 21 | Val Loss: 0.0724 | Val IoU: 0.9550 | 🕒 176.81s
2025-08-06 09:58:09,429 [INFO] - Epoch 22 | Val Loss: 0.0716 | Val IoU: 0.9549 | 🕒 176.69s
2025-08-06 10:01:06,023 [INFO] - Epoch 23 | Val Loss: 0.0742 | Val IoU: 0.9551 | 🕒 176.59s
2025-08-06 10:04:02,494 [INFO] - Epoch 24 | Val Loss: 0.0723 | Val IoU: 0.9550 | 🕒 176.47s
2025-08-06 10:06:59,195 [INFO] - Epoch 25 | Val Loss: 0.0726 | Val IoU: 0.9550 | 🕒 176.70s
2025-08-06 10:09:55,621 [INFO] - Epoch 26 | Val Loss: 0.0751 | Val IoU: 0.9550 | 🕒 176.43s
2025-08-06 10:12:52,250 [INFO] - Epoch 27 | Val Loss: 0.0738 | Val IoU: 0.9551 | 🕒 176.63s
2025-08-06 10:15:48,754 [INFO] - Epoch 28 | Val Loss: 0.0712 | Val IoU: 0.9548 | 🕒 176.50s
2025-08-06 10:18:45,584 [INFO] - Epoch 29 | Val Loss: 0.0728 | Val IoU: 0.9550 | 🕒 176.83s
2025-08-06 10:21:42,276 [INFO] - Epoch 30 | Val Loss: 0.0739 | Val IoU: 0.9550 | 🕒 176.69s
2025-08-06 10:21:42,276 [INFO] - 
--- Training for DeepGlobal_CrossEntropyLoss_UNet++_mobileone_s1 complete ---
2025-08-06 10:21:42,276 [INFO] - 📄 Time report saved at: plot/plot_DeepGlobal_CrossEntropyLoss_UNet++_mobileone_s1/training_times.txt
2025-08-06 10:21:42,276 [INFO] - ✅ Best model saved at: model/model_DeepGlobal_CrossEntropyLoss_UNet++_mobileone_s1.pt
2025-08-06 10:21:42,276 [INFO] - 📊 Per-epoch results saved at: plot/plot_DeepGlobal_CrossEntropyLoss_UNet++_mobileone_s1/epoch_results.csv
2025-08-06 10:21:42,277 [INFO] - 
Training history saved to 'plot/plot_DeepGlobal_CrossEntropyLoss_UNet++_mobileone_s1' directory.
2025-08-06 10:21:43,220 [INFO] - Summary plot saved at: plot/plot_DeepGlobal_CrossEntropyLoss_UNet++_mobileone_s1/training_metrics_summary.png
2025-08-06 10:21:43,348 [INFO] - 📈 Confusion matrix saved at: plot/plot_DeepGlobal_CrossEntropyLoss_UNet++_mobileone_s1/confusion_matrix.png
2025-08-06 10:21:43,348 [INFO] - 
============================= EXPERIMENT FINISHED ==============================

