2025-10-11 14:26:35,832 [INFO] - 
=========================== STARTING NEW EXPERIMENT ============================
2025-10-11 14:26:35,832 [INFO] - The device used: cuda
2025-10-11 14:26:35,832 [INFO] - Configuration: DeepGlobal_CrossEntropyLoss_DeepLabV3Plus_mobileone_s1
2025-10-11 14:26:35,833 [INFO] - ================================================================================
2025-10-11 14:26:35,833 [INFO] - 🔄 Loading data...
2025-10-11 14:26:35,836 [INFO] - 🔧 Initializing model, loss function, and optimizer...
2025-10-11 14:27:26,706 [INFO] - Epoch 01 | Val Loss: 0.1045 | Val IoU: 0.9246 | 🕒 50.78s
2025-10-11 14:28:17,481 [INFO] - Epoch 02 | Val Loss: 0.0831 | Val IoU: 0.9397 | 🕒 50.77s
2025-10-11 14:29:08,234 [INFO] - Epoch 03 | Val Loss: 0.0814 | Val IoU: 0.9398 | 🕒 50.75s
2025-10-11 14:29:58,950 [INFO] - Epoch 04 | Val Loss: 0.0767 | Val IoU: 0.9423 | 🕒 50.72s
2025-10-11 14:30:49,696 [INFO] - Epoch 05 | Val Loss: 0.0766 | Val IoU: 0.9427 | 🕒 50.75s
2025-10-11 14:31:40,439 [INFO] - Epoch 06 | Val Loss: 0.0766 | Val IoU: 0.9446 | 🕒 50.74s
2025-10-11 14:32:31,163 [INFO] - Epoch 07 | Val Loss: 0.0755 | Val IoU: 0.9458 | 🕒 50.72s
2025-10-11 14:33:21,893 [INFO] - Epoch 08 | Val Loss: 0.0726 | Val IoU: 0.9464 | 🕒 50.73s
2025-10-11 14:34:12,569 [INFO] - Epoch 09 | Val Loss: 0.0738 | Val IoU: 0.9457 | 🕒 50.68s
2025-10-11 14:35:03,360 [INFO] - Epoch 10 | Val Loss: 0.0714 | Val IoU: 0.9466 | 🕒 50.79s
2025-10-11 14:35:54,175 [INFO] - Epoch 11 | Val Loss: 0.0759 | Val IoU: 0.9477 | 🕒 50.81s
2025-10-11 14:36:44,826 [INFO] - Epoch 12 | Val Loss: 0.0725 | Val IoU: 0.9471 | 🕒 50.65s
2025-10-11 14:37:36,722 [INFO] - Epoch 13 | Val Loss: 0.0718 | Val IoU: 0.9482 | 🕒 51.90s
2025-10-11 14:38:28,082 [INFO] - Epoch 14 | Val Loss: 0.0785 | Val IoU: 0.9489 | 🕒 51.36s
2025-10-11 14:39:18,729 [INFO] - Epoch 15 | Val Loss: 0.0808 | Val IoU: 0.9453 | 🕒 50.65s
2025-10-11 14:40:09,376 [INFO] - Epoch 16 | Val Loss: 0.0756 | Val IoU: 0.9474 | 🕒 50.65s
2025-10-11 14:41:00,100 [INFO] - Epoch 17 | Val Loss: 0.0742 | Val IoU: 0.9512 | 🕒 50.72s
2025-10-11 14:41:50,888 [INFO] - Epoch 18 | Val Loss: 0.0739 | Val IoU: 0.9512 | 🕒 50.79s
2025-10-11 14:42:41,703 [INFO] - Epoch 19 | Val Loss: 0.0765 | Val IoU: 0.9514 | 🕒 50.81s
2025-10-11 14:43:32,571 [INFO] - Epoch 20 | Val Loss: 0.0772 | Val IoU: 0.9515 | 🕒 50.87s
2025-10-11 14:44:23,376 [INFO] - Epoch 21 | Val Loss: 0.0771 | Val IoU: 0.9515 | 🕒 50.80s
2025-10-11 14:45:14,099 [INFO] - Epoch 22 | Val Loss: 0.0801 | Val IoU: 0.9513 | 🕒 50.72s
2025-10-11 14:46:05,060 [INFO] - Epoch 23 | Val Loss: 0.0796 | Val IoU: 0.9513 | 🕒 50.96s
2025-10-11 14:46:56,411 [INFO] - Epoch 24 | Val Loss: 0.0791 | Val IoU: 0.9514 | 🕒 51.35s
2025-10-11 14:47:48,103 [INFO] - Epoch 25 | Val Loss: 0.0801 | Val IoU: 0.9514 | 🕒 51.69s
2025-10-11 14:48:39,657 [INFO] - Epoch 26 | Val Loss: 0.0808 | Val IoU: 0.9513 | 🕒 51.55s
2025-10-11 14:49:31,454 [INFO] - Epoch 27 | Val Loss: 0.0816 | Val IoU: 0.9513 | 🕒 51.80s
2025-10-11 14:50:23,152 [INFO] - Epoch 28 | Val Loss: 0.0815 | Val IoU: 0.9511 | 🕒 51.70s
2025-10-11 14:51:14,647 [INFO] - Epoch 29 | Val Loss: 0.0808 | Val IoU: 0.9513 | 🕒 51.50s
2025-10-11 14:52:06,132 [INFO] - Epoch 30 | Val Loss: 0.0809 | Val IoU: 0.9514 | 🕒 51.48s
2025-10-11 14:52:06,132 [INFO] - 
--- Training for DeepGlobal_CrossEntropyLoss_DeepLabV3Plus_mobileone_s1 complete ---
2025-10-11 14:52:06,132 [INFO] - 📄 Time report saved at: plot/plot_DeepGlobal_CrossEntropyLoss_DeepLabV3Plus_mobileone_s1/training_times.txt
2025-10-11 14:52:06,132 [INFO] - ✅ Best model saved at: model/model_DeepGlobal_CrossEntropyLoss_DeepLabV3Plus_mobileone_s1.pt
2025-10-11 14:52:06,132 [INFO] - 📊 Per-epoch results saved at: plot/plot_DeepGlobal_CrossEntropyLoss_DeepLabV3Plus_mobileone_s1/epoch_results.csv
2025-10-11 14:52:06,133 [INFO] - 
Training history saved to 'plot/plot_DeepGlobal_CrossEntropyLoss_DeepLabV3Plus_mobileone_s1' directory.
2025-10-11 14:52:06,744 [INFO] - Summary plot saved at: plot/plot_DeepGlobal_CrossEntropyLoss_DeepLabV3Plus_mobileone_s1/training_metrics_summary.png
2025-10-11 14:52:07,007 [INFO] - 📈 Confusion matrix saved at: plot/plot_DeepGlobal_CrossEntropyLoss_DeepLabV3Plus_mobileone_s1/confusion_matrix.png
2025-10-11 14:52:07,007 [INFO] - 
============================= EXPERIMENT FINISHED ==============================

