2025-08-06 05:42:07,195 [INFO] - 
=========================== STARTING NEW EXPERIMENT ============================
2025-08-06 05:42:07,196 [INFO] - Configuration: DeepGlobal_CrossEntropyLoss_DeepLabV3Plus_mobileone_s0
2025-08-06 05:42:07,196 [INFO] - ================================================================================
2025-08-06 05:42:07,196 [INFO] - 🔄 Loading data...
2025-08-06 05:42:15,640 [INFO] - 🔧 Initializing model, loss function, and optimizer...
2025-08-06 05:54:15,440 [INFO] - Epoch 01 | Val Loss: 0.1245 | Val IoU: 0.9283 | 🕒 718.30s
2025-08-06 05:55:51,029 [INFO] - Epoch 02 | Val Loss: 0.0861 | Val IoU: 0.9372 | 🕒 95.59s
2025-08-06 05:57:26,100 [INFO] - Epoch 03 | Val Loss: 0.0845 | Val IoU: 0.9376 | 🕒 95.07s
2025-08-06 05:59:01,662 [INFO] - Epoch 04 | Val Loss: 0.0867 | Val IoU: 0.9384 | 🕒 95.56s
2025-08-06 06:00:36,501 [INFO] - Epoch 05 | Val Loss: 0.0813 | Val IoU: 0.9417 | 🕒 94.84s
2025-08-06 06:02:11,824 [INFO] - Epoch 06 | Val Loss: 0.0820 | Val IoU: 0.9409 | 🕒 95.32s
2025-08-06 06:03:47,530 [INFO] - Epoch 07 | Val Loss: 0.0777 | Val IoU: 0.9417 | 🕒 95.70s
2025-08-06 06:05:22,292 [INFO] - Epoch 08 | Val Loss: 0.0784 | Val IoU: 0.9422 | 🕒 94.76s
2025-08-06 06:06:56,798 [INFO] - Epoch 09 | Val Loss: 0.0800 | Val IoU: 0.9422 | 🕒 94.51s
2025-08-06 06:08:30,910 [INFO] - Epoch 10 | Val Loss: 0.0814 | Val IoU: 0.9408 | 🕒 94.11s
2025-08-06 06:10:05,076 [INFO] - Epoch 11 | Val Loss: 0.0956 | Val IoU: 0.9362 | 🕒 94.17s
2025-08-06 06:11:39,207 [INFO] - Epoch 12 | Val Loss: 0.0790 | Val IoU: 0.9461 | 🕒 94.13s
2025-08-06 06:13:13,158 [INFO] - Epoch 13 | Val Loss: 0.0957 | Val IoU: 0.9283 | 🕒 93.95s
2025-08-06 06:14:47,315 [INFO] - Epoch 14 | Val Loss: 0.0726 | Val IoU: 0.9468 | 🕒 94.16s
2025-08-06 06:16:21,875 [INFO] - Epoch 15 | Val Loss: 0.0734 | Val IoU: 0.9465 | 🕒 94.56s
2025-08-06 06:17:56,207 [INFO] - Epoch 16 | Val Loss: 0.0747 | Val IoU: 0.9463 | 🕒 94.33s
2025-08-06 06:19:30,921 [INFO] - Epoch 17 | Val Loss: 0.0739 | Val IoU: 0.9471 | 🕒 94.71s
2025-08-06 06:21:05,128 [INFO] - Epoch 18 | Val Loss: 0.0782 | Val IoU: 0.9449 | 🕒 94.21s
2025-08-06 06:22:39,065 [INFO] - Epoch 19 | Val Loss: 0.0792 | Val IoU: 0.9449 | 🕒 93.94s
2025-08-06 06:24:13,506 [INFO] - Epoch 20 | Val Loss: 0.0780 | Val IoU: 0.9462 | 🕒 94.44s
2025-08-06 06:25:48,278 [INFO] - Epoch 21 | Val Loss: 0.0783 | Val IoU: 0.9474 | 🕒 94.77s
2025-08-06 06:27:22,708 [INFO] - Epoch 22 | Val Loss: 0.0888 | Val IoU: 0.9408 | 🕒 94.43s
2025-08-06 06:28:57,167 [INFO] - Epoch 23 | Val Loss: 0.0772 | Val IoU: 0.9476 | 🕒 94.46s
2025-08-06 06:30:31,064 [INFO] - Epoch 24 | Val Loss: 0.0783 | Val IoU: 0.9473 | 🕒 93.90s
2025-08-06 06:32:05,013 [INFO] - Epoch 25 | Val Loss: 0.0859 | Val IoU: 0.9425 | 🕒 93.95s
2025-08-06 06:33:39,135 [INFO] - Epoch 26 | Val Loss: 0.0865 | Val IoU: 0.9419 | 🕒 94.12s
2025-08-06 06:35:13,137 [INFO] - Epoch 27 | Val Loss: 0.0795 | Val IoU: 0.9465 | 🕒 94.00s
2025-08-06 06:36:47,204 [INFO] - Epoch 28 | Val Loss: 0.0773 | Val IoU: 0.9474 | 🕒 94.07s
2025-08-06 06:38:21,608 [INFO] - Epoch 29 | Val Loss: 0.0832 | Val IoU: 0.9444 | 🕒 94.40s
2025-08-06 06:39:55,857 [INFO] - Epoch 30 | Val Loss: 0.0825 | Val IoU: 0.9449 | 🕒 94.25s
2025-08-06 06:39:55,858 [INFO] - 
--- Training for DeepGlobal_CrossEntropyLoss_DeepLabV3Plus_mobileone_s0 complete ---
2025-08-06 06:39:55,858 [INFO] - 📄 Time report saved at: plot/plot_DeepGlobal_CrossEntropyLoss_DeepLabV3Plus_mobileone_s0/training_times.txt
2025-08-06 06:39:55,858 [INFO] - ✅ Best model saved at: model/model_DeepGlobal_CrossEntropyLoss_DeepLabV3Plus_mobileone_s0.pt
2025-08-06 06:39:55,858 [INFO] - 📊 Per-epoch results saved at: plot/plot_DeepGlobal_CrossEntropyLoss_DeepLabV3Plus_mobileone_s0/epoch_results.csv
2025-08-06 06:39:55,859 [INFO] - 
Training history saved to 'plot/plot_DeepGlobal_CrossEntropyLoss_DeepLabV3Plus_mobileone_s0' directory.
2025-08-06 06:39:56,882 [INFO] - Summary plot saved at: plot/plot_DeepGlobal_CrossEntropyLoss_DeepLabV3Plus_mobileone_s0/training_metrics_summary.png
2025-08-06 06:39:57,011 [INFO] - 📈 Confusion matrix saved at: plot/plot_DeepGlobal_CrossEntropyLoss_DeepLabV3Plus_mobileone_s0/confusion_matrix.png
2025-08-06 06:39:57,011 [INFO] - 
============================= EXPERIMENT FINISHED ==============================

