2025-10-19 04:13:56,902 [INFO] - 
=========================== STARTING NEW EXPERIMENT ============================
2025-10-19 04:13:56,903 [INFO] - The device used: cuda
2025-10-19 04:13:56,903 [INFO] - Configuration: DeepGlobal_CrossEntropyLoss_FPN_mobileone_s1
2025-10-19 04:13:56,903 [INFO] - ================================================================================
2025-10-19 04:13:56,903 [INFO] - 🔄 Loading data...
2025-10-19 04:13:56,916 [INFO] - 🔧 Initializing model, loss function, and optimizer...
2025-10-19 04:15:20,293 [INFO] - Epoch 01 | Val Loss: 0.1019 | Val IoU: 0.9249 | 🕒 83.20s
2025-10-19 04:16:45,382 [INFO] - Epoch 02 | Val Loss: 0.0900 | Val IoU: 0.9332 | 🕒 85.09s
2025-10-19 04:18:09,368 [INFO] - Epoch 03 | Val Loss: 0.0852 | Val IoU: 0.9396 | 🕒 83.98s
2025-10-19 04:19:33,242 [INFO] - Epoch 04 | Val Loss: 0.0784 | Val IoU: 0.9397 | 🕒 83.87s
2025-10-19 04:20:58,570 [INFO] - Epoch 05 | Val Loss: 0.0762 | Val IoU: 0.9438 | 🕒 85.33s
2025-10-19 04:22:23,315 [INFO] - Epoch 06 | Val Loss: 0.0704 | Val IoU: 0.9469 | 🕒 84.74s
2025-10-19 04:23:47,628 [INFO] - Epoch 07 | Val Loss: 0.0703 | Val IoU: 0.9466 | 🕒 84.31s
2025-10-19 04:25:12,771 [INFO] - Epoch 08 | Val Loss: 0.0700 | Val IoU: 0.9479 | 🕒 85.14s
2025-10-19 04:26:37,720 [INFO] - Epoch 09 | Val Loss: 0.0749 | Val IoU: 0.9467 | 🕒 84.95s
2025-10-19 04:28:02,120 [INFO] - Epoch 10 | Val Loss: 0.0716 | Val IoU: 0.9457 | 🕒 84.40s
2025-10-19 04:29:27,445 [INFO] - Epoch 11 | Val Loss: 0.0737 | Val IoU: 0.9459 | 🕒 85.32s
2025-10-19 04:30:52,825 [INFO] - Epoch 12 | Val Loss: 0.0723 | Val IoU: 0.9457 | 🕒 85.38s
2025-10-19 04:32:17,029 [INFO] - Epoch 13 | Val Loss: 0.0746 | Val IoU: 0.9484 | 🕒 84.20s
2025-10-19 04:33:44,204 [INFO] - Epoch 14 | Val Loss: 0.0709 | Val IoU: 0.9485 | 🕒 87.17s
2025-10-19 04:35:10,861 [INFO] - Epoch 15 | Val Loss: 0.0736 | Val IoU: 0.9514 | 🕒 86.66s
2025-10-19 04:36:36,726 [INFO] - Epoch 16 | Val Loss: 0.0765 | Val IoU: 0.9512 | 🕒 85.86s
2025-10-19 04:38:03,375 [INFO] - Epoch 17 | Val Loss: 0.0764 | Val IoU: 0.9514 | 🕒 86.65s
2025-10-19 04:39:30,653 [INFO] - Epoch 18 | Val Loss: 0.0789 | Val IoU: 0.9512 | 🕒 87.28s
2025-10-19 04:40:57,796 [INFO] - Epoch 19 | Val Loss: 0.0794 | Val IoU: 0.9505 | 🕒 87.14s
2025-10-19 04:42:24,469 [INFO] - Epoch 20 | Val Loss: 0.0826 | Val IoU: 0.9510 | 🕒 86.67s
2025-10-19 04:43:51,458 [INFO] - Epoch 21 | Val Loss: 0.0837 | Val IoU: 0.9510 | 🕒 86.99s
2025-10-19 04:45:18,444 [INFO] - Epoch 22 | Val Loss: 0.0830 | Val IoU: 0.9510 | 🕒 86.98s
2025-10-19 04:46:45,818 [INFO] - Epoch 23 | Val Loss: 0.0838 | Val IoU: 0.9510 | 🕒 87.37s
2025-10-19 04:48:12,342 [INFO] - Epoch 24 | Val Loss: 0.0840 | Val IoU: 0.9509 | 🕒 86.52s
2025-10-19 04:49:39,016 [INFO] - Epoch 25 | Val Loss: 0.0845 | Val IoU: 0.9508 | 🕒 86.67s
2025-10-19 04:51:05,612 [INFO] - Epoch 26 | Val Loss: 0.0849 | Val IoU: 0.9507 | 🕒 86.59s
2025-10-19 04:52:29,088 [INFO] - Epoch 27 | Val Loss: 0.0862 | Val IoU: 0.9509 | 🕒 83.48s
2025-10-19 04:53:45,133 [INFO] - Epoch 28 | Val Loss: 0.0851 | Val IoU: 0.9509 | 🕒 76.04s
2025-10-19 04:55:01,701 [INFO] - Epoch 29 | Val Loss: 0.0856 | Val IoU: 0.9510 | 🕒 76.57s
2025-10-19 04:56:18,411 [INFO] - Epoch 30 | Val Loss: 0.0862 | Val IoU: 0.9507 | 🕒 76.71s
2025-10-19 04:56:18,411 [INFO] - 
--- Training for DeepGlobal_CrossEntropyLoss_FPN_mobileone_s1 complete ---
2025-10-19 04:56:18,412 [INFO] - 📄 Time report saved at: plot/plot_DeepGlobal_CrossEntropyLoss_FPN_mobileone_s1\training_times.txt
2025-10-19 04:56:18,412 [INFO] - ✅ Best model saved at: model/model_DeepGlobal_CrossEntropyLoss_FPN_mobileone_s1.pt
2025-10-19 04:56:18,412 [INFO] - 📊 Per-epoch results saved at: plot/plot_DeepGlobal_CrossEntropyLoss_FPN_mobileone_s1\epoch_results.csv
2025-10-19 04:56:18,418 [INFO] - 
Training history saved to 'plot/plot_DeepGlobal_CrossEntropyLoss_FPN_mobileone_s1' directory.
