2025-08-07 06:55:49,177 [INFO] - 
=========================== STARTING NEW EXPERIMENT ============================
2025-08-07 06:55:49,177 [INFO] - Configuration: DeepGlobal_CrossEntropyLoss_UNet++_mobileone_s2
2025-08-07 06:55:49,177 [INFO] - ================================================================================
2025-08-07 06:55:49,177 [INFO] - 🔄 Loading data...
2025-08-07 06:55:57,162 [INFO] - 🔧 Initializing model, loss function, and optimizer...
2025-08-07 07:26:09,858 [INFO] - Epoch 01 | Val Loss: 0.0815 | Val IoU: 0.9412 | 🕒 1811.28s
2025-08-07 07:29:21,942 [INFO] - Epoch 02 | Val Loss: 0.0720 | Val IoU: 0.9471 | 🕒 192.08s
2025-08-07 07:32:30,592 [INFO] - Epoch 03 | Val Loss: 0.0663 | Val IoU: 0.9500 | 🕒 188.65s
2025-08-07 07:35:38,743 [INFO] - Epoch 04 | Val Loss: 0.0710 | Val IoU: 0.9479 | 🕒 188.15s
2025-08-07 07:38:48,181 [INFO] - Epoch 05 | Val Loss: 0.0653 | Val IoU: 0.9498 | 🕒 189.44s
2025-08-07 07:41:57,199 [INFO] - Epoch 06 | Val Loss: 0.0641 | Val IoU: 0.9508 | 🕒 189.02s
2025-08-07 07:45:06,000 [INFO] - Epoch 07 | Val Loss: 0.0688 | Val IoU: 0.9472 | 🕒 188.80s
2025-08-07 07:48:14,990 [INFO] - Epoch 08 | Val Loss: 0.0687 | Val IoU: 0.9516 | 🕒 188.99s
2025-08-07 07:51:24,288 [INFO] - Epoch 09 | Val Loss: 0.0752 | Val IoU: 0.9496 | 🕒 189.30s
2025-08-07 07:54:33,584 [INFO] - Epoch 10 | Val Loss: 0.0652 | Val IoU: 0.9526 | 🕒 189.30s
2025-08-07 07:57:42,356 [INFO] - Epoch 11 | Val Loss: 0.0692 | Val IoU: 0.9534 | 🕒 188.77s
2025-08-07 08:00:50,597 [INFO] - Epoch 12 | Val Loss: 0.0642 | Val IoU: 0.9516 | 🕒 188.24s
2025-08-07 08:03:59,842 [INFO] - Epoch 13 | Val Loss: 0.0641 | Val IoU: 0.9560 | 🕒 189.24s
2025-08-07 08:07:08,535 [INFO] - Epoch 14 | Val Loss: 0.0668 | Val IoU: 0.9557 | 🕒 188.69s
2025-08-07 08:10:17,110 [INFO] - Epoch 15 | Val Loss: 0.0704 | Val IoU: 0.9556 | 🕒 188.57s
2025-08-07 08:13:25,693 [INFO] - Epoch 16 | Val Loss: 0.0702 | Val IoU: 0.9556 | 🕒 188.58s
2025-08-07 08:16:34,356 [INFO] - Epoch 17 | Val Loss: 0.0736 | Val IoU: 0.9556 | 🕒 188.66s
2025-08-07 08:19:43,130 [INFO] - Epoch 18 | Val Loss: 0.0742 | Val IoU: 0.9553 | 🕒 188.77s
2025-08-07 08:22:51,750 [INFO] - Epoch 19 | Val Loss: 0.0743 | Val IoU: 0.9554 | 🕒 188.62s
2025-08-07 08:26:00,684 [INFO] - Epoch 20 | Val Loss: 0.0736 | Val IoU: 0.9553 | 🕒 188.93s
2025-08-07 08:29:09,903 [INFO] - Epoch 21 | Val Loss: 0.0762 | Val IoU: 0.9553 | 🕒 189.22s
2025-08-07 08:32:18,847 [INFO] - Epoch 22 | Val Loss: 0.1043 | Val IoU: 0.9549 | 🕒 188.94s
2025-08-07 08:35:27,907 [INFO] - Epoch 23 | Val Loss: 0.0760 | Val IoU: 0.9553 | 🕒 189.06s
2025-08-07 08:38:37,075 [INFO] - Epoch 24 | Val Loss: 0.0760 | Val IoU: 0.9553 | 🕒 189.17s
2025-08-07 08:41:45,631 [INFO] - Epoch 25 | Val Loss: 0.0759 | Val IoU: 0.9554 | 🕒 188.56s
2025-08-07 08:44:54,245 [INFO] - Epoch 26 | Val Loss: 0.0753 | Val IoU: 0.9553 | 🕒 188.61s
2025-08-07 08:48:03,528 [INFO] - Epoch 27 | Val Loss: 0.0768 | Val IoU: 0.9553 | 🕒 189.28s
2025-08-07 08:51:12,622 [INFO] - Epoch 28 | Val Loss: 0.0766 | Val IoU: 0.9554 | 🕒 189.09s
2025-08-07 08:54:21,583 [INFO] - Epoch 29 | Val Loss: 0.0767 | Val IoU: 0.9553 | 🕒 188.96s
2025-08-07 08:57:30,241 [INFO] - Epoch 30 | Val Loss: 0.0765 | Val IoU: 0.9553 | 🕒 188.66s
2025-08-07 08:57:30,242 [INFO] - 
--- Training for DeepGlobal_CrossEntropyLoss_UNet++_mobileone_s2 complete ---
2025-08-07 08:57:30,242 [INFO] - 📄 Time report saved at: plot/plot_DeepGlobal_CrossEntropyLoss_UNet++_mobileone_s2/training_times.txt
2025-08-07 08:57:30,242 [INFO] - ✅ Best model saved at: model/model_DeepGlobal_CrossEntropyLoss_UNet++_mobileone_s2.pt
2025-08-07 08:57:30,242 [INFO] - 📊 Per-epoch results saved at: plot/plot_DeepGlobal_CrossEntropyLoss_UNet++_mobileone_s2/epoch_results.csv
2025-08-07 08:57:30,244 [INFO] - 
Training history saved to 'plot/plot_DeepGlobal_CrossEntropyLoss_UNet++_mobileone_s2' directory.
2025-08-07 08:57:31,396 [INFO] - Summary plot saved at: plot/plot_DeepGlobal_CrossEntropyLoss_UNet++_mobileone_s2/training_metrics_summary.png
2025-08-07 08:57:31,541 [INFO] - 📈 Confusion matrix saved at: plot/plot_DeepGlobal_CrossEntropyLoss_UNet++_mobileone_s2/confusion_matrix.png
2025-08-07 08:57:31,541 [INFO] - 
============================= EXPERIMENT FINISHED ==============================

