2025-10-16 22:40:04,684 [INFO] - 
=========================== STARTING NEW EXPERIMENT ============================
2025-10-16 22:40:04,684 [INFO] - The device used: cuda
2025-10-16 22:40:04,684 [INFO] - Configuration: DeepGlobal_CrossEntropyLoss_PSPNet_mobileone_s0
2025-10-16 22:40:04,684 [INFO] - ================================================================================
2025-10-16 22:40:04,684 [INFO] - 🔄 Loading data...
2025-10-16 22:40:04,692 [INFO] - 🔧 Initializing model, loss function, and optimizer...
2025-10-16 22:41:24,220 [INFO] - Epoch 01 | Val Loss: 0.1031 | Val IoU: 0.9261 | 🕒 79.32s
2025-10-16 22:42:48,416 [INFO] - Epoch 02 | Val Loss: 0.0954 | Val IoU: 0.9288 | 🕒 84.19s
2025-10-16 22:44:09,657 [INFO] - Epoch 03 | Val Loss: 0.1085 | Val IoU: 0.9258 | 🕒 81.24s
2025-10-16 22:45:30,152 [INFO] - Epoch 04 | Val Loss: 0.0865 | Val IoU: 0.9350 | 🕒 80.50s
2025-10-16 22:46:47,214 [INFO] - Epoch 05 | Val Loss: 0.0882 | Val IoU: 0.9347 | 🕒 77.06s
2025-10-16 22:48:04,152 [INFO] - Epoch 06 | Val Loss: 0.0986 | Val IoU: 0.9306 | 🕒 76.94s
2025-10-16 22:49:22,868 [INFO] - Epoch 07 | Val Loss: 0.0832 | Val IoU: 0.9387 | 🕒 78.71s
2025-10-16 22:50:42,812 [INFO] - Epoch 08 | Val Loss: 0.0833 | Val IoU: 0.9377 | 🕒 79.94s
2025-10-16 22:52:01,404 [INFO] - Epoch 09 | Val Loss: 0.0794 | Val IoU: 0.9397 | 🕒 78.59s
2025-10-16 22:53:18,427 [INFO] - Epoch 10 | Val Loss: 0.0883 | Val IoU: 0.9354 | 🕒 77.02s
2025-10-16 22:54:37,370 [INFO] - Epoch 11 | Val Loss: 0.0838 | Val IoU: 0.9376 | 🕒 78.94s
2025-10-16 22:55:52,415 [INFO] - Epoch 12 | Val Loss: 0.0799 | Val IoU: 0.9397 | 🕒 75.04s
2025-10-16 22:57:12,448 [INFO] - Epoch 13 | Val Loss: 0.0871 | Val IoU: 0.9387 | 🕒 80.03s
2025-10-16 22:58:32,333 [INFO] - Epoch 14 | Val Loss: 0.0779 | Val IoU: 0.9414 | 🕒 79.88s
2025-10-16 22:59:55,878 [INFO] - Epoch 15 | Val Loss: 0.0861 | Val IoU: 0.9388 | 🕒 83.54s
2025-10-16 23:01:33,415 [INFO] - Epoch 16 | Val Loss: 0.0813 | Val IoU: 0.9402 | 🕒 97.54s
2025-10-16 23:02:50,563 [INFO] - Epoch 17 | Val Loss: 0.0785 | Val IoU: 0.9420 | 🕒 77.15s
2025-10-16 23:04:04,677 [INFO] - Epoch 18 | Val Loss: 0.0786 | Val IoU: 0.9423 | 🕒 74.11s
2025-10-16 23:05:17,893 [INFO] - Epoch 19 | Val Loss: 0.0777 | Val IoU: 0.9416 | 🕒 73.22s
2025-10-16 23:06:33,069 [INFO] - Epoch 20 | Val Loss: 0.0780 | Val IoU: 0.9427 | 🕒 75.17s
2025-10-16 23:07:47,904 [INFO] - Epoch 21 | Val Loss: 0.0826 | Val IoU: 0.9402 | 🕒 74.83s
2025-10-16 23:09:05,623 [INFO] - Epoch 22 | Val Loss: 0.0787 | Val IoU: 0.9418 | 🕒 77.72s
2025-10-16 23:10:23,906 [INFO] - Epoch 23 | Val Loss: 0.0888 | Val IoU: 0.9405 | 🕒 78.28s
2025-10-16 23:11:42,852 [INFO] - Epoch 24 | Val Loss: 0.0832 | Val IoU: 0.9406 | 🕒 78.95s
2025-10-16 23:13:01,331 [INFO] - Epoch 25 | Val Loss: 0.0834 | Val IoU: 0.9422 | 🕒 78.48s
2025-10-16 23:14:19,325 [INFO] - Epoch 26 | Val Loss: 0.0791 | Val IoU: 0.9435 | 🕒 77.99s
2025-10-16 23:15:38,711 [INFO] - Epoch 27 | Val Loss: 0.0821 | Val IoU: 0.9439 | 🕒 79.39s
2025-10-16 23:16:56,985 [INFO] - Epoch 28 | Val Loss: 0.0824 | Val IoU: 0.9442 | 🕒 78.27s
2025-10-16 23:18:11,740 [INFO] - Epoch 29 | Val Loss: 0.0827 | Val IoU: 0.9438 | 🕒 74.75s
2025-10-16 23:19:29,636 [INFO] - Epoch 30 | Val Loss: 0.0830 | Val IoU: 0.9438 | 🕒 77.89s
2025-10-16 23:19:29,636 [INFO] - 
--- Training for DeepGlobal_CrossEntropyLoss_PSPNet_mobileone_s0 complete ---
2025-10-16 23:19:29,642 [INFO] - 📄 Time report saved at: plot/plot_DeepGlobal_CrossEntropyLoss_PSPNet_mobileone_s0\training_times.txt
2025-10-16 23:19:29,643 [INFO] - ✅ Best model saved at: model/model_DeepGlobal_CrossEntropyLoss_PSPNet_mobileone_s0.pt
2025-10-16 23:19:29,644 [INFO] - 📊 Per-epoch results saved at: plot/plot_DeepGlobal_CrossEntropyLoss_PSPNet_mobileone_s0\epoch_results.csv
2025-10-16 23:19:29,682 [INFO] - 
Training history saved to 'plot/plot_DeepGlobal_CrossEntropyLoss_PSPNet_mobileone_s0' directory.
2025-10-16 23:19:33,707 [INFO] - Summary plot saved at: plot/plot_DeepGlobal_CrossEntropyLoss_PSPNet_mobileone_s0\training_metrics_summary.png
2025-10-16 23:19:34,051 [INFO] - 📈 Confusion matrix saved at: plot/plot_DeepGlobal_CrossEntropyLoss_PSPNet_mobileone_s0\confusion_matrix.png
2025-10-16 23:19:34,053 [INFO] - 
============================= EXPERIMENT FINISHED ==============================

