2025-08-05 18:18:57,007 [INFO] - 
=========================== STARTING NEW EXPERIMENT ============================
2025-08-05 18:18:57,007 [INFO] - Configuration: Massachusetts_CrossEntropyLoss_DeepLabV3Plus_mobileone_s2
2025-08-05 18:18:57,007 [INFO] - ================================================================================
2025-08-05 18:18:57,007 [INFO] - 🔄 Loading data...
2025-08-05 18:18:57,011 [INFO] - 🔧 Initializing model, loss function, and optimizer...
2025-08-05 18:19:30,000 [INFO] - Epoch 01 | Val Loss: 0.1362 | Val IoU: 0.9057 | 🕒 32.86s
2025-08-05 18:20:02,848 [INFO] - Epoch 02 | Val Loss: 0.1284 | Val IoU: 0.9088 | 🕒 32.85s
2025-08-05 18:20:35,661 [INFO] - Epoch 03 | Val Loss: 0.1264 | Val IoU: 0.9085 | 🕒 32.81s
2025-08-05 18:21:08,575 [INFO] - Epoch 04 | Val Loss: 0.1157 | Val IoU: 0.9139 | 🕒 32.91s
2025-08-05 18:21:42,733 [INFO] - Epoch 05 | Val Loss: 0.1162 | Val IoU: 0.9151 | 🕒 34.16s
2025-08-05 18:22:16,671 [INFO] - Epoch 06 | Val Loss: 0.1123 | Val IoU: 0.9179 | 🕒 33.94s
2025-08-05 18:22:49,737 [INFO] - Epoch 07 | Val Loss: 0.1158 | Val IoU: 0.9139 | 🕒 33.07s
2025-08-05 18:23:22,698 [INFO] - Epoch 08 | Val Loss: 0.1104 | Val IoU: 0.9200 | 🕒 32.96s
2025-08-05 18:23:55,573 [INFO] - Epoch 09 | Val Loss: 0.1088 | Val IoU: 0.9194 | 🕒 32.87s
2025-08-05 18:24:28,359 [INFO] - Epoch 10 | Val Loss: 0.1144 | Val IoU: 0.9169 | 🕒 32.79s
2025-08-05 18:25:01,397 [INFO] - Epoch 11 | Val Loss: 0.1104 | Val IoU: 0.9205 | 🕒 33.04s
2025-08-05 18:25:34,137 [INFO] - Epoch 12 | Val Loss: 0.1165 | Val IoU: 0.9202 | 🕒 32.74s
2025-08-05 18:26:06,911 [INFO] - Epoch 13 | Val Loss: 0.1137 | Val IoU: 0.9189 | 🕒 32.77s
2025-08-05 18:26:39,849 [INFO] - Epoch 14 | Val Loss: 0.1098 | Val IoU: 0.9222 | 🕒 32.94s
2025-08-05 18:27:12,651 [INFO] - Epoch 15 | Val Loss: 0.1123 | Val IoU: 0.9219 | 🕒 32.80s
2025-08-05 18:27:45,531 [INFO] - Epoch 16 | Val Loss: 0.1088 | Val IoU: 0.9235 | 🕒 32.88s
2025-08-05 18:28:18,354 [INFO] - Epoch 17 | Val Loss: 0.1107 | Val IoU: 0.9234 | 🕒 32.82s
2025-08-05 18:28:52,090 [INFO] - Epoch 18 | Val Loss: 0.1113 | Val IoU: 0.9234 | 🕒 33.74s
2025-08-05 18:29:25,173 [INFO] - Epoch 19 | Val Loss: 0.1122 | Val IoU: 0.9239 | 🕒 33.08s
2025-08-05 18:29:58,385 [INFO] - Epoch 20 | Val Loss: 0.1120 | Val IoU: 0.9237 | 🕒 33.21s
2025-08-05 18:30:33,108 [INFO] - Epoch 21 | Val Loss: 0.1122 | Val IoU: 0.9234 | 🕒 34.72s
2025-08-05 18:31:07,493 [INFO] - Epoch 22 | Val Loss: 0.1129 | Val IoU: 0.9235 | 🕒 34.38s
2025-08-05 18:31:41,541 [INFO] - Epoch 23 | Val Loss: 0.1131 | Val IoU: 0.9236 | 🕒 34.05s
2025-08-05 18:32:14,455 [INFO] - Epoch 24 | Val Loss: 0.1133 | Val IoU: 0.9235 | 🕒 32.91s
2025-08-05 18:32:48,089 [INFO] - Epoch 25 | Val Loss: 0.1134 | Val IoU: 0.9236 | 🕒 33.63s
2025-08-05 18:33:21,041 [INFO] - Epoch 26 | Val Loss: 0.1125 | Val IoU: 0.9237 | 🕒 32.95s
2025-08-05 18:33:53,887 [INFO] - Epoch 27 | Val Loss: 0.1124 | Val IoU: 0.9236 | 🕒 32.85s
2025-08-05 18:34:26,737 [INFO] - Epoch 28 | Val Loss: 0.1128 | Val IoU: 0.9239 | 🕒 32.85s
2025-08-05 18:34:59,587 [INFO] - Epoch 29 | Val Loss: 0.1151 | Val IoU: 0.9238 | 🕒 32.85s
2025-08-05 18:35:32,391 [INFO] - Epoch 30 | Val Loss: 0.1119 | Val IoU: 0.9237 | 🕒 32.80s
2025-08-05 18:35:32,391 [INFO] - 
--- Training for Massachusetts_CrossEntropyLoss_DeepLabV3Plus_mobileone_s2 complete ---
2025-08-05 18:35:32,392 [INFO] - 📄 Time report saved at: plot/plot_Massachusetts_CrossEntropyLoss_DeepLabV3Plus_mobileone_s2/training_times.txt
2025-08-05 18:35:32,392 [INFO] - ✅ Best model saved at: model/model_Massachusetts_CrossEntropyLoss_DeepLabV3Plus_mobileone_s2.pt
2025-08-05 18:35:32,392 [INFO] - 📊 Per-epoch results saved at: plot/plot_Massachusetts_CrossEntropyLoss_DeepLabV3Plus_mobileone_s2/epoch_results.csv
2025-08-05 18:35:32,393 [INFO] - 
Training history saved to 'plot/plot_Massachusetts_CrossEntropyLoss_DeepLabV3Plus_mobileone_s2' directory.
2025-08-05 18:35:33,065 [INFO] - Summary plot saved at: plot/plot_Massachusetts_CrossEntropyLoss_DeepLabV3Plus_mobileone_s2/training_metrics_summary.png
2025-08-05 18:35:33,213 [INFO] - 📈 Confusion matrix saved at: plot/plot_Massachusetts_CrossEntropyLoss_DeepLabV3Plus_mobileone_s2/confusion_matrix.png
2025-08-05 18:35:33,213 [INFO] - 
============================= EXPERIMENT FINISHED ==============================

