2025-10-11 16:08:56,445 [INFO] - 
=========================== STARTING NEW EXPERIMENT ============================
2025-10-11 16:08:56,445 [INFO] - The device used: cuda
2025-10-11 16:08:56,445 [INFO] - Configuration: TGRS_Road_CrossEntropyLoss_DeepLabV3Plus_mobileone_s2
2025-10-11 16:08:56,445 [INFO] - ================================================================================
2025-10-11 16:08:56,445 [INFO] - 🔄 Loading data...
2025-10-11 16:08:56,446 [INFO] - 🔧 Initializing model, loss function, and optimizer...
2025-10-11 16:09:06,049 [INFO] - Epoch 01 | Val Loss: 0.1649 | Val IoU: 0.8869 | 🕒 9.49s
2025-10-11 16:09:15,355 [INFO] - Epoch 02 | Val Loss: 0.1013 | Val IoU: 0.9196 | 🕒 9.31s
2025-10-11 16:09:24,677 [INFO] - Epoch 03 | Val Loss: 0.0848 | Val IoU: 0.9339 | 🕒 9.32s
2025-10-11 16:09:33,971 [INFO] - Epoch 04 | Val Loss: 0.0797 | Val IoU: 0.9355 | 🕒 9.29s
2025-10-11 16:09:43,295 [INFO] - Epoch 05 | Val Loss: 0.0700 | Val IoU: 0.9434 | 🕒 9.32s
2025-10-11 16:09:52,462 [INFO] - Epoch 06 | Val Loss: 0.0733 | Val IoU: 0.9408 | 🕒 9.17s
2025-10-11 16:10:01,764 [INFO] - Epoch 07 | Val Loss: 0.0648 | Val IoU: 0.9473 | 🕒 9.30s
2025-10-11 16:10:10,984 [INFO] - Epoch 08 | Val Loss: 0.0695 | Val IoU: 0.9446 | 🕒 9.22s
2025-10-11 16:10:20,180 [INFO] - Epoch 09 | Val Loss: 0.0693 | Val IoU: 0.9438 | 🕒 9.20s
2025-10-11 16:10:29,374 [INFO] - Epoch 10 | Val Loss: 0.0682 | Val IoU: 0.9457 | 🕒 9.19s
2025-10-11 16:10:38,574 [INFO] - Epoch 11 | Val Loss: 0.0701 | Val IoU: 0.9454 | 🕒 9.20s
2025-10-11 16:10:47,872 [INFO] - Epoch 12 | Val Loss: 0.0647 | Val IoU: 0.9488 | 🕒 9.30s
2025-10-11 16:10:57,168 [INFO] - Epoch 13 | Val Loss: 0.0629 | Val IoU: 0.9504 | 🕒 9.30s
2025-10-11 16:11:06,380 [INFO] - Epoch 14 | Val Loss: 0.0636 | Val IoU: 0.9499 | 🕒 9.21s
2025-10-11 16:11:15,591 [INFO] - Epoch 15 | Val Loss: 0.0683 | Val IoU: 0.9475 | 🕒 9.21s
2025-10-11 16:11:24,802 [INFO] - Epoch 16 | Val Loss: 0.0760 | Val IoU: 0.9433 | 🕒 9.21s
2025-10-11 16:11:33,996 [INFO] - Epoch 17 | Val Loss: 0.0642 | Val IoU: 0.9503 | 🕒 9.19s
2025-10-11 16:11:43,289 [INFO] - Epoch 18 | Val Loss: 0.0636 | Val IoU: 0.9508 | 🕒 9.29s
2025-10-11 16:11:52,500 [INFO] - Epoch 19 | Val Loss: 0.0868 | Val IoU: 0.9379 | 🕒 9.21s
2025-10-11 16:12:01,821 [INFO] - Epoch 20 | Val Loss: 0.0635 | Val IoU: 0.9516 | 🕒 9.32s
2025-10-11 16:12:11,037 [INFO] - Epoch 21 | Val Loss: 0.0642 | Val IoU: 0.9513 | 🕒 9.22s
2025-10-11 16:12:20,387 [INFO] - Epoch 22 | Val Loss: 0.0634 | Val IoU: 0.9518 | 🕒 9.35s
2025-10-11 16:12:29,577 [INFO] - Epoch 23 | Val Loss: 0.0641 | Val IoU: 0.9515 | 🕒 9.19s
2025-10-11 16:12:38,894 [INFO] - Epoch 24 | Val Loss: 0.0628 | Val IoU: 0.9524 | 🕒 9.32s
2025-10-11 16:12:48,101 [INFO] - Epoch 25 | Val Loss: 0.0653 | Val IoU: 0.9512 | 🕒 9.21s
2025-10-11 16:12:57,329 [INFO] - Epoch 26 | Val Loss: 0.0647 | Val IoU: 0.9517 | 🕒 9.23s
2025-10-11 16:13:06,516 [INFO] - Epoch 27 | Val Loss: 0.0655 | Val IoU: 0.9515 | 🕒 9.19s
2025-10-11 16:13:15,718 [INFO] - Epoch 28 | Val Loss: 0.0655 | Val IoU: 0.9515 | 🕒 9.20s
2025-10-11 16:13:24,916 [INFO] - Epoch 29 | Val Loss: 0.0662 | Val IoU: 0.9513 | 🕒 9.20s
2025-10-11 16:13:34,127 [INFO] - Epoch 30 | Val Loss: 0.0657 | Val IoU: 0.9516 | 🕒 9.21s
2025-10-11 16:13:34,128 [INFO] - 
--- Training for TGRS_Road_CrossEntropyLoss_DeepLabV3Plus_mobileone_s2 complete ---
2025-10-11 16:13:34,128 [INFO] - 📄 Time report saved at: plot/plot_TGRS_Road_CrossEntropyLoss_DeepLabV3Plus_mobileone_s2/training_times.txt
2025-10-11 16:13:34,128 [INFO] - ✅ Best model saved at: model/model_TGRS_Road_CrossEntropyLoss_DeepLabV3Plus_mobileone_s2.pt
2025-10-11 16:13:34,128 [INFO] - 📊 Per-epoch results saved at: plot/plot_TGRS_Road_CrossEntropyLoss_DeepLabV3Plus_mobileone_s2/epoch_results.csv
2025-10-11 16:13:34,129 [INFO] - 
Training history saved to 'plot/plot_TGRS_Road_CrossEntropyLoss_DeepLabV3Plus_mobileone_s2' directory.
2025-10-11 16:13:34,724 [INFO] - Summary plot saved at: plot/plot_TGRS_Road_CrossEntropyLoss_DeepLabV3Plus_mobileone_s2/training_metrics_summary.png
2025-10-11 16:13:34,807 [INFO] - 📈 Confusion matrix saved at: plot/plot_TGRS_Road_CrossEntropyLoss_DeepLabV3Plus_mobileone_s2/confusion_matrix.png
2025-10-11 16:13:34,807 [INFO] - 
============================= EXPERIMENT FINISHED ==============================

