2025-12-20 14:54:11,691 [INFO] - Config suffix: TGRS_Road_CrossEntropyLoss_EfficientViT-Seg_l1-ade20k
2025-12-20 14:54:11,691 [INFO] - Device: cuda
2025-12-20 14:54:11,691 [INFO] - 🔄 Loading data...
2025-12-20 14:54:11,701 [INFO] - 🔧 Initializing model, loss, optimizer, scheduler...
2025-12-20 14:54:47,511 [INFO] - Epoch 01/30 | Val Loss: 0.1410 | Val IoU: 0.9011 | 🕒 34.29s
2025-12-20 14:55:22,191 [INFO] - Epoch 02/30 | Val Loss: 0.0900 | Val IoU: 0.9292 | 🕒 34.61s
2025-12-20 14:55:56,822 [INFO] - Epoch 03/30 | Val Loss: 0.0824 | Val IoU: 0.9355 | 🕒 34.55s
2025-12-20 14:56:31,345 [INFO] - Epoch 04/30 | Val Loss: 0.0726 | Val IoU: 0.9405 | 🕒 34.45s
2025-12-20 14:57:05,706 [INFO] - Epoch 05/30 | Val Loss: 0.0781 | Val IoU: 0.9382 | 🕒 34.28s
2025-12-20 14:57:40,056 [INFO] - Epoch 06/30 | Val Loss: 0.0729 | Val IoU: 0.9396 | 🕒 34.28s
2025-12-20 14:58:14,276 [INFO] - Epoch 07/30 | Val Loss: 0.0785 | Val IoU: 0.9387 | 🕒 34.15s
2025-12-20 14:58:48,619 [INFO] - Epoch 08/30 | Val Loss: 0.0778 | Val IoU: 0.9396 | 🕒 34.27s
2025-12-20 14:59:23,292 [INFO] - Epoch 09/30 | Val Loss: 0.0730 | Val IoU: 0.9428 | 🕒 34.60s
2025-12-20 14:59:57,969 [INFO] - Epoch 10/30 | Val Loss: 0.0735 | Val IoU: 0.9420 | 🕒 34.60s
2025-12-20 15:00:32,551 [INFO] - Epoch 11/30 | Val Loss: 0.0659 | Val IoU: 0.9491 | 🕒 34.51s
2025-12-20 15:01:07,214 [INFO] - Epoch 12/30 | Val Loss: 0.0646 | Val IoU: 0.9501 | 🕒 34.59s
2025-12-20 15:01:41,444 [INFO] - Epoch 13/30 | Val Loss: 0.0652 | Val IoU: 0.9497 | 🕒 34.15s
2025-12-20 15:02:16,081 [INFO] - Epoch 14/30 | Val Loss: 0.0635 | Val IoU: 0.9508 | 🕒 34.56s
2025-12-20 15:02:50,249 [INFO] - Epoch 15/30 | Val Loss: 0.0658 | Val IoU: 0.9493 | 🕒 34.10s
2025-12-20 15:03:24,559 [INFO] - Epoch 16/30 | Val Loss: 0.0670 | Val IoU: 0.9487 | 🕒 34.24s
2025-12-20 15:03:58,853 [INFO] - Epoch 17/30 | Val Loss: 0.0644 | Val IoU: 0.9507 | 🕒 34.22s
2025-12-20 15:04:33,048 [INFO] - Epoch 18/30 | Val Loss: 0.0646 | Val IoU: 0.9506 | 🕒 34.12s
2025-12-20 15:05:07,630 [INFO] - Epoch 19/30 | Val Loss: 0.0632 | Val IoU: 0.9515 | 🕒 34.51s
2025-12-20 15:05:41,847 [INFO] - Epoch 20/30 | Val Loss: 0.0684 | Val IoU: 0.9481 | 🕒 34.15s
2025-12-20 15:06:16,418 [INFO] - Epoch 21/30 | Val Loss: 0.0633 | Val IoU: 0.9518 | 🕒 34.50s
2025-12-20 15:06:51,187 [INFO] - Epoch 22/30 | Val Loss: 0.0646 | Val IoU: 0.9510 | 🕒 34.70s
2025-12-20 15:07:25,363 [INFO] - Epoch 23/30 | Val Loss: 0.0651 | Val IoU: 0.9507 | 🕒 34.10s
2025-12-20 15:07:59,659 [INFO] - Epoch 24/30 | Val Loss: 0.0654 | Val IoU: 0.9509 | 🕒 34.22s
2025-12-20 15:08:34,128 [INFO] - Epoch 25/30 | Val Loss: 0.0668 | Val IoU: 0.9501 | 🕒 34.40s
2025-12-20 15:09:08,290 [INFO] - Epoch 26/30 | Val Loss: 0.0650 | Val IoU: 0.9510 | 🕒 34.09s
2025-12-20 15:09:42,564 [INFO] - Epoch 27/30 | Val Loss: 0.0649 | Val IoU: 0.9509 | 🕒 34.20s
2025-12-20 15:10:16,803 [INFO] - Epoch 28/30 | Val Loss: 0.0668 | Val IoU: 0.9500 | 🕒 34.16s
2025-12-20 15:10:51,055 [INFO] - Epoch 29/30 | Val Loss: 0.0657 | Val IoU: 0.9505 | 🕒 34.17s
2025-12-20 15:11:25,315 [INFO] - Epoch 30/30 | Val Loss: 0.0660 | Val IoU: 0.9507 | 🕒 34.19s
2025-12-20 15:11:25,390 [INFO] - 📄 Time report saved at: plot/plot_TGRS_Road_CrossEntropyLoss_EfficientViT-Seg_l1-ade20k/training_times.txt
2025-12-20 15:11:26,492 [INFO] - ✅ Best model saved at: model/model_TGRS_Road_CrossEntropyLoss_EfficientViT-Seg_l1-ade20k.pt
2025-12-20 15:11:26,493 [INFO] - 📊 Results saved at: plot/plot_TGRS_Road_CrossEntropyLoss_EfficientViT-Seg_l1-ade20k
