2025-12-20 14:29:21,857 [INFO] - Config suffix: Massachusetts_CrossEntropyLoss_EfficientViT-Seg_l1-cityscapes
2025-12-20 14:29:21,857 [INFO] - Device: cuda
2025-12-20 14:29:21,857 [INFO] - 🔄 Loading data...
2025-12-20 14:29:21,894 [INFO] - 🔧 Initializing model, loss, optimizer, scheduler...
2025-12-20 14:30:40,915 [INFO] - Epoch 01/30 | Val Loss: 0.1401 | Val IoU: 0.9041 | 🕒 77.42s
2025-12-20 14:32:01,401 [INFO] - Epoch 02/30 | Val Loss: 0.1342 | Val IoU: 0.9060 | 🕒 80.42s
2025-12-20 14:33:21,770 [INFO] - Epoch 03/30 | Val Loss: 0.1372 | Val IoU: 0.9071 | 🕒 80.30s
2025-12-20 14:34:41,884 [INFO] - Epoch 04/30 | Val Loss: 0.1366 | Val IoU: 0.9066 | 🕒 80.04s
2025-12-20 14:36:01,459 [INFO] - Epoch 05/30 | Val Loss: 0.1328 | Val IoU: 0.8976 | 🕒 79.49s
2025-12-20 14:37:21,698 [INFO] - Epoch 06/30 | Val Loss: 0.1275 | Val IoU: 0.9082 | 🕒 80.16s
2025-12-20 14:38:41,753 [INFO] - Epoch 07/30 | Val Loss: 0.1241 | Val IoU: 0.9081 | 🕒 79.98s
2025-12-20 14:40:01,508 [INFO] - Epoch 08/30 | Val Loss: 0.1404 | Val IoU: 0.9080 | 🕒 79.67s
2025-12-20 14:41:22,125 [INFO] - Epoch 09/30 | Val Loss: 0.1409 | Val IoU: 0.9090 | 🕒 80.53s
2025-12-20 14:42:42,738 [INFO] - Epoch 10/30 | Val Loss: 0.1453 | Val IoU: 0.9063 | 🕒 80.54s
2025-12-20 14:44:02,807 [INFO] - Epoch 11/30 | Val Loss: 0.1392 | Val IoU: 0.9083 | 🕒 79.99s
2025-12-20 14:45:22,864 [INFO] - Epoch 12/30 | Val Loss: 0.1297 | Val IoU: 0.9085 | 🕒 79.97s
2025-12-20 14:46:42,391 [INFO] - Epoch 13/30 | Val Loss: 0.1798 | Val IoU: 0.9052 | 🕒 79.44s
2025-12-20 14:48:03,036 [INFO] - Epoch 14/30 | Val Loss: 0.1297 | Val IoU: 0.9101 | 🕒 80.56s
2025-12-20 14:49:23,419 [INFO] - Epoch 15/30 | Val Loss: 0.1272 | Val IoU: 0.9100 | 🕒 80.31s
2025-12-20 14:50:43,388 [INFO] - Epoch 16/30 | Val Loss: 0.1301 | Val IoU: 0.9100 | 🕒 79.88s
2025-12-20 14:52:03,572 [INFO] - Epoch 17/30 | Val Loss: 0.1318 | Val IoU: 0.9101 | 🕒 80.10s
2025-12-20 14:53:24,020 [INFO] - Epoch 18/30 | Val Loss: 0.1349 | Val IoU: 0.9102 | 🕒 80.37s
2025-12-20 14:54:44,345 [INFO] - Epoch 19/30 | Val Loss: 0.1356 | Val IoU: 0.9103 | 🕒 80.25s
2025-12-20 14:56:04,399 [INFO] - Epoch 20/30 | Val Loss: 0.1353 | Val IoU: 0.9100 | 🕒 79.98s
2025-12-20 14:57:24,370 [INFO] - Epoch 21/30 | Val Loss: 0.1356 | Val IoU: 0.9099 | 🕒 79.89s
2025-12-20 14:58:44,633 [INFO] - Epoch 22/30 | Val Loss: 0.1371 | Val IoU: 0.9101 | 🕒 80.18s
2025-12-20 15:00:04,719 [INFO] - Epoch 23/30 | Val Loss: 0.1379 | Val IoU: 0.9100 | 🕒 80.00s
2025-12-20 15:01:24,543 [INFO] - Epoch 24/30 | Val Loss: 0.1358 | Val IoU: 0.9099 | 🕒 79.74s
2025-12-20 15:02:44,194 [INFO] - Epoch 25/30 | Val Loss: 0.1356 | Val IoU: 0.9099 | 🕒 79.57s
2025-12-20 15:04:04,143 [INFO] - Epoch 26/30 | Val Loss: 0.1369 | Val IoU: 0.9099 | 🕒 79.86s
2025-12-20 15:05:23,809 [INFO] - Epoch 27/30 | Val Loss: 0.1369 | Val IoU: 0.9102 | 🕒 79.58s
2025-12-20 15:06:43,677 [INFO] - Epoch 28/30 | Val Loss: 0.1374 | Val IoU: 0.9100 | 🕒 79.78s
2025-12-20 15:08:03,633 [INFO] - Epoch 29/30 | Val Loss: 0.1371 | Val IoU: 0.9100 | 🕒 79.87s
2025-12-20 15:09:23,894 [INFO] - Epoch 30/30 | Val Loss: 0.1376 | Val IoU: 0.9101 | 🕒 80.18s
2025-12-20 15:09:23,980 [INFO] - 📄 Time report saved at: plot/plot_Massachusetts_CrossEntropyLoss_EfficientViT-Seg_l1-cityscapes/training_times.txt
2025-12-20 15:09:25,618 [INFO] - ✅ Best model saved at: model/model_Massachusetts_CrossEntropyLoss_EfficientViT-Seg_l1-cityscapes.pt
2025-12-20 15:09:25,618 [INFO] - 📊 Results saved at: plot/plot_Massachusetts_CrossEntropyLoss_EfficientViT-Seg_l1-cityscapes
