2025-10-10 14:18:59,457 [INFO] - 
=========================== STARTING NEW EXPERIMENT ============================
2025-10-10 14:18:59,458 [INFO] - The device used: cuda
2025-10-10 14:18:59,458 [INFO] - Configuration: TGRS_Road_CrossEntropyLoss_FPN_mobileone_s0
2025-10-10 14:18:59,458 [INFO] - ================================================================================
2025-10-10 14:18:59,458 [INFO] - 🔄 Loading data...
2025-10-10 14:18:59,463 [INFO] - 🔧 Initializing model, loss function, and optimizer...
2025-10-10 14:19:16,492 [INFO] - Epoch 01 | Val Loss: 0.1925 | Val IoU: 0.8469 | 🕒 16.57s
2025-10-10 14:19:32,412 [INFO] - Epoch 02 | Val Loss: 0.1367 | Val IoU: 0.8934 | 🕒 15.92s
2025-10-10 14:19:49,506 [INFO] - Epoch 03 | Val Loss: 0.1189 | Val IoU: 0.9076 | 🕒 17.09s
2025-10-10 14:20:05,923 [INFO] - Epoch 04 | Val Loss: 0.1096 | Val IoU: 0.9135 | 🕒 16.42s
2025-10-10 14:20:23,094 [INFO] - Epoch 05 | Val Loss: 0.1107 | Val IoU: 0.9109 | 🕒 17.17s
2025-10-10 14:20:40,762 [INFO] - Epoch 06 | Val Loss: 0.1022 | Val IoU: 0.9193 | 🕒 17.67s
2025-10-10 14:20:57,803 [INFO] - Epoch 07 | Val Loss: 0.1001 | Val IoU: 0.9226 | 🕒 17.04s
2025-10-10 14:21:14,508 [INFO] - Epoch 08 | Val Loss: 0.0933 | Val IoU: 0.9270 | 🕒 16.70s
2025-10-10 14:21:31,595 [INFO] - Epoch 09 | Val Loss: 0.0931 | Val IoU: 0.9277 | 🕒 17.09s
2025-10-10 14:21:48,901 [INFO] - Epoch 10 | Val Loss: 0.0913 | Val IoU: 0.9292 | 🕒 17.30s
2025-10-10 14:22:05,916 [INFO] - Epoch 11 | Val Loss: 0.0913 | Val IoU: 0.9264 | 🕒 17.01s
2025-10-10 14:22:23,222 [INFO] - Epoch 12 | Val Loss: 0.0884 | Val IoU: 0.9321 | 🕒 17.31s
2025-10-10 14:22:39,803 [INFO] - Epoch 13 | Val Loss: 0.0852 | Val IoU: 0.9345 | 🕒 16.58s
2025-10-10 14:22:56,619 [INFO] - Epoch 14 | Val Loss: 0.0845 | Val IoU: 0.9347 | 🕒 16.81s
2025-10-10 14:23:13,441 [INFO] - Epoch 15 | Val Loss: 0.0815 | Val IoU: 0.9377 | 🕒 16.82s
2025-10-10 14:23:30,007 [INFO] - Epoch 16 | Val Loss: 0.0823 | Val IoU: 0.9370 | 🕒 16.56s
2025-10-10 14:23:45,942 [INFO] - Epoch 17 | Val Loss: 0.0835 | Val IoU: 0.9379 | 🕒 15.94s
2025-10-10 14:24:01,376 [INFO] - Epoch 18 | Val Loss: 0.0859 | Val IoU: 0.9369 | 🕒 15.43s
2025-10-10 14:24:17,832 [INFO] - Epoch 19 | Val Loss: 0.0783 | Val IoU: 0.9398 | 🕒 16.46s
2025-10-10 14:24:33,990 [INFO] - Epoch 20 | Val Loss: 0.0865 | Val IoU: 0.9359 | 🕒 16.16s
2025-10-10 14:24:50,081 [INFO] - Epoch 21 | Val Loss: 0.0909 | Val IoU: 0.9351 | 🕒 16.09s
2025-10-10 14:25:05,636 [INFO] - Epoch 22 | Val Loss: 0.0892 | Val IoU: 0.9359 | 🕒 15.55s
2025-10-10 14:25:21,530 [INFO] - Epoch 23 | Val Loss: 0.0812 | Val IoU: 0.9394 | 🕒 15.89s
2025-10-10 14:25:37,444 [INFO] - Epoch 24 | Val Loss: 0.0785 | Val IoU: 0.9408 | 🕒 15.91s
2025-10-10 14:25:53,442 [INFO] - Epoch 25 | Val Loss: 0.0842 | Val IoU: 0.9386 | 🕒 16.00s
2025-10-10 14:26:09,328 [INFO] - Epoch 26 | Val Loss: 0.0810 | Val IoU: 0.9414 | 🕒 15.88s
2025-10-10 14:26:25,235 [INFO] - Epoch 27 | Val Loss: 0.0817 | Val IoU: 0.9417 | 🕒 15.91s
2025-10-10 14:26:41,424 [INFO] - Epoch 28 | Val Loss: 0.0816 | Val IoU: 0.9416 | 🕒 16.19s
2025-10-10 14:26:57,604 [INFO] - Epoch 29 | Val Loss: 0.0868 | Val IoU: 0.9399 | 🕒 16.18s
2025-10-10 14:27:13,204 [INFO] - Epoch 30 | Val Loss: 0.0857 | Val IoU: 0.9404 | 🕒 15.60s
2025-10-10 14:27:13,204 [INFO] - 
--- Training for TGRS_Road_CrossEntropyLoss_FPN_mobileone_s0 complete ---
2025-10-10 14:27:13,205 [INFO] - 📄 Time report saved at: plot/plot_TGRS_Road_CrossEntropyLoss_FPN_mobileone_s0\training_times.txt
2025-10-10 14:27:13,206 [INFO] - ✅ Best model saved at: model/model_TGRS_Road_CrossEntropyLoss_FPN_mobileone_s0.pt
2025-10-10 14:27:13,206 [INFO] - 📊 Per-epoch results saved at: plot/plot_TGRS_Road_CrossEntropyLoss_FPN_mobileone_s0\epoch_results.csv
2025-10-10 14:27:13,213 [INFO] - 
Training history saved to 'plot/plot_TGRS_Road_CrossEntropyLoss_FPN_mobileone_s0' directory.
2025-10-10 14:27:14,643 [INFO] - Summary plot saved at: plot/plot_TGRS_Road_CrossEntropyLoss_FPN_mobileone_s0\training_metrics_summary.png
2025-10-10 14:27:14,787 [INFO] - 📈 Confusion matrix saved at: plot/plot_TGRS_Road_CrossEntropyLoss_FPN_mobileone_s0\confusion_matrix.png
2025-10-10 14:27:14,787 [INFO] - 
============================= EXPERIMENT FINISHED ==============================

