2025-10-11 12:23:06,719 [INFO] - 
=========================== STARTING NEW EXPERIMENT ============================
2025-10-11 12:23:06,719 [INFO] - The device used: cuda
2025-10-11 12:23:06,719 [INFO] - Configuration: Massachusetts_CrossEntropyLoss_DeepLabV3Plus_mobileone_s2
2025-10-11 12:23:06,719 [INFO] - ================================================================================
2025-10-11 12:23:06,719 [INFO] - 🔄 Loading data...
2025-10-11 12:23:06,722 [INFO] - 🔧 Initializing model, loss function, and optimizer...
2025-10-11 12:23:40,109 [INFO] - Epoch 01 | Val Loss: 0.1342 | Val IoU: 0.9064 | 🕒 33.26s
2025-10-11 12:24:13,502 [INFO] - Epoch 02 | Val Loss: 0.1273 | Val IoU: 0.9095 | 🕒 33.39s
2025-10-11 12:24:46,689 [INFO] - Epoch 03 | Val Loss: 0.1300 | Val IoU: 0.9075 | 🕒 33.19s
2025-10-11 12:25:20,068 [INFO] - Epoch 04 | Val Loss: 0.1136 | Val IoU: 0.9149 | 🕒 33.38s
2025-10-11 12:25:53,429 [INFO] - Epoch 05 | Val Loss: 0.1161 | Val IoU: 0.9151 | 🕒 33.36s
2025-10-11 12:26:26,824 [INFO] - Epoch 06 | Val Loss: 0.1121 | Val IoU: 0.9167 | 🕒 33.40s
2025-10-11 12:27:00,184 [INFO] - Epoch 07 | Val Loss: 0.1101 | Val IoU: 0.9174 | 🕒 33.36s
2025-10-11 12:27:33,585 [INFO] - Epoch 08 | Val Loss: 0.1116 | Val IoU: 0.9200 | 🕒 33.40s
2025-10-11 12:28:06,872 [INFO] - Epoch 09 | Val Loss: 0.1099 | Val IoU: 0.9195 | 🕒 33.29s
2025-10-11 12:28:40,103 [INFO] - Epoch 10 | Val Loss: 0.1172 | Val IoU: 0.9180 | 🕒 33.23s
2025-10-11 12:29:13,358 [INFO] - Epoch 11 | Val Loss: 0.1626 | Val IoU: 0.9152 | 🕒 33.26s
2025-10-11 12:29:46,798 [INFO] - Epoch 12 | Val Loss: 0.1117 | Val IoU: 0.9202 | 🕒 33.44s
2025-10-11 12:30:20,085 [INFO] - Epoch 13 | Val Loss: 0.1137 | Val IoU: 0.9191 | 🕒 33.29s
2025-10-11 12:30:53,543 [INFO] - Epoch 14 | Val Loss: 0.1094 | Val IoU: 0.9227 | 🕒 33.46s
2025-10-11 12:31:26,894 [INFO] - Epoch 15 | Val Loss: 0.1121 | Val IoU: 0.9226 | 🕒 33.35s
2025-10-11 12:32:00,170 [INFO] - Epoch 16 | Val Loss: 0.1119 | Val IoU: 0.9218 | 🕒 33.28s
2025-10-11 12:32:33,573 [INFO] - Epoch 17 | Val Loss: 0.1221 | Val IoU: 0.9230 | 🕒 33.40s
2025-10-11 12:33:06,963 [INFO] - Epoch 18 | Val Loss: 0.1204 | Val IoU: 0.9234 | 🕒 33.39s
2025-10-11 12:33:40,288 [INFO] - Epoch 19 | Val Loss: 0.1160 | Val IoU: 0.9232 | 🕒 33.32s
2025-10-11 12:34:13,560 [INFO] - Epoch 20 | Val Loss: 0.1162 | Val IoU: 0.9224 | 🕒 33.27s
2025-10-11 12:34:46,978 [INFO] - Epoch 21 | Val Loss: 0.1137 | Val IoU: 0.9243 | 🕒 33.42s
2025-10-11 12:35:20,444 [INFO] - Epoch 22 | Val Loss: 0.1160 | Val IoU: 0.9248 | 🕒 33.46s
2025-10-11 12:35:53,926 [INFO] - Epoch 23 | Val Loss: 0.1171 | Val IoU: 0.9248 | 🕒 33.48s
2025-10-11 12:36:27,261 [INFO] - Epoch 24 | Val Loss: 0.1193 | Val IoU: 0.9245 | 🕒 33.33s
2025-10-11 12:37:00,569 [INFO] - Epoch 25 | Val Loss: 0.1183 | Val IoU: 0.9247 | 🕒 33.31s
2025-10-11 12:37:34,013 [INFO] - Epoch 26 | Val Loss: 0.1173 | Val IoU: 0.9248 | 🕒 33.44s
2025-10-11 12:38:07,335 [INFO] - Epoch 27 | Val Loss: 0.1174 | Val IoU: 0.9247 | 🕒 33.32s
2025-10-11 12:38:40,800 [INFO] - Epoch 28 | Val Loss: 0.1187 | Val IoU: 0.9248 | 🕒 33.46s
2025-10-11 12:39:14,136 [INFO] - Epoch 29 | Val Loss: 0.1214 | Val IoU: 0.9247 | 🕒 33.34s
2025-10-11 12:39:47,458 [INFO] - Epoch 30 | Val Loss: 0.1176 | Val IoU: 0.9248 | 🕒 33.32s
2025-10-11 12:39:47,458 [INFO] - 
--- Training for Massachusetts_CrossEntropyLoss_DeepLabV3Plus_mobileone_s2 complete ---
2025-10-11 12:39:47,458 [INFO] - 📄 Time report saved at: plot/plot_Massachusetts_CrossEntropyLoss_DeepLabV3Plus_mobileone_s2/training_times.txt
2025-10-11 12:39:47,458 [INFO] - ✅ Best model saved at: model/model_Massachusetts_CrossEntropyLoss_DeepLabV3Plus_mobileone_s2.pt
2025-10-11 12:39:47,458 [INFO] - 📊 Per-epoch results saved at: plot/plot_Massachusetts_CrossEntropyLoss_DeepLabV3Plus_mobileone_s2/epoch_results.csv
2025-10-11 12:39:47,459 [INFO] - 
Training history saved to 'plot/plot_Massachusetts_CrossEntropyLoss_DeepLabV3Plus_mobileone_s2' directory.
2025-10-11 12:39:48,259 [INFO] - Summary plot saved at: plot/plot_Massachusetts_CrossEntropyLoss_DeepLabV3Plus_mobileone_s2/training_metrics_summary.png
2025-10-11 12:39:48,342 [INFO] - 📈 Confusion matrix saved at: plot/plot_Massachusetts_CrossEntropyLoss_DeepLabV3Plus_mobileone_s2/confusion_matrix.png
2025-10-11 12:39:48,342 [INFO] - 
============================= EXPERIMENT FINISHED ==============================

