2025-08-06 07:28:52,632 [INFO] - 
=========================== STARTING NEW EXPERIMENT ============================
2025-08-06 07:28:52,632 [INFO] - Configuration: Massachusetts_CrossEntropyLoss_UNet++_mobileone_s0
2025-08-06 07:28:52,632 [INFO] - ================================================================================
2025-08-06 07:28:52,632 [INFO] - 🔄 Loading data...
2025-08-06 07:28:52,635 [INFO] - 🔧 Initializing model, loss function, and optimizer...
2025-08-06 07:30:00,073 [INFO] - Epoch 01 | Val Loss: 0.1261 | Val IoU: 0.9192 | 🕒 67.08s
2025-08-06 07:31:06,643 [INFO] - Epoch 02 | Val Loss: 0.1097 | Val IoU: 0.9302 | 🕒 66.57s
2025-08-06 07:32:13,314 [INFO] - Epoch 03 | Val Loss: 0.0905 | Val IoU: 0.9389 | 🕒 66.67s
2025-08-06 07:33:19,739 [INFO] - Epoch 04 | Val Loss: 0.0878 | Val IoU: 0.9403 | 🕒 66.42s
2025-08-06 07:34:26,232 [INFO] - Epoch 05 | Val Loss: 0.0886 | Val IoU: 0.9409 | 🕒 66.49s
2025-08-06 07:35:32,587 [INFO] - Epoch 06 | Val Loss: 0.0880 | Val IoU: 0.9401 | 🕒 66.35s
2025-08-06 07:36:39,642 [INFO] - Epoch 07 | Val Loss: 0.0876 | Val IoU: 0.9410 | 🕒 67.05s
2025-08-06 07:37:46,080 [INFO] - Epoch 08 | Val Loss: 0.0958 | Val IoU: 0.9394 | 🕒 66.44s
2025-08-06 07:38:52,563 [INFO] - Epoch 09 | Val Loss: 0.0877 | Val IoU: 0.9404 | 🕒 66.48s
2025-08-06 07:39:59,160 [INFO] - Epoch 10 | Val Loss: 0.0844 | Val IoU: 0.9440 | 🕒 66.60s
2025-08-06 07:41:05,603 [INFO] - Epoch 11 | Val Loss: 0.0857 | Val IoU: 0.9418 | 🕒 66.44s
2025-08-06 07:42:12,414 [INFO] - Epoch 12 | Val Loss: 0.0861 | Val IoU: 0.9431 | 🕒 66.81s
2025-08-06 07:43:18,967 [INFO] - Epoch 13 | Val Loss: 0.0833 | Val IoU: 0.9435 | 🕒 66.55s
2025-08-06 07:44:25,577 [INFO] - Epoch 14 | Val Loss: 0.0841 | Val IoU: 0.9431 | 🕒 66.61s
2025-08-06 07:45:32,389 [INFO] - Epoch 15 | Val Loss: 0.0843 | Val IoU: 0.9444 | 🕒 66.81s
2025-08-06 07:46:38,987 [INFO] - Epoch 16 | Val Loss: 0.0857 | Val IoU: 0.9423 | 🕒 66.60s
2025-08-06 07:47:45,685 [INFO] - Epoch 17 | Val Loss: 0.0854 | Val IoU: 0.9439 | 🕒 66.70s
2025-08-06 07:48:52,388 [INFO] - Epoch 18 | Val Loss: 0.0892 | Val IoU: 0.9427 | 🕒 66.70s
2025-08-06 07:49:59,015 [INFO] - Epoch 19 | Val Loss: 0.0863 | Val IoU: 0.9436 | 🕒 66.63s
2025-08-06 07:51:05,888 [INFO] - Epoch 20 | Val Loss: 0.0812 | Val IoU: 0.9465 | 🕒 66.87s
2025-08-06 07:52:12,509 [INFO] - Epoch 21 | Val Loss: 0.0836 | Val IoU: 0.9458 | 🕒 66.62s
2025-08-06 07:53:19,149 [INFO] - Epoch 22 | Val Loss: 0.0847 | Val IoU: 0.9462 | 🕒 66.64s
2025-08-06 07:54:25,850 [INFO] - Epoch 23 | Val Loss: 0.0854 | Val IoU: 0.9456 | 🕒 66.70s
2025-08-06 07:55:32,601 [INFO] - Epoch 24 | Val Loss: 0.0852 | Val IoU: 0.9459 | 🕒 66.71s
2025-08-06 07:56:42,008 [INFO] - Epoch 25 | Val Loss: 0.0855 | Val IoU: 0.9460 | 🕒 69.41s
2025-08-06 07:57:48,675 [INFO] - Epoch 26 | Val Loss: 0.0884 | Val IoU: 0.9455 | 🕒 66.67s
2025-08-06 07:58:55,383 [INFO] - Epoch 27 | Val Loss: 0.0879 | Val IoU: 0.9458 | 🕒 66.71s
2025-08-06 08:00:02,087 [INFO] - Epoch 28 | Val Loss: 0.0873 | Val IoU: 0.9457 | 🕒 66.70s
2025-08-06 08:01:08,777 [INFO] - Epoch 29 | Val Loss: 0.0880 | Val IoU: 0.9458 | 🕒 66.69s
2025-08-06 08:02:15,527 [INFO] - Epoch 30 | Val Loss: 0.0899 | Val IoU: 0.9459 | 🕒 66.75s
2025-08-06 08:02:15,527 [INFO] - 
--- Training for Massachusetts_CrossEntropyLoss_UNet++_mobileone_s0 complete ---
2025-08-06 08:02:15,527 [INFO] - 📄 Time report saved at: plot/plot_Massachusetts_CrossEntropyLoss_UNet++_mobileone_s0/training_times.txt
2025-08-06 08:02:15,527 [INFO] - ✅ Best model saved at: model/model_Massachusetts_CrossEntropyLoss_UNet++_mobileone_s0.pt
2025-08-06 08:02:15,527 [INFO] - 📊 Per-epoch results saved at: plot/plot_Massachusetts_CrossEntropyLoss_UNet++_mobileone_s0/epoch_results.csv
2025-08-06 08:02:15,528 [INFO] - 
Training history saved to 'plot/plot_Massachusetts_CrossEntropyLoss_UNet++_mobileone_s0' directory.
2025-08-06 08:02:16,413 [INFO] - Summary plot saved at: plot/plot_Massachusetts_CrossEntropyLoss_UNet++_mobileone_s0/training_metrics_summary.png
2025-08-06 08:02:16,567 [INFO] - 📈 Confusion matrix saved at: plot/plot_Massachusetts_CrossEntropyLoss_UNet++_mobileone_s0/confusion_matrix.png
2025-08-06 08:02:16,567 [INFO] - 
============================= EXPERIMENT FINISHED ==============================

