2025-10-10 15:44:02,330 [INFO] - 
=========================== STARTING NEW EXPERIMENT ============================
2025-10-10 15:44:02,330 [INFO] - The device used: cuda
2025-10-10 15:44:02,330 [INFO] - Configuration: TGRS_Road_CrossEntropyLoss_MAnet_mobileone_s0
2025-10-10 15:44:02,331 [INFO] - ================================================================================
2025-10-10 15:44:02,331 [INFO] - 🔄 Loading data...
2025-10-10 15:44:02,336 [INFO] - 🔧 Initializing model, loss function, and optimizer...
2025-10-10 15:44:25,906 [INFO] - Epoch 01 | Val Loss: 0.1065 | Val IoU: 0.9225 | 🕒 22.86s
2025-10-10 15:44:45,359 [INFO] - Epoch 02 | Val Loss: 0.1129 | Val IoU: 0.9134 | 🕒 19.45s
2025-10-10 15:45:05,392 [INFO] - Epoch 03 | Val Loss: 0.0739 | Val IoU: 0.9398 | 🕒 20.03s
2025-10-10 15:45:26,376 [INFO] - Epoch 04 | Val Loss: 0.0756 | Val IoU: 0.9392 | 🕒 20.98s
2025-10-10 15:45:47,051 [INFO] - Epoch 05 | Val Loss: 0.0649 | Val IoU: 0.9462 | 🕒 20.67s
2025-10-10 15:46:08,112 [INFO] - Epoch 06 | Val Loss: 0.0595 | Val IoU: 0.9520 | 🕒 21.06s
2025-10-10 15:46:27,809 [INFO] - Epoch 07 | Val Loss: 0.0726 | Val IoU: 0.9440 | 🕒 19.70s
2025-10-10 15:46:47,836 [INFO] - Epoch 08 | Val Loss: 0.0632 | Val IoU: 0.9482 | 🕒 20.03s
2025-10-10 15:47:08,877 [INFO] - Epoch 09 | Val Loss: 0.0566 | Val IoU: 0.9541 | 🕒 21.04s
2025-10-10 15:47:29,177 [INFO] - Epoch 10 | Val Loss: 0.0635 | Val IoU: 0.9486 | 🕒 20.30s
2025-10-10 15:47:49,086 [INFO] - Epoch 11 | Val Loss: 0.0616 | Val IoU: 0.9502 | 🕒 19.91s
2025-10-10 15:48:10,102 [INFO] - Epoch 12 | Val Loss: 0.0906 | Val IoU: 0.9321 | 🕒 21.02s
2025-10-10 15:48:31,006 [INFO] - Epoch 13 | Val Loss: 0.0824 | Val IoU: 0.9368 | 🕒 20.90s
2025-10-10 15:48:50,298 [INFO] - Epoch 14 | Val Loss: 0.0617 | Val IoU: 0.9508 | 🕒 19.29s
2025-10-10 15:49:09,589 [INFO] - Epoch 15 | Val Loss: 0.0594 | Val IoU: 0.9517 | 🕒 19.29s
2025-10-10 15:49:29,471 [INFO] - Epoch 16 | Val Loss: 0.0594 | Val IoU: 0.9506 | 🕒 19.88s
2025-10-10 15:49:48,878 [INFO] - Epoch 17 | Val Loss: 0.0549 | Val IoU: 0.9545 | 🕒 19.41s
2025-10-10 15:50:08,523 [INFO] - Epoch 18 | Val Loss: 0.0554 | Val IoU: 0.9543 | 🕒 19.65s
2025-10-10 15:50:28,151 [INFO] - Epoch 19 | Val Loss: 0.0550 | Val IoU: 0.9547 | 🕒 19.63s
2025-10-10 15:50:47,524 [INFO] - Epoch 20 | Val Loss: 0.0568 | Val IoU: 0.9537 | 🕒 19.37s
2025-10-10 15:51:07,129 [INFO] - Epoch 21 | Val Loss: 0.0556 | Val IoU: 0.9547 | 🕒 19.60s
2025-10-10 15:51:26,739 [INFO] - Epoch 22 | Val Loss: 0.0550 | Val IoU: 0.9554 | 🕒 19.61s
2025-10-10 15:51:46,113 [INFO] - Epoch 23 | Val Loss: 0.0558 | Val IoU: 0.9548 | 🕒 19.37s
2025-10-10 15:52:05,538 [INFO] - Epoch 24 | Val Loss: 0.0570 | Val IoU: 0.9541 | 🕒 19.42s
2025-10-10 15:52:24,690 [INFO] - Epoch 25 | Val Loss: 0.0551 | Val IoU: 0.9552 | 🕒 19.15s
2025-10-10 15:52:44,475 [INFO] - Epoch 26 | Val Loss: 0.0548 | Val IoU: 0.9555 | 🕒 19.78s
2025-10-10 15:53:04,072 [INFO] - Epoch 27 | Val Loss: 0.0548 | Val IoU: 0.9555 | 🕒 19.60s
2025-10-10 15:53:23,557 [INFO] - Epoch 28 | Val Loss: 0.0562 | Val IoU: 0.9547 | 🕒 19.48s
2025-10-10 15:53:43,163 [INFO] - Epoch 29 | Val Loss: 0.0556 | Val IoU: 0.9549 | 🕒 19.61s
2025-10-10 15:54:02,971 [INFO] - Epoch 30 | Val Loss: 0.0580 | Val IoU: 0.9534 | 🕒 19.81s
2025-10-10 15:54:02,971 [INFO] - 
--- Training for TGRS_Road_CrossEntropyLoss_MAnet_mobileone_s0 complete ---
2025-10-10 15:54:02,972 [INFO] - 📄 Time report saved at: plot/plot_TGRS_Road_CrossEntropyLoss_MAnet_mobileone_s0\training_times.txt
2025-10-10 15:54:02,972 [INFO] - ✅ Best model saved at: model/model_TGRS_Road_CrossEntropyLoss_MAnet_mobileone_s0.pt
2025-10-10 15:54:02,972 [INFO] - 📊 Per-epoch results saved at: plot/plot_TGRS_Road_CrossEntropyLoss_MAnet_mobileone_s0\epoch_results.csv
2025-10-10 15:54:02,980 [INFO] - 
Training history saved to 'plot/plot_TGRS_Road_CrossEntropyLoss_MAnet_mobileone_s0' directory.
2025-10-10 15:54:03,805 [INFO] - Summary plot saved at: plot/plot_TGRS_Road_CrossEntropyLoss_MAnet_mobileone_s0\training_metrics_summary.png
2025-10-10 15:54:03,924 [INFO] - 📈 Confusion matrix saved at: plot/plot_TGRS_Road_CrossEntropyLoss_MAnet_mobileone_s0\confusion_matrix.png
2025-10-10 15:54:03,924 [INFO] - 
============================= EXPERIMENT FINISHED ==============================

