2025-10-08 17:06:04,648 [INFO] - 
=========================== STARTING NEW EXPERIMENT ============================
2025-10-08 17:06:04,648 [INFO] - Configuration: Massachusetts_CrossEntropyLoss_FPN_mobileone_s1
2025-10-08 17:06:04,648 [INFO] - ================================================================================
2025-10-08 17:06:04,648 [INFO] - 🔄 Loading data...
2025-10-08 17:06:04,670 [INFO] - 🔧 Initializing model, loss function, and optimizer...
2025-10-08 17:06:50,146 [INFO] - Epoch 01 | Val Loss: 0.1673 | Val IoU: 0.9040 | 🕒 44.30s
2025-10-08 17:07:33,244 [INFO] - Epoch 02 | Val Loss: 0.1419 | Val IoU: 0.9049 | 🕒 43.10s
2025-10-08 17:08:16,682 [INFO] - Epoch 03 | Val Loss: 0.1399 | Val IoU: 0.9059 | 🕒 43.44s
2025-10-08 17:08:59,968 [INFO] - Epoch 04 | Val Loss: 0.1306 | Val IoU: 0.9072 | 🕒 43.28s
2025-10-08 17:09:44,048 [INFO] - Epoch 05 | Val Loss: 0.1224 | Val IoU: 0.9090 | 🕒 44.08s
2025-10-08 17:10:27,133 [INFO] - Epoch 06 | Val Loss: 0.1227 | Val IoU: 0.9090 | 🕒 43.08s
2025-10-08 17:11:10,030 [INFO] - Epoch 07 | Val Loss: 0.1182 | Val IoU: 0.9116 | 🕒 42.90s
2025-10-08 17:11:53,312 [INFO] - Epoch 08 | Val Loss: 0.1167 | Val IoU: 0.9122 | 🕒 43.28s
2025-10-08 17:12:36,105 [INFO] - Epoch 09 | Val Loss: 0.1195 | Val IoU: 0.9117 | 🕒 42.79s
2025-10-08 17:13:19,079 [INFO] - Epoch 10 | Val Loss: 0.1134 | Val IoU: 0.9151 | 🕒 42.97s
2025-10-08 17:14:02,168 [INFO] - Epoch 11 | Val Loss: 0.1122 | Val IoU: 0.9148 | 🕒 43.09s
2025-10-08 17:14:45,122 [INFO] - Epoch 12 | Val Loss: 0.1157 | Val IoU: 0.9137 | 🕒 42.95s
2025-10-08 17:15:28,361 [INFO] - Epoch 13 | Val Loss: 0.1089 | Val IoU: 0.9198 | 🕒 43.24s
2025-10-08 17:16:11,421 [INFO] - Epoch 14 | Val Loss: 0.1108 | Val IoU: 0.9157 | 🕒 43.06s
2025-10-08 17:16:54,102 [INFO] - Epoch 15 | Val Loss: 0.1167 | Val IoU: 0.9164 | 🕒 42.68s
2025-10-08 17:17:36,823 [INFO] - Epoch 16 | Val Loss: 0.1093 | Val IoU: 0.9218 | 🕒 42.72s
2025-10-08 17:18:19,996 [INFO] - Epoch 17 | Val Loss: 0.1127 | Val IoU: 0.9225 | 🕒 43.17s
2025-10-08 17:19:02,780 [INFO] - Epoch 18 | Val Loss: 0.1123 | Val IoU: 0.9202 | 🕒 42.78s
2025-10-08 17:19:45,658 [INFO] - Epoch 19 | Val Loss: 0.1146 | Val IoU: 0.9205 | 🕒 42.88s
2025-10-08 17:20:28,995 [INFO] - Epoch 20 | Val Loss: 0.1144 | Val IoU: 0.9233 | 🕒 43.34s
2025-10-08 17:21:12,034 [INFO] - Epoch 21 | Val Loss: 0.1156 | Val IoU: 0.9238 | 🕒 43.04s
2025-10-08 17:21:54,755 [INFO] - Epoch 22 | Val Loss: 0.1172 | Val IoU: 0.9236 | 🕒 42.72s
2025-10-08 17:22:37,897 [INFO] - Epoch 23 | Val Loss: 0.1180 | Val IoU: 0.9243 | 🕒 43.14s
2025-10-08 17:23:20,580 [INFO] - Epoch 24 | Val Loss: 0.1204 | Val IoU: 0.9236 | 🕒 42.68s
2025-10-08 17:24:03,345 [INFO] - Epoch 25 | Val Loss: 0.1221 | Val IoU: 0.9236 | 🕒 42.76s
2025-10-08 17:24:46,318 [INFO] - Epoch 26 | Val Loss: 0.1215 | Val IoU: 0.9243 | 🕒 42.97s
2025-10-08 17:25:29,147 [INFO] - Epoch 27 | Val Loss: 0.1195 | Val IoU: 0.9243 | 🕒 42.83s
2025-10-08 17:26:12,102 [INFO] - Epoch 28 | Val Loss: 0.1206 | Val IoU: 0.9243 | 🕒 42.95s
2025-10-08 17:26:55,189 [INFO] - Epoch 29 | Val Loss: 0.1212 | Val IoU: 0.9244 | 🕒 43.09s
2025-10-08 17:27:38,041 [INFO] - Epoch 30 | Val Loss: 0.1207 | Val IoU: 0.9247 | 🕒 42.85s
2025-10-08 17:27:38,041 [INFO] - 
--- Training for Massachusetts_CrossEntropyLoss_FPN_mobileone_s1 complete ---
2025-10-08 17:27:38,042 [INFO] - 📄 Time report saved at: plot/plot_Massachusetts_CrossEntropyLoss_FPN_mobileone_s1/training_times.txt
2025-10-08 17:27:38,042 [INFO] - ✅ Best model saved at: model/model_Massachusetts_CrossEntropyLoss_FPN_mobileone_s1.pt
2025-10-08 17:27:38,042 [INFO] - 📊 Per-epoch results saved at: plot/plot_Massachusetts_CrossEntropyLoss_FPN_mobileone_s1/epoch_results.csv
2025-10-08 17:27:38,044 [INFO] - 
Training history saved to 'plot/plot_Massachusetts_CrossEntropyLoss_FPN_mobileone_s1' directory.
2025-10-08 17:27:39,247 [INFO] - Summary plot saved at: plot/plot_Massachusetts_CrossEntropyLoss_FPN_mobileone_s1/training_metrics_summary.png
2025-10-08 17:27:39,375 [INFO] - 📈 Confusion matrix saved at: plot/plot_Massachusetts_CrossEntropyLoss_FPN_mobileone_s1/confusion_matrix.png
2025-10-08 17:27:39,376 [INFO] - 
============================= EXPERIMENT FINISHED ==============================

