2025-12-20 14:24:41,610 [INFO] - Config suffix: DeepGlobal_CrossEntropyLoss_EfficientViT-Seg_l1-cityscapes
2025-12-20 14:24:41,610 [INFO] - Device: cuda
2025-12-20 14:24:41,610 [INFO] - 🔄 Loading data...
2025-12-20 14:24:41,645 [INFO] - 🔧 Initializing model, loss, optimizer, scheduler...
2025-12-20 14:27:14,759 [INFO] - Epoch 01/30 | Val Loss: 0.1181 | Val IoU: 0.9307 | 🕒 152.42s
2025-12-20 14:29:42,793 [INFO] - Epoch 02/30 | Val Loss: 0.0810 | Val IoU: 0.9371 | 🕒 147.96s
2025-12-20 14:32:10,415 [INFO] - Epoch 03/30 | Val Loss: 0.0863 | Val IoU: 0.9414 | 🕒 147.55s
2025-12-20 14:34:38,533 [INFO] - Epoch 04/30 | Val Loss: 0.0800 | Val IoU: 0.9425 | 🕒 148.04s
2025-12-20 14:37:05,850 [INFO] - Epoch 05/30 | Val Loss: 0.1424 | Val IoU: 0.9227 | 🕒 147.24s
2025-12-20 14:39:32,863 [INFO] - Epoch 06/30 | Val Loss: 0.1162 | Val IoU: 0.9241 | 🕒 146.93s
2025-12-20 14:41:59,774 [INFO] - Epoch 07/30 | Val Loss: 0.2172 | Val IoU: 0.9175 | 🕒 146.82s
2025-12-20 14:44:27,387 [INFO] - Epoch 08/30 | Val Loss: 0.0807 | Val IoU: 0.9411 | 🕒 147.52s
2025-12-20 14:46:54,932 [INFO] - Epoch 09/30 | Val Loss: 0.0776 | Val IoU: 0.9409 | 🕒 147.46s
2025-12-20 14:49:22,111 [INFO] - Epoch 10/30 | Val Loss: 0.0986 | Val IoU: 0.9280 | 🕒 147.09s
2025-12-20 14:51:49,186 [INFO] - Epoch 11/30 | Val Loss: 0.1553 | Val IoU: 0.9263 | 🕒 146.99s
2025-12-20 14:54:16,487 [INFO] - Epoch 12/30 | Val Loss: 0.0923 | Val IoU: 0.9287 | 🕒 147.21s
2025-12-20 14:56:44,058 [INFO] - Epoch 13/30 | Val Loss: 0.1056 | Val IoU: 0.9397 | 🕒 147.49s
2025-12-20 14:59:11,755 [INFO] - Epoch 14/30 | Val Loss: 0.0938 | Val IoU: 0.9392 | 🕒 147.61s
2025-12-20 15:01:39,199 [INFO] - Epoch 15/30 | Val Loss: 0.0761 | Val IoU: 0.9473 | 🕒 147.36s
2025-12-20 15:04:06,694 [INFO] - Epoch 16/30 | Val Loss: 0.0740 | Val IoU: 0.9467 | 🕒 147.42s
2025-12-20 15:06:34,292 [INFO] - Epoch 17/30 | Val Loss: 0.0786 | Val IoU: 0.9480 | 🕒 147.51s
2025-12-20 15:09:01,523 [INFO] - Epoch 18/30 | Val Loss: 0.0817 | Val IoU: 0.9447 | 🕒 147.16s
2025-12-20 15:11:28,695 [INFO] - Epoch 19/30 | Val Loss: 0.1176 | Val IoU: 0.9377 | 🕒 147.09s
2025-12-20 15:13:56,319 [INFO] - Epoch 20/30 | Val Loss: 0.1141 | Val IoU: 0.9362 | 🕒 147.54s
2025-12-20 15:16:23,921 [INFO] - Epoch 21/30 | Val Loss: 0.0854 | Val IoU: 0.9459 | 🕒 147.52s
2025-12-20 15:18:51,369 [INFO] - Epoch 22/30 | Val Loss: 0.0957 | Val IoU: 0.9450 | 🕒 147.36s
2025-12-20 15:21:19,359 [INFO] - Epoch 23/30 | Val Loss: 0.0827 | Val IoU: 0.9520 | 🕒 147.90s
2025-12-20 15:23:47,314 [INFO] - Epoch 24/30 | Val Loss: 0.0861 | Val IoU: 0.9522 | 🕒 147.86s
2025-12-20 15:26:15,201 [INFO] - Epoch 25/30 | Val Loss: 0.0906 | Val IoU: 0.9524 | 🕒 147.81s
2025-12-20 15:28:43,227 [INFO] - Epoch 26/30 | Val Loss: 0.0950 | Val IoU: 0.9525 | 🕒 147.95s
2025-12-20 15:31:11,080 [INFO] - Epoch 27/30 | Val Loss: 0.0992 | Val IoU: 0.9521 | 🕒 147.77s
2025-12-20 15:33:38,394 [INFO] - Epoch 28/30 | Val Loss: 0.1013 | Val IoU: 0.9519 | 🕒 147.23s
2025-12-20 15:36:05,745 [INFO] - Epoch 29/30 | Val Loss: 0.1025 | Val IoU: 0.9522 | 🕒 147.26s
2025-12-20 15:38:32,897 [INFO] - Epoch 30/30 | Val Loss: 0.1033 | Val IoU: 0.9524 | 🕒 147.07s
2025-12-20 15:38:32,990 [INFO] - 📄 Time report saved at: plot/plot_DeepGlobal_CrossEntropyLoss_EfficientViT-Seg_l1-cityscapes/training_times.txt
2025-12-20 15:38:34,805 [INFO] - ✅ Best model saved at: model/model_DeepGlobal_CrossEntropyLoss_EfficientViT-Seg_l1-cityscapes.pt
2025-12-20 15:38:34,805 [INFO] - 📊 Results saved at: plot/plot_DeepGlobal_CrossEntropyLoss_EfficientViT-Seg_l1-cityscapes
