2025-12-20 14:36:07,096 [INFO] - Config suffix: DeepGlobal_CrossEntropyLoss_EfficientViT-Seg_l2-cityscapes
2025-12-20 14:36:07,096 [INFO] - Device: cuda
2025-12-20 14:36:07,096 [INFO] - 🔄 Loading data...
2025-12-20 14:36:14,438 [INFO] - 🔧 Initializing model, loss, optimizer, scheduler...
2025-12-20 14:49:37,434 [INFO] - Epoch 01/30 | Val Loss: 0.0953 | Val IoU: 0.9323 | 🕒 801.77s
2025-12-20 14:52:32,120 [INFO] - Epoch 02/30 | Val Loss: 0.1433 | Val IoU: 0.9314 | 🕒 174.59s
2025-12-20 14:55:25,512 [INFO] - Epoch 03/30 | Val Loss: 0.0900 | Val IoU: 0.9350 | 🕒 173.29s
2025-12-20 14:58:18,474 [INFO] - Epoch 04/30 | Val Loss: 0.0969 | Val IoU: 0.9337 | 🕒 172.85s
2025-12-20 15:01:11,064 [INFO] - Epoch 05/30 | Val Loss: 0.1567 | Val IoU: 0.9303 | 🕒 172.48s
2025-12-20 15:04:03,796 [INFO] - Epoch 06/30 | Val Loss: 0.1105 | Val IoU: 0.9293 | 🕒 172.62s
2025-12-20 15:06:56,575 [INFO] - Epoch 07/30 | Val Loss: 0.0928 | Val IoU: 0.9362 | 🕒 172.67s
2025-12-20 15:09:50,070 [INFO] - Epoch 08/30 | Val Loss: 0.1290 | Val IoU: 0.9211 | 🕒 173.40s
2025-12-20 15:12:42,611 [INFO] - Epoch 09/30 | Val Loss: 0.1092 | Val IoU: 0.9313 | 🕒 172.44s
2025-12-20 15:15:35,947 [INFO] - Epoch 10/30 | Val Loss: 0.0674 | Val IoU: 0.9522 | 🕒 173.22s
2025-12-20 15:18:28,583 [INFO] - Epoch 11/30 | Val Loss: 0.0696 | Val IoU: 0.9522 | 🕒 172.52s
2025-12-20 15:21:21,923 [INFO] - Epoch 12/30 | Val Loss: 0.0720 | Val IoU: 0.9522 | 🕒 173.24s
2025-12-20 15:24:15,918 [INFO] - Epoch 13/30 | Val Loss: 0.0710 | Val IoU: 0.9527 | 🕒 173.90s
2025-12-20 15:27:09,014 [INFO] - Epoch 14/30 | Val Loss: 0.0789 | Val IoU: 0.9521 | 🕒 173.00s
2025-12-20 15:30:02,259 [INFO] - Epoch 15/30 | Val Loss: 0.0830 | Val IoU: 0.9520 | 🕒 173.14s
2025-12-20 15:32:54,778 [INFO] - Epoch 16/30 | Val Loss: 0.0871 | Val IoU: 0.9520 | 🕒 172.41s
2025-12-20 15:35:47,451 [INFO] - Epoch 17/30 | Val Loss: 0.0831 | Val IoU: 0.9526 | 🕒 172.57s
2025-12-20 15:38:40,203 [INFO] - Epoch 18/30 | Val Loss: 0.0845 | Val IoU: 0.9523 | 🕒 172.64s
2025-12-20 15:41:32,868 [INFO] - Epoch 19/30 | Val Loss: 0.0846 | Val IoU: 0.9524 | 🕒 172.56s
2025-12-20 15:44:25,872 [INFO] - Epoch 20/30 | Val Loss: 0.0884 | Val IoU: 0.9523 | 🕒 172.90s
2025-12-20 15:47:18,380 [INFO] - Epoch 21/30 | Val Loss: 0.0884 | Val IoU: 0.9521 | 🕒 172.40s
2025-12-20 15:50:10,795 [INFO] - Epoch 22/30 | Val Loss: 0.0896 | Val IoU: 0.9523 | 🕒 172.31s
2025-12-20 15:53:03,404 [INFO] - Epoch 23/30 | Val Loss: 0.0891 | Val IoU: 0.9522 | 🕒 172.50s
2025-12-20 15:55:55,771 [INFO] - Epoch 24/30 | Val Loss: 0.0891 | Val IoU: 0.9522 | 🕒 172.26s
2025-12-20 15:58:47,870 [INFO] - Epoch 25/30 | Val Loss: 0.0909 | Val IoU: 0.9522 | 🕒 171.99s
2025-12-20 16:01:40,830 [INFO] - Epoch 26/30 | Val Loss: 0.0895 | Val IoU: 0.9522 | 🕒 172.85s
2025-12-20 16:04:33,174 [INFO] - Epoch 27/30 | Val Loss: 0.0891 | Val IoU: 0.9522 | 🕒 172.24s
2025-12-20 16:07:25,935 [INFO] - Epoch 28/30 | Val Loss: 0.0896 | Val IoU: 0.9522 | 🕒 172.66s
2025-12-20 16:10:18,396 [INFO] - Epoch 29/30 | Val Loss: 0.0899 | Val IoU: 0.9523 | 🕒 172.35s
2025-12-20 16:13:10,736 [INFO] - Epoch 30/30 | Val Loss: 0.0886 | Val IoU: 0.9522 | 🕒 172.24s
2025-12-20 16:13:10,841 [INFO] - 📄 Time report saved at: plot/plot_DeepGlobal_CrossEntropyLoss_EfficientViT-Seg_l2-cityscapes/training_times.txt
2025-12-20 16:13:12,048 [INFO] - ✅ Best model saved at: model/model_DeepGlobal_CrossEntropyLoss_EfficientViT-Seg_l2-cityscapes.pt
2025-12-20 16:13:12,048 [INFO] - 📊 Results saved at: plot/plot_DeepGlobal_CrossEntropyLoss_EfficientViT-Seg_l2-cityscapes
