2025-08-04 13:19:59,464 [INFO] - 
=========================== STARTING NEW EXPERIMENT ============================
2025-08-04 13:19:59,464 [INFO] - Configuration: TGRS_Road_CrossEntropyLoss_UNet++_mobileone_s0
2025-08-04 13:19:59,465 [INFO] - ================================================================================
2025-08-04 13:19:59,465 [INFO] - 🔄 Loading data...
2025-08-04 13:20:01,107 [INFO] - 🔧 Initializing model, loss function, and optimizer...
2025-08-04 13:21:47,385 [INFO] - Epoch 01 | Val Loss: 0.1190 | Val IoU: 0.9308 | 🕒 105.28s
2025-08-04 13:22:11,531 [INFO] - Epoch 02 | Val Loss: 0.0941 | Val IoU: 0.9313 | 🕒 24.15s
2025-08-04 13:22:35,166 [INFO] - Epoch 03 | Val Loss: 0.0720 | Val IoU: 0.9428 | 🕒 23.63s
2025-08-04 13:22:58,975 [INFO] - Epoch 04 | Val Loss: 0.0757 | Val IoU: 0.9400 | 🕒 23.81s
2025-08-04 13:23:23,253 [INFO] - Epoch 05 | Val Loss: 0.0741 | Val IoU: 0.9424 | 🕒 24.28s
2025-08-04 13:23:47,306 [INFO] - Epoch 06 | Val Loss: 0.0780 | Val IoU: 0.9399 | 🕒 24.05s
2025-08-04 13:24:11,364 [INFO] - Epoch 07 | Val Loss: 0.0594 | Val IoU: 0.9521 | 🕒 24.06s
2025-08-04 13:24:35,564 [INFO] - Epoch 08 | Val Loss: 0.0660 | Val IoU: 0.9476 | 🕒 24.20s
2025-08-04 13:25:00,136 [INFO] - Epoch 09 | Val Loss: 0.0600 | Val IoU: 0.9529 | 🕒 24.57s
2025-08-04 13:25:24,642 [INFO] - Epoch 10 | Val Loss: 0.0639 | Val IoU: 0.9491 | 🕒 24.51s
2025-08-04 13:25:49,132 [INFO] - Epoch 11 | Val Loss: 0.0578 | Val IoU: 0.9548 | 🕒 24.49s
2025-08-04 13:26:13,686 [INFO] - Epoch 12 | Val Loss: 0.0600 | Val IoU: 0.9536 | 🕒 24.55s
2025-08-04 13:26:38,070 [INFO] - Epoch 13 | Val Loss: 0.0586 | Val IoU: 0.9533 | 🕒 24.38s
2025-08-04 13:27:02,370 [INFO] - Epoch 14 | Val Loss: 0.0628 | Val IoU: 0.9515 | 🕒 24.30s
2025-08-04 13:27:26,709 [INFO] - Epoch 15 | Val Loss: 0.0592 | Val IoU: 0.9545 | 🕒 24.34s
2025-08-04 13:27:51,072 [INFO] - Epoch 16 | Val Loss: 0.0696 | Val IoU: 0.9467 | 🕒 24.36s
2025-08-04 13:28:15,545 [INFO] - Epoch 17 | Val Loss: 0.0605 | Val IoU: 0.9559 | 🕒 24.47s
2025-08-04 13:28:40,069 [INFO] - Epoch 18 | Val Loss: 0.0580 | Val IoU: 0.9568 | 🕒 24.52s
2025-08-04 13:29:04,550 [INFO] - Epoch 19 | Val Loss: 0.0593 | Val IoU: 0.9557 | 🕒 24.48s
2025-08-04 13:29:28,877 [INFO] - Epoch 20 | Val Loss: 0.0586 | Val IoU: 0.9561 | 🕒 24.33s
2025-08-04 13:29:53,294 [INFO] - Epoch 21 | Val Loss: 0.0614 | Val IoU: 0.9553 | 🕒 24.42s
2025-08-04 13:30:17,920 [INFO] - Epoch 22 | Val Loss: 0.0586 | Val IoU: 0.9571 | 🕒 24.63s
2025-08-04 13:30:42,585 [INFO] - Epoch 23 | Val Loss: 0.0578 | Val IoU: 0.9575 | 🕒 24.66s
2025-08-04 13:31:06,931 [INFO] - Epoch 24 | Val Loss: 0.0581 | Val IoU: 0.9574 | 🕒 24.35s
2025-08-04 13:31:31,301 [INFO] - Epoch 25 | Val Loss: 0.0602 | Val IoU: 0.9564 | 🕒 24.37s
2025-08-04 13:31:55,720 [INFO] - Epoch 26 | Val Loss: 0.0591 | Val IoU: 0.9569 | 🕒 24.42s
2025-08-04 13:32:20,102 [INFO] - Epoch 27 | Val Loss: 0.0602 | Val IoU: 0.9563 | 🕒 24.38s
2025-08-04 13:32:44,455 [INFO] - Epoch 28 | Val Loss: 0.0592 | Val IoU: 0.9568 | 🕒 24.35s
2025-08-04 13:33:08,703 [INFO] - Epoch 29 | Val Loss: 0.0610 | Val IoU: 0.9560 | 🕒 24.25s
2025-08-04 13:33:33,044 [INFO] - Epoch 30 | Val Loss: 0.0597 | Val IoU: 0.9566 | 🕒 24.34s
2025-08-04 13:33:33,045 [INFO] - 
--- Training for TGRS_Road_CrossEntropyLoss_UNet++_mobileone_s0 complete ---
2025-08-04 13:33:33,045 [INFO] - 📄 Time report saved at: plot/plot_TGRS_Road_CrossEntropyLoss_UNet++_mobileone_s0/training_times.txt
2025-08-04 13:33:33,045 [INFO] - ✅ Best model saved at: model/model_TGRS_Road_CrossEntropyLoss_UNet++_mobileone_s0.pt
2025-08-04 13:33:33,045 [INFO] - 📊 Per-epoch results saved at: plot/plot_TGRS_Road_CrossEntropyLoss_UNet++_mobileone_s0/epoch_results.csv
2025-08-04 13:33:33,046 [INFO] - 
Training history saved to 'plot/plot_TGRS_Road_CrossEntropyLoss_UNet++_mobileone_s0' directory.
2025-08-04 13:33:34,124 [INFO] - Summary plot saved at: plot/plot_TGRS_Road_CrossEntropyLoss_UNet++_mobileone_s0/training_metrics_summary.png
2025-08-04 13:33:34,259 [INFO] - 📈 Confusion matrix saved at: plot/plot_TGRS_Road_CrossEntropyLoss_UNet++_mobileone_s0/confusion_matrix.png
2025-08-04 13:33:34,260 [INFO] - 
============================= EXPERIMENT FINISHED ==============================

