2025-10-08 16:36:08,926 [INFO] - 
=========================== STARTING NEW EXPERIMENT ============================
2025-10-08 16:36:08,926 [INFO] - Configuration: Massachusetts_CrossEntropyLoss_FPN_mobileone_s0
2025-10-08 16:36:08,926 [INFO] - ================================================================================
2025-10-08 16:36:08,926 [INFO] - 🔄 Loading data...
2025-10-08 16:36:13,122 [INFO] - 🔧 Initializing model, loss function, and optimizer...
2025-10-08 16:40:41,825 [INFO] - Epoch 01 | Val Loss: 0.1540 | Val IoU: 0.8976 | 🕒 267.25s
2025-10-08 16:41:34,008 [INFO] - Epoch 02 | Val Loss: 0.1419 | Val IoU: 0.9044 | 🕒 52.18s
2025-10-08 16:42:26,567 [INFO] - Epoch 03 | Val Loss: 0.1338 | Val IoU: 0.9066 | 🕒 52.56s
2025-10-08 16:43:19,333 [INFO] - Epoch 04 | Val Loss: 0.1296 | Val IoU: 0.9078 | 🕒 52.76s
2025-10-08 16:44:11,749 [INFO] - Epoch 05 | Val Loss: 0.1235 | Val IoU: 0.9093 | 🕒 52.42s
2025-10-08 16:45:04,153 [INFO] - Epoch 06 | Val Loss: 0.1197 | Val IoU: 0.9097 | 🕒 52.40s
2025-10-08 16:45:56,502 [INFO] - Epoch 07 | Val Loss: 0.1187 | Val IoU: 0.9114 | 🕒 52.35s
2025-10-08 16:46:48,768 [INFO] - Epoch 08 | Val Loss: 0.1146 | Val IoU: 0.9125 | 🕒 52.26s
2025-10-08 16:47:41,210 [INFO] - Epoch 09 | Val Loss: 0.1146 | Val IoU: 0.9124 | 🕒 52.44s
2025-10-08 16:48:33,758 [INFO] - Epoch 10 | Val Loss: 0.1127 | Val IoU: 0.9146 | 🕒 52.55s
2025-10-08 16:49:26,120 [INFO] - Epoch 11 | Val Loss: 0.1110 | Val IoU: 0.9146 | 🕒 52.36s
2025-10-08 16:50:18,595 [INFO] - Epoch 12 | Val Loss: 0.1124 | Val IoU: 0.9182 | 🕒 52.47s
2025-10-08 16:51:10,809 [INFO] - Epoch 13 | Val Loss: 0.1099 | Val IoU: 0.9189 | 🕒 52.21s
2025-10-08 16:52:02,992 [INFO] - Epoch 14 | Val Loss: 0.1130 | Val IoU: 0.9159 | 🕒 52.18s
2025-10-08 16:52:55,179 [INFO] - Epoch 15 | Val Loss: 0.1202 | Val IoU: 0.9158 | 🕒 52.19s
2025-10-08 16:53:47,647 [INFO] - Epoch 16 | Val Loss: 0.1082 | Val IoU: 0.9190 | 🕒 52.47s
2025-10-08 16:54:40,623 [INFO] - Epoch 17 | Val Loss: 0.1103 | Val IoU: 0.9193 | 🕒 52.97s
2025-10-08 16:55:33,058 [INFO] - Epoch 18 | Val Loss: 0.1076 | Val IoU: 0.9204 | 🕒 52.43s
2025-10-08 16:56:25,389 [INFO] - Epoch 19 | Val Loss: 0.1073 | Val IoU: 0.9213 | 🕒 52.33s
2025-10-08 16:57:17,954 [INFO] - Epoch 20 | Val Loss: 0.1063 | Val IoU: 0.9226 | 🕒 52.56s
2025-10-08 16:58:10,817 [INFO] - Epoch 21 | Val Loss: 0.1053 | Val IoU: 0.9235 | 🕒 52.86s
2025-10-08 16:59:03,526 [INFO] - Epoch 22 | Val Loss: 0.1052 | Val IoU: 0.9230 | 🕒 52.71s
2025-10-08 16:59:56,236 [INFO] - Epoch 23 | Val Loss: 0.1156 | Val IoU: 0.9218 | 🕒 52.71s
2025-10-08 17:00:48,912 [INFO] - Epoch 24 | Val Loss: 0.1095 | Val IoU: 0.9199 | 🕒 52.68s
2025-10-08 17:01:41,097 [INFO] - Epoch 25 | Val Loss: 0.1110 | Val IoU: 0.9203 | 🕒 52.18s
2025-10-08 17:02:33,444 [INFO] - Epoch 26 | Val Loss: 0.1093 | Val IoU: 0.9215 | 🕒 52.35s
2025-10-08 17:03:25,699 [INFO] - Epoch 27 | Val Loss: 0.1114 | Val IoU: 0.9194 | 🕒 52.25s
2025-10-08 17:04:18,766 [INFO] - Epoch 28 | Val Loss: 0.1116 | Val IoU: 0.9200 | 🕒 53.07s
2025-10-08 17:05:10,975 [INFO] - Epoch 29 | Val Loss: 0.1088 | Val IoU: 0.9244 | 🕒 52.21s
2025-10-08 17:06:03,498 [INFO] - Epoch 30 | Val Loss: 0.1109 | Val IoU: 0.9247 | 🕒 52.52s
2025-10-08 17:06:03,499 [INFO] - 
--- Training for Massachusetts_CrossEntropyLoss_FPN_mobileone_s0 complete ---
2025-10-08 17:06:03,499 [INFO] - 📄 Time report saved at: plot/plot_Massachusetts_CrossEntropyLoss_FPN_mobileone_s0/training_times.txt
2025-10-08 17:06:03,499 [INFO] - ✅ Best model saved at: model/model_Massachusetts_CrossEntropyLoss_FPN_mobileone_s0.pt
2025-10-08 17:06:03,499 [INFO] - 📊 Per-epoch results saved at: plot/plot_Massachusetts_CrossEntropyLoss_FPN_mobileone_s0/epoch_results.csv
2025-10-08 17:06:03,500 [INFO] - 
Training history saved to 'plot/plot_Massachusetts_CrossEntropyLoss_FPN_mobileone_s0' directory.
2025-10-08 17:06:04,515 [INFO] - Summary plot saved at: plot/plot_Massachusetts_CrossEntropyLoss_FPN_mobileone_s0/training_metrics_summary.png
2025-10-08 17:06:04,639 [INFO] - 📈 Confusion matrix saved at: plot/plot_Massachusetts_CrossEntropyLoss_FPN_mobileone_s0/confusion_matrix.png
2025-10-08 17:06:04,639 [INFO] - 
============================= EXPERIMENT FINISHED ==============================

