2025-10-20 18:51:20,216 [INFO] - 
=========================== STARTING NEW EXPERIMENT ============================
2025-10-20 18:51:20,216 [INFO] - The device used: cuda
2025-10-20 18:51:20,216 [INFO] - Configuration: DeepGlobal_CrossEntropyLoss_PAN_mobileone_s1
2025-10-20 18:51:20,216 [INFO] - ================================================================================
2025-10-20 18:51:20,216 [INFO] - 🔄 Loading data...
2025-10-20 18:51:20,227 [INFO] - 🔧 Initializing model, loss function, and optimizer...
2025-10-20 18:52:36,926 [INFO] - Epoch 01 | Val Loss: 0.0995 | Val IoU: 0.9316 | 🕒 76.29s
2025-10-20 18:53:48,528 [INFO] - Epoch 02 | Val Loss: 0.0914 | Val IoU: 0.9359 | 🕒 71.60s
2025-10-20 18:54:58,770 [INFO] - Epoch 03 | Val Loss: 0.0899 | Val IoU: 0.9372 | 🕒 70.24s
2025-10-20 18:56:07,332 [INFO] - Epoch 04 | Val Loss: 0.0898 | Val IoU: 0.9368 | 🕒 68.56s
2025-10-20 18:57:15,950 [INFO] - Epoch 05 | Val Loss: 0.1950 | Val IoU: 0.9368 | 🕒 68.62s
2025-10-20 18:58:24,886 [INFO] - Epoch 06 | Val Loss: 0.0889 | Val IoU: 0.9392 | 🕒 68.94s
2025-10-20 18:59:34,289 [INFO] - Epoch 07 | Val Loss: 0.1578 | Val IoU: 0.9326 | 🕒 69.40s
2025-10-20 19:00:43,190 [INFO] - Epoch 08 | Val Loss: 0.1928 | Val IoU: 0.9263 | 🕒 68.90s
2025-10-20 19:01:52,449 [INFO] - Epoch 09 | Val Loss: 0.1044 | Val IoU: 0.9422 | 🕒 69.26s
2025-10-20 19:03:01,572 [INFO] - Epoch 10 | Val Loss: 0.0866 | Val IoU: 0.9435 | 🕒 69.12s
2025-10-20 19:04:10,360 [INFO] - Epoch 11 | Val Loss: 0.0836 | Val IoU: 0.9411 | 🕒 68.79s
2025-10-20 19:05:19,179 [INFO] - Epoch 12 | Val Loss: 0.1179 | Val IoU: 0.9406 | 🕒 68.82s
2025-10-20 19:06:28,211 [INFO] - Epoch 13 | Val Loss: 0.1323 | Val IoU: 0.9351 | 🕒 69.03s
2025-10-20 19:07:37,031 [INFO] - Epoch 14 | Val Loss: 0.0905 | Val IoU: 0.9421 | 🕒 68.82s
2025-10-20 19:08:45,566 [INFO] - Epoch 15 | Val Loss: 0.2801 | Val IoU: 0.9410 | 🕒 68.53s
2025-10-20 19:09:54,902 [INFO] - Epoch 16 | Val Loss: 3.3794 | Val IoU: 0.9262 | 🕒 69.34s
2025-10-20 19:11:04,540 [INFO] - Epoch 17 | Val Loss: 0.1927 | Val IoU: 0.9301 | 🕒 69.64s
2025-10-20 19:12:11,768 [INFO] - Epoch 18 | Val Loss: 0.7912 | Val IoU: 0.9408 | 🕒 67.23s
2025-10-20 19:13:18,704 [INFO] - Epoch 19 | Val Loss: 0.2770 | Val IoU: 0.9442 | 🕒 66.94s
2025-10-20 19:14:25,758 [INFO] - Epoch 20 | Val Loss: 0.7079 | Val IoU: 0.9418 | 🕒 67.05s
2025-10-20 19:15:33,044 [INFO] - Epoch 21 | Val Loss: 0.3764 | Val IoU: 0.9439 | 🕒 67.29s
2025-10-20 19:16:40,187 [INFO] - Epoch 22 | Val Loss: 0.6008 | Val IoU: 0.9432 | 🕒 67.14s
2025-10-20 19:17:47,348 [INFO] - Epoch 23 | Val Loss: 0.9294 | Val IoU: 0.9438 | 🕒 67.16s
2025-10-20 19:18:55,240 [INFO] - Epoch 24 | Val Loss: 0.8322 | Val IoU: 0.9436 | 🕒 67.89s
2025-10-20 19:20:02,387 [INFO] - Epoch 25 | Val Loss: 1.5357 | Val IoU: 0.9428 | 🕒 67.15s
2025-10-20 19:21:13,012 [INFO] - Epoch 26 | Val Loss: 0.5471 | Val IoU: 0.9435 | 🕒 70.62s
2025-10-20 19:22:26,262 [INFO] - Epoch 27 | Val Loss: 2.2398 | Val IoU: 0.9421 | 🕒 73.25s
2025-10-20 19:23:40,448 [INFO] - Epoch 28 | Val Loss: 0.9279 | Val IoU: 0.9430 | 🕒 74.19s
2025-10-20 19:24:59,103 [INFO] - Epoch 29 | Val Loss: 0.6914 | Val IoU: 0.9437 | 🕒 78.65s
2025-10-20 19:26:22,508 [INFO] - Epoch 30 | Val Loss: 1.4726 | Val IoU: 0.9422 | 🕒 83.40s
2025-10-20 19:26:22,509 [INFO] - 
--- Training for DeepGlobal_CrossEntropyLoss_PAN_mobileone_s1 complete ---
2025-10-20 19:26:22,510 [INFO] - 📄 Time report saved at: plot/plot_DeepGlobal_CrossEntropyLoss_PAN_mobileone_s1\training_times.txt
2025-10-20 19:26:22,510 [INFO] - ✅ Best model saved at: model/model_DeepGlobal_CrossEntropyLoss_PAN_mobileone_s1.pt
2025-10-20 19:26:22,511 [INFO] - 📊 Per-epoch results saved at: plot/plot_DeepGlobal_CrossEntropyLoss_PAN_mobileone_s1\epoch_results.csv
2025-10-20 19:26:22,524 [INFO] - 
Training history saved to 'plot/plot_DeepGlobal_CrossEntropyLoss_PAN_mobileone_s1' directory.
2025-10-20 19:26:23,954 [INFO] - Summary plot saved at: plot/plot_DeepGlobal_CrossEntropyLoss_PAN_mobileone_s1\training_metrics_summary.png
2025-10-20 19:26:24,127 [INFO] - 📈 Confusion matrix saved at: plot/plot_DeepGlobal_CrossEntropyLoss_PAN_mobileone_s1\confusion_matrix.png
2025-10-20 19:26:24,127 [INFO] - 
============================= EXPERIMENT FINISHED ==============================

