2025-08-06 08:26:48,257 [INFO] - 
=========================== STARTING NEW EXPERIMENT ============================
2025-08-06 08:26:48,257 [INFO] - Configuration: DeepGlobal_CrossEntropyLoss_SegFormer_mobileone_s1
2025-08-06 08:26:48,257 [INFO] - ================================================================================
2025-08-06 08:26:48,257 [INFO] - 🔄 Loading data...
2025-08-06 08:26:48,290 [INFO] - 🔧 Initializing model, loss function, and optimizer...
2025-08-06 08:28:18,642 [INFO] - Epoch 01 | Val Loss: 0.0917 | Val IoU: 0.9339 | 🕒 89.67s
2025-08-06 08:29:43,366 [INFO] - Epoch 02 | Val Loss: 0.0803 | Val IoU: 0.9405 | 🕒 84.72s
2025-08-06 08:31:08,172 [INFO] - Epoch 03 | Val Loss: 0.0755 | Val IoU: 0.9427 | 🕒 84.80s
2025-08-06 08:32:32,439 [INFO] - Epoch 04 | Val Loss: 0.0815 | Val IoU: 0.9377 | 🕒 84.27s
2025-08-06 08:33:56,737 [INFO] - Epoch 05 | Val Loss: 0.0754 | Val IoU: 0.9438 | 🕒 84.30s
2025-08-06 08:35:21,211 [INFO] - Epoch 06 | Val Loss: 0.0732 | Val IoU: 0.9463 | 🕒 84.47s
2025-08-06 08:36:45,347 [INFO] - Epoch 07 | Val Loss: 0.0776 | Val IoU: 0.9443 | 🕒 84.13s
2025-08-06 08:38:09,831 [INFO] - Epoch 08 | Val Loss: 0.0710 | Val IoU: 0.9474 | 🕒 84.48s
2025-08-06 08:39:34,724 [INFO] - Epoch 09 | Val Loss: 0.0722 | Val IoU: 0.9437 | 🕒 84.89s
2025-08-06 08:40:58,895 [INFO] - Epoch 10 | Val Loss: 0.0717 | Val IoU: 0.9482 | 🕒 84.17s
2025-08-06 08:42:22,925 [INFO] - Epoch 11 | Val Loss: 0.0736 | Val IoU: 0.9476 | 🕒 84.03s
2025-08-06 08:43:47,816 [INFO] - Epoch 12 | Val Loss: 0.0699 | Val IoU: 0.9499 | 🕒 84.89s
2025-08-06 08:45:11,729 [INFO] - Epoch 13 | Val Loss: 0.0840 | Val IoU: 0.9455 | 🕒 83.91s
2025-08-06 08:46:36,138 [INFO] - Epoch 14 | Val Loss: 0.0743 | Val IoU: 0.9474 | 🕒 84.41s
2025-08-06 08:48:00,637 [INFO] - Epoch 15 | Val Loss: 0.0724 | Val IoU: 0.9474 | 🕒 84.50s
2025-08-06 08:49:24,713 [INFO] - Epoch 16 | Val Loss: 0.0735 | Val IoU: 0.9496 | 🕒 84.08s
2025-08-06 08:50:48,947 [INFO] - Epoch 17 | Val Loss: 0.0800 | Val IoU: 0.9482 | 🕒 84.23s
2025-08-06 08:52:12,775 [INFO] - Epoch 18 | Val Loss: 0.0780 | Val IoU: 0.9497 | 🕒 83.83s
2025-08-06 08:53:36,300 [INFO] - Epoch 19 | Val Loss: 0.0746 | Val IoU: 0.9519 | 🕒 83.52s
2025-08-06 08:55:00,179 [INFO] - Epoch 20 | Val Loss: 0.0758 | Val IoU: 0.9519 | 🕒 83.88s
2025-08-06 08:56:23,552 [INFO] - Epoch 21 | Val Loss: 0.0767 | Val IoU: 0.9517 | 🕒 83.37s
2025-08-06 08:57:47,059 [INFO] - Epoch 22 | Val Loss: 0.0790 | Val IoU: 0.9515 | 🕒 83.51s
2025-08-06 08:59:10,662 [INFO] - Epoch 23 | Val Loss: 0.0800 | Val IoU: 0.9517 | 🕒 83.60s
2025-08-06 09:00:33,993 [INFO] - Epoch 24 | Val Loss: 0.0822 | Val IoU: 0.9519 | 🕒 83.33s
2025-08-06 09:01:57,488 [INFO] - Epoch 25 | Val Loss: 0.0821 | Val IoU: 0.9517 | 🕒 83.49s
2025-08-06 09:03:20,909 [INFO] - Epoch 26 | Val Loss: 0.0835 | Val IoU: 0.9517 | 🕒 83.42s
2025-08-06 09:04:43,801 [INFO] - Epoch 27 | Val Loss: 0.0844 | Val IoU: 0.9517 | 🕒 82.89s
2025-08-06 09:06:07,092 [INFO] - Epoch 28 | Val Loss: 0.0824 | Val IoU: 0.9517 | 🕒 83.29s
2025-08-06 09:07:30,471 [INFO] - Epoch 29 | Val Loss: 0.0829 | Val IoU: 0.9517 | 🕒 83.38s
2025-08-06 09:08:53,545 [INFO] - Epoch 30 | Val Loss: 0.0828 | Val IoU: 0.9516 | 🕒 83.07s
2025-08-06 09:08:53,545 [INFO] - 
--- Training for DeepGlobal_CrossEntropyLoss_SegFormer_mobileone_s1 complete ---
2025-08-06 09:08:53,546 [INFO] - 📄 Time report saved at: plot/plot_DeepGlobal_CrossEntropyLoss_SegFormer_mobileone_s1/training_times.txt
2025-08-06 09:08:53,546 [INFO] - ✅ Best model saved at: model/model_DeepGlobal_CrossEntropyLoss_SegFormer_mobileone_s1.pt
2025-08-06 09:08:53,546 [INFO] - 📊 Per-epoch results saved at: plot/plot_DeepGlobal_CrossEntropyLoss_SegFormer_mobileone_s1/epoch_results.csv
2025-08-06 09:08:53,547 [INFO] - 
Training history saved to 'plot/plot_DeepGlobal_CrossEntropyLoss_SegFormer_mobileone_s1' directory.
2025-08-06 09:08:54,495 [INFO] - Summary plot saved at: plot/plot_DeepGlobal_CrossEntropyLoss_SegFormer_mobileone_s1/training_metrics_summary.png
2025-08-06 09:08:54,635 [INFO] - 📈 Confusion matrix saved at: plot/plot_DeepGlobal_CrossEntropyLoss_SegFormer_mobileone_s1/confusion_matrix.png
2025-08-06 09:08:54,635 [INFO] - 
============================= EXPERIMENT FINISHED ==============================

