2025-08-06 06:39:57,023 [INFO] - 
=========================== STARTING NEW EXPERIMENT ============================
2025-08-06 06:39:57,023 [INFO] - Configuration: DeepGlobal_CrossEntropyLoss_DeepLabV3Plus_mobileone_s1
2025-08-06 06:39:57,023 [INFO] - ================================================================================
2025-08-06 06:39:57,023 [INFO] - 🔄 Loading data...
2025-08-06 06:39:57,076 [INFO] - 🔧 Initializing model, loss function, and optimizer...
2025-08-06 06:41:18,362 [INFO] - Epoch 01 | Val Loss: 0.1025 | Val IoU: 0.9247 | 🕒 80.74s
2025-08-06 06:42:35,248 [INFO] - Epoch 02 | Val Loss: 0.0841 | Val IoU: 0.9402 | 🕒 76.89s
2025-08-06 06:43:51,573 [INFO] - Epoch 03 | Val Loss: 0.0805 | Val IoU: 0.9407 | 🕒 76.32s
2025-08-06 06:45:07,786 [INFO] - Epoch 04 | Val Loss: 0.0763 | Val IoU: 0.9432 | 🕒 76.21s
2025-08-06 06:46:24,082 [INFO] - Epoch 05 | Val Loss: 0.0733 | Val IoU: 0.9448 | 🕒 76.30s
2025-08-06 06:47:40,302 [INFO] - Epoch 06 | Val Loss: 0.0767 | Val IoU: 0.9438 | 🕒 76.22s
2025-08-06 06:48:56,418 [INFO] - Epoch 07 | Val Loss: 0.0773 | Val IoU: 0.9465 | 🕒 76.12s
2025-08-06 06:50:12,369 [INFO] - Epoch 08 | Val Loss: 0.0766 | Val IoU: 0.9466 | 🕒 75.95s
2025-08-06 06:51:28,920 [INFO] - Epoch 09 | Val Loss: 0.0743 | Val IoU: 0.9460 | 🕒 76.55s
2025-08-06 06:52:45,096 [INFO] - Epoch 10 | Val Loss: 0.0737 | Val IoU: 0.9455 | 🕒 76.18s
2025-08-06 06:54:01,093 [INFO] - Epoch 11 | Val Loss: 0.0754 | Val IoU: 0.9485 | 🕒 75.99s
2025-08-06 06:55:17,527 [INFO] - Epoch 12 | Val Loss: 0.0694 | Val IoU: 0.9505 | 🕒 76.43s
2025-08-06 06:56:34,089 [INFO] - Epoch 13 | Val Loss: 0.0722 | Val IoU: 0.9510 | 🕒 76.56s
2025-08-06 06:57:50,659 [INFO] - Epoch 14 | Val Loss: 0.0721 | Val IoU: 0.9507 | 🕒 76.57s
2025-08-06 06:59:07,408 [INFO] - Epoch 15 | Val Loss: 0.0727 | Val IoU: 0.9506 | 🕒 76.75s
2025-08-06 07:00:24,214 [INFO] - Epoch 16 | Val Loss: 0.0747 | Val IoU: 0.9508 | 🕒 76.81s
2025-08-06 07:01:41,228 [INFO] - Epoch 17 | Val Loss: 0.0758 | Val IoU: 0.9508 | 🕒 77.01s
2025-08-06 07:02:57,628 [INFO] - Epoch 18 | Val Loss: 0.0759 | Val IoU: 0.9505 | 🕒 76.40s
2025-08-06 07:04:13,724 [INFO] - Epoch 19 | Val Loss: 0.0763 | Val IoU: 0.9505 | 🕒 76.10s
2025-08-06 07:05:29,535 [INFO] - Epoch 20 | Val Loss: 0.0759 | Val IoU: 0.9506 | 🕒 75.81s
2025-08-06 07:06:45,397 [INFO] - Epoch 21 | Val Loss: 0.0758 | Val IoU: 0.9506 | 🕒 75.86s
2025-08-06 07:08:01,379 [INFO] - Epoch 22 | Val Loss: 0.0773 | Val IoU: 0.9506 | 🕒 75.98s
2025-08-06 07:09:17,364 [INFO] - Epoch 23 | Val Loss: 0.0780 | Val IoU: 0.9505 | 🕒 75.98s
2025-08-06 07:10:32,860 [INFO] - Epoch 24 | Val Loss: 0.0766 | Val IoU: 0.9507 | 🕒 75.50s
2025-08-06 07:11:48,416 [INFO] - Epoch 25 | Val Loss: 0.0774 | Val IoU: 0.9508 | 🕒 75.56s
2025-08-06 07:13:04,181 [INFO] - Epoch 26 | Val Loss: 0.0779 | Val IoU: 0.9506 | 🕒 75.76s
2025-08-06 07:14:20,534 [INFO] - Epoch 27 | Val Loss: 0.0783 | Val IoU: 0.9506 | 🕒 76.35s
2025-08-06 07:15:36,410 [INFO] - Epoch 28 | Val Loss: 0.0782 | Val IoU: 0.9506 | 🕒 75.88s
2025-08-06 07:16:52,302 [INFO] - Epoch 29 | Val Loss: 0.0776 | Val IoU: 0.9507 | 🕒 75.89s
2025-08-06 07:18:08,909 [INFO] - Epoch 30 | Val Loss: 0.0779 | Val IoU: 0.9507 | 🕒 76.61s
2025-08-06 07:18:08,909 [INFO] - 
--- Training for DeepGlobal_CrossEntropyLoss_DeepLabV3Plus_mobileone_s1 complete ---
2025-08-06 07:18:08,910 [INFO] - 📄 Time report saved at: plot/plot_DeepGlobal_CrossEntropyLoss_DeepLabV3Plus_mobileone_s1/training_times.txt
2025-08-06 07:18:08,910 [INFO] - ✅ Best model saved at: model/model_DeepGlobal_CrossEntropyLoss_DeepLabV3Plus_mobileone_s1.pt
2025-08-06 07:18:08,910 [INFO] - 📊 Per-epoch results saved at: plot/plot_DeepGlobal_CrossEntropyLoss_DeepLabV3Plus_mobileone_s1/epoch_results.csv
2025-08-06 07:18:08,911 [INFO] - 
Training history saved to 'plot/plot_DeepGlobal_CrossEntropyLoss_DeepLabV3Plus_mobileone_s1' directory.
2025-08-06 07:18:10,087 [INFO] - Summary plot saved at: plot/plot_DeepGlobal_CrossEntropyLoss_DeepLabV3Plus_mobileone_s1/training_metrics_summary.png
2025-08-06 07:18:10,214 [INFO] - 📈 Confusion matrix saved at: plot/plot_DeepGlobal_CrossEntropyLoss_DeepLabV3Plus_mobileone_s1/confusion_matrix.png
2025-08-06 07:18:10,214 [INFO] - 
============================= EXPERIMENT FINISHED ==============================

