2025-10-13 15:16:38,951 [INFO] - 
=========================== STARTING NEW EXPERIMENT ============================
2025-10-13 15:16:38,952 [INFO] - The device used: cuda
2025-10-13 15:16:38,952 [INFO] - Configuration: Massachusetts_CrossEntropyLoss_PAN_mobileone_s2
2025-10-13 15:16:38,952 [INFO] - ================================================================================
2025-10-13 15:16:38,952 [INFO] - 🔄 Loading data...
2025-10-13 15:16:38,956 [INFO] - 🔧 Initializing model, loss function, and optimizer...
2025-10-13 15:17:24,302 [INFO] - Epoch 01 | Val Loss: 0.1504 | Val IoU: 0.9055 | 🕒 45.01s
2025-10-13 15:18:15,793 [INFO] - Epoch 02 | Val Loss: 0.1307 | Val IoU: 0.9062 | 🕒 51.49s
2025-10-13 15:19:04,654 [INFO] - Epoch 03 | Val Loss: 0.1459 | Val IoU: 0.9062 | 🕒 48.86s
2025-10-13 15:19:53,093 [INFO] - Epoch 04 | Val Loss: 0.1260 | Val IoU: 0.9072 | 🕒 48.44s
2025-10-13 15:20:43,873 [INFO] - Epoch 05 | Val Loss: 0.1355 | Val IoU: 0.9061 | 🕒 50.78s
2025-10-13 15:21:32,546 [INFO] - Epoch 06 | Val Loss: 0.1337 | Val IoU: 0.9069 | 🕒 48.67s
2025-10-13 15:22:21,700 [INFO] - Epoch 07 | Val Loss: 0.1204 | Val IoU: 0.9094 | 🕒 49.15s
2025-10-13 15:23:11,519 [INFO] - Epoch 08 | Val Loss: 0.1387 | Val IoU: 0.9068 | 🕒 49.82s
2025-10-13 15:23:59,122 [INFO] - Epoch 09 | Val Loss: 0.1212 | Val IoU: 0.9091 | 🕒 47.60s
2025-10-13 15:24:47,106 [INFO] - Epoch 10 | Val Loss: 0.1294 | Val IoU: 0.9096 | 🕒 47.98s
2025-10-13 15:25:34,792 [INFO] - Epoch 11 | Val Loss: 0.1167 | Val IoU: 0.9098 | 🕒 47.69s
2025-10-13 15:26:23,310 [INFO] - Epoch 12 | Val Loss: 0.1193 | Val IoU: 0.9104 | 🕒 48.52s
2025-10-13 15:27:10,971 [INFO] - Epoch 13 | Val Loss: 0.1164 | Val IoU: 0.9095 | 🕒 47.66s
2025-10-13 15:27:59,311 [INFO] - Epoch 14 | Val Loss: 0.1136 | Val IoU: 0.9128 | 🕒 48.34s
2025-10-13 15:28:47,824 [INFO] - Epoch 15 | Val Loss: 0.1189 | Val IoU: 0.9099 | 🕒 48.51s
2025-10-13 15:29:35,445 [INFO] - Epoch 16 | Val Loss: 0.1348 | Val IoU: 0.9126 | 🕒 47.62s
2025-10-13 15:30:23,067 [INFO] - Epoch 17 | Val Loss: 0.3098 | Val IoU: 0.9115 | 🕒 47.62s
2025-10-13 15:31:11,145 [INFO] - Epoch 18 | Val Loss: 0.8173 | Val IoU: 0.9109 | 🕒 48.08s
2025-10-13 15:32:02,582 [INFO] - Epoch 19 | Val Loss: 0.1156 | Val IoU: 0.9135 | 🕒 51.43s
2025-10-13 15:32:53,206 [INFO] - Epoch 20 | Val Loss: 0.1889 | Val IoU: 0.9127 | 🕒 50.62s
2025-10-13 15:33:41,891 [INFO] - Epoch 21 | Val Loss: 0.1207 | Val IoU: 0.9140 | 🕒 48.69s
2025-10-13 15:34:31,505 [INFO] - Epoch 22 | Val Loss: 0.1306 | Val IoU: 0.9144 | 🕒 49.61s
2025-10-13 15:35:22,118 [INFO] - Epoch 23 | Val Loss: 0.1380 | Val IoU: 0.9140 | 🕒 50.61s
2025-10-13 15:36:10,292 [INFO] - Epoch 24 | Val Loss: 0.1183 | Val IoU: 0.9139 | 🕒 48.17s
2025-10-13 15:36:58,130 [INFO] - Epoch 25 | Val Loss: 0.1187 | Val IoU: 0.9143 | 🕒 47.84s
2025-10-13 15:37:46,794 [INFO] - Epoch 26 | Val Loss: 0.1736 | Val IoU: 0.9133 | 🕒 48.66s
2025-10-13 15:38:34,394 [INFO] - Epoch 27 | Val Loss: 0.1489 | Val IoU: 0.9140 | 🕒 47.60s
2025-10-13 15:39:22,071 [INFO] - Epoch 28 | Val Loss: 0.1356 | Val IoU: 0.9139 | 🕒 47.68s
2025-10-13 15:40:12,262 [INFO] - Epoch 29 | Val Loss: 0.1487 | Val IoU: 0.9143 | 🕒 50.19s
2025-10-13 15:40:59,817 [INFO] - Epoch 30 | Val Loss: 0.1420 | Val IoU: 0.9141 | 🕒 47.55s
2025-10-13 15:40:59,818 [INFO] - 
--- Training for Massachusetts_CrossEntropyLoss_PAN_mobileone_s2 complete ---
2025-10-13 15:40:59,822 [INFO] - 📄 Time report saved at: plot/plot_Massachusetts_CrossEntropyLoss_PAN_mobileone_s2\training_times.txt
2025-10-13 15:40:59,822 [INFO] - ✅ Best model saved at: model/model_Massachusetts_CrossEntropyLoss_PAN_mobileone_s2.pt
2025-10-13 15:40:59,824 [INFO] - 📊 Per-epoch results saved at: plot/plot_Massachusetts_CrossEntropyLoss_PAN_mobileone_s2\epoch_results.csv
2025-10-13 15:40:59,842 [INFO] - 
Training history saved to 'plot/plot_Massachusetts_CrossEntropyLoss_PAN_mobileone_s2' directory.
2025-10-13 15:41:01,230 [INFO] - Summary plot saved at: plot/plot_Massachusetts_CrossEntropyLoss_PAN_mobileone_s2\training_metrics_summary.png
2025-10-13 15:41:01,375 [INFO] - 📈 Confusion matrix saved at: plot/plot_Massachusetts_CrossEntropyLoss_PAN_mobileone_s2\confusion_matrix.png
2025-10-13 15:41:01,375 [INFO] - 
============================= EXPERIMENT FINISHED ==============================

