2025-12-20 14:25:57,173 [INFO] - Config suffix: TGRS_Road_CrossEntropyLoss_EfficientViT-Seg_l1-cityscapes
2025-12-20 14:25:57,173 [INFO] - Device: cuda
2025-12-20 14:25:57,174 [INFO] - 🔄 Loading data...
2025-12-20 14:25:57,183 [INFO] - 🔧 Initializing model, loss, optimizer, scheduler...
2025-12-20 14:26:19,484 [INFO] - Epoch 01/30 | Val Loss: 0.1741 | Val IoU: 0.8735 | 🕒 21.54s
2025-12-20 14:26:41,025 [INFO] - Epoch 02/30 | Val Loss: 0.0981 | Val IoU: 0.9210 | 🕒 21.47s
2025-12-20 14:27:02,928 [INFO] - Epoch 03/30 | Val Loss: 0.0882 | Val IoU: 0.9283 | 🕒 21.82s
2025-12-20 14:27:25,205 [INFO] - Epoch 04/30 | Val Loss: 0.0780 | Val IoU: 0.9354 | 🕒 22.20s
2025-12-20 14:27:48,291 [INFO] - Epoch 05/30 | Val Loss: 0.0811 | Val IoU: 0.9364 | 🕒 23.00s
2025-12-20 14:28:11,303 [INFO] - Epoch 06/30 | Val Loss: 0.0885 | Val IoU: 0.9254 | 🕒 22.93s
2025-12-20 14:28:33,890 [INFO] - Epoch 07/30 | Val Loss: 0.0717 | Val IoU: 0.9441 | 🕒 22.50s
2025-12-20 14:28:56,541 [INFO] - Epoch 08/30 | Val Loss: 0.0701 | Val IoU: 0.9447 | 🕒 22.58s
2025-12-20 14:29:18,924 [INFO] - Epoch 09/30 | Val Loss: 0.0733 | Val IoU: 0.9411 | 🕒 22.30s
2025-12-20 14:29:41,291 [INFO] - Epoch 10/30 | Val Loss: 0.0937 | Val IoU: 0.9264 | 🕒 22.28s
2025-12-20 14:30:03,883 [INFO] - Epoch 11/30 | Val Loss: 0.0677 | Val IoU: 0.9463 | 🕒 22.51s
2025-12-20 14:30:26,277 [INFO] - Epoch 12/30 | Val Loss: 0.0819 | Val IoU: 0.9389 | 🕒 22.32s
2025-12-20 14:30:48,765 [INFO] - Epoch 13/30 | Val Loss: 0.0697 | Val IoU: 0.9473 | 🕒 22.40s
2025-12-20 14:31:11,341 [INFO] - Epoch 14/30 | Val Loss: 0.0681 | Val IoU: 0.9473 | 🕒 22.50s
2025-12-20 14:31:33,807 [INFO] - Epoch 15/30 | Val Loss: 0.0714 | Val IoU: 0.9449 | 🕒 22.39s
2025-12-20 14:31:56,690 [INFO] - Epoch 16/30 | Val Loss: 0.0714 | Val IoU: 0.9475 | 🕒 22.80s
2025-12-20 14:32:19,088 [INFO] - Epoch 17/30 | Val Loss: 0.0731 | Val IoU: 0.9439 | 🕒 22.32s
2025-12-20 14:32:41,836 [INFO] - Epoch 18/30 | Val Loss: 0.0654 | Val IoU: 0.9521 | 🕒 22.67s
2025-12-20 14:33:04,746 [INFO] - Epoch 19/30 | Val Loss: 0.0668 | Val IoU: 0.9520 | 🕒 22.83s
2025-12-20 14:33:27,053 [INFO] - Epoch 20/30 | Val Loss: 0.0668 | Val IoU: 0.9518 | 🕒 22.23s
2025-12-20 14:33:49,406 [INFO] - Epoch 21/30 | Val Loss: 0.0704 | Val IoU: 0.9500 | 🕒 22.27s
2025-12-20 14:34:11,792 [INFO] - Epoch 22/30 | Val Loss: 0.0668 | Val IoU: 0.9520 | 🕒 22.31s
2025-12-20 14:34:34,206 [INFO] - Epoch 23/30 | Val Loss: 0.0708 | Val IoU: 0.9502 | 🕒 22.33s
2025-12-20 14:34:56,628 [INFO] - Epoch 24/30 | Val Loss: 0.0697 | Val IoU: 0.9506 | 🕒 22.34s
2025-12-20 14:35:19,024 [INFO] - Epoch 25/30 | Val Loss: 0.0703 | Val IoU: 0.9507 | 🕒 22.32s
2025-12-20 14:35:41,574 [INFO] - Epoch 26/30 | Val Loss: 0.0702 | Val IoU: 0.9510 | 🕒 22.47s
2025-12-20 14:36:03,975 [INFO] - Epoch 27/30 | Val Loss: 0.0707 | Val IoU: 0.9507 | 🕒 22.32s
2025-12-20 14:36:26,396 [INFO] - Epoch 28/30 | Val Loss: 0.0706 | Val IoU: 0.9508 | 🕒 22.34s
2025-12-20 14:36:48,848 [INFO] - Epoch 29/30 | Val Loss: 0.0701 | Val IoU: 0.9507 | 🕒 22.37s
2025-12-20 14:37:11,498 [INFO] - Epoch 30/30 | Val Loss: 0.0720 | Val IoU: 0.9504 | 🕒 22.57s
2025-12-20 14:37:11,579 [INFO] - 📄 Time report saved at: plot/plot_TGRS_Road_CrossEntropyLoss_EfficientViT-Seg_l1-cityscapes/training_times.txt
2025-12-20 14:37:13,021 [INFO] - ✅ Best model saved at: model/model_TGRS_Road_CrossEntropyLoss_EfficientViT-Seg_l1-cityscapes.pt
2025-12-20 14:37:13,021 [INFO] - 📊 Results saved at: plot/plot_TGRS_Road_CrossEntropyLoss_EfficientViT-Seg_l1-cityscapes
