2025-12-20 15:36:10,414 [INFO] - Config suffix: Massachusetts_CrossEntropyLoss_EfficientViT-Seg_l1-ade20k
2025-12-20 15:36:10,414 [INFO] - Device: cuda
2025-12-20 15:36:10,415 [INFO] - 🔄 Loading data...
2025-12-20 15:36:14,195 [INFO] - 🔧 Initializing model, loss, optimizer, scheduler...
2025-12-20 15:42:12,418 [INFO] - Epoch 01/30 | Val Loss: 0.1420 | Val IoU: 0.9042 | 🕒 357.34s
2025-12-20 15:44:15,706 [INFO] - Epoch 02/30 | Val Loss: 0.1356 | Val IoU: 0.9062 | 🕒 123.22s
2025-12-20 15:46:18,248 [INFO] - Epoch 03/30 | Val Loss: 0.1261 | Val IoU: 0.9060 | 🕒 122.45s
2025-12-20 15:48:21,296 [INFO] - Epoch 04/30 | Val Loss: 0.1257 | Val IoU: 0.9076 | 🕒 122.97s
2025-12-20 15:50:24,715 [INFO] - Epoch 05/30 | Val Loss: 0.1239 | Val IoU: 0.9081 | 🕒 123.34s
2025-12-20 15:52:27,763 [INFO] - Epoch 06/30 | Val Loss: 0.1228 | Val IoU: 0.9079 | 🕒 122.98s
2025-12-20 15:54:30,985 [INFO] - Epoch 07/30 | Val Loss: 0.1218 | Val IoU: 0.9051 | 🕒 123.14s
2025-12-20 15:56:34,058 [INFO] - Epoch 08/30 | Val Loss: 0.1256 | Val IoU: 0.9082 | 🕒 123.00s
2025-12-20 15:58:37,236 [INFO] - Epoch 09/30 | Val Loss: 0.1180 | Val IoU: 0.9093 | 🕒 123.11s
2025-12-20 16:00:40,173 [INFO] - Epoch 10/30 | Val Loss: 0.1200 | Val IoU: 0.9089 | 🕒 122.86s
2025-12-20 16:02:43,324 [INFO] - Epoch 11/30 | Val Loss: 0.1231 | Val IoU: 0.9079 | 🕒 123.08s
2025-12-20 16:04:46,436 [INFO] - Epoch 12/30 | Val Loss: 0.1482 | Val IoU: 0.9089 | 🕒 123.03s
2025-12-20 16:06:49,315 [INFO] - Epoch 13/30 | Val Loss: 0.1247 | Val IoU: 0.9094 | 🕒 122.80s
2025-12-20 16:08:52,728 [INFO] - Epoch 14/30 | Val Loss: 0.1204 | Val IoU: 0.9096 | 🕒 123.34s
2025-12-20 16:10:55,396 [INFO] - Epoch 15/30 | Val Loss: 0.1238 | Val IoU: 0.9082 | 🕒 122.60s
2025-12-20 16:12:58,580 [INFO] - Epoch 16/30 | Val Loss: 0.1227 | Val IoU: 0.9105 | 🕒 123.11s
2025-12-20 16:15:01,767 [INFO] - Epoch 17/30 | Val Loss: 0.1242 | Val IoU: 0.9104 | 🕒 123.11s
2025-12-20 16:17:04,435 [INFO] - Epoch 18/30 | Val Loss: 0.1258 | Val IoU: 0.9104 | 🕒 122.59s
2025-12-20 16:19:07,630 [INFO] - Epoch 19/30 | Val Loss: 0.1267 | Val IoU: 0.9104 | 🕒 123.12s
2025-12-20 16:21:10,378 [INFO] - Epoch 20/30 | Val Loss: 0.1313 | Val IoU: 0.9103 | 🕒 122.67s
2025-12-20 16:23:13,358 [INFO] - Epoch 21/30 | Val Loss: 0.1321 | Val IoU: 0.9106 | 🕒 122.90s
2025-12-20 16:25:16,176 [INFO] - Epoch 22/30 | Val Loss: 0.1332 | Val IoU: 0.9104 | 🕒 122.74s
2025-12-20 16:27:18,994 [INFO] - Epoch 23/30 | Val Loss: 0.1307 | Val IoU: 0.9103 | 🕒 122.74s
2025-12-20 16:29:22,262 [INFO] - Epoch 24/30 | Val Loss: 0.1325 | Val IoU: 0.9104 | 🕒 123.19s
2025-12-20 16:31:25,433 [INFO] - Epoch 25/30 | Val Loss: 0.1318 | Val IoU: 0.9104 | 🕒 123.10s
2025-12-20 16:33:28,477 [INFO] - Epoch 26/30 | Val Loss: 0.1338 | Val IoU: 0.9105 | 🕒 122.97s
2025-12-20 16:35:31,400 [INFO] - Epoch 27/30 | Val Loss: 0.1346 | Val IoU: 0.9105 | 🕒 122.85s
2025-12-20 16:37:34,490 [INFO] - Epoch 28/30 | Val Loss: 0.1344 | Val IoU: 0.9104 | 🕒 123.01s
2025-12-20 16:39:37,638 [INFO] - Epoch 29/30 | Val Loss: 0.1328 | Val IoU: 0.9105 | 🕒 123.07s
2025-12-20 16:41:40,811 [INFO] - Epoch 30/30 | Val Loss: 0.1334 | Val IoU: 0.9104 | 🕒 123.10s
2025-12-20 16:41:40,888 [INFO] - 📄 Time report saved at: plot/plot_Massachusetts_CrossEntropyLoss_EfficientViT-Seg_l1-ade20k/training_times.txt
2025-12-20 16:41:42,016 [INFO] - ✅ Best model saved at: model/model_Massachusetts_CrossEntropyLoss_EfficientViT-Seg_l1-ade20k.pt
2025-12-20 16:41:42,016 [INFO] - 📊 Results saved at: plot/plot_Massachusetts_CrossEntropyLoss_EfficientViT-Seg_l1-ade20k
