2025-10-22 15:49:16,420 [INFO] - 
=========================== STARTING NEW EXPERIMENT ============================
2025-10-22 15:49:16,420 [INFO] - The device used: cuda
2025-10-22 15:49:16,420 [INFO] - Configuration: DeepGlobal_CrossEntropyLoss_UPerNet_mobileone_s2
2025-10-22 15:49:16,420 [INFO] - ================================================================================
2025-10-22 15:49:16,420 [INFO] - 🔄 Loading data...
2025-10-22 15:49:16,428 [INFO] - 🔧 Initializing model, loss function, and optimizer...
2025-10-22 22:52:56,681 [INFO] - Epoch 01 | Val Loss: 0.0950 | Val IoU: 0.9303 | 🕒 25419.91s
2025-10-22 22:56:33,075 [INFO] - Epoch 02 | Val Loss: 0.0768 | Val IoU: 0.9419 | 🕒 216.39s
2025-10-22 23:00:15,402 [INFO] - Epoch 03 | Val Loss: 0.0744 | Val IoU: 0.9434 | 🕒 222.33s
2025-10-22 23:03:53,522 [INFO] - Epoch 04 | Val Loss: 0.0713 | Val IoU: 0.9459 | 🕒 218.12s
2025-10-22 23:07:37,627 [INFO] - Epoch 05 | Val Loss: 0.0695 | Val IoU: 0.9472 | 🕒 224.10s
2025-10-22 23:11:19,207 [INFO] - Epoch 06 | Val Loss: 0.0696 | Val IoU: 0.9458 | 🕒 221.58s
2025-10-22 23:14:57,567 [INFO] - Epoch 07 | Val Loss: 0.0676 | Val IoU: 0.9483 | 🕒 218.36s
2025-10-22 23:18:31,545 [INFO] - Epoch 08 | Val Loss: 0.0672 | Val IoU: 0.9493 | 🕒 213.98s
2025-10-22 23:22:05,156 [INFO] - Epoch 09 | Val Loss: 0.0712 | Val IoU: 0.9503 | 🕒 213.61s
2025-10-22 23:25:37,200 [INFO] - Epoch 10 | Val Loss: 0.0740 | Val IoU: 0.9471 | 🕒 212.04s
2025-10-22 23:29:16,211 [INFO] - Epoch 11 | Val Loss: 0.0705 | Val IoU: 0.9489 | 🕒 219.01s
2025-10-22 23:32:50,524 [INFO] - Epoch 12 | Val Loss: 0.0692 | Val IoU: 0.9501 | 🕒 214.31s
2025-10-22 23:36:25,666 [INFO] - Epoch 13 | Val Loss: 0.0689 | Val IoU: 0.9493 | 🕒 215.14s
2025-10-22 23:40:00,246 [INFO] - Epoch 14 | Val Loss: 0.0758 | Val IoU: 0.9498 | 🕒 214.58s
2025-10-22 23:43:35,263 [INFO] - Epoch 15 | Val Loss: 0.0681 | Val IoU: 0.9532 | 🕒 215.02s
2025-10-22 23:47:09,925 [INFO] - Epoch 16 | Val Loss: 0.0684 | Val IoU: 0.9528 | 🕒 214.66s
2025-10-22 23:50:45,638 [INFO] - Epoch 17 | Val Loss: 0.0712 | Val IoU: 0.9534 | 🕒 215.71s
2025-10-22 23:54:19,144 [INFO] - Epoch 18 | Val Loss: 0.0722 | Val IoU: 0.9533 | 🕒 213.50s
2025-10-22 23:57:51,918 [INFO] - Epoch 19 | Val Loss: 0.0729 | Val IoU: 0.9529 | 🕒 212.77s
2025-10-23 00:01:25,432 [INFO] - Epoch 20 | Val Loss: 0.0763 | Val IoU: 0.9532 | 🕒 213.51s
2025-10-23 00:05:01,741 [INFO] - Epoch 21 | Val Loss: 0.0761 | Val IoU: 0.9532 | 🕒 216.31s
2025-10-23 00:08:36,861 [INFO] - Epoch 22 | Val Loss: 0.0779 | Val IoU: 0.9532 | 🕒 215.12s
2025-10-23 00:12:12,171 [INFO] - Epoch 23 | Val Loss: 0.0770 | Val IoU: 0.9530 | 🕒 215.31s
2025-10-23 00:15:46,357 [INFO] - Epoch 24 | Val Loss: 0.0792 | Val IoU: 0.9532 | 🕒 214.19s
2025-10-23 00:19:22,597 [INFO] - Epoch 25 | Val Loss: 0.0796 | Val IoU: 0.9531 | 🕒 216.24s
2025-10-23 00:22:57,568 [INFO] - Epoch 26 | Val Loss: 0.0808 | Val IoU: 0.9531 | 🕒 214.97s
2025-10-23 00:26:32,227 [INFO] - Epoch 27 | Val Loss: 0.0796 | Val IoU: 0.9531 | 🕒 214.66s
2025-10-23 00:30:07,236 [INFO] - Epoch 28 | Val Loss: 0.0789 | Val IoU: 0.9530 | 🕒 215.00s
2025-10-23 00:33:42,067 [INFO] - Epoch 29 | Val Loss: 0.0788 | Val IoU: 0.9531 | 🕒 214.83s
2025-10-23 00:37:13,516 [INFO] - Epoch 30 | Val Loss: 0.0792 | Val IoU: 0.9530 | 🕒 211.45s
2025-10-23 00:37:13,517 [INFO] - 
--- Training for DeepGlobal_CrossEntropyLoss_UPerNet_mobileone_s2 complete ---
2025-10-23 00:37:13,524 [INFO] - 📄 Time report saved at: plot/plot_DeepGlobal_CrossEntropyLoss_UPerNet_mobileone_s2\training_times.txt
2025-10-23 00:37:13,524 [INFO] - ✅ Best model saved at: model/model_DeepGlobal_CrossEntropyLoss_UPerNet_mobileone_s2.pt
2025-10-23 00:37:13,526 [INFO] - 📊 Per-epoch results saved at: plot/plot_DeepGlobal_CrossEntropyLoss_UPerNet_mobileone_s2\epoch_results.csv
2025-10-23 00:37:13,548 [INFO] - 
Training history saved to 'plot/plot_DeepGlobal_CrossEntropyLoss_UPerNet_mobileone_s2' directory.
2025-10-23 00:37:14,940 [INFO] - Summary plot saved at: plot/plot_DeepGlobal_CrossEntropyLoss_UPerNet_mobileone_s2\training_metrics_summary.png
2025-10-23 00:37:15,096 [INFO] - 📈 Confusion matrix saved at: plot/plot_DeepGlobal_CrossEntropyLoss_UPerNet_mobileone_s2\confusion_matrix.png
2025-10-23 00:37:15,096 [INFO] - 
============================= EXPERIMENT FINISHED ==============================

