2025-10-11 16:13:34,811 [INFO] - 
=========================== STARTING NEW EXPERIMENT ============================
2025-10-11 16:13:34,811 [INFO] - The device used: cuda
2025-10-11 16:13:34,811 [INFO] - Configuration: TGRS_Road_CrossEntropyLoss_DeepLabV3Plus_mobileone_s3
2025-10-11 16:13:34,811 [INFO] - ================================================================================
2025-10-11 16:13:34,811 [INFO] - 🔄 Loading data...
2025-10-11 16:13:34,812 [INFO] - 🔧 Initializing model, loss function, and optimizer...
2025-10-11 16:13:45,432 [INFO] - Epoch 01 | Val Loss: 0.1613 | Val IoU: 0.8735 | 🕒 10.50s
2025-10-11 16:13:55,949 [INFO] - Epoch 02 | Val Loss: 0.1351 | Val IoU: 0.8992 | 🕒 10.52s
2025-10-11 16:14:06,471 [INFO] - Epoch 03 | Val Loss: 0.1010 | Val IoU: 0.9174 | 🕒 10.52s
2025-10-11 16:14:16,982 [INFO] - Epoch 04 | Val Loss: 0.0879 | Val IoU: 0.9285 | 🕒 10.51s
2025-10-11 16:14:27,513 [INFO] - Epoch 05 | Val Loss: 0.0787 | Val IoU: 0.9362 | 🕒 10.53s
2025-10-11 16:14:38,001 [INFO] - Epoch 06 | Val Loss: 0.0727 | Val IoU: 0.9409 | 🕒 10.49s
2025-10-11 16:14:48,518 [INFO] - Epoch 07 | Val Loss: 0.0720 | Val IoU: 0.9421 | 🕒 10.52s
2025-10-11 16:14:58,866 [INFO] - Epoch 08 | Val Loss: 0.0742 | Val IoU: 0.9413 | 🕒 10.35s
2025-10-11 16:15:09,364 [INFO] - Epoch 09 | Val Loss: 0.0621 | Val IoU: 0.9493 | 🕒 10.50s
2025-10-11 16:15:19,771 [INFO] - Epoch 10 | Val Loss: 0.0639 | Val IoU: 0.9484 | 🕒 10.41s
2025-10-11 16:15:30,171 [INFO] - Epoch 11 | Val Loss: 0.0656 | Val IoU: 0.9480 | 🕒 10.40s
2025-10-11 16:15:40,577 [INFO] - Epoch 12 | Val Loss: 0.0647 | Val IoU: 0.9474 | 🕒 10.41s
2025-10-11 16:15:50,969 [INFO] - Epoch 13 | Val Loss: 0.0736 | Val IoU: 0.9434 | 🕒 10.39s
2025-10-11 16:16:01,513 [INFO] - Epoch 14 | Val Loss: 0.0644 | Val IoU: 0.9501 | 🕒 10.54s
2025-10-11 16:16:12,031 [INFO] - Epoch 15 | Val Loss: 0.0620 | Val IoU: 0.9514 | 🕒 10.52s
2025-10-11 16:16:22,422 [INFO] - Epoch 16 | Val Loss: 0.0776 | Val IoU: 0.9425 | 🕒 10.39s
2025-10-11 16:16:32,811 [INFO] - Epoch 17 | Val Loss: 0.0653 | Val IoU: 0.9499 | 🕒 10.39s
2025-10-11 16:16:43,347 [INFO] - Epoch 18 | Val Loss: 0.0627 | Val IoU: 0.9514 | 🕒 10.54s
2025-10-11 16:16:53,733 [INFO] - Epoch 19 | Val Loss: 0.0815 | Val IoU: 0.9415 | 🕒 10.39s
2025-10-11 16:17:04,120 [INFO] - Epoch 20 | Val Loss: 0.0729 | Val IoU: 0.9468 | 🕒 10.39s
2025-10-11 16:17:14,636 [INFO] - Epoch 21 | Val Loss: 0.0620 | Val IoU: 0.9521 | 🕒 10.52s
2025-10-11 16:17:25,029 [INFO] - Epoch 22 | Val Loss: 0.0678 | Val IoU: 0.9500 | 🕒 10.39s
2025-10-11 16:17:35,412 [INFO] - Epoch 23 | Val Loss: 0.0651 | Val IoU: 0.9512 | 🕒 10.38s
2025-10-11 16:17:45,948 [INFO] - Epoch 24 | Val Loss: 0.0626 | Val IoU: 0.9525 | 🕒 10.53s
2025-10-11 16:17:56,353 [INFO] - Epoch 25 | Val Loss: 0.0643 | Val IoU: 0.9518 | 🕒 10.40s
2025-10-11 16:18:06,759 [INFO] - Epoch 26 | Val Loss: 0.0667 | Val IoU: 0.9509 | 🕒 10.41s
2025-10-11 16:18:17,148 [INFO] - Epoch 27 | Val Loss: 0.0661 | Val IoU: 0.9514 | 🕒 10.39s
2025-10-11 16:18:27,546 [INFO] - Epoch 28 | Val Loss: 0.0647 | Val IoU: 0.9519 | 🕒 10.40s
2025-10-11 16:18:37,956 [INFO] - Epoch 29 | Val Loss: 0.0646 | Val IoU: 0.9520 | 🕒 10.41s
2025-10-11 16:18:48,359 [INFO] - Epoch 30 | Val Loss: 0.0654 | Val IoU: 0.9517 | 🕒 10.40s
2025-10-11 16:18:48,359 [INFO] - 
--- Training for TGRS_Road_CrossEntropyLoss_DeepLabV3Plus_mobileone_s3 complete ---
2025-10-11 16:18:48,360 [INFO] - 📄 Time report saved at: plot/plot_TGRS_Road_CrossEntropyLoss_DeepLabV3Plus_mobileone_s3/training_times.txt
2025-10-11 16:18:48,360 [INFO] - ✅ Best model saved at: model/model_TGRS_Road_CrossEntropyLoss_DeepLabV3Plus_mobileone_s3.pt
2025-10-11 16:18:48,360 [INFO] - 📊 Per-epoch results saved at: plot/plot_TGRS_Road_CrossEntropyLoss_DeepLabV3Plus_mobileone_s3/epoch_results.csv
2025-10-11 16:18:48,361 [INFO] - 
Training history saved to 'plot/plot_TGRS_Road_CrossEntropyLoss_DeepLabV3Plus_mobileone_s3' directory.
2025-10-11 16:18:48,990 [INFO] - Summary plot saved at: plot/plot_TGRS_Road_CrossEntropyLoss_DeepLabV3Plus_mobileone_s3/training_metrics_summary.png
2025-10-11 16:18:49,077 [INFO] - 📈 Confusion matrix saved at: plot/plot_TGRS_Road_CrossEntropyLoss_DeepLabV3Plus_mobileone_s3/confusion_matrix.png
2025-10-11 16:18:49,077 [INFO] - 
============================= EXPERIMENT FINISHED ==============================

