2025-08-07 15:03:09,030 [INFO] - 
=========================== STARTING NEW EXPERIMENT ============================
2025-08-07 15:03:09,030 [INFO] - Configuration: DeepGlobal_CrossEntropyLoss_SegFormer_mobileone_s4
2025-08-07 15:03:09,030 [INFO] - ================================================================================
2025-08-07 15:03:09,030 [INFO] - 🔄 Loading data...
2025-08-07 15:03:09,037 [INFO] - 🔧 Initializing model, loss function, and optimizer...
2025-08-07 15:09:40,197 [INFO] - Epoch 01 | Val Loss: 0.0935 | Val IoU: 0.9306 | 🕒 370.20s
2025-08-07 15:16:26,072 [INFO] - Epoch 02 | Val Loss: 0.0797 | Val IoU: 0.9411 | 🕒 405.87s
2025-08-07 15:23:11,675 [INFO] - Epoch 03 | Val Loss: 0.0727 | Val IoU: 0.9450 | 🕒 405.60s
2025-08-07 15:29:49,951 [INFO] - Epoch 04 | Val Loss: 0.0717 | Val IoU: 0.9450 | 🕒 398.28s
2025-08-07 15:36:24,503 [INFO] - Epoch 05 | Val Loss: 0.0723 | Val IoU: 0.9454 | 🕒 394.55s
2025-08-07 15:42:48,456 [INFO] - Epoch 06 | Val Loss: 0.0707 | Val IoU: 0.9466 | 🕒 383.95s
2025-08-07 15:49:11,466 [INFO] - Epoch 07 | Val Loss: 0.0682 | Val IoU: 0.9490 | 🕒 383.01s
2025-08-07 15:55:34,866 [INFO] - Epoch 08 | Val Loss: 0.0700 | Val IoU: 0.9481 | 🕒 383.40s
2025-08-07 16:01:58,221 [INFO] - Epoch 09 | Val Loss: 0.0684 | Val IoU: 0.9483 | 🕒 383.36s
2025-08-07 16:08:21,934 [INFO] - Epoch 10 | Val Loss: 0.0734 | Val IoU: 0.9494 | 🕒 383.71s
2025-08-07 16:14:45,884 [INFO] - Epoch 11 | Val Loss: 0.0872 | Val IoU: 0.9468 | 🕒 383.95s
2025-08-07 16:21:07,725 [INFO] - Epoch 12 | Val Loss: 0.0694 | Val IoU: 0.9496 | 🕒 381.84s
2025-08-07 16:27:28,116 [INFO] - Epoch 13 | Val Loss: 0.0796 | Val IoU: 0.9485 | 🕒 380.39s
2025-08-07 16:33:48,579 [INFO] - Epoch 14 | Val Loss: 0.0730 | Val IoU: 0.9520 | 🕒 380.46s
2025-08-07 16:40:06,681 [INFO] - Epoch 15 | Val Loss: 0.0739 | Val IoU: 0.9522 | 🕒 378.10s
2025-08-07 16:46:25,641 [INFO] - Epoch 16 | Val Loss: 0.0750 | Val IoU: 0.9527 | 🕒 378.96s
2025-08-07 16:52:56,440 [INFO] - Epoch 17 | Val Loss: 0.0780 | Val IoU: 0.9524 | 🕒 390.80s
2025-08-07 16:59:18,232 [INFO] - Epoch 18 | Val Loss: 0.0797 | Val IoU: 0.9526 | 🕒 381.79s
2025-08-07 17:05:38,820 [INFO] - Epoch 19 | Val Loss: 0.0807 | Val IoU: 0.9526 | 🕒 380.59s
2025-08-07 17:12:04,649 [INFO] - Epoch 20 | Val Loss: 0.0822 | Val IoU: 0.9527 | 🕒 385.83s
2025-08-07 17:18:26,871 [INFO] - Epoch 21 | Val Loss: 0.0816 | Val IoU: 0.9525 | 🕒 382.22s
2025-08-07 17:24:52,804 [INFO] - Epoch 22 | Val Loss: 0.0818 | Val IoU: 0.9525 | 🕒 385.93s
2025-08-07 17:31:19,130 [INFO] - Epoch 23 | Val Loss: 0.0835 | Val IoU: 0.9526 | 🕒 386.32s
2025-08-07 17:37:43,260 [INFO] - Epoch 24 | Val Loss: 0.0823 | Val IoU: 0.9525 | 🕒 384.13s
2025-08-07 17:44:07,211 [INFO] - Epoch 25 | Val Loss: 0.0821 | Val IoU: 0.9526 | 🕒 383.95s
2025-08-07 17:50:28,834 [INFO] - Epoch 26 | Val Loss: 0.0838 | Val IoU: 0.9524 | 🕒 381.62s
2025-08-07 19:18:57,472 [INFO] - Epoch 27 | Val Loss: 0.0837 | Val IoU: 0.9527 | 🕒 5308.64s
2025-08-07 19:25:28,225 [INFO] - Epoch 28 | Val Loss: 0.0835 | Val IoU: 0.9527 | 🕒 390.75s
2025-08-07 19:32:22,607 [INFO] - Epoch 29 | Val Loss: 0.0831 | Val IoU: 0.9525 | 🕒 414.38s
2025-08-07 19:39:45,516 [INFO] - Epoch 30 | Val Loss: 0.0855 | Val IoU: 0.9525 | 🕒 442.91s
2025-08-07 19:39:45,517 [INFO] - 
--- Training for DeepGlobal_CrossEntropyLoss_SegFormer_mobileone_s4 complete ---
2025-08-07 19:39:45,519 [INFO] - 📄 Time report saved at: plot/plot_DeepGlobal_CrossEntropyLoss_SegFormer_mobileone_s4\training_times.txt
2025-08-07 19:39:45,519 [INFO] - ✅ Best model saved at: model/model_DeepGlobal_CrossEntropyLoss_SegFormer_mobileone_s4.pt
2025-08-07 19:39:45,520 [INFO] - 📊 Per-epoch results saved at: plot/plot_DeepGlobal_CrossEntropyLoss_SegFormer_mobileone_s4\epoch_results.csv
2025-08-07 19:39:45,537 [INFO] - 
Training history saved to 'plot/plot_DeepGlobal_CrossEntropyLoss_SegFormer_mobileone_s4' directory.
2025-08-07 19:39:46,857 [INFO] - Summary plot saved at: plot/plot_DeepGlobal_CrossEntropyLoss_SegFormer_mobileone_s4\training_metrics_summary.png
2025-08-07 19:39:47,103 [INFO] - 📈 Confusion matrix saved at: plot/plot_DeepGlobal_CrossEntropyLoss_SegFormer_mobileone_s4\confusion_matrix.png
2025-08-07 19:39:47,104 [INFO] - 
============================= EXPERIMENT FINISHED ==============================

