2025-10-08 17:03:54,619 [INFO] - 
=========================== STARTING NEW EXPERIMENT ============================
2025-10-08 17:03:54,619 [INFO] - The device used: cuda
2025-10-08 17:03:54,619 [INFO] - Configuration: Massachusetts_CrossEntropyLoss_PAN_mobileone_s0
2025-10-08 17:03:54,619 [INFO] - ================================================================================
2025-10-08 17:03:54,619 [INFO] - 🔄 Loading data...
2025-10-08 17:03:59,539 [INFO] - 🔧 Initializing model, loss function, and optimizer...
2025-10-08 17:10:36,065 [INFO] - Epoch 01 | Val Loss: 0.1620 | Val IoU: 0.8986 | 🕒 394.81s
2025-10-08 17:11:29,569 [INFO] - Epoch 02 | Val Loss: 0.1405 | Val IoU: 0.9049 | 🕒 53.50s
2025-10-08 17:12:22,919 [INFO] - Epoch 03 | Val Loss: 0.1458 | Val IoU: 0.9036 | 🕒 53.35s
2025-10-08 17:13:16,762 [INFO] - Epoch 04 | Val Loss: 0.1380 | Val IoU: 0.9049 | 🕒 53.84s
2025-10-08 17:14:10,675 [INFO] - Epoch 05 | Val Loss: 0.1264 | Val IoU: 0.9067 | 🕒 53.91s
2025-10-08 17:15:05,382 [INFO] - Epoch 06 | Val Loss: 0.1579 | Val IoU: 0.9054 | 🕒 54.71s
2025-10-08 17:15:59,424 [INFO] - Epoch 07 | Val Loss: 0.1481 | Val IoU: 0.9065 | 🕒 54.04s
2025-10-08 17:16:53,590 [INFO] - Epoch 08 | Val Loss: 0.1330 | Val IoU: 0.9067 | 🕒 54.17s
2025-10-08 17:17:47,796 [INFO] - Epoch 09 | Val Loss: 0.1409 | Val IoU: 0.9048 | 🕒 54.21s
2025-10-08 17:18:42,292 [INFO] - Epoch 10 | Val Loss: 0.1507 | Val IoU: 0.9072 | 🕒 54.50s
2025-10-08 17:19:36,761 [INFO] - Epoch 11 | Val Loss: 0.1195 | Val IoU: 0.9088 | 🕒 54.47s
2025-10-08 17:20:31,763 [INFO] - Epoch 12 | Val Loss: 0.1623 | Val IoU: 0.9089 | 🕒 55.00s
2025-10-08 17:21:25,649 [INFO] - Epoch 13 | Val Loss: 0.4405 | Val IoU: 0.9076 | 🕒 53.89s
2025-10-08 17:22:19,681 [INFO] - Epoch 14 | Val Loss: 0.1333 | Val IoU: 0.9103 | 🕒 54.03s
2025-10-08 17:23:13,650 [INFO] - Epoch 15 | Val Loss: 0.1182 | Val IoU: 0.9105 | 🕒 53.97s
2025-10-08 17:24:07,775 [INFO] - Epoch 16 | Val Loss: 0.2724 | Val IoU: 0.9048 | 🕒 54.12s
2025-10-08 17:25:01,961 [INFO] - Epoch 17 | Val Loss: 0.1233 | Val IoU: 0.9103 | 🕒 54.19s
2025-10-08 17:25:56,809 [INFO] - Epoch 18 | Val Loss: 0.1169 | Val IoU: 0.9111 | 🕒 54.85s
2025-10-08 17:26:50,727 [INFO] - Epoch 19 | Val Loss: 0.1247 | Val IoU: 0.9078 | 🕒 53.92s
2025-10-08 17:27:44,828 [INFO] - Epoch 20 | Val Loss: 0.1263 | Val IoU: 0.9090 | 🕒 54.10s
2025-10-08 17:28:38,893 [INFO] - Epoch 21 | Val Loss: 0.2565 | Val IoU: 0.9119 | 🕒 54.06s
2025-10-08 17:29:32,904 [INFO] - Epoch 22 | Val Loss: 0.2043 | Val IoU: 0.9103 | 🕒 54.01s
2025-10-08 17:30:27,027 [INFO] - Epoch 23 | Val Loss: 0.1406 | Val IoU: 0.9077 | 🕒 54.12s
2025-10-08 17:31:22,524 [INFO] - Epoch 24 | Val Loss: 0.1851 | Val IoU: 0.9110 | 🕒 55.50s
2025-10-08 17:32:16,616 [INFO] - Epoch 25 | Val Loss: 0.1648 | Val IoU: 0.9128 | 🕒 54.09s
2025-10-08 17:33:10,594 [INFO] - Epoch 26 | Val Loss: 0.1330 | Val IoU: 0.9130 | 🕒 53.98s
2025-10-08 17:34:04,641 [INFO] - Epoch 27 | Val Loss: 0.1487 | Val IoU: 0.9130 | 🕒 54.04s
2025-10-08 17:34:58,712 [INFO] - Epoch 28 | Val Loss: 0.1562 | Val IoU: 0.9127 | 🕒 54.07s
2025-10-08 17:35:52,925 [INFO] - Epoch 29 | Val Loss: 0.1290 | Val IoU: 0.9135 | 🕒 54.21s
2025-10-08 17:36:47,803 [INFO] - Epoch 30 | Val Loss: 0.1325 | Val IoU: 0.9131 | 🕒 54.88s
2025-10-08 17:36:47,804 [INFO] - 
--- Training for Massachusetts_CrossEntropyLoss_PAN_mobileone_s0 complete ---
2025-10-08 17:36:47,804 [INFO] - 📄 Time report saved at: plot/plot_Massachusetts_CrossEntropyLoss_PAN_mobileone_s0/training_times.txt
2025-10-08 17:36:47,804 [INFO] - ✅ Best model saved at: model/model_Massachusetts_CrossEntropyLoss_PAN_mobileone_s0.pt
2025-10-08 17:36:47,804 [INFO] - 📊 Per-epoch results saved at: plot/plot_Massachusetts_CrossEntropyLoss_PAN_mobileone_s0/epoch_results.csv
2025-10-08 17:36:47,806 [INFO] - 
Training history saved to 'plot/plot_Massachusetts_CrossEntropyLoss_PAN_mobileone_s0' directory.
2025-10-08 17:36:48,823 [INFO] - Summary plot saved at: plot/plot_Massachusetts_CrossEntropyLoss_PAN_mobileone_s0/training_metrics_summary.png
2025-10-08 17:36:48,952 [INFO] - 📈 Confusion matrix saved at: plot/plot_Massachusetts_CrossEntropyLoss_PAN_mobileone_s0/confusion_matrix.png
2025-10-08 17:36:48,952 [INFO] - 
============================= EXPERIMENT FINISHED ==============================

