2025-12-20 15:39:56,244 [INFO] - Config suffix: DeepGlobal_CrossEntropyLoss_EfficientViT-Seg_l1-ade20k
2025-12-20 15:39:56,245 [INFO] - Device: cuda
2025-12-20 15:39:56,245 [INFO] - 🔄 Loading data...
2025-12-20 15:39:56,281 [INFO] - 🔧 Initializing model, loss, optimizer, scheduler...
2025-12-20 15:43:46,924 [INFO] - Epoch 01/30 | Val Loss: 0.1006 | Val IoU: 0.9304 | 🕒 229.31s
2025-12-20 15:47:31,290 [INFO] - Epoch 02/30 | Val Loss: 0.0869 | Val IoU: 0.9379 | 🕒 224.30s
2025-12-20 15:51:15,512 [INFO] - Epoch 03/30 | Val Loss: 0.0914 | Val IoU: 0.9334 | 🕒 224.15s
2025-12-20 15:54:59,588 [INFO] - Epoch 04/30 | Val Loss: 0.1701 | Val IoU: 0.9191 | 🕒 224.00s
2025-12-20 15:58:44,151 [INFO] - Epoch 05/30 | Val Loss: 0.0764 | Val IoU: 0.9428 | 🕒 224.48s
2025-12-20 16:02:28,150 [INFO] - Epoch 06/30 | Val Loss: 0.0935 | Val IoU: 0.9369 | 🕒 223.92s
2025-12-20 16:06:12,710 [INFO] - Epoch 07/30 | Val Loss: 0.0751 | Val IoU: 0.9445 | 🕒 224.48s
2025-12-20 16:09:56,912 [INFO] - Epoch 08/30 | Val Loss: 0.1001 | Val IoU: 0.9322 | 🕒 224.13s
2025-12-20 16:13:41,198 [INFO] - Epoch 09/30 | Val Loss: 0.0787 | Val IoU: 0.9446 | 🕒 224.21s
2025-12-20 16:17:25,659 [INFO] - Epoch 10/30 | Val Loss: 0.0724 | Val IoU: 0.9456 | 🕒 224.39s
2025-12-20 16:21:10,274 [INFO] - Epoch 11/30 | Val Loss: 0.0738 | Val IoU: 0.9485 | 🕒 224.54s
2025-12-20 16:24:54,404 [INFO] - Epoch 12/30 | Val Loss: 0.0793 | Val IoU: 0.9426 | 🕒 224.06s
2025-12-20 16:28:38,346 [INFO] - Epoch 13/30 | Val Loss: 0.0848 | Val IoU: 0.9401 | 🕒 223.86s
2025-12-20 16:32:22,593 [INFO] - Epoch 14/30 | Val Loss: 0.1008 | Val IoU: 0.9267 | 🕒 224.17s
2025-12-20 16:36:06,692 [INFO] - Epoch 15/30 | Val Loss: 0.0810 | Val IoU: 0.9440 | 🕒 224.02s
2025-12-20 16:39:47,394 [INFO] - Epoch 16/30 | Val Loss: 0.0884 | Val IoU: 0.9377 | 🕒 220.62s
2025-12-20 16:43:26,177 [INFO] - Epoch 17/30 | Val Loss: 0.0709 | Val IoU: 0.9525 | 🕒 218.71s
2025-12-20 16:47:11,648 [INFO] - Epoch 18/30 | Val Loss: 0.0751 | Val IoU: 0.9529 | 🕒 225.39s
2025-12-20 16:50:53,219 [INFO] - Epoch 19/30 | Val Loss: 0.0796 | Val IoU: 0.9532 | 🕒 221.50s
2025-12-20 16:54:34,606 [INFO] - Epoch 20/30 | Val Loss: 0.0829 | Val IoU: 0.9531 | 🕒 221.31s
2025-12-20 16:58:15,531 [INFO] - Epoch 21/30 | Val Loss: 0.0884 | Val IoU: 0.9524 | 🕒 220.85s
2025-12-20 17:01:58,900 [INFO] - Epoch 22/30 | Val Loss: 0.0935 | Val IoU: 0.9530 | 🕒 223.29s
2025-12-20 17:05:38,021 [INFO] - Epoch 23/30 | Val Loss: 0.0949 | Val IoU: 0.9531 | 🕒 219.04s
2025-12-20 17:09:16,689 [INFO] - Epoch 24/30 | Val Loss: 0.0960 | Val IoU: 0.9530 | 🕒 218.59s
2025-12-20 17:13:01,152 [INFO] - Epoch 25/30 | Val Loss: 0.0978 | Val IoU: 0.9529 | 🕒 224.39s
2025-12-20 17:16:45,421 [INFO] - Epoch 26/30 | Val Loss: 0.0970 | Val IoU: 0.9528 | 🕒 224.19s
2025-12-20 17:20:29,497 [INFO] - Epoch 27/30 | Val Loss: 0.0976 | Val IoU: 0.9529 | 🕒 224.00s
2025-12-20 17:24:09,424 [INFO] - Epoch 28/30 | Val Loss: 0.1006 | Val IoU: 0.9528 | 🕒 219.85s
2025-12-20 17:27:54,030 [INFO] - Epoch 29/30 | Val Loss: 0.0997 | Val IoU: 0.9528 | 🕒 224.53s
2025-12-20 17:31:38,020 [INFO] - Epoch 30/30 | Val Loss: 0.1002 | Val IoU: 0.9529 | 🕒 223.91s
2025-12-20 17:31:38,100 [INFO] - 📄 Time report saved at: plot/plot_DeepGlobal_CrossEntropyLoss_EfficientViT-Seg_l1-ade20k/training_times.txt
2025-12-20 17:31:39,739 [INFO] - ✅ Best model saved at: model/model_DeepGlobal_CrossEntropyLoss_EfficientViT-Seg_l1-ade20k.pt
2025-12-20 17:31:39,739 [INFO] - 📊 Results saved at: plot/plot_DeepGlobal_CrossEntropyLoss_EfficientViT-Seg_l1-ade20k
