2025-10-20 18:02:23,673 [INFO] - 
=========================== STARTING NEW EXPERIMENT ============================
2025-10-20 18:02:23,673 [INFO] - The device used: cuda
2025-10-20 18:02:23,673 [INFO] - Configuration: DeepGlobal_CrossEntropyLoss_PAN_mobileone_s0
2025-10-20 18:02:23,674 [INFO] - ================================================================================
2025-10-20 18:02:23,674 [INFO] - 🔄 Loading data...
2025-10-20 18:02:23,686 [INFO] - 🔧 Initializing model, loss function, and optimizer...
2025-10-20 18:04:01,150 [INFO] - Epoch 01 | Val Loss: 0.1174 | Val IoU: 0.9263 | 🕒 96.88s
2025-10-20 18:05:40,855 [INFO] - Epoch 02 | Val Loss: 0.0957 | Val IoU: 0.9313 | 🕒 99.70s
2025-10-20 18:07:34,569 [INFO] - Epoch 03 | Val Loss: 0.1572 | Val IoU: 0.9280 | 🕒 113.71s
2025-10-20 18:09:15,951 [INFO] - Epoch 04 | Val Loss: 0.1098 | Val IoU: 0.9325 | 🕒 101.38s
2025-10-20 18:10:56,997 [INFO] - Epoch 05 | Val Loss: 2.1645 | Val IoU: 0.9216 | 🕒 101.04s
2025-10-20 18:12:37,585 [INFO] - Epoch 06 | Val Loss: 0.1880 | Val IoU: 0.9304 | 🕒 100.59s
2025-10-20 18:14:19,270 [INFO] - Epoch 07 | Val Loss: 0.2980 | Val IoU: 0.9188 | 🕒 101.68s
2025-10-20 18:15:59,896 [INFO] - Epoch 08 | Val Loss: 0.1437 | Val IoU: 0.9300 | 🕒 100.63s
2025-10-20 18:17:41,741 [INFO] - Epoch 09 | Val Loss: 0.2988 | Val IoU: 0.9322 | 🕒 101.84s
2025-10-20 18:19:22,283 [INFO] - Epoch 10 | Val Loss: 0.3856 | Val IoU: 0.9335 | 🕒 100.54s
2025-10-20 18:21:05,755 [INFO] - Epoch 11 | Val Loss: 0.3236 | Val IoU: 0.9345 | 🕒 103.47s
2025-10-20 18:22:47,682 [INFO] - Epoch 12 | Val Loss: 0.4616 | Val IoU: 0.9320 | 🕒 101.93s
2025-10-20 18:24:30,020 [INFO] - Epoch 13 | Val Loss: 0.2683 | Val IoU: 0.9356 | 🕒 102.33s
2025-10-20 18:26:15,076 [INFO] - Epoch 14 | Val Loss: 0.3244 | Val IoU: 0.9343 | 🕒 105.06s
2025-10-20 18:27:56,701 [INFO] - Epoch 15 | Val Loss: 0.3317 | Val IoU: 0.9358 | 🕒 101.62s
2025-10-20 18:29:39,337 [INFO] - Epoch 16 | Val Loss: 0.1586 | Val IoU: 0.9374 | 🕒 102.64s
2025-10-20 18:31:20,394 [INFO] - Epoch 17 | Val Loss: 0.2044 | Val IoU: 0.9376 | 🕒 101.06s
2025-10-20 18:33:02,188 [INFO] - Epoch 18 | Val Loss: 0.2497 | Val IoU: 0.9367 | 🕒 101.79s
2025-10-20 18:34:34,047 [INFO] - Epoch 19 | Val Loss: 0.3172 | Val IoU: 0.9359 | 🕒 91.86s
2025-10-20 18:36:03,294 [INFO] - Epoch 20 | Val Loss: 0.3304 | Val IoU: 0.9347 | 🕒 89.25s
2025-10-20 18:37:33,083 [INFO] - Epoch 21 | Val Loss: 0.4502 | Val IoU: 0.9346 | 🕒 89.79s
2025-10-20 18:39:09,310 [INFO] - Epoch 22 | Val Loss: 0.2399 | Val IoU: 0.9369 | 🕒 96.23s
2025-10-20 18:40:45,347 [INFO] - Epoch 23 | Val Loss: 0.4967 | Val IoU: 0.9337 | 🕒 96.04s
2025-10-20 18:42:20,960 [INFO] - Epoch 24 | Val Loss: 0.3205 | Val IoU: 0.9370 | 🕒 95.61s
2025-10-20 18:43:54,647 [INFO] - Epoch 25 | Val Loss: 0.2832 | Val IoU: 0.9368 | 🕒 93.69s
2025-10-20 18:45:22,780 [INFO] - Epoch 26 | Val Loss: 0.3982 | Val IoU: 0.9346 | 🕒 88.13s
2025-10-20 18:46:51,414 [INFO] - Epoch 27 | Val Loss: 0.4235 | Val IoU: 0.9343 | 🕒 88.63s
2025-10-20 18:48:19,526 [INFO] - Epoch 28 | Val Loss: 0.6572 | Val IoU: 0.9334 | 🕒 88.11s
2025-10-20 18:49:47,132 [INFO] - Epoch 29 | Val Loss: 0.2864 | Val IoU: 0.9362 | 🕒 87.61s
2025-10-20 18:51:18,661 [INFO] - Epoch 30 | Val Loss: 0.2425 | Val IoU: 0.9372 | 🕒 91.53s
2025-10-20 18:51:18,661 [INFO] - 
--- Training for DeepGlobal_CrossEntropyLoss_PAN_mobileone_s0 complete ---
2025-10-20 18:51:18,662 [INFO] - 📄 Time report saved at: plot/plot_DeepGlobal_CrossEntropyLoss_PAN_mobileone_s0\training_times.txt
2025-10-20 18:51:18,662 [INFO] - ✅ Best model saved at: model/model_DeepGlobal_CrossEntropyLoss_PAN_mobileone_s0.pt
2025-10-20 18:51:18,662 [INFO] - 📊 Per-epoch results saved at: plot/plot_DeepGlobal_CrossEntropyLoss_PAN_mobileone_s0\epoch_results.csv
2025-10-20 18:51:18,665 [INFO] - 
Training history saved to 'plot/plot_DeepGlobal_CrossEntropyLoss_PAN_mobileone_s0' directory.
2025-10-20 18:51:20,045 [INFO] - Summary plot saved at: plot/plot_DeepGlobal_CrossEntropyLoss_PAN_mobileone_s0\training_metrics_summary.png
2025-10-20 18:51:20,203 [INFO] - 📈 Confusion matrix saved at: plot/plot_DeepGlobal_CrossEntropyLoss_PAN_mobileone_s0\confusion_matrix.png
2025-10-20 18:51:20,203 [INFO] - 
============================= EXPERIMENT FINISHED ==============================

