2025-10-10 14:33:55,688 [INFO] - 
=========================== STARTING NEW EXPERIMENT ============================
2025-10-10 14:33:55,688 [INFO] - The device used: cuda
2025-10-10 14:33:55,688 [INFO] - Configuration: TGRS_Road_CrossEntropyLoss_FPN_mobileone_s2
2025-10-10 14:33:55,688 [INFO] - ================================================================================
2025-10-10 14:33:55,689 [INFO] - 🔄 Loading data...
2025-10-10 14:33:55,692 [INFO] - 🔧 Initializing model, loss function, and optimizer...
2025-10-10 14:34:10,547 [INFO] - Epoch 01 | Val Loss: 0.2990 | Val IoU: 0.7938 | 🕒 14.60s
2025-10-10 14:34:25,371 [INFO] - Epoch 02 | Val Loss: 0.1284 | Val IoU: 0.8957 | 🕒 14.82s
2025-10-10 14:34:40,410 [INFO] - Epoch 03 | Val Loss: 0.1086 | Val IoU: 0.9123 | 🕒 15.04s
2025-10-10 14:34:54,808 [INFO] - Epoch 04 | Val Loss: 0.1032 | Val IoU: 0.9176 | 🕒 14.40s
2025-10-10 14:35:09,320 [INFO] - Epoch 05 | Val Loss: 0.0911 | Val IoU: 0.9257 | 🕒 14.51s
2025-10-10 14:35:24,656 [INFO] - Epoch 06 | Val Loss: 0.0987 | Val IoU: 0.9284 | 🕒 15.34s
2025-10-10 14:35:39,363 [INFO] - Epoch 07 | Val Loss: 0.0857 | Val IoU: 0.9299 | 🕒 14.71s
2025-10-10 14:35:53,984 [INFO] - Epoch 08 | Val Loss: 0.0782 | Val IoU: 0.9355 | 🕒 14.62s
2025-10-10 14:36:08,623 [INFO] - Epoch 09 | Val Loss: 0.0766 | Val IoU: 0.9371 | 🕒 14.64s
2025-10-10 14:36:23,730 [INFO] - Epoch 10 | Val Loss: 0.0737 | Val IoU: 0.9392 | 🕒 15.11s
2025-10-10 14:36:38,648 [INFO] - Epoch 11 | Val Loss: 0.0786 | Val IoU: 0.9365 | 🕒 14.92s
2025-10-10 14:36:53,440 [INFO] - Epoch 12 | Val Loss: 0.0863 | Val IoU: 0.9304 | 🕒 14.79s
2025-10-10 14:37:07,824 [INFO] - Epoch 13 | Val Loss: 0.0780 | Val IoU: 0.9382 | 🕒 14.38s
2025-10-10 14:37:22,793 [INFO] - Epoch 14 | Val Loss: 0.0735 | Val IoU: 0.9412 | 🕒 14.97s
2025-10-10 14:37:38,071 [INFO] - Epoch 15 | Val Loss: 0.0690 | Val IoU: 0.9437 | 🕒 15.28s
2025-10-10 14:37:53,155 [INFO] - Epoch 16 | Val Loss: 0.0733 | Val IoU: 0.9422 | 🕒 15.08s
2025-10-10 14:38:07,874 [INFO] - Epoch 17 | Val Loss: 0.0718 | Val IoU: 0.9429 | 🕒 14.72s
2025-10-10 14:38:22,028 [INFO] - Epoch 18 | Val Loss: 0.0699 | Val IoU: 0.9446 | 🕒 14.15s
2025-10-10 14:38:36,688 [INFO] - Epoch 19 | Val Loss: 0.0767 | Val IoU: 0.9406 | 🕒 14.66s
2025-10-10 14:38:51,659 [INFO] - Epoch 20 | Val Loss: 0.0717 | Val IoU: 0.9439 | 🕒 14.97s
2025-10-10 14:39:06,893 [INFO] - Epoch 21 | Val Loss: 0.0699 | Val IoU: 0.9454 | 🕒 15.23s
2025-10-10 14:39:21,271 [INFO] - Epoch 22 | Val Loss: 0.0690 | Val IoU: 0.9463 | 🕒 14.38s
2025-10-10 14:39:35,593 [INFO] - Epoch 23 | Val Loss: 0.0720 | Val IoU: 0.9448 | 🕒 14.32s
2025-10-10 14:39:50,981 [INFO] - Epoch 24 | Val Loss: 0.0681 | Val IoU: 0.9473 | 🕒 15.39s
2025-10-10 14:40:05,811 [INFO] - Epoch 25 | Val Loss: 0.0683 | Val IoU: 0.9472 | 🕒 14.83s
2025-10-10 14:40:20,638 [INFO] - Epoch 26 | Val Loss: 0.0679 | Val IoU: 0.9477 | 🕒 14.83s
2025-10-10 14:40:35,540 [INFO] - Epoch 27 | Val Loss: 0.0715 | Val IoU: 0.9459 | 🕒 14.90s
2025-10-10 14:40:50,370 [INFO] - Epoch 28 | Val Loss: 0.0705 | Val IoU: 0.9467 | 🕒 14.83s
2025-10-10 14:41:05,746 [INFO] - Epoch 29 | Val Loss: 0.0724 | Val IoU: 0.9459 | 🕒 15.37s
2025-10-10 14:41:20,638 [INFO] - Epoch 30 | Val Loss: 0.0698 | Val IoU: 0.9474 | 🕒 14.89s
2025-10-10 14:41:20,638 [INFO] - 
--- Training for TGRS_Road_CrossEntropyLoss_FPN_mobileone_s2 complete ---
2025-10-10 14:41:20,640 [INFO] - 📄 Time report saved at: plot/plot_TGRS_Road_CrossEntropyLoss_FPN_mobileone_s2\training_times.txt
2025-10-10 14:41:20,640 [INFO] - ✅ Best model saved at: model/model_TGRS_Road_CrossEntropyLoss_FPN_mobileone_s2.pt
2025-10-10 14:41:20,640 [INFO] - 📊 Per-epoch results saved at: plot/plot_TGRS_Road_CrossEntropyLoss_FPN_mobileone_s2\epoch_results.csv
2025-10-10 14:41:20,651 [INFO] - 
Training history saved to 'plot/plot_TGRS_Road_CrossEntropyLoss_FPN_mobileone_s2' directory.
2025-10-10 14:41:22,074 [INFO] - Summary plot saved at: plot/plot_TGRS_Road_CrossEntropyLoss_FPN_mobileone_s2\training_metrics_summary.png
2025-10-10 14:41:22,324 [INFO] - 📈 Confusion matrix saved at: plot/plot_TGRS_Road_CrossEntropyLoss_FPN_mobileone_s2\confusion_matrix.png
2025-10-10 14:41:22,324 [INFO] - 
============================= EXPERIMENT FINISHED ==============================

