2025-08-04 13:41:32,850 [INFO] - 
=========================== STARTING NEW EXPERIMENT ============================
2025-08-04 13:41:32,850 [INFO] - Configuration: TGRS_Road_CrossEntropyLoss_SegFormer_mobileone_s3
2025-08-04 13:41:32,850 [INFO] - ================================================================================
2025-08-04 13:41:32,850 [INFO] - 🔄 Loading data...
2025-08-04 13:41:32,859 [INFO] - 🔧 Initializing model, loss function, and optimizer...
2025-08-04 13:41:50,474 [INFO] - Epoch 01 | Val Loss: 0.1379 | Val IoU: 0.8941 | 🕒 16.71s
2025-08-04 13:42:07,126 [INFO] - Epoch 02 | Val Loss: 0.0991 | Val IoU: 0.9222 | 🕒 16.65s
2025-08-04 13:42:23,583 [INFO] - Epoch 03 | Val Loss: 0.0922 | Val IoU: 0.9241 | 🕒 16.46s
2025-08-04 13:42:40,037 [INFO] - Epoch 04 | Val Loss: 0.0816 | Val IoU: 0.9342 | 🕒 16.45s
2025-08-04 13:42:56,574 [INFO] - Epoch 05 | Val Loss: 0.0776 | Val IoU: 0.9372 | 🕒 16.54s
2025-08-04 13:43:13,110 [INFO] - Epoch 06 | Val Loss: 0.0756 | Val IoU: 0.9384 | 🕒 16.53s
2025-08-04 13:43:29,507 [INFO] - Epoch 07 | Val Loss: 0.0749 | Val IoU: 0.9385 | 🕒 16.40s
2025-08-04 13:43:45,940 [INFO] - Epoch 08 | Val Loss: 0.0761 | Val IoU: 0.9379 | 🕒 16.43s
2025-08-04 13:44:02,549 [INFO] - Epoch 09 | Val Loss: 0.0704 | Val IoU: 0.9433 | 🕒 16.61s
2025-08-04 13:44:19,060 [INFO] - Epoch 10 | Val Loss: 0.0679 | Val IoU: 0.9456 | 🕒 16.51s
2025-08-04 13:44:35,597 [INFO] - Epoch 11 | Val Loss: 0.0670 | Val IoU: 0.9466 | 🕒 16.54s
2025-08-04 13:44:51,864 [INFO] - Epoch 12 | Val Loss: 0.0742 | Val IoU: 0.9412 | 🕒 16.27s
2025-08-04 13:45:08,248 [INFO] - Epoch 13 | Val Loss: 0.0690 | Val IoU: 0.9462 | 🕒 16.38s
2025-08-04 13:45:24,641 [INFO] - Epoch 14 | Val Loss: 0.0763 | Val IoU: 0.9415 | 🕒 16.39s
2025-08-04 13:45:40,994 [INFO] - Epoch 15 | Val Loss: 0.0736 | Val IoU: 0.9440 | 🕒 16.35s
2025-08-04 13:45:57,396 [INFO] - Epoch 16 | Val Loss: 0.0668 | Val IoU: 0.9491 | 🕒 16.40s
2025-08-04 13:46:13,898 [INFO] - Epoch 17 | Val Loss: 0.0665 | Val IoU: 0.9493 | 🕒 16.50s
2025-08-04 13:46:30,296 [INFO] - Epoch 18 | Val Loss: 0.0697 | Val IoU: 0.9482 | 🕒 16.40s
2025-08-04 13:46:46,703 [INFO] - Epoch 19 | Val Loss: 0.0646 | Val IoU: 0.9501 | 🕒 16.41s
2025-08-04 13:47:02,970 [INFO] - Epoch 20 | Val Loss: 0.0703 | Val IoU: 0.9486 | 🕒 16.27s
2025-08-04 13:47:19,483 [INFO] - Epoch 21 | Val Loss: 0.0723 | Val IoU: 0.9471 | 🕒 16.51s
2025-08-04 13:47:35,792 [INFO] - Epoch 22 | Val Loss: 0.0731 | Val IoU: 0.9478 | 🕒 16.31s
2025-08-04 13:47:52,019 [INFO] - Epoch 23 | Val Loss: 0.0828 | Val IoU: 0.9429 | 🕒 16.23s
2025-08-04 13:48:08,255 [INFO] - Epoch 24 | Val Loss: 0.0683 | Val IoU: 0.9499 | 🕒 16.24s
2025-08-04 13:48:24,582 [INFO] - Epoch 25 | Val Loss: 0.0871 | Val IoU: 0.9429 | 🕒 16.33s
2025-08-04 13:48:40,986 [INFO] - Epoch 26 | Val Loss: 0.0761 | Val IoU: 0.9480 | 🕒 16.40s
2025-08-04 13:48:57,230 [INFO] - Epoch 27 | Val Loss: 0.0735 | Val IoU: 0.9493 | 🕒 16.24s
2025-08-04 13:49:13,483 [INFO] - Epoch 28 | Val Loss: 0.0761 | Val IoU: 0.9489 | 🕒 16.25s
2025-08-04 13:49:29,760 [INFO] - Epoch 29 | Val Loss: 0.0741 | Val IoU: 0.9497 | 🕒 16.28s
2025-08-04 13:49:46,205 [INFO] - Epoch 30 | Val Loss: 0.0756 | Val IoU: 0.9491 | 🕒 16.44s
2025-08-04 13:49:46,206 [INFO] - 
--- Training for TGRS_Road_CrossEntropyLoss_SegFormer_mobileone_s3 complete ---
2025-08-04 13:49:46,206 [INFO] - 📄 Time report saved at: plot/plot_TGRS_Road_CrossEntropyLoss_SegFormer_mobileone_s3/training_times.txt
2025-08-04 13:49:46,206 [INFO] - ✅ Best model saved at: model/model_TGRS_Road_CrossEntropyLoss_SegFormer_mobileone_s3.pt
2025-08-04 13:49:46,206 [INFO] - 📊 Per-epoch results saved at: plot/plot_TGRS_Road_CrossEntropyLoss_SegFormer_mobileone_s3/epoch_results.csv
2025-08-04 13:49:46,207 [INFO] - 
Training history saved to 'plot/plot_TGRS_Road_CrossEntropyLoss_SegFormer_mobileone_s3' directory.
2025-08-04 13:49:47,152 [INFO] - Summary plot saved at: plot/plot_TGRS_Road_CrossEntropyLoss_SegFormer_mobileone_s3/training_metrics_summary.png
2025-08-04 13:49:47,283 [INFO] - 📈 Confusion matrix saved at: plot/plot_TGRS_Road_CrossEntropyLoss_SegFormer_mobileone_s3/confusion_matrix.png
2025-08-04 13:49:47,283 [INFO] - 
============================= EXPERIMENT FINISHED ==============================

