2025-08-04 13:36:04,439 [INFO] - 
=========================== STARTING NEW EXPERIMENT ============================
2025-08-04 13:36:04,439 [INFO] - Configuration: TGRS_Road_CrossEntropyLoss_DeepLabV3Plus_mobileone_s3
2025-08-04 13:36:04,440 [INFO] - ================================================================================
2025-08-04 13:36:04,440 [INFO] - 🔄 Loading data...
2025-08-04 13:36:04,451 [INFO] - 🔧 Initializing model, loss function, and optimizer...
2025-08-04 13:36:21,038 [INFO] - Epoch 01 | Val Loss: 0.1633 | Val IoU: 0.8691 | 🕒 15.59s
2025-08-04 13:36:36,810 [INFO] - Epoch 02 | Val Loss: 0.1096 | Val IoU: 0.9149 | 🕒 15.77s
2025-08-04 13:36:52,348 [INFO] - Epoch 03 | Val Loss: 0.0936 | Val IoU: 0.9250 | 🕒 15.54s
2025-08-04 13:37:07,758 [INFO] - Epoch 04 | Val Loss: 0.0802 | Val IoU: 0.9345 | 🕒 15.41s
2025-08-04 13:37:23,129 [INFO] - Epoch 05 | Val Loss: 0.0765 | Val IoU: 0.9382 | 🕒 15.37s
2025-08-04 13:37:38,663 [INFO] - Epoch 06 | Val Loss: 0.0717 | Val IoU: 0.9420 | 🕒 15.53s
2025-08-04 13:37:54,273 [INFO] - Epoch 07 | Val Loss: 0.0666 | Val IoU: 0.9458 | 🕒 15.61s
2025-08-04 13:38:09,879 [INFO] - Epoch 08 | Val Loss: 0.0719 | Val IoU: 0.9429 | 🕒 15.61s
2025-08-04 13:38:25,304 [INFO] - Epoch 09 | Val Loss: 0.0628 | Val IoU: 0.9489 | 🕒 15.42s
2025-08-04 13:38:40,678 [INFO] - Epoch 10 | Val Loss: 0.0642 | Val IoU: 0.9484 | 🕒 15.37s
2025-08-04 13:38:55,996 [INFO] - Epoch 11 | Val Loss: 0.0669 | Val IoU: 0.9480 | 🕒 15.32s
2025-08-04 13:39:11,349 [INFO] - Epoch 12 | Val Loss: 0.0638 | Val IoU: 0.9486 | 🕒 15.35s
2025-08-04 13:39:26,825 [INFO] - Epoch 13 | Val Loss: 0.0726 | Val IoU: 0.9434 | 🕒 15.48s
2025-08-04 13:39:42,235 [INFO] - Epoch 14 | Val Loss: 0.0701 | Val IoU: 0.9459 | 🕒 15.41s
2025-08-04 13:39:57,746 [INFO] - Epoch 15 | Val Loss: 0.0664 | Val IoU: 0.9490 | 🕒 15.51s
2025-08-04 13:40:13,303 [INFO] - Epoch 16 | Val Loss: 0.0645 | Val IoU: 0.9500 | 🕒 15.56s
2025-08-04 13:40:28,785 [INFO] - Epoch 17 | Val Loss: 0.0628 | Val IoU: 0.9511 | 🕒 15.48s
2025-08-04 13:40:44,441 [INFO] - Epoch 18 | Val Loss: 0.0618 | Val IoU: 0.9516 | 🕒 15.66s
2025-08-04 13:40:59,973 [INFO] - Epoch 19 | Val Loss: 0.0642 | Val IoU: 0.9504 | 🕒 15.53s
2025-08-04 13:41:15,318 [INFO] - Epoch 20 | Val Loss: 0.0625 | Val IoU: 0.9516 | 🕒 15.35s
2025-08-04 13:41:30,585 [INFO] - Epoch 21 | Val Loss: 0.0635 | Val IoU: 0.9511 | 🕒 15.27s
2025-08-04 13:41:45,886 [INFO] - Epoch 22 | Val Loss: 0.0672 | Val IoU: 0.9494 | 🕒 15.30s
2025-08-04 13:42:01,204 [INFO] - Epoch 23 | Val Loss: 0.0685 | Val IoU: 0.9488 | 🕒 15.32s
2025-08-04 13:42:16,624 [INFO] - Epoch 24 | Val Loss: 0.0638 | Val IoU: 0.9511 | 🕒 15.42s
2025-08-04 13:42:32,147 [INFO] - Epoch 25 | Val Loss: 0.0651 | Val IoU: 0.9505 | 🕒 15.52s
2025-08-04 13:42:47,375 [INFO] - Epoch 26 | Val Loss: 0.0660 | Val IoU: 0.9503 | 🕒 15.23s
2025-08-04 13:43:02,701 [INFO] - Epoch 27 | Val Loss: 0.0651 | Val IoU: 0.9508 | 🕒 15.33s
2025-08-04 13:43:17,978 [INFO] - Epoch 28 | Val Loss: 0.0649 | Val IoU: 0.9507 | 🕒 15.28s
2025-08-04 13:43:33,278 [INFO] - Epoch 29 | Val Loss: 0.0650 | Val IoU: 0.9508 | 🕒 15.30s
2025-08-04 13:43:48,771 [INFO] - Epoch 30 | Val Loss: 0.0656 | Val IoU: 0.9503 | 🕒 15.49s
2025-08-04 13:43:48,771 [INFO] - 
--- Training for TGRS_Road_CrossEntropyLoss_DeepLabV3Plus_mobileone_s3 complete ---
2025-08-04 13:43:48,771 [INFO] - 📄 Time report saved at: plot/plot_TGRS_Road_CrossEntropyLoss_DeepLabV3Plus_mobileone_s3/training_times.txt
2025-08-04 13:43:48,771 [INFO] - ✅ Best model saved at: model/model_TGRS_Road_CrossEntropyLoss_DeepLabV3Plus_mobileone_s3.pt
2025-08-04 13:43:48,771 [INFO] - 📊 Per-epoch results saved at: plot/plot_TGRS_Road_CrossEntropyLoss_DeepLabV3Plus_mobileone_s3/epoch_results.csv
2025-08-04 13:43:48,773 [INFO] - 
Training history saved to 'plot/plot_TGRS_Road_CrossEntropyLoss_DeepLabV3Plus_mobileone_s3' directory.
2025-08-04 13:43:50,188 [INFO] - Summary plot saved at: plot/plot_TGRS_Road_CrossEntropyLoss_DeepLabV3Plus_mobileone_s3/training_metrics_summary.png
2025-08-04 13:43:50,332 [INFO] - 📈 Confusion matrix saved at: plot/plot_TGRS_Road_CrossEntropyLoss_DeepLabV3Plus_mobileone_s3/confusion_matrix.png
2025-08-04 13:43:50,332 [INFO] - 
============================= EXPERIMENT FINISHED ==============================

