2025-08-04 13:27:37,085 [INFO] - 
=========================== STARTING NEW EXPERIMENT ============================
2025-08-04 13:27:37,086 [INFO] - Configuration: TGRS_Road_CrossEntropyLoss_SegFormer_mobileone_s1
2025-08-04 13:27:37,086 [INFO] - ================================================================================
2025-08-04 13:27:37,086 [INFO] - 🔄 Loading data...
2025-08-04 13:27:37,095 [INFO] - 🔧 Initializing model, loss function, and optimizer...
2025-08-04 13:27:51,340 [INFO] - Epoch 01 | Val Loss: 0.1327 | Val IoU: 0.8951 | 🕒 13.57s
2025-08-04 13:28:04,525 [INFO] - Epoch 02 | Val Loss: 0.1054 | Val IoU: 0.9149 | 🕒 13.18s
2025-08-04 13:28:17,637 [INFO] - Epoch 03 | Val Loss: 0.0933 | Val IoU: 0.9233 | 🕒 13.11s
2025-08-04 13:28:30,845 [INFO] - Epoch 04 | Val Loss: 0.0849 | Val IoU: 0.9325 | 🕒 13.21s
2025-08-04 13:28:43,897 [INFO] - Epoch 05 | Val Loss: 0.0789 | Val IoU: 0.9357 | 🕒 13.05s
2025-08-04 13:28:56,917 [INFO] - Epoch 06 | Val Loss: 0.1011 | Val IoU: 0.9192 | 🕒 13.02s
2025-08-04 13:29:09,886 [INFO] - Epoch 07 | Val Loss: 0.0944 | Val IoU: 0.9255 | 🕒 12.97s
2025-08-04 13:29:23,047 [INFO] - Epoch 08 | Val Loss: 0.0764 | Val IoU: 0.9380 | 🕒 13.16s
2025-08-04 13:29:36,223 [INFO] - Epoch 09 | Val Loss: 0.0747 | Val IoU: 0.9394 | 🕒 13.18s
2025-08-04 13:29:49,261 [INFO] - Epoch 10 | Val Loss: 0.0753 | Val IoU: 0.9388 | 🕒 13.04s
2025-08-04 13:30:02,345 [INFO] - Epoch 11 | Val Loss: 0.0717 | Val IoU: 0.9414 | 🕒 13.08s
2025-08-04 13:30:15,373 [INFO] - Epoch 12 | Val Loss: 0.0829 | Val IoU: 0.9336 | 🕒 13.03s
2025-08-04 13:30:28,356 [INFO] - Epoch 13 | Val Loss: 0.0895 | Val IoU: 0.9305 | 🕒 12.98s
2025-08-04 13:30:41,610 [INFO] - Epoch 14 | Val Loss: 0.0671 | Val IoU: 0.9455 | 🕒 13.25s
2025-08-04 13:30:54,767 [INFO] - Epoch 15 | Val Loss: 0.0695 | Val IoU: 0.9435 | 🕒 13.16s
2025-08-04 13:31:07,802 [INFO] - Epoch 16 | Val Loss: 0.0689 | Val IoU: 0.9448 | 🕒 13.03s
2025-08-04 13:31:20,843 [INFO] - Epoch 17 | Val Loss: 0.0674 | Val IoU: 0.9460 | 🕒 13.04s
2025-08-04 13:31:33,790 [INFO] - Epoch 18 | Val Loss: 0.0726 | Val IoU: 0.9436 | 🕒 12.95s
2025-08-04 13:31:46,744 [INFO] - Epoch 19 | Val Loss: 0.0743 | Val IoU: 0.9422 | 🕒 12.95s
2025-08-04 13:31:59,622 [INFO] - Epoch 20 | Val Loss: 0.0784 | Val IoU: 0.9406 | 🕒 12.88s
2025-08-04 13:32:12,553 [INFO] - Epoch 21 | Val Loss: 0.0704 | Val IoU: 0.9456 | 🕒 12.93s
2025-08-04 13:32:25,511 [INFO] - Epoch 22 | Val Loss: 0.0710 | Val IoU: 0.9454 | 🕒 12.96s
2025-08-04 13:32:38,559 [INFO] - Epoch 23 | Val Loss: 0.0699 | Val IoU: 0.9461 | 🕒 13.05s
2025-08-04 13:32:51,533 [INFO] - Epoch 24 | Val Loss: 0.0705 | Val IoU: 0.9459 | 🕒 12.97s
2025-08-04 13:33:04,580 [INFO] - Epoch 25 | Val Loss: 0.0700 | Val IoU: 0.9464 | 🕒 13.05s
2025-08-04 13:33:17,494 [INFO] - Epoch 26 | Val Loss: 0.0708 | Val IoU: 0.9460 | 🕒 12.91s
2025-08-04 13:33:30,478 [INFO] - Epoch 27 | Val Loss: 0.0702 | Val IoU: 0.9465 | 🕒 12.98s
2025-08-04 13:33:43,525 [INFO] - Epoch 28 | Val Loss: 0.0715 | Val IoU: 0.9458 | 🕒 13.05s
2025-08-04 13:33:56,421 [INFO] - Epoch 29 | Val Loss: 0.0719 | Val IoU: 0.9455 | 🕒 12.89s
2025-08-04 13:34:09,303 [INFO] - Epoch 30 | Val Loss: 0.0702 | Val IoU: 0.9464 | 🕒 12.88s
2025-08-04 13:34:09,303 [INFO] - 
--- Training for TGRS_Road_CrossEntropyLoss_SegFormer_mobileone_s1 complete ---
2025-08-04 13:34:09,303 [INFO] - 📄 Time report saved at: plot/plot_TGRS_Road_CrossEntropyLoss_SegFormer_mobileone_s1/training_times.txt
2025-08-04 13:34:09,303 [INFO] - ✅ Best model saved at: model/model_TGRS_Road_CrossEntropyLoss_SegFormer_mobileone_s1.pt
2025-08-04 13:34:09,303 [INFO] - 📊 Per-epoch results saved at: plot/plot_TGRS_Road_CrossEntropyLoss_SegFormer_mobileone_s1/epoch_results.csv
2025-08-04 13:34:09,305 [INFO] - 
Training history saved to 'plot/plot_TGRS_Road_CrossEntropyLoss_SegFormer_mobileone_s1' directory.
2025-08-04 13:34:10,285 [INFO] - Summary plot saved at: plot/plot_TGRS_Road_CrossEntropyLoss_SegFormer_mobileone_s1/training_metrics_summary.png
2025-08-04 13:34:10,432 [INFO] - 📈 Confusion matrix saved at: plot/plot_TGRS_Road_CrossEntropyLoss_SegFormer_mobileone_s1/confusion_matrix.png
2025-08-04 13:34:10,432 [INFO] - 
============================= EXPERIMENT FINISHED ==============================

