2025-12-20 16:00:26,584 [INFO] - Config suffix: Massachusetts_CrossEntropyLoss_EfficientViT-Seg_l2-ade20k
2025-12-20 16:00:26,584 [INFO] - Device: cuda
2025-12-20 16:00:26,585 [INFO] - 🔄 Loading data...
2025-12-20 16:00:26,606 [INFO] - 🔧 Initializing model, loss, optimizer, scheduler...
2025-12-20 16:02:43,618 [INFO] - Epoch 01/30 | Val Loss: 0.1370 | Val IoU: 0.9050 | 🕒 135.32s
2025-12-20 16:04:57,828 [INFO] - Epoch 02/30 | Val Loss: 0.1273 | Val IoU: 0.9070 | 🕒 134.13s
2025-12-20 16:07:11,873 [INFO] - Epoch 03/30 | Val Loss: 0.1262 | Val IoU: 0.9072 | 🕒 133.95s
2025-12-20 16:09:25,502 [INFO] - Epoch 04/30 | Val Loss: 0.1247 | Val IoU: 0.9056 | 🕒 133.54s
2025-12-20 16:11:39,773 [INFO] - Epoch 05/30 | Val Loss: 0.1192 | Val IoU: 0.9079 | 🕒 134.17s
2025-12-20 16:13:54,005 [INFO] - Epoch 06/30 | Val Loss: 0.1188 | Val IoU: 0.9086 | 🕒 134.13s
2025-12-20 16:16:08,769 [INFO] - Epoch 07/30 | Val Loss: 0.1195 | Val IoU: 0.9093 | 🕒 134.67s
2025-12-20 16:18:22,647 [INFO] - Epoch 08/30 | Val Loss: 0.1302 | Val IoU: 0.9006 | 🕒 133.79s
2025-12-20 16:20:36,545 [INFO] - Epoch 09/30 | Val Loss: 0.1270 | Val IoU: 0.9090 | 🕒 133.80s
2025-12-20 16:22:50,386 [INFO] - Epoch 10/30 | Val Loss: 0.1317 | Val IoU: 0.9086 | 🕒 133.74s
2025-12-20 16:25:04,722 [INFO] - Epoch 11/30 | Val Loss: 0.1189 | Val IoU: 0.9100 | 🕒 134.24s
2025-12-20 16:27:18,478 [INFO] - Epoch 12/30 | Val Loss: 0.1342 | Val IoU: 0.9091 | 🕒 133.66s
2025-12-20 16:29:32,904 [INFO] - Epoch 13/30 | Val Loss: 0.1175 | Val IoU: 0.9103 | 🕒 134.33s
2025-12-20 16:31:46,958 [INFO] - Epoch 14/30 | Val Loss: 0.1190 | Val IoU: 0.9105 | 🕒 133.95s
2025-12-20 16:34:01,407 [INFO] - Epoch 15/30 | Val Loss: 0.1207 | Val IoU: 0.9106 | 🕒 134.36s
2025-12-20 16:36:15,312 [INFO] - Epoch 16/30 | Val Loss: 0.1231 | Val IoU: 0.9106 | 🕒 133.81s
2025-12-20 16:38:29,247 [INFO] - Epoch 17/30 | Val Loss: 0.1238 | Val IoU: 0.9106 | 🕒 133.84s
2025-12-20 16:40:43,325 [INFO] - Epoch 18/30 | Val Loss: 0.1246 | Val IoU: 0.9106 | 🕒 133.99s
2025-12-20 16:42:57,043 [INFO] - Epoch 19/30 | Val Loss: 0.1272 | Val IoU: 0.9106 | 🕒 133.63s
2025-12-20 16:45:10,752 [INFO] - Epoch 20/30 | Val Loss: 0.1268 | Val IoU: 0.9106 | 🕒 133.61s
2025-12-20 16:47:24,446 [INFO] - Epoch 21/30 | Val Loss: 0.1274 | Val IoU: 0.9106 | 🕒 133.60s
2025-12-20 16:49:38,254 [INFO] - Epoch 22/30 | Val Loss: 0.1277 | Val IoU: 0.9106 | 🕒 133.71s
2025-12-20 16:51:52,194 [INFO] - Epoch 23/30 | Val Loss: 0.1293 | Val IoU: 0.9107 | 🕒 133.84s
2025-12-20 16:54:06,087 [INFO] - Epoch 24/30 | Val Loss: 0.1279 | Val IoU: 0.9106 | 🕒 133.80s
2025-12-20 16:56:19,689 [INFO] - Epoch 25/30 | Val Loss: 0.1284 | Val IoU: 0.9105 | 🕒 133.51s
2025-12-20 16:58:33,477 [INFO] - Epoch 26/30 | Val Loss: 0.1295 | Val IoU: 0.9106 | 🕒 133.68s
2025-12-20 17:00:47,151 [INFO] - Epoch 27/30 | Val Loss: 0.1271 | Val IoU: 0.9105 | 🕒 133.58s
2025-12-20 17:03:00,992 [INFO] - Epoch 28/30 | Val Loss: 0.1284 | Val IoU: 0.9105 | 🕒 133.75s
2025-12-20 17:05:14,654 [INFO] - Epoch 29/30 | Val Loss: 0.1296 | Val IoU: 0.9105 | 🕒 133.57s
2025-12-20 17:07:28,554 [INFO] - Epoch 30/30 | Val Loss: 0.1309 | Val IoU: 0.9107 | 🕒 133.80s
2025-12-20 17:07:28,652 [INFO] - 📄 Time report saved at: plot/plot_Massachusetts_CrossEntropyLoss_EfficientViT-Seg_l2-ade20k/training_times.txt
2025-12-20 17:07:29,767 [INFO] - ✅ Best model saved at: model/model_Massachusetts_CrossEntropyLoss_EfficientViT-Seg_l2-ade20k.pt
2025-12-20 17:07:29,767 [INFO] - 📊 Results saved at: plot/plot_Massachusetts_CrossEntropyLoss_EfficientViT-Seg_l2-ade20k
