2025-08-06 09:29:55,315 [INFO] - 
=========================== STARTING NEW EXPERIMENT ============================
2025-08-06 09:29:55,315 [INFO] - Configuration: Massachusetts_CrossEntropyLoss_SegFormer_mobileone_s1
2025-08-06 09:29:55,315 [INFO] - ================================================================================
2025-08-06 09:29:55,315 [INFO] - 🔄 Loading data...
2025-08-06 09:29:55,318 [INFO] - 🔧 Initializing model, loss function, and optimizer...
2025-08-06 09:30:26,355 [INFO] - Epoch 01 | Val Loss: 0.1332 | Val IoU: 0.9060 | 🕒 30.96s
2025-08-06 09:30:57,382 [INFO] - Epoch 02 | Val Loss: 0.1279 | Val IoU: 0.9071 | 🕒 31.03s
2025-08-06 09:31:28,390 [INFO] - Epoch 03 | Val Loss: 0.1225 | Val IoU: 0.9083 | 🕒 31.01s
2025-08-06 09:31:59,292 [INFO] - Epoch 04 | Val Loss: 0.1216 | Val IoU: 0.9091 | 🕒 30.90s
2025-08-06 09:32:30,199 [INFO] - Epoch 05 | Val Loss: 0.1216 | Val IoU: 0.9090 | 🕒 30.91s
2025-08-06 09:33:01,205 [INFO] - Epoch 06 | Val Loss: 0.1180 | Val IoU: 0.9121 | 🕒 31.01s
2025-08-06 09:33:32,163 [INFO] - Epoch 07 | Val Loss: 0.1166 | Val IoU: 0.9135 | 🕒 30.95s
2025-08-06 09:34:03,098 [INFO] - Epoch 08 | Val Loss: 0.1130 | Val IoU: 0.9156 | 🕒 30.93s
2025-08-06 09:34:33,999 [INFO] - Epoch 09 | Val Loss: 0.1175 | Val IoU: 0.9144 | 🕒 30.90s
2025-08-06 09:35:04,912 [INFO] - Epoch 10 | Val Loss: 0.1160 | Val IoU: 0.9156 | 🕒 30.91s
2025-08-06 09:35:35,802 [INFO] - Epoch 11 | Val Loss: 0.1147 | Val IoU: 0.9147 | 🕒 30.89s
2025-08-06 09:36:06,825 [INFO] - Epoch 12 | Val Loss: 0.1134 | Val IoU: 0.9185 | 🕒 31.02s
2025-08-06 09:36:38,461 [INFO] - Epoch 13 | Val Loss: 0.1119 | Val IoU: 0.9196 | 🕒 31.63s
2025-08-06 09:37:12,935 [INFO] - Epoch 14 | Val Loss: 0.1135 | Val IoU: 0.9196 | 🕒 34.47s
2025-08-06 09:37:48,855 [INFO] - Epoch 15 | Val Loss: 0.1126 | Val IoU: 0.9193 | 🕒 35.92s
2025-08-06 09:38:22,967 [INFO] - Epoch 16 | Val Loss: 0.1184 | Val IoU: 0.9135 | 🕒 34.11s
2025-08-06 09:38:58,045 [INFO] - Epoch 17 | Val Loss: 0.1117 | Val IoU: 0.9190 | 🕒 35.08s
2025-08-06 09:39:35,049 [INFO] - Epoch 18 | Val Loss: 0.1115 | Val IoU: 0.9216 | 🕒 37.00s
2025-08-06 09:40:09,235 [INFO] - Epoch 19 | Val Loss: 0.1288 | Val IoU: 0.9168 | 🕒 34.19s
2025-08-06 09:40:44,773 [INFO] - Epoch 20 | Val Loss: 0.1114 | Val IoU: 0.9204 | 🕒 35.54s
2025-08-06 09:41:21,990 [INFO] - Epoch 21 | Val Loss: 0.1107 | Val IoU: 0.9218 | 🕒 37.22s
2025-08-06 09:41:59,731 [INFO] - Epoch 22 | Val Loss: 0.1111 | Val IoU: 0.9211 | 🕒 37.74s
2025-08-06 09:42:33,161 [INFO] - Epoch 23 | Val Loss: 0.1175 | Val IoU: 0.9227 | 🕒 33.43s
2025-08-06 09:43:06,096 [INFO] - Epoch 24 | Val Loss: 0.1204 | Val IoU: 0.9223 | 🕒 32.93s
2025-08-06 09:43:38,793 [INFO] - Epoch 25 | Val Loss: 0.1163 | Val IoU: 0.9221 | 🕒 32.70s
2025-08-06 09:44:15,419 [INFO] - Epoch 26 | Val Loss: 0.1329 | Val IoU: 0.9214 | 🕒 36.63s
2025-08-06 09:44:51,123 [INFO] - Epoch 27 | Val Loss: 0.1205 | Val IoU: 0.9227 | 🕒 35.70s
2025-08-06 09:45:27,041 [INFO] - Epoch 28 | Val Loss: 0.1192 | Val IoU: 0.9236 | 🕒 35.92s
2025-08-06 09:45:59,209 [INFO] - Epoch 29 | Val Loss: 0.1211 | Val IoU: 0.9237 | 🕒 32.17s
2025-08-06 09:46:31,033 [INFO] - Epoch 30 | Val Loss: 0.1230 | Val IoU: 0.9238 | 🕒 31.82s
2025-08-06 09:46:31,033 [INFO] - 
--- Training for Massachusetts_CrossEntropyLoss_SegFormer_mobileone_s1 complete ---
2025-08-06 09:46:31,033 [INFO] - 📄 Time report saved at: plot/plot_Massachusetts_CrossEntropyLoss_SegFormer_mobileone_s1/training_times.txt
2025-08-06 09:46:31,033 [INFO] - ✅ Best model saved at: model/model_Massachusetts_CrossEntropyLoss_SegFormer_mobileone_s1.pt
2025-08-06 09:46:31,033 [INFO] - 📊 Per-epoch results saved at: plot/plot_Massachusetts_CrossEntropyLoss_SegFormer_mobileone_s1/epoch_results.csv
2025-08-06 09:46:31,034 [INFO] - 
Training history saved to 'plot/plot_Massachusetts_CrossEntropyLoss_SegFormer_mobileone_s1' directory.
2025-08-06 09:46:31,733 [INFO] - Summary plot saved at: plot/plot_Massachusetts_CrossEntropyLoss_SegFormer_mobileone_s1/training_metrics_summary.png
2025-08-06 09:46:31,899 [INFO] - 📈 Confusion matrix saved at: plot/plot_Massachusetts_CrossEntropyLoss_SegFormer_mobileone_s1/confusion_matrix.png
2025-08-06 09:46:31,899 [INFO] - 
============================= EXPERIMENT FINISHED ==============================

