2025-10-11 22:46:03,751 [INFO] - 
=========================== STARTING NEW EXPERIMENT ============================
2025-10-11 22:46:03,751 [INFO] - The device used: cuda
2025-10-11 22:46:03,751 [INFO] - Configuration: TGRS_Road_CrossEntropyLoss_UPerNet_mobileone_s2
2025-10-11 22:46:03,751 [INFO] - ================================================================================
2025-10-11 22:46:03,751 [INFO] - 🔄 Loading data...
2025-10-11 22:46:03,753 [INFO] - 🔧 Initializing model, loss function, and optimizer...
2025-10-11 22:46:35,343 [INFO] - Epoch 01 | Val Loss: 0.1565 | Val IoU: 0.8764 | 🕒 31.34s
2025-10-11 22:47:06,971 [INFO] - Epoch 02 | Val Loss: 0.1062 | Val IoU: 0.9157 | 🕒 31.63s
2025-10-11 22:47:38,418 [INFO] - Epoch 03 | Val Loss: 0.0992 | Val IoU: 0.9191 | 🕒 31.45s
2025-10-11 22:48:09,908 [INFO] - Epoch 04 | Val Loss: 0.0896 | Val IoU: 0.9275 | 🕒 31.49s
2025-10-11 22:48:41,344 [INFO] - Epoch 05 | Val Loss: 0.0894 | Val IoU: 0.9282 | 🕒 31.43s
2025-10-11 22:49:12,976 [INFO] - Epoch 06 | Val Loss: 0.0841 | Val IoU: 0.9315 | 🕒 31.63s
2025-10-11 22:49:44,366 [INFO] - Epoch 07 | Val Loss: 0.0799 | Val IoU: 0.9352 | 🕒 31.39s
2025-10-11 22:50:15,738 [INFO] - Epoch 08 | Val Loss: 0.0805 | Val IoU: 0.9348 | 🕒 31.37s
2025-10-11 22:50:47,094 [INFO] - Epoch 09 | Val Loss: 0.0730 | Val IoU: 0.9409 | 🕒 31.36s
2025-10-11 22:51:18,425 [INFO] - Epoch 10 | Val Loss: 0.0757 | Val IoU: 0.9397 | 🕒 31.33s
2025-10-11 22:51:49,570 [INFO] - Epoch 11 | Val Loss: 0.0771 | Val IoU: 0.9383 | 🕒 31.14s
2025-10-11 22:52:20,850 [INFO] - Epoch 12 | Val Loss: 0.0754 | Val IoU: 0.9404 | 🕒 31.28s
2025-10-11 22:52:52,295 [INFO] - Epoch 13 | Val Loss: 0.0764 | Val IoU: 0.9402 | 🕒 31.45s
2025-10-11 22:53:23,738 [INFO] - Epoch 14 | Val Loss: 0.0716 | Val IoU: 0.9435 | 🕒 31.44s
2025-10-11 22:53:55,145 [INFO] - Epoch 15 | Val Loss: 0.0647 | Val IoU: 0.9486 | 🕒 31.41s
2025-10-11 22:54:26,603 [INFO] - Epoch 16 | Val Loss: 0.0697 | Val IoU: 0.9467 | 🕒 31.46s
2025-10-11 22:54:57,864 [INFO] - Epoch 17 | Val Loss: 0.0714 | Val IoU: 0.9455 | 🕒 31.26s
2025-10-11 22:55:29,174 [INFO] - Epoch 18 | Val Loss: 0.0685 | Val IoU: 0.9475 | 🕒 31.31s
2025-10-11 22:56:00,416 [INFO] - Epoch 19 | Val Loss: 0.0695 | Val IoU: 0.9484 | 🕒 31.24s
2025-10-11 22:56:31,714 [INFO] - Epoch 20 | Val Loss: 0.0647 | Val IoU: 0.9501 | 🕒 31.30s
2025-10-11 22:57:03,113 [INFO] - Epoch 21 | Val Loss: 0.0678 | Val IoU: 0.9493 | 🕒 31.40s
2025-10-11 22:57:34,363 [INFO] - Epoch 22 | Val Loss: 0.0688 | Val IoU: 0.9488 | 🕒 31.25s
2025-10-11 22:58:05,592 [INFO] - Epoch 23 | Val Loss: 0.0682 | Val IoU: 0.9491 | 🕒 31.23s
2025-10-11 22:58:36,801 [INFO] - Epoch 24 | Val Loss: 0.0709 | Val IoU: 0.9481 | 🕒 31.21s
2025-10-11 22:59:08,056 [INFO] - Epoch 25 | Val Loss: 0.0681 | Val IoU: 0.9496 | 🕒 31.26s
2025-10-11 22:59:39,264 [INFO] - Epoch 26 | Val Loss: 0.0697 | Val IoU: 0.9488 | 🕒 31.21s
2025-10-11 23:00:10,531 [INFO] - Epoch 27 | Val Loss: 0.0689 | Val IoU: 0.9496 | 🕒 31.27s
2025-10-11 23:00:41,783 [INFO] - Epoch 28 | Val Loss: 0.0700 | Val IoU: 0.9490 | 🕒 31.25s
2025-10-11 23:01:13,072 [INFO] - Epoch 29 | Val Loss: 0.0691 | Val IoU: 0.9494 | 🕒 31.29s
2025-10-11 23:01:44,239 [INFO] - Epoch 30 | Val Loss: 0.0702 | Val IoU: 0.9488 | 🕒 31.17s
2025-10-11 23:01:44,239 [INFO] - 
--- Training for TGRS_Road_CrossEntropyLoss_UPerNet_mobileone_s2 complete ---
2025-10-11 23:01:44,239 [INFO] - 📄 Time report saved at: plot/plot_TGRS_Road_CrossEntropyLoss_UPerNet_mobileone_s2\training_times.txt
2025-10-11 23:01:44,239 [INFO] - ✅ Best model saved at: model/model_TGRS_Road_CrossEntropyLoss_UPerNet_mobileone_s2.pt
2025-10-11 23:01:44,239 [INFO] - 📊 Per-epoch results saved at: plot/plot_TGRS_Road_CrossEntropyLoss_UPerNet_mobileone_s2\epoch_results.csv
2025-10-11 23:01:44,243 [INFO] - 
Training history saved to 'plot/plot_TGRS_Road_CrossEntropyLoss_UPerNet_mobileone_s2' directory.
2025-10-11 23:01:44,936 [INFO] - Summary plot saved at: plot/plot_TGRS_Road_CrossEntropyLoss_UPerNet_mobileone_s2\training_metrics_summary.png
2025-10-11 23:01:45,030 [INFO] - 📈 Confusion matrix saved at: plot/plot_TGRS_Road_CrossEntropyLoss_UPerNet_mobileone_s2\confusion_matrix.png
2025-10-11 23:01:45,031 [INFO] - 
============================= EXPERIMENT FINISHED ==============================

