2025-08-06 07:18:10,220 [INFO] - 
=========================== STARTING NEW EXPERIMENT ============================
2025-08-06 07:18:10,220 [INFO] - Configuration: DeepGlobal_CrossEntropyLoss_DeepLabV3Plus_mobileone_s2
2025-08-06 07:18:10,221 [INFO] - ================================================================================
2025-08-06 07:18:10,221 [INFO] - 🔄 Loading data...
2025-08-06 07:18:10,254 [INFO] - 🔧 Initializing model, loss function, and optimizer...
2025-08-06 07:19:41,541 [INFO] - Epoch 01 | Val Loss: 0.0902 | Val IoU: 0.9335 | 🕒 90.49s
2025-08-06 07:21:08,647 [INFO] - Epoch 02 | Val Loss: 0.0825 | Val IoU: 0.9388 | 🕒 87.11s
2025-08-06 07:22:36,259 [INFO] - Epoch 03 | Val Loss: 0.0909 | Val IoU: 0.9412 | 🕒 87.61s
2025-08-06 07:24:03,916 [INFO] - Epoch 04 | Val Loss: 0.0904 | Val IoU: 0.9298 | 🕒 87.66s
2025-08-06 07:25:31,380 [INFO] - Epoch 05 | Val Loss: 0.0917 | Val IoU: 0.9441 | 🕒 87.46s
2025-08-06 07:26:59,233 [INFO] - Epoch 06 | Val Loss: 0.0799 | Val IoU: 0.9420 | 🕒 87.85s
2025-08-06 07:28:26,985 [INFO] - Epoch 07 | Val Loss: 0.0738 | Val IoU: 0.9464 | 🕒 87.75s
2025-08-06 07:29:54,342 [INFO] - Epoch 08 | Val Loss: 0.0751 | Val IoU: 0.9471 | 🕒 87.36s
2025-08-06 07:31:21,952 [INFO] - Epoch 09 | Val Loss: 0.0746 | Val IoU: 0.9457 | 🕒 87.61s
2025-08-06 07:32:49,076 [INFO] - Epoch 10 | Val Loss: 0.0919 | Val IoU: 0.9420 | 🕒 87.12s
2025-08-06 07:34:16,207 [INFO] - Epoch 11 | Val Loss: 0.0770 | Val IoU: 0.9464 | 🕒 87.13s
2025-08-06 07:35:43,671 [INFO] - Epoch 12 | Val Loss: 0.0817 | Val IoU: 0.9485 | 🕒 87.46s
2025-08-06 07:37:11,068 [INFO] - Epoch 13 | Val Loss: 0.0757 | Val IoU: 0.9487 | 🕒 87.40s
2025-08-06 07:38:38,419 [INFO] - Epoch 14 | Val Loss: 0.0701 | Val IoU: 0.9513 | 🕒 87.35s
2025-08-06 07:40:05,685 [INFO] - Epoch 15 | Val Loss: 0.0714 | Val IoU: 0.9510 | 🕒 87.27s
2025-08-06 07:41:33,242 [INFO] - Epoch 16 | Val Loss: 0.0735 | Val IoU: 0.9515 | 🕒 87.56s
2025-08-06 07:43:00,734 [INFO] - Epoch 17 | Val Loss: 0.0766 | Val IoU: 0.9516 | 🕒 87.49s
2025-08-06 07:44:27,591 [INFO] - Epoch 18 | Val Loss: 0.0764 | Val IoU: 0.9510 | 🕒 86.86s
2025-08-06 07:45:55,184 [INFO] - Epoch 19 | Val Loss: 0.0783 | Val IoU: 0.9513 | 🕒 87.59s
2025-08-06 07:47:21,927 [INFO] - Epoch 20 | Val Loss: 0.0800 | Val IoU: 0.9511 | 🕒 86.74s
2025-08-06 07:48:49,251 [INFO] - Epoch 21 | Val Loss: 0.0801 | Val IoU: 0.9512 | 🕒 87.32s
2025-08-06 07:50:16,525 [INFO] - Epoch 22 | Val Loss: 0.0789 | Val IoU: 0.9511 | 🕒 87.27s
2025-08-06 07:51:43,217 [INFO] - Epoch 23 | Val Loss: 0.0796 | Val IoU: 0.9513 | 🕒 86.69s
2025-08-06 07:53:10,488 [INFO] - Epoch 24 | Val Loss: 0.0798 | Val IoU: 0.9512 | 🕒 87.27s
2025-08-06 07:54:38,019 [INFO] - Epoch 25 | Val Loss: 0.0800 | Val IoU: 0.9512 | 🕒 87.53s
2025-08-06 07:56:05,156 [INFO] - Epoch 26 | Val Loss: 0.0801 | Val IoU: 0.9512 | 🕒 87.14s
2025-08-06 07:57:32,382 [INFO] - Epoch 27 | Val Loss: 0.0809 | Val IoU: 0.9510 | 🕒 87.23s
2025-08-06 07:58:59,415 [INFO] - Epoch 28 | Val Loss: 0.0820 | Val IoU: 0.9512 | 🕒 87.03s
2025-08-06 08:00:26,972 [INFO] - Epoch 29 | Val Loss: 0.0816 | Val IoU: 0.9511 | 🕒 87.56s
2025-08-06 08:01:53,890 [INFO] - Epoch 30 | Val Loss: 0.0806 | Val IoU: 0.9511 | 🕒 86.92s
2025-08-06 08:01:53,891 [INFO] - 
--- Training for DeepGlobal_CrossEntropyLoss_DeepLabV3Plus_mobileone_s2 complete ---
2025-08-06 08:01:53,891 [INFO] - 📄 Time report saved at: plot/plot_DeepGlobal_CrossEntropyLoss_DeepLabV3Plus_mobileone_s2/training_times.txt
2025-08-06 08:01:53,891 [INFO] - ✅ Best model saved at: model/model_DeepGlobal_CrossEntropyLoss_DeepLabV3Plus_mobileone_s2.pt
2025-08-06 08:01:53,891 [INFO] - 📊 Per-epoch results saved at: plot/plot_DeepGlobal_CrossEntropyLoss_DeepLabV3Plus_mobileone_s2/epoch_results.csv
2025-08-06 08:01:53,892 [INFO] - 
Training history saved to 'plot/plot_DeepGlobal_CrossEntropyLoss_DeepLabV3Plus_mobileone_s2' directory.
2025-08-06 08:01:54,824 [INFO] - Summary plot saved at: plot/plot_DeepGlobal_CrossEntropyLoss_DeepLabV3Plus_mobileone_s2/training_metrics_summary.png
2025-08-06 08:01:54,941 [INFO] - 📈 Confusion matrix saved at: plot/plot_DeepGlobal_CrossEntropyLoss_DeepLabV3Plus_mobileone_s2/confusion_matrix.png
2025-08-06 08:01:54,941 [INFO] - 
============================= EXPERIMENT FINISHED ==============================

