2025-10-10 09:05:19,755 [INFO] - 
=========================== STARTING NEW EXPERIMENT ============================
2025-10-10 09:05:19,755 [INFO] - The device used: cuda
2025-10-10 09:05:19,756 [INFO] - Configuration: Massachusetts_CrossEntropyLoss_MAnet_mobileone_s0
2025-10-10 09:05:19,757 [INFO] - ================================================================================
2025-10-10 09:05:19,758 [INFO] - 🔄 Loading data...
2025-10-10 09:05:19,766 [INFO] - 🔧 Initializing model, loss function, and optimizer...
2025-10-10 09:06:31,341 [INFO] - Epoch 01 | Val Loss: 0.1175 | Val IoU: 0.9174 | 🕒 70.93s
2025-10-10 09:07:39,583 [INFO] - Epoch 02 | Val Loss: 0.0947 | Val IoU: 0.9347 | 🕒 68.24s
2025-10-10 09:08:48,553 [INFO] - Epoch 03 | Val Loss: 0.1005 | Val IoU: 0.9314 | 🕒 68.97s
2025-10-10 09:09:57,094 [INFO] - Epoch 04 | Val Loss: 0.1025 | Val IoU: 0.9324 | 🕒 68.54s
2025-10-10 09:11:05,978 [INFO] - Epoch 05 | Val Loss: 0.0900 | Val IoU: 0.9388 | 🕒 68.88s
2025-10-10 09:12:14,690 [INFO] - Epoch 06 | Val Loss: 0.0928 | Val IoU: 0.9350 | 🕒 68.71s
2025-10-10 09:13:24,475 [INFO] - Epoch 07 | Val Loss: 0.0908 | Val IoU: 0.9391 | 🕒 69.78s
2025-10-10 09:14:35,334 [INFO] - Epoch 08 | Val Loss: 0.0888 | Val IoU: 0.9413 | 🕒 70.86s
2025-10-10 09:15:45,841 [INFO] - Epoch 09 | Val Loss: 0.0864 | Val IoU: 0.9419 | 🕒 70.51s
2025-10-10 09:16:55,948 [INFO] - Epoch 10 | Val Loss: 0.0852 | Val IoU: 0.9416 | 🕒 70.11s
2025-10-10 09:18:05,005 [INFO] - Epoch 11 | Val Loss: 0.0910 | Val IoU: 0.9404 | 🕒 69.06s
2025-10-10 09:19:14,272 [INFO] - Epoch 12 | Val Loss: 0.0863 | Val IoU: 0.9414 | 🕒 69.27s
2025-10-10 09:20:23,533 [INFO] - Epoch 13 | Val Loss: 0.0918 | Val IoU: 0.9408 | 🕒 69.26s
2025-10-10 09:21:32,826 [INFO] - Epoch 14 | Val Loss: 0.0849 | Val IoU: 0.9424 | 🕒 69.29s
2025-10-10 09:22:41,760 [INFO] - Epoch 15 | Val Loss: 0.0875 | Val IoU: 0.9398 | 🕒 68.93s
2025-10-10 09:23:50,929 [INFO] - Epoch 16 | Val Loss: 0.0890 | Val IoU: 0.9429 | 🕒 69.17s
2025-10-10 09:24:59,827 [INFO] - Epoch 17 | Val Loss: 0.0880 | Val IoU: 0.9399 | 🕒 68.90s
2025-10-10 09:26:08,625 [INFO] - Epoch 18 | Val Loss: 0.0859 | Val IoU: 0.9409 | 🕒 68.80s
2025-10-10 09:27:17,408 [INFO] - Epoch 19 | Val Loss: 0.0976 | Val IoU: 0.9400 | 🕒 68.78s
2025-10-10 09:28:26,189 [INFO] - Epoch 20 | Val Loss: 0.0857 | Val IoU: 0.9423 | 🕒 68.78s
2025-10-10 09:29:35,457 [INFO] - Epoch 21 | Val Loss: 0.0852 | Val IoU: 0.9438 | 🕒 69.27s
2025-10-10 09:30:44,412 [INFO] - Epoch 22 | Val Loss: 0.0874 | Val IoU: 0.9434 | 🕒 68.96s
2025-10-10 09:31:53,314 [INFO] - Epoch 23 | Val Loss: 0.0879 | Val IoU: 0.9430 | 🕒 68.90s
2025-10-10 09:33:02,372 [INFO] - Epoch 24 | Val Loss: 0.0891 | Val IoU: 0.9432 | 🕒 69.06s
2025-10-10 09:34:11,330 [INFO] - Epoch 25 | Val Loss: 0.0898 | Val IoU: 0.9429 | 🕒 68.96s
2025-10-10 09:35:20,220 [INFO] - Epoch 26 | Val Loss: 0.0900 | Val IoU: 0.9427 | 🕒 68.89s
2025-10-10 09:36:28,989 [INFO] - Epoch 27 | Val Loss: 0.0894 | Val IoU: 0.9434 | 🕒 68.77s
2025-10-10 09:37:38,009 [INFO] - Epoch 28 | Val Loss: 0.0902 | Val IoU: 0.9431 | 🕒 69.02s
2025-10-10 09:38:47,004 [INFO] - Epoch 29 | Val Loss: 0.0896 | Val IoU: 0.9429 | 🕒 68.99s
2025-10-10 09:39:56,146 [INFO] - Epoch 30 | Val Loss: 0.0908 | Val IoU: 0.9428 | 🕒 69.14s
2025-10-10 09:39:56,146 [INFO] - 
--- Training for Massachusetts_CrossEntropyLoss_MAnet_mobileone_s0 complete ---
2025-10-10 09:39:56,147 [INFO] - 📄 Time report saved at: plot/plot_Massachusetts_CrossEntropyLoss_MAnet_mobileone_s0\training_times.txt
2025-10-10 09:39:56,147 [INFO] - ✅ Best model saved at: model/model_Massachusetts_CrossEntropyLoss_MAnet_mobileone_s0.pt
2025-10-10 09:39:56,148 [INFO] - 📊 Per-epoch results saved at: plot/plot_Massachusetts_CrossEntropyLoss_MAnet_mobileone_s0\epoch_results.csv
2025-10-10 09:39:56,155 [INFO] - 
Training history saved to 'plot/plot_Massachusetts_CrossEntropyLoss_MAnet_mobileone_s0' directory.
2025-10-10 09:39:57,024 [INFO] - Summary plot saved at: plot/plot_Massachusetts_CrossEntropyLoss_MAnet_mobileone_s0\training_metrics_summary.png
2025-10-10 09:39:57,222 [INFO] - 📈 Confusion matrix saved at: plot/plot_Massachusetts_CrossEntropyLoss_MAnet_mobileone_s0\confusion_matrix.png
2025-10-10 09:39:57,222 [INFO] - 
============================= EXPERIMENT FINISHED ==============================

