2025-08-04 13:46:48,541 [INFO] - 
=========================== STARTING NEW EXPERIMENT ============================
2025-08-04 13:46:48,541 [INFO] - Configuration: TGRS_Road_CrossEntropyLoss_UNet++_mobileone_s2
2025-08-04 13:46:48,542 [INFO] - ================================================================================
2025-08-04 13:46:48,542 [INFO] - 🔄 Loading data...
2025-08-04 13:46:48,550 [INFO] - 🔧 Initializing model, loss function, and optimizer...
2025-08-04 13:47:18,614 [INFO] - Epoch 01 | Val Loss: 0.1116 | Val IoU: 0.9325 | 🕒 29.35s
2025-08-04 13:47:47,809 [INFO] - Epoch 02 | Val Loss: 0.0745 | Val IoU: 0.9440 | 🕒 29.19s
2025-08-04 13:48:17,333 [INFO] - Epoch 03 | Val Loss: 0.0674 | Val IoU: 0.9488 | 🕒 29.52s
2025-08-04 13:48:46,546 [INFO] - Epoch 04 | Val Loss: 0.0617 | Val IoU: 0.9510 | 🕒 29.21s
2025-08-04 13:49:15,870 [INFO] - Epoch 05 | Val Loss: 0.0602 | Val IoU: 0.9518 | 🕒 29.32s
2025-08-04 13:49:44,965 [INFO] - Epoch 06 | Val Loss: 0.0617 | Val IoU: 0.9514 | 🕒 29.09s
2025-08-04 13:50:14,282 [INFO] - Epoch 07 | Val Loss: 0.0588 | Val IoU: 0.9530 | 🕒 29.32s
2025-08-04 13:50:43,768 [INFO] - Epoch 08 | Val Loss: 0.0565 | Val IoU: 0.9537 | 🕒 29.49s
2025-08-04 13:51:12,948 [INFO] - Epoch 09 | Val Loss: 0.0541 | Val IoU: 0.9571 | 🕒 29.18s
2025-08-04 13:51:42,086 [INFO] - Epoch 10 | Val Loss: 0.0647 | Val IoU: 0.9499 | 🕒 29.14s
2025-08-04 13:52:11,103 [INFO] - Epoch 11 | Val Loss: 0.0698 | Val IoU: 0.9481 | 🕒 29.02s
2025-08-04 13:52:40,177 [INFO] - Epoch 12 | Val Loss: 0.0572 | Val IoU: 0.9567 | 🕒 29.07s
2025-08-04 13:53:09,048 [INFO] - Epoch 13 | Val Loss: 0.0602 | Val IoU: 0.9539 | 🕒 28.87s
2025-08-04 13:53:38,024 [INFO] - Epoch 14 | Val Loss: 0.0617 | Val IoU: 0.9536 | 🕒 28.98s
2025-08-04 13:54:06,986 [INFO] - Epoch 15 | Val Loss: 0.0602 | Val IoU: 0.9550 | 🕒 28.96s
2025-08-04 13:54:36,342 [INFO] - Epoch 16 | Val Loss: 0.0564 | Val IoU: 0.9575 | 🕒 29.36s
2025-08-04 13:55:05,470 [INFO] - Epoch 17 | Val Loss: 0.0579 | Val IoU: 0.9568 | 🕒 29.13s
2025-08-04 13:55:34,394 [INFO] - Epoch 18 | Val Loss: 0.0593 | Val IoU: 0.9567 | 🕒 28.92s
2025-08-04 13:56:03,370 [INFO] - Epoch 19 | Val Loss: 0.0599 | Val IoU: 0.9568 | 🕒 28.98s
2025-08-04 13:56:32,737 [INFO] - Epoch 20 | Val Loss: 0.0583 | Val IoU: 0.9579 | 🕒 29.37s
2025-08-04 13:57:01,816 [INFO] - Epoch 21 | Val Loss: 0.0595 | Val IoU: 0.9576 | 🕒 29.08s
2025-08-04 13:57:30,736 [INFO] - Epoch 22 | Val Loss: 0.0609 | Val IoU: 0.9571 | 🕒 28.92s
2025-08-04 13:57:59,678 [INFO] - Epoch 23 | Val Loss: 0.0594 | Val IoU: 0.9576 | 🕒 28.94s
2025-08-04 13:58:28,649 [INFO] - Epoch 24 | Val Loss: 0.0612 | Val IoU: 0.9570 | 🕒 28.97s
2025-08-04 13:58:57,697 [INFO] - Epoch 25 | Val Loss: 0.0615 | Val IoU: 0.9568 | 🕒 29.05s
2025-08-04 13:59:26,678 [INFO] - Epoch 26 | Val Loss: 0.0623 | Val IoU: 0.9565 | 🕒 28.98s
2025-08-04 13:59:55,630 [INFO] - Epoch 27 | Val Loss: 0.0606 | Val IoU: 0.9572 | 🕒 28.95s
2025-08-04 14:00:24,600 [INFO] - Epoch 28 | Val Loss: 0.0612 | Val IoU: 0.9570 | 🕒 28.97s
2025-08-04 14:00:53,577 [INFO] - Epoch 29 | Val Loss: 0.0602 | Val IoU: 0.9574 | 🕒 28.98s
2025-08-04 14:01:22,682 [INFO] - Epoch 30 | Val Loss: 0.0630 | Val IoU: 0.9563 | 🕒 29.10s
2025-08-04 14:01:22,682 [INFO] - 
--- Training for TGRS_Road_CrossEntropyLoss_UNet++_mobileone_s2 complete ---
2025-08-04 14:01:22,683 [INFO] - 📄 Time report saved at: plot/plot_TGRS_Road_CrossEntropyLoss_UNet++_mobileone_s2/training_times.txt
2025-08-04 14:01:22,683 [INFO] - ✅ Best model saved at: model/model_TGRS_Road_CrossEntropyLoss_UNet++_mobileone_s2.pt
2025-08-04 14:01:22,683 [INFO] - 📊 Per-epoch results saved at: plot/plot_TGRS_Road_CrossEntropyLoss_UNet++_mobileone_s2/epoch_results.csv
2025-08-04 14:01:22,684 [INFO] - 
Training history saved to 'plot/plot_TGRS_Road_CrossEntropyLoss_UNet++_mobileone_s2' directory.
2025-08-04 14:01:23,625 [INFO] - Summary plot saved at: plot/plot_TGRS_Road_CrossEntropyLoss_UNet++_mobileone_s2/training_metrics_summary.png
2025-08-04 14:01:23,753 [INFO] - 📈 Confusion matrix saved at: plot/plot_TGRS_Road_CrossEntropyLoss_UNet++_mobileone_s2/confusion_matrix.png
2025-08-04 14:01:23,753 [INFO] - 
============================= EXPERIMENT FINISHED ==============================

