2025-10-10 19:53:11,088 [INFO] - 
=========================== STARTING NEW EXPERIMENT ============================
2025-10-10 19:53:11,088 [INFO] - The device used: cuda
2025-10-10 19:53:11,088 [INFO] - Configuration: TGRS_Road_CrossEntropyLoss_MAnet_mobileone_s3
2025-10-10 19:53:11,088 [INFO] - ================================================================================
2025-10-10 19:53:11,088 [INFO] - 🔄 Loading data...
2025-10-10 19:53:11,089 [INFO] - 🔧 Initializing model, loss function, and optimizer...
2025-10-10 19:55:41,230 [INFO] - Epoch 01 | Val Loss: 0.1497 | Val IoU: 0.9097 | 🕒 148.97s
2025-10-10 19:58:08,327 [INFO] - Epoch 02 | Val Loss: 0.0980 | Val IoU: 0.9264 | 🕒 147.10s
2025-10-10 20:00:31,354 [INFO] - Epoch 03 | Val Loss: 0.0804 | Val IoU: 0.9374 | 🕒 143.03s
2025-10-10 20:02:54,156 [INFO] - Epoch 04 | Val Loss: 0.0691 | Val IoU: 0.9450 | 🕒 142.80s
2025-10-10 20:05:17,337 [INFO] - Epoch 05 | Val Loss: 0.0629 | Val IoU: 0.9491 | 🕒 143.18s
2025-10-10 20:07:40,649 [INFO] - Epoch 06 | Val Loss: 0.0659 | Val IoU: 0.9465 | 🕒 143.31s
2025-10-10 20:10:03,417 [INFO] - Epoch 07 | Val Loss: 0.0637 | Val IoU: 0.9481 | 🕒 142.77s
2025-10-10 20:12:26,222 [INFO] - Epoch 08 | Val Loss: 0.0591 | Val IoU: 0.9525 | 🕒 142.80s
2025-10-10 20:14:48,350 [INFO] - Epoch 09 | Val Loss: 0.0596 | Val IoU: 0.9524 | 🕒 142.13s
2025-10-10 20:17:11,318 [INFO] - Epoch 10 | Val Loss: 0.0542 | Val IoU: 0.9557 | 🕒 142.97s
2025-10-10 20:19:37,510 [INFO] - Epoch 11 | Val Loss: 0.1005 | Val IoU: 0.9300 | 🕒 146.19s
2025-10-10 20:22:00,032 [INFO] - Epoch 12 | Val Loss: 0.0686 | Val IoU: 0.9454 | 🕒 142.52s
2025-10-10 20:24:22,393 [INFO] - Epoch 13 | Val Loss: 0.0574 | Val IoU: 0.9544 | 🕒 142.36s
2025-10-10 20:26:45,672 [INFO] - Epoch 14 | Val Loss: 0.0535 | Val IoU: 0.9573 | 🕒 143.28s
2025-10-10 20:29:09,068 [INFO] - Epoch 15 | Val Loss: 0.0627 | Val IoU: 0.9499 | 🕒 143.40s
2025-10-10 20:31:32,880 [INFO] - Epoch 16 | Val Loss: 0.0682 | Val IoU: 0.9494 | 🕒 143.81s
2025-10-10 20:34:01,347 [INFO] - Epoch 17 | Val Loss: 0.0588 | Val IoU: 0.9561 | 🕒 148.47s
2025-10-10 20:36:29,405 [INFO] - Epoch 18 | Val Loss: 0.1757 | Val IoU: 0.8972 | 🕒 148.06s
2025-10-10 20:38:55,404 [INFO] - Epoch 19 | Val Loss: 0.1157 | Val IoU: 0.9447 | 🕒 146.00s
2025-10-10 20:41:19,326 [INFO] - Epoch 20 | Val Loss: 0.0605 | Val IoU: 0.9505 | 🕒 143.92s
2025-10-10 20:43:42,542 [INFO] - Epoch 21 | Val Loss: 0.0564 | Val IoU: 0.9554 | 🕒 143.22s
2025-10-10 20:46:06,429 [INFO] - Epoch 22 | Val Loss: 0.0557 | Val IoU: 0.9553 | 🕒 143.89s
2025-10-10 20:48:29,942 [INFO] - Epoch 23 | Val Loss: 0.0570 | Val IoU: 0.9550 | 🕒 143.51s
2025-10-10 20:50:54,413 [INFO] - Epoch 24 | Val Loss: 0.0558 | Val IoU: 0.9560 | 🕒 144.47s
2025-10-10 20:53:17,484 [INFO] - Epoch 25 | Val Loss: 0.0577 | Val IoU: 0.9553 | 🕒 143.07s
2025-10-10 20:55:41,166 [INFO] - Epoch 26 | Val Loss: 0.0546 | Val IoU: 0.9571 | 🕒 143.68s
2025-10-10 20:58:04,221 [INFO] - Epoch 27 | Val Loss: 0.0546 | Val IoU: 0.9567 | 🕒 143.05s
2025-10-10 21:00:28,303 [INFO] - Epoch 28 | Val Loss: 0.0563 | Val IoU: 0.9560 | 🕒 144.08s
2025-10-10 21:02:51,775 [INFO] - Epoch 29 | Val Loss: 0.0565 | Val IoU: 0.9562 | 🕒 143.47s
2025-10-10 21:05:15,638 [INFO] - Epoch 30 | Val Loss: 0.0577 | Val IoU: 0.9553 | 🕒 143.86s
2025-10-10 21:05:15,638 [INFO] - 
--- Training for TGRS_Road_CrossEntropyLoss_MAnet_mobileone_s3 complete ---
2025-10-10 21:05:15,638 [INFO] - 📄 Time report saved at: plot/plot_TGRS_Road_CrossEntropyLoss_MAnet_mobileone_s3\training_times.txt
2025-10-10 21:05:15,638 [INFO] - ✅ Best model saved at: model/model_TGRS_Road_CrossEntropyLoss_MAnet_mobileone_s3.pt
2025-10-10 21:05:15,639 [INFO] - 📊 Per-epoch results saved at: plot/plot_TGRS_Road_CrossEntropyLoss_MAnet_mobileone_s3\epoch_results.csv
2025-10-10 21:05:15,647 [INFO] - 
Training history saved to 'plot/plot_TGRS_Road_CrossEntropyLoss_MAnet_mobileone_s3' directory.
2025-10-10 21:05:16,323 [INFO] - Summary plot saved at: plot/plot_TGRS_Road_CrossEntropyLoss_MAnet_mobileone_s3\training_metrics_summary.png
2025-10-10 21:05:16,413 [INFO] - 📈 Confusion matrix saved at: plot/plot_TGRS_Road_CrossEntropyLoss_MAnet_mobileone_s3\confusion_matrix.png
2025-10-10 21:05:16,413 [INFO] - 
============================= EXPERIMENT FINISHED ==============================

