2025-10-10 16:50:57,504 [INFO] - 
=========================== STARTING NEW EXPERIMENT ============================
2025-10-10 16:50:57,504 [INFO] - The device used: cuda
2025-10-10 16:50:57,504 [INFO] - Configuration: TGRS_Road_CrossEntropyLoss_MAnet_mobileone_s2
2025-10-10 16:50:57,504 [INFO] - ================================================================================
2025-10-10 16:50:57,504 [INFO] - 🔄 Loading data...
2025-10-10 16:50:57,506 [INFO] - 🔧 Initializing model, loss function, and optimizer...
2025-10-10 16:52:13,322 [INFO] - Epoch 01 | Val Loss: 0.1108 | Val IoU: 0.9211 | 🕒 74.69s
2025-10-10 16:53:26,033 [INFO] - Epoch 02 | Val Loss: 0.0902 | Val IoU: 0.9315 | 🕒 72.71s
2025-10-10 16:54:38,678 [INFO] - Epoch 03 | Val Loss: 0.0682 | Val IoU: 0.9459 | 🕒 72.64s
2025-10-10 16:55:49,978 [INFO] - Epoch 04 | Val Loss: 0.0825 | Val IoU: 0.9391 | 🕒 71.30s
2025-10-10 16:57:02,782 [INFO] - Epoch 05 | Val Loss: 0.0624 | Val IoU: 0.9494 | 🕒 72.80s
2025-10-10 16:58:18,707 [INFO] - Epoch 06 | Val Loss: 0.0672 | Val IoU: 0.9468 | 🕒 75.92s
2025-10-10 16:59:37,221 [INFO] - Epoch 07 | Val Loss: 0.0612 | Val IoU: 0.9501 | 🕒 78.51s
2025-10-10 17:00:56,030 [INFO] - Epoch 08 | Val Loss: 0.0653 | Val IoU: 0.9487 | 🕒 78.81s
2025-10-10 17:02:37,408 [INFO] - Epoch 09 | Val Loss: 0.0607 | Val IoU: 0.9509 | 🕒 101.38s
2025-10-10 17:03:49,399 [INFO] - Epoch 10 | Val Loss: 0.0766 | Val IoU: 0.9398 | 🕒 71.99s
2025-10-10 17:05:01,572 [INFO] - Epoch 11 | Val Loss: 0.0620 | Val IoU: 0.9504 | 🕒 72.17s
2025-10-10 17:06:14,077 [INFO] - Epoch 12 | Val Loss: 0.0552 | Val IoU: 0.9549 | 🕒 72.51s
2025-10-10 17:07:25,843 [INFO] - Epoch 13 | Val Loss: 0.0601 | Val IoU: 0.9505 | 🕒 71.76s
2025-10-10 17:08:38,955 [INFO] - Epoch 14 | Val Loss: 0.0552 | Val IoU: 0.9553 | 🕒 73.11s
2025-10-10 17:09:51,096 [INFO] - Epoch 15 | Val Loss: 0.0587 | Val IoU: 0.9547 | 🕒 72.14s
2025-10-10 17:11:03,257 [INFO] - Epoch 16 | Val Loss: 0.0605 | Val IoU: 0.9523 | 🕒 72.16s
2025-10-10 17:12:19,904 [INFO] - Epoch 17 | Val Loss: 0.0576 | Val IoU: 0.9545 | 🕒 76.65s
2025-10-10 17:13:31,540 [INFO] - Epoch 18 | Val Loss: 0.0666 | Val IoU: 0.9482 | 🕒 71.64s
2025-10-10 17:14:43,271 [INFO] - Epoch 19 | Val Loss: 0.0769 | Val IoU: 0.9416 | 🕒 71.73s
2025-10-10 17:15:55,890 [INFO] - Epoch 20 | Val Loss: 0.0541 | Val IoU: 0.9553 | 🕒 72.62s
2025-10-10 17:17:08,072 [INFO] - Epoch 21 | Val Loss: 0.0537 | Val IoU: 0.9558 | 🕒 72.18s
2025-10-10 17:18:19,860 [INFO] - Epoch 22 | Val Loss: 0.0536 | Val IoU: 0.9558 | 🕒 71.79s
2025-10-10 17:19:31,244 [INFO] - Epoch 23 | Val Loss: 0.0592 | Val IoU: 0.9524 | 🕒 71.38s
2025-10-10 17:20:43,720 [INFO] - Epoch 24 | Val Loss: 0.0540 | Val IoU: 0.9572 | 🕒 72.47s
2025-10-10 17:21:55,273 [INFO] - Epoch 25 | Val Loss: 0.0637 | Val IoU: 0.9505 | 🕒 71.55s
2025-10-10 17:23:06,824 [INFO] - Epoch 26 | Val Loss: 0.0549 | Val IoU: 0.9564 | 🕒 71.55s
2025-10-10 17:24:18,312 [INFO] - Epoch 27 | Val Loss: 0.0579 | Val IoU: 0.9542 | 🕒 71.49s
2025-10-10 17:25:30,579 [INFO] - Epoch 28 | Val Loss: 0.0520 | Val IoU: 0.9581 | 🕒 72.27s
2025-10-10 17:26:41,130 [INFO] - Epoch 29 | Val Loss: 0.0536 | Val IoU: 0.9581 | 🕒 70.55s
2025-10-10 17:27:50,167 [INFO] - Epoch 30 | Val Loss: 0.0650 | Val IoU: 0.9524 | 🕒 69.04s
2025-10-10 17:27:50,167 [INFO] - 
--- Training for TGRS_Road_CrossEntropyLoss_MAnet_mobileone_s2 complete ---
2025-10-10 17:27:50,168 [INFO] - 📄 Time report saved at: plot/plot_TGRS_Road_CrossEntropyLoss_MAnet_mobileone_s2\training_times.txt
2025-10-10 17:27:50,168 [INFO] - ✅ Best model saved at: model/model_TGRS_Road_CrossEntropyLoss_MAnet_mobileone_s2.pt
2025-10-10 17:27:50,169 [INFO] - 📊 Per-epoch results saved at: plot/plot_TGRS_Road_CrossEntropyLoss_MAnet_mobileone_s2\epoch_results.csv
2025-10-10 17:27:50,178 [INFO] - 
Training history saved to 'plot/plot_TGRS_Road_CrossEntropyLoss_MAnet_mobileone_s2' directory.
2025-10-10 17:27:50,880 [INFO] - Summary plot saved at: plot/plot_TGRS_Road_CrossEntropyLoss_MAnet_mobileone_s2\training_metrics_summary.png
2025-10-10 17:27:50,983 [INFO] - 📈 Confusion matrix saved at: plot/plot_TGRS_Road_CrossEntropyLoss_MAnet_mobileone_s2\confusion_matrix.png
2025-10-10 17:27:50,983 [INFO] - 
============================= EXPERIMENT FINISHED ==============================

