2025-10-20 07:01:20,171 [INFO] - 
=========================== STARTING NEW EXPERIMENT ============================
2025-10-20 07:01:20,171 [INFO] - The device used: cuda
2025-10-20 07:01:20,171 [INFO] - Configuration: TGRS_Road_CrossEntropyLoss_DeepLabV3_mobileone_s3
2025-10-20 07:01:20,171 [INFO] - ================================================================================
2025-10-20 07:01:20,171 [INFO] - 🔄 Loading data...
2025-10-20 07:01:20,180 [INFO] - 🔧 Initializing model, loss function, and optimizer...
2025-10-20 07:04:44,702 [INFO] - Epoch 01 | Val Loss: 0.3073 | Val IoU: 0.7978 | 🕒 154.77s
2025-10-20 07:07:19,134 [INFO] - Epoch 02 | Val Loss: 0.2247 | Val IoU: 0.8260 | 🕒 154.43s
2025-10-20 07:09:53,913 [INFO] - Epoch 03 | Val Loss: 0.1284 | Val IoU: 0.8942 | 🕒 154.77s
2025-10-20 07:12:28,125 [INFO] - Epoch 04 | Val Loss: 0.1654 | Val IoU: 0.8729 | 🕒 154.21s
2025-10-20 07:15:02,719 [INFO] - Epoch 05 | Val Loss: 0.0950 | Val IoU: 0.9232 | 🕒 154.59s
2025-10-20 07:17:37,206 [INFO] - Epoch 06 | Val Loss: 0.0966 | Val IoU: 0.9236 | 🕒 154.49s
2025-10-20 07:20:11,706 [INFO] - Epoch 07 | Val Loss: 0.0903 | Val IoU: 0.9274 | 🕒 154.50s
2025-10-20 07:22:46,461 [INFO] - Epoch 08 | Val Loss: 0.0820 | Val IoU: 0.9335 | 🕒 154.75s
2025-10-20 07:25:20,871 [INFO] - Epoch 09 | Val Loss: 0.0875 | Val IoU: 0.9303 | 🕒 154.41s
2025-10-20 07:27:55,291 [INFO] - Epoch 10 | Val Loss: 0.0856 | Val IoU: 0.9325 | 🕒 154.42s
2025-10-20 07:30:29,648 [INFO] - Epoch 11 | Val Loss: 0.0896 | Val IoU: 0.9300 | 🕒 154.36s
2025-10-20 07:33:04,092 [INFO] - Epoch 12 | Val Loss: 0.0910 | Val IoU: 0.9307 | 🕒 154.44s
2025-10-20 07:35:38,410 [INFO] - Epoch 13 | Val Loss: 0.0882 | Val IoU: 0.9326 | 🕒 154.32s
2025-10-20 07:38:13,022 [INFO] - Epoch 14 | Val Loss: 0.0810 | Val IoU: 0.9360 | 🕒 154.61s
2025-10-20 07:40:47,580 [INFO] - Epoch 15 | Val Loss: 0.0831 | Val IoU: 0.9379 | 🕒 154.56s
2025-10-20 07:43:22,475 [INFO] - Epoch 16 | Val Loss: 0.0798 | Val IoU: 0.9397 | 🕒 154.89s
2025-10-20 07:45:57,051 [INFO] - Epoch 17 | Val Loss: 0.0773 | Val IoU: 0.9404 | 🕒 154.58s
2025-10-20 07:48:31,358 [INFO] - Epoch 18 | Val Loss: 0.0794 | Val IoU: 0.9400 | 🕒 154.31s
2025-10-20 07:51:05,564 [INFO] - Epoch 19 | Val Loss: 0.0893 | Val IoU: 0.9343 | 🕒 154.21s
2025-10-20 07:53:40,065 [INFO] - Epoch 20 | Val Loss: 0.0938 | Val IoU: 0.9344 | 🕒 154.50s
2025-10-20 07:56:14,269 [INFO] - Epoch 21 | Val Loss: 0.0815 | Val IoU: 0.9401 | 🕒 154.20s
2025-10-20 07:58:48,689 [INFO] - Epoch 22 | Val Loss: 0.0834 | Val IoU: 0.9399 | 🕒 154.42s
2025-10-20 08:01:23,295 [INFO] - Epoch 23 | Val Loss: 0.0824 | Val IoU: 0.9408 | 🕒 154.61s
2025-10-20 08:03:57,924 [INFO] - Epoch 24 | Val Loss: 0.0773 | Val IoU: 0.9430 | 🕒 154.63s
2025-10-20 08:06:32,357 [INFO] - Epoch 25 | Val Loss: 0.0786 | Val IoU: 0.9428 | 🕒 154.43s
2025-10-20 08:09:06,831 [INFO] - Epoch 26 | Val Loss: 0.0789 | Val IoU: 0.9427 | 🕒 154.47s
2025-10-20 08:11:41,580 [INFO] - Epoch 27 | Val Loss: 0.0781 | Val IoU: 0.9432 | 🕒 154.74s
2025-10-20 08:14:16,096 [INFO] - Epoch 28 | Val Loss: 0.0786 | Val IoU: 0.9432 | 🕒 154.52s
2025-10-20 08:16:50,546 [INFO] - Epoch 29 | Val Loss: 0.0805 | Val IoU: 0.9425 | 🕒 154.45s
2025-10-20 08:19:24,916 [INFO] - Epoch 30 | Val Loss: 0.0792 | Val IoU: 0.9431 | 🕒 154.37s
2025-10-20 08:19:24,917 [INFO] - 
--- Training for TGRS_Road_CrossEntropyLoss_DeepLabV3_mobileone_s3 complete ---
2025-10-20 08:19:24,917 [INFO] - 📄 Time report saved at: plot/plot_TGRS_Road_CrossEntropyLoss_DeepLabV3_mobileone_s3/training_times.txt
2025-10-20 08:19:24,917 [INFO] - ✅ Best model saved at: model/model_TGRS_Road_CrossEntropyLoss_DeepLabV3_mobileone_s3.pt
2025-10-20 08:19:24,917 [INFO] - 📊 Per-epoch results saved at: plot/plot_TGRS_Road_CrossEntropyLoss_DeepLabV3_mobileone_s3/epoch_results.csv
2025-10-20 08:19:24,919 [INFO] - 
Training history saved to 'plot/plot_TGRS_Road_CrossEntropyLoss_DeepLabV3_mobileone_s3' directory.
2025-10-20 08:19:26,052 [INFO] - Summary plot saved at: plot/plot_TGRS_Road_CrossEntropyLoss_DeepLabV3_mobileone_s3/training_metrics_summary.png
2025-10-20 08:19:26,179 [INFO] - 📈 Confusion matrix saved at: plot/plot_TGRS_Road_CrossEntropyLoss_DeepLabV3_mobileone_s3/confusion_matrix.png
2025-10-20 08:19:26,179 [INFO] - 
============================= EXPERIMENT FINISHED ==============================

