2025-08-06 10:26:29,902 [INFO] - 
=========================== STARTING NEW EXPERIMENT ============================
2025-08-06 10:26:29,902 [INFO] - Configuration: Massachusetts_CrossEntropyLoss_SegFormer_mobileone_s4
2025-08-06 10:26:29,902 [INFO] - ================================================================================
2025-08-06 10:26:29,902 [INFO] - 🔄 Loading data...
2025-08-06 10:26:29,906 [INFO] - 🔧 Initializing model, loss function, and optimizer...
2025-08-06 10:27:18,592 [INFO] - Epoch 01 | Val Loss: 0.1301 | Val IoU: 0.9067 | 🕒 48.52s
2025-08-06 10:28:07,175 [INFO] - Epoch 02 | Val Loss: 0.1248 | Val IoU: 0.9082 | 🕒 48.58s
2025-08-06 10:28:55,718 [INFO] - Epoch 03 | Val Loss: 0.1187 | Val IoU: 0.9097 | 🕒 48.54s
2025-08-06 10:29:44,368 [INFO] - Epoch 04 | Val Loss: 0.1167 | Val IoU: 0.9104 | 🕒 48.65s
2025-08-06 10:30:33,170 [INFO] - Epoch 05 | Val Loss: 0.1133 | Val IoU: 0.9135 | 🕒 48.80s
2025-08-06 10:31:21,814 [INFO] - Epoch 06 | Val Loss: 0.1233 | Val IoU: 0.9092 | 🕒 48.64s
2025-08-06 10:32:10,698 [INFO] - Epoch 07 | Val Loss: 0.1116 | Val IoU: 0.9140 | 🕒 48.88s
2025-08-06 10:32:59,543 [INFO] - Epoch 08 | Val Loss: 0.1099 | Val IoU: 0.9174 | 🕒 48.84s
2025-08-06 10:33:48,437 [INFO] - Epoch 09 | Val Loss: 0.1103 | Val IoU: 0.9183 | 🕒 48.89s
2025-08-06 10:34:37,315 [INFO] - Epoch 10 | Val Loss: 0.1100 | Val IoU: 0.9187 | 🕒 48.88s
2025-08-06 10:35:26,076 [INFO] - Epoch 11 | Val Loss: 0.1110 | Val IoU: 0.9184 | 🕒 48.76s
2025-08-06 10:36:14,994 [INFO] - Epoch 12 | Val Loss: 0.1169 | Val IoU: 0.9196 | 🕒 48.92s
2025-08-06 10:37:03,721 [INFO] - Epoch 13 | Val Loss: 0.1143 | Val IoU: 0.9183 | 🕒 48.73s
2025-08-06 10:37:52,714 [INFO] - Epoch 14 | Val Loss: 0.1121 | Val IoU: 0.9214 | 🕒 48.99s
2025-08-06 10:38:44,876 [INFO] - Epoch 15 | Val Loss: 0.1135 | Val IoU: 0.9221 | 🕒 52.16s
2025-08-06 10:39:34,601 [INFO] - Epoch 16 | Val Loss: 0.1135 | Val IoU: 0.9223 | 🕒 49.72s
2025-08-06 10:40:23,290 [INFO] - Epoch 17 | Val Loss: 0.1141 | Val IoU: 0.9224 | 🕒 48.69s
2025-08-06 10:41:11,718 [INFO] - Epoch 18 | Val Loss: 0.1151 | Val IoU: 0.9219 | 🕒 48.43s
2025-08-06 10:42:00,203 [INFO] - Epoch 19 | Val Loss: 0.1168 | Val IoU: 0.9220 | 🕒 48.48s
2025-08-06 10:42:48,611 [INFO] - Epoch 20 | Val Loss: 0.1167 | Val IoU: 0.9219 | 🕒 48.41s
2025-08-06 10:43:37,013 [INFO] - Epoch 21 | Val Loss: 0.1175 | Val IoU: 0.9217 | 🕒 48.40s
2025-08-06 10:44:25,438 [INFO] - Epoch 22 | Val Loss: 0.1187 | Val IoU: 0.9219 | 🕒 48.42s
2025-08-06 10:45:13,832 [INFO] - Epoch 23 | Val Loss: 0.1181 | Val IoU: 0.9221 | 🕒 48.39s
2025-08-06 10:46:02,210 [INFO] - Epoch 24 | Val Loss: 0.1191 | Val IoU: 0.9220 | 🕒 48.38s
2025-08-06 10:46:50,525 [INFO] - Epoch 25 | Val Loss: 0.1187 | Val IoU: 0.9221 | 🕒 48.31s
2025-08-06 10:47:38,825 [INFO] - Epoch 26 | Val Loss: 0.1196 | Val IoU: 0.9223 | 🕒 48.30s
2025-08-06 10:48:27,256 [INFO] - Epoch 27 | Val Loss: 0.1178 | Val IoU: 0.9222 | 🕒 48.43s
2025-08-06 10:49:15,625 [INFO] - Epoch 28 | Val Loss: 0.1204 | Val IoU: 0.9220 | 🕒 48.37s
2025-08-06 10:50:03,991 [INFO] - Epoch 29 | Val Loss: 0.1194 | Val IoU: 0.9221 | 🕒 48.37s
2025-08-06 10:50:53,773 [INFO] - Epoch 30 | Val Loss: 0.1191 | Val IoU: 0.9221 | 🕒 49.78s
2025-08-06 10:50:53,773 [INFO] - 
--- Training for Massachusetts_CrossEntropyLoss_SegFormer_mobileone_s4 complete ---
2025-08-06 10:50:53,774 [INFO] - 📄 Time report saved at: plot/plot_Massachusetts_CrossEntropyLoss_SegFormer_mobileone_s4/training_times.txt
2025-08-06 10:50:53,774 [INFO] - ✅ Best model saved at: model/model_Massachusetts_CrossEntropyLoss_SegFormer_mobileone_s4.pt
2025-08-06 10:50:53,774 [INFO] - 📊 Per-epoch results saved at: plot/plot_Massachusetts_CrossEntropyLoss_SegFormer_mobileone_s4/epoch_results.csv
2025-08-06 10:50:53,775 [INFO] - 
Training history saved to 'plot/plot_Massachusetts_CrossEntropyLoss_SegFormer_mobileone_s4' directory.
2025-08-06 10:50:54,441 [INFO] - Summary plot saved at: plot/plot_Massachusetts_CrossEntropyLoss_SegFormer_mobileone_s4/training_metrics_summary.png
2025-08-06 10:50:54,597 [INFO] - 📈 Confusion matrix saved at: plot/plot_Massachusetts_CrossEntropyLoss_SegFormer_mobileone_s4/confusion_matrix.png
2025-08-06 10:50:54,597 [INFO] - 
============================= EXPERIMENT FINISHED ==============================

