2025-10-19 14:06:45,585 [INFO] - 
=========================== STARTING NEW EXPERIMENT ============================
2025-10-19 14:06:45,585 [INFO] - The device used: cuda
2025-10-19 14:06:45,586 [INFO] - Configuration: DeepGlobal_CrossEntropyLoss_FPN_mobileone_s3
2025-10-19 14:06:45,586 [INFO] - ================================================================================
2025-10-19 14:06:45,586 [INFO] - 🔄 Loading data...
2025-10-19 14:06:45,592 [INFO] - 🔧 Initializing model, loss function, and optimizer...
2025-10-19 14:08:34,499 [INFO] - Epoch 01 | Val Loss: 0.0894 | Val IoU: 0.9337 | 🕒 108.60s
2025-10-19 14:10:20,626 [INFO] - Epoch 02 | Val Loss: 0.0854 | Val IoU: 0.9382 | 🕒 106.13s
2025-10-19 14:12:05,254 [INFO] - Epoch 03 | Val Loss: 0.0799 | Val IoU: 0.9398 | 🕒 104.63s
2025-10-19 14:13:53,424 [INFO] - Epoch 04 | Val Loss: 0.0772 | Val IoU: 0.9428 | 🕒 108.17s
2025-10-19 14:15:37,669 [INFO] - Epoch 05 | Val Loss: 0.0775 | Val IoU: 0.9386 | 🕒 104.24s
2025-10-19 14:17:23,948 [INFO] - Epoch 06 | Val Loss: 0.0713 | Val IoU: 0.9447 | 🕒 106.28s
2025-10-19 14:19:10,285 [INFO] - Epoch 07 | Val Loss: 0.0738 | Val IoU: 0.9474 | 🕒 106.34s
2025-10-19 14:20:55,978 [INFO] - Epoch 08 | Val Loss: 0.0799 | Val IoU: 0.9344 | 🕒 105.69s
2025-10-19 14:22:41,758 [INFO] - Epoch 09 | Val Loss: 0.0766 | Val IoU: 0.9459 | 🕒 105.78s
2025-10-19 14:24:27,405 [INFO] - Epoch 10 | Val Loss: 0.0718 | Val IoU: 0.9492 | 🕒 105.65s
2025-10-19 14:26:12,273 [INFO] - Epoch 11 | Val Loss: 0.0725 | Val IoU: 0.9493 | 🕒 104.87s
2025-10-19 14:27:56,599 [INFO] - Epoch 12 | Val Loss: 0.0753 | Val IoU: 0.9453 | 🕒 104.33s
2025-10-19 14:29:41,406 [INFO] - Epoch 13 | Val Loss: 0.0691 | Val IoU: 0.9493 | 🕒 104.81s
2025-10-19 14:31:27,211 [INFO] - Epoch 14 | Val Loss: 0.0715 | Val IoU: 0.9511 | 🕒 105.80s
2025-10-19 14:33:12,676 [INFO] - Epoch 15 | Val Loss: 0.0723 | Val IoU: 0.9513 | 🕒 105.46s
2025-10-19 14:34:57,793 [INFO] - Epoch 16 | Val Loss: 0.0755 | Val IoU: 0.9512 | 🕒 105.12s
2025-10-19 14:36:41,617 [INFO] - Epoch 17 | Val Loss: 0.0747 | Val IoU: 0.9508 | 🕒 103.82s
2025-10-19 14:38:26,744 [INFO] - Epoch 18 | Val Loss: 0.0783 | Val IoU: 0.9516 | 🕒 105.13s
2025-10-19 14:40:12,575 [INFO] - Epoch 19 | Val Loss: 0.0787 | Val IoU: 0.9515 | 🕒 105.83s
2025-10-19 14:41:56,593 [INFO] - Epoch 20 | Val Loss: 0.0801 | Val IoU: 0.9515 | 🕒 104.02s
2025-10-19 14:43:34,128 [INFO] - Epoch 21 | Val Loss: 0.0824 | Val IoU: 0.9516 | 🕒 97.53s
2025-10-19 14:45:10,983 [INFO] - Epoch 22 | Val Loss: 0.0812 | Val IoU: 0.9515 | 🕒 96.85s
2025-10-19 14:46:48,542 [INFO] - Epoch 23 | Val Loss: 0.0844 | Val IoU: 0.9514 | 🕒 97.56s
2025-10-19 14:48:26,568 [INFO] - Epoch 24 | Val Loss: 0.0831 | Val IoU: 0.9515 | 🕒 98.02s
2025-10-19 14:50:04,269 [INFO] - Epoch 25 | Val Loss: 0.0842 | Val IoU: 0.9516 | 🕒 97.70s
2025-10-19 14:51:42,069 [INFO] - Epoch 26 | Val Loss: 0.0849 | Val IoU: 0.9516 | 🕒 97.80s
2025-10-19 14:53:19,278 [INFO] - Epoch 27 | Val Loss: 0.0830 | Val IoU: 0.9514 | 🕒 97.21s
2025-10-19 14:54:56,313 [INFO] - Epoch 28 | Val Loss: 0.0834 | Val IoU: 0.9516 | 🕒 97.03s
2025-10-19 14:56:33,176 [INFO] - Epoch 29 | Val Loss: 0.0841 | Val IoU: 0.9515 | 🕒 96.86s
2025-10-19 14:58:10,046 [INFO] - Epoch 30 | Val Loss: 0.0846 | Val IoU: 0.9514 | 🕒 96.87s
2025-10-19 14:58:10,046 [INFO] - 
--- Training for DeepGlobal_CrossEntropyLoss_FPN_mobileone_s3 complete ---
2025-10-19 14:58:10,047 [INFO] - 📄 Time report saved at: plot/plot_DeepGlobal_CrossEntropyLoss_FPN_mobileone_s3\training_times.txt
2025-10-19 14:58:10,047 [INFO] - ✅ Best model saved at: model/model_DeepGlobal_CrossEntropyLoss_FPN_mobileone_s3.pt
2025-10-19 14:58:10,047 [INFO] - 📊 Per-epoch results saved at: plot/plot_DeepGlobal_CrossEntropyLoss_FPN_mobileone_s3\epoch_results.csv
2025-10-19 14:58:10,053 [INFO] - 
Training history saved to 'plot/plot_DeepGlobal_CrossEntropyLoss_FPN_mobileone_s3' directory.
