2025-10-10 14:41:22,331 [INFO] - 
=========================== STARTING NEW EXPERIMENT ============================
2025-10-10 14:41:22,331 [INFO] - The device used: cuda
2025-10-10 14:41:22,332 [INFO] - Configuration: TGRS_Road_CrossEntropyLoss_FPN_mobileone_s3
2025-10-10 14:41:22,332 [INFO] - ================================================================================
2025-10-10 14:41:22,332 [INFO] - 🔄 Loading data...
2025-10-10 14:41:22,334 [INFO] - 🔧 Initializing model, loss function, and optimizer...
2025-10-10 14:41:40,329 [INFO] - Epoch 01 | Val Loss: 0.2715 | Val IoU: 0.8040 | 🕒 17.66s
2025-10-10 14:41:57,959 [INFO] - Epoch 02 | Val Loss: 0.1364 | Val IoU: 0.8943 | 🕒 17.63s
2025-10-10 14:42:15,678 [INFO] - Epoch 03 | Val Loss: 0.1029 | Val IoU: 0.9184 | 🕒 17.72s
2025-10-10 14:42:32,676 [INFO] - Epoch 04 | Val Loss: 0.0964 | Val IoU: 0.9231 | 🕒 17.00s
2025-10-10 14:42:49,341 [INFO] - Epoch 05 | Val Loss: 0.0856 | Val IoU: 0.9304 | 🕒 16.66s
2025-10-10 14:43:06,534 [INFO] - Epoch 06 | Val Loss: 0.0842 | Val IoU: 0.9306 | 🕒 17.19s
2025-10-10 14:43:23,383 [INFO] - Epoch 07 | Val Loss: 0.0790 | Val IoU: 0.9358 | 🕒 16.85s
2025-10-10 14:43:39,885 [INFO] - Epoch 08 | Val Loss: 0.0831 | Val IoU: 0.9332 | 🕒 16.50s
2025-10-10 14:43:56,949 [INFO] - Epoch 09 | Val Loss: 0.0753 | Val IoU: 0.9387 | 🕒 17.06s
2025-10-10 14:44:14,598 [INFO] - Epoch 10 | Val Loss: 0.0710 | Val IoU: 0.9417 | 🕒 17.65s
2025-10-10 14:44:31,648 [INFO] - Epoch 11 | Val Loss: 0.0712 | Val IoU: 0.9417 | 🕒 17.05s
2025-10-10 14:44:48,221 [INFO] - Epoch 12 | Val Loss: 0.0822 | Val IoU: 0.9341 | 🕒 16.57s
2025-10-10 14:45:04,897 [INFO] - Epoch 13 | Val Loss: 0.0710 | Val IoU: 0.9434 | 🕒 16.67s
2025-10-10 14:45:22,045 [INFO] - Epoch 14 | Val Loss: 0.0701 | Val IoU: 0.9440 | 🕒 17.15s
2025-10-10 14:45:39,125 [INFO] - Epoch 15 | Val Loss: 0.0695 | Val IoU: 0.9437 | 🕒 17.08s
2025-10-10 14:45:56,176 [INFO] - Epoch 16 | Val Loss: 0.0733 | Val IoU: 0.9427 | 🕒 17.05s
2025-10-10 14:46:13,716 [INFO] - Epoch 17 | Val Loss: 0.0647 | Val IoU: 0.9479 | 🕒 17.54s
2025-10-10 14:46:30,805 [INFO] - Epoch 18 | Val Loss: 0.0658 | Val IoU: 0.9480 | 🕒 17.09s
2025-10-10 14:46:48,295 [INFO] - Epoch 19 | Val Loss: 0.0653 | Val IoU: 0.9486 | 🕒 17.49s
2025-10-10 14:47:05,223 [INFO] - Epoch 20 | Val Loss: 0.0754 | Val IoU: 0.9444 | 🕒 16.93s
2025-10-10 14:47:22,204 [INFO] - Epoch 21 | Val Loss: 0.0745 | Val IoU: 0.9450 | 🕒 16.98s
2025-10-10 14:47:39,807 [INFO] - Epoch 22 | Val Loss: 0.0666 | Val IoU: 0.9491 | 🕒 17.60s
2025-10-10 14:47:57,080 [INFO] - Epoch 23 | Val Loss: 0.0714 | Val IoU: 0.9468 | 🕒 17.27s
2025-10-10 14:48:13,745 [INFO] - Epoch 24 | Val Loss: 0.0699 | Val IoU: 0.9484 | 🕒 16.66s
2025-10-10 14:48:30,891 [INFO] - Epoch 25 | Val Loss: 0.0681 | Val IoU: 0.9496 | 🕒 17.15s
2025-10-10 14:48:48,455 [INFO] - Epoch 26 | Val Loss: 0.0689 | Val IoU: 0.9496 | 🕒 17.56s
2025-10-10 14:49:05,104 [INFO] - Epoch 27 | Val Loss: 0.0708 | Val IoU: 0.9490 | 🕒 16.65s
2025-10-10 14:49:22,261 [INFO] - Epoch 28 | Val Loss: 0.0709 | Val IoU: 0.9490 | 🕒 17.16s
2025-10-10 14:49:40,614 [INFO] - Epoch 29 | Val Loss: 0.0697 | Val IoU: 0.9497 | 🕒 18.35s
2025-10-10 14:49:57,627 [INFO] - Epoch 30 | Val Loss: 0.0705 | Val IoU: 0.9496 | 🕒 17.01s
2025-10-10 14:49:57,628 [INFO] - 
--- Training for TGRS_Road_CrossEntropyLoss_FPN_mobileone_s3 complete ---
2025-10-10 14:49:57,629 [INFO] - 📄 Time report saved at: plot/plot_TGRS_Road_CrossEntropyLoss_FPN_mobileone_s3\training_times.txt
2025-10-10 14:49:57,630 [INFO] - ✅ Best model saved at: model/model_TGRS_Road_CrossEntropyLoss_FPN_mobileone_s3.pt
2025-10-10 14:49:57,630 [INFO] - 📊 Per-epoch results saved at: plot/plot_TGRS_Road_CrossEntropyLoss_FPN_mobileone_s3\epoch_results.csv
2025-10-10 14:49:57,646 [INFO] - 
Training history saved to 'plot/plot_TGRS_Road_CrossEntropyLoss_FPN_mobileone_s3' directory.
2025-10-10 14:49:59,063 [INFO] - Summary plot saved at: plot/plot_TGRS_Road_CrossEntropyLoss_FPN_mobileone_s3\training_metrics_summary.png
2025-10-10 14:49:59,468 [INFO] - 📈 Confusion matrix saved at: plot/plot_TGRS_Road_CrossEntropyLoss_FPN_mobileone_s3\confusion_matrix.png
2025-10-10 14:49:59,468 [INFO] - 
============================= EXPERIMENT FINISHED ==============================

