2025-08-06 07:24:44,821 [INFO] - 
=========================== STARTING NEW EXPERIMENT ============================
2025-08-06 07:24:44,821 [INFO] - Configuration: DeepGlobal_CrossEntropyLoss_UNet++_mobileone_s0
2025-08-06 07:24:44,821 [INFO] - ================================================================================
2025-08-06 07:24:44,821 [INFO] - 🔄 Loading data...
2025-08-06 07:24:50,424 [INFO] - 🔧 Initializing model, loss function, and optimizer...
2025-08-06 07:35:10,055 [INFO] - Epoch 01 | Val Loss: 0.0928 | Val IoU: 0.9354 | 🕒 618.55s
2025-08-06 07:37:52,639 [INFO] - Epoch 02 | Val Loss: 0.0839 | Val IoU: 0.9405 | 🕒 162.58s
2025-08-06 07:40:34,252 [INFO] - Epoch 03 | Val Loss: 0.0747 | Val IoU: 0.9453 | 🕒 161.61s
2025-08-06 07:43:15,670 [INFO] - Epoch 04 | Val Loss: 0.0751 | Val IoU: 0.9433 | 🕒 161.42s
2025-08-06 07:45:57,542 [INFO] - Epoch 05 | Val Loss: 0.0691 | Val IoU: 0.9484 | 🕒 161.87s
2025-08-06 07:48:38,649 [INFO] - Epoch 06 | Val Loss: 0.0769 | Val IoU: 0.9429 | 🕒 161.11s
2025-08-06 07:51:20,148 [INFO] - Epoch 07 | Val Loss: 0.0725 | Val IoU: 0.9479 | 🕒 161.50s
2025-08-06 07:54:02,294 [INFO] - Epoch 08 | Val Loss: 0.0673 | Val IoU: 0.9487 | 🕒 162.15s
2025-08-06 07:56:43,896 [INFO] - Epoch 09 | Val Loss: 0.0686 | Val IoU: 0.9489 | 🕒 161.60s
2025-08-06 07:59:25,518 [INFO] - Epoch 10 | Val Loss: 0.0678 | Val IoU: 0.9516 | 🕒 161.62s
2025-08-06 08:02:06,812 [INFO] - Epoch 11 | Val Loss: 0.0719 | Val IoU: 0.9500 | 🕒 161.29s
2025-08-06 08:04:48,673 [INFO] - Epoch 12 | Val Loss: 0.0674 | Val IoU: 0.9518 | 🕒 161.86s
2025-08-06 08:07:30,015 [INFO] - Epoch 13 | Val Loss: 0.0673 | Val IoU: 0.9517 | 🕒 161.34s
2025-08-06 08:10:11,157 [INFO] - Epoch 14 | Val Loss: 0.0656 | Val IoU: 0.9510 | 🕒 161.14s
2025-08-06 08:12:52,453 [INFO] - Epoch 15 | Val Loss: 0.0734 | Val IoU: 0.9489 | 🕒 161.30s
2025-08-06 08:15:33,553 [INFO] - Epoch 16 | Val Loss: 0.0708 | Val IoU: 0.9479 | 🕒 161.10s
2025-08-06 08:18:14,885 [INFO] - Epoch 17 | Val Loss: 0.0738 | Val IoU: 0.9510 | 🕒 161.33s
2025-08-06 08:20:56,103 [INFO] - Epoch 18 | Val Loss: 0.1053 | Val IoU: 0.9475 | 🕒 161.22s
2025-08-06 08:23:37,730 [INFO] - Epoch 19 | Val Loss: 0.0685 | Val IoU: 0.9504 | 🕒 161.63s
2025-08-06 08:26:18,946 [INFO] - Epoch 20 | Val Loss: 0.0692 | Val IoU: 0.9507 | 🕒 161.22s
2025-08-06 08:29:00,352 [INFO] - Epoch 21 | Val Loss: 0.0655 | Val IoU: 0.9538 | 🕒 161.41s
2025-08-06 08:31:41,994 [INFO] - Epoch 22 | Val Loss: 0.0674 | Val IoU: 0.9542 | 🕒 161.64s
2025-08-06 08:34:23,373 [INFO] - Epoch 23 | Val Loss: 0.0699 | Val IoU: 0.9544 | 🕒 161.38s
2025-08-06 08:37:04,677 [INFO] - Epoch 24 | Val Loss: 0.0696 | Val IoU: 0.9541 | 🕒 161.30s
2025-08-06 08:39:45,801 [INFO] - Epoch 25 | Val Loss: 0.0716 | Val IoU: 0.9542 | 🕒 161.12s
2025-08-06 08:42:26,891 [INFO] - Epoch 26 | Val Loss: 0.0733 | Val IoU: 0.9539 | 🕒 161.09s
2025-08-06 08:45:08,133 [INFO] - Epoch 27 | Val Loss: 0.0724 | Val IoU: 0.9541 | 🕒 161.24s
2025-08-06 08:47:49,054 [INFO] - Epoch 28 | Val Loss: 0.0734 | Val IoU: 0.9539 | 🕒 160.92s
2025-08-06 08:50:30,341 [INFO] - Epoch 29 | Val Loss: 0.0720 | Val IoU: 0.9541 | 🕒 161.29s
2025-08-06 08:53:11,380 [INFO] - Epoch 30 | Val Loss: 0.0736 | Val IoU: 0.9540 | 🕒 161.04s
2025-08-06 08:53:11,380 [INFO] - 
--- Training for DeepGlobal_CrossEntropyLoss_UNet++_mobileone_s0 complete ---
2025-08-06 08:53:11,381 [INFO] - 📄 Time report saved at: plot/plot_DeepGlobal_CrossEntropyLoss_UNet++_mobileone_s0/training_times.txt
2025-08-06 08:53:11,381 [INFO] - ✅ Best model saved at: model/model_DeepGlobal_CrossEntropyLoss_UNet++_mobileone_s0.pt
2025-08-06 08:53:11,381 [INFO] - 📊 Per-epoch results saved at: plot/plot_DeepGlobal_CrossEntropyLoss_UNet++_mobileone_s0/epoch_results.csv
2025-08-06 08:53:11,382 [INFO] - 
Training history saved to 'plot/plot_DeepGlobal_CrossEntropyLoss_UNet++_mobileone_s0' directory.
2025-08-06 08:53:12,904 [INFO] - Summary plot saved at: plot/plot_DeepGlobal_CrossEntropyLoss_UNet++_mobileone_s0/training_metrics_summary.png
2025-08-06 08:53:13,087 [INFO] - 📈 Confusion matrix saved at: plot/plot_DeepGlobal_CrossEntropyLoss_UNet++_mobileone_s0/confusion_matrix.png
2025-08-06 08:53:13,087 [INFO] - 
============================= EXPERIMENT FINISHED ==============================

