2025-10-18 04:21:26,001 [INFO] - 
=========================== STARTING NEW EXPERIMENT ============================
2025-10-18 04:21:26,001 [INFO] - The device used: cuda
2025-10-18 04:21:26,001 [INFO] - Configuration: Massachusetts_CrossEntropyLoss_UPerNet_mobileone_s2
2025-10-18 04:21:26,001 [INFO] - ================================================================================
2025-10-18 04:21:26,001 [INFO] - 🔄 Loading data...
2025-10-18 04:21:26,005 [INFO] - 🔧 Initializing model, loss function, and optimizer...
2025-10-18 04:23:25,275 [INFO] - Epoch 01 | Val Loss: 0.1468 | Val IoU: 0.9045 | 🕒 118.91s
2025-10-18 04:25:25,493 [INFO] - Epoch 02 | Val Loss: 0.1314 | Val IoU: 0.9070 | 🕒 120.22s
2025-10-18 04:27:25,522 [INFO] - Epoch 03 | Val Loss: 0.1299 | Val IoU: 0.9058 | 🕒 120.03s
2025-10-18 04:29:25,109 [INFO] - Epoch 04 | Val Loss: 0.1164 | Val IoU: 0.9118 | 🕒 119.59s
2025-10-18 04:31:19,846 [INFO] - Epoch 05 | Val Loss: 0.1144 | Val IoU: 0.9149 | 🕒 114.74s
2025-10-18 04:33:13,853 [INFO] - Epoch 06 | Val Loss: 0.1105 | Val IoU: 0.9191 | 🕒 114.01s
2025-10-18 04:35:07,922 [INFO] - Epoch 07 | Val Loss: 0.1136 | Val IoU: 0.9190 | 🕒 114.07s
2025-10-18 04:37:02,118 [INFO] - Epoch 08 | Val Loss: 0.1105 | Val IoU: 0.9220 | 🕒 114.20s
2025-10-18 04:38:56,866 [INFO] - Epoch 09 | Val Loss: 0.1099 | Val IoU: 0.9203 | 🕒 114.75s
2025-10-18 04:40:51,142 [INFO] - Epoch 10 | Val Loss: 0.1096 | Val IoU: 0.9214 | 🕒 114.28s
2025-10-18 04:42:45,941 [INFO] - Epoch 11 | Val Loss: 0.1083 | Val IoU: 0.9193 | 🕒 114.80s
2025-10-18 04:44:40,767 [INFO] - Epoch 12 | Val Loss: 0.1055 | Val IoU: 0.9254 | 🕒 114.83s
2025-10-18 04:46:35,381 [INFO] - Epoch 13 | Val Loss: 0.1080 | Val IoU: 0.9263 | 🕒 114.61s
2025-10-18 04:48:29,848 [INFO] - Epoch 14 | Val Loss: 0.1051 | Val IoU: 0.9258 | 🕒 114.47s
2025-10-18 04:50:24,518 [INFO] - Epoch 15 | Val Loss: 0.1062 | Val IoU: 0.9244 | 🕒 114.67s
2025-10-18 04:52:18,802 [INFO] - Epoch 16 | Val Loss: 0.1055 | Val IoU: 0.9249 | 🕒 114.28s
2025-10-18 04:54:12,826 [INFO] - Epoch 17 | Val Loss: 0.1076 | Val IoU: 0.9229 | 🕒 114.02s
2025-10-18 04:56:07,435 [INFO] - Epoch 18 | Val Loss: 0.1079 | Val IoU: 0.9276 | 🕒 114.61s
2025-10-18 04:58:01,882 [INFO] - Epoch 19 | Val Loss: 0.1091 | Val IoU: 0.9287 | 🕒 114.45s
2025-10-18 04:59:56,139 [INFO] - Epoch 20 | Val Loss: 0.1241 | Val IoU: 0.9265 | 🕒 114.26s
2025-10-18 05:01:50,441 [INFO] - Epoch 21 | Val Loss: 0.1080 | Val IoU: 0.9295 | 🕒 114.30s
2025-10-18 05:03:44,857 [INFO] - Epoch 22 | Val Loss: 0.1108 | Val IoU: 0.9294 | 🕒 114.42s
2025-10-18 05:05:39,507 [INFO] - Epoch 23 | Val Loss: 0.1119 | Val IoU: 0.9296 | 🕒 114.65s
2025-10-18 05:07:34,305 [INFO] - Epoch 24 | Val Loss: 0.1120 | Val IoU: 0.9292 | 🕒 114.80s
2025-10-18 05:09:28,244 [INFO] - Epoch 25 | Val Loss: 0.1132 | Val IoU: 0.9292 | 🕒 113.94s
2025-10-18 05:11:22,258 [INFO] - Epoch 26 | Val Loss: 0.1169 | Val IoU: 0.9292 | 🕒 114.01s
2025-10-18 05:13:16,689 [INFO] - Epoch 27 | Val Loss: 0.1173 | Val IoU: 0.9296 | 🕒 114.43s
2025-10-18 05:15:11,962 [INFO] - Epoch 28 | Val Loss: 0.1166 | Val IoU: 0.9293 | 🕒 115.27s
2025-10-18 05:17:06,301 [INFO] - Epoch 29 | Val Loss: 0.1171 | Val IoU: 0.9295 | 🕒 114.34s
2025-10-18 05:19:00,341 [INFO] - Epoch 30 | Val Loss: 0.1184 | Val IoU: 0.9294 | 🕒 114.04s
2025-10-18 05:19:00,342 [INFO] - 
--- Training for Massachusetts_CrossEntropyLoss_UPerNet_mobileone_s2 complete ---
2025-10-18 05:19:00,342 [INFO] - 📄 Time report saved at: plot/plot_Massachusetts_CrossEntropyLoss_UPerNet_mobileone_s2\training_times.txt
2025-10-18 05:19:00,342 [INFO] - ✅ Best model saved at: model/model_Massachusetts_CrossEntropyLoss_UPerNet_mobileone_s2.pt
2025-10-18 05:19:00,342 [INFO] - 📊 Per-epoch results saved at: plot/plot_Massachusetts_CrossEntropyLoss_UPerNet_mobileone_s2\epoch_results.csv
2025-10-18 05:19:00,351 [INFO] - 
Training history saved to 'plot/plot_Massachusetts_CrossEntropyLoss_UPerNet_mobileone_s2' directory.
