2025-10-20 14:28:04,372 [INFO] - 
=========================== STARTING NEW EXPERIMENT ============================
2025-10-20 14:28:04,372 [INFO] - The device used: cuda
2025-10-20 14:28:04,372 [INFO] - Configuration: Massachusetts_CrossEntropyLoss_UPerNet_mobileone_s0
2025-10-20 14:28:04,372 [INFO] - ================================================================================
2025-10-20 14:28:04,372 [INFO] - 🔄 Loading data...
2025-10-20 14:28:04,382 [INFO] - 🔧 Initializing model, loss function, and optimizer...
2025-10-20 14:30:16,673 [INFO] - Epoch 01 | Val Loss: 0.1464 | Val IoU: 0.9040 | 🕒 131.46s
2025-10-20 14:32:28,044 [INFO] - Epoch 02 | Val Loss: 0.1346 | Val IoU: 0.9059 | 🕒 131.37s
2025-10-20 14:34:40,085 [INFO] - Epoch 03 | Val Loss: 0.1359 | Val IoU: 0.9064 | 🕒 132.04s
2025-10-20 14:36:51,603 [INFO] - Epoch 04 | Val Loss: 0.1208 | Val IoU: 0.9121 | 🕒 131.52s
2025-10-20 14:39:00,236 [INFO] - Epoch 05 | Val Loss: 0.1235 | Val IoU: 0.9147 | 🕒 128.63s
2025-10-20 14:41:08,035 [INFO] - Epoch 06 | Val Loss: 0.1130 | Val IoU: 0.9175 | 🕒 127.80s
2025-10-20 14:43:30,901 [INFO] - Epoch 07 | Val Loss: 0.1146 | Val IoU: 0.9143 | 🕒 142.86s
2025-10-20 14:45:41,247 [INFO] - Epoch 08 | Val Loss: 0.1153 | Val IoU: 0.9181 | 🕒 130.34s
2025-10-20 14:47:52,125 [INFO] - Epoch 09 | Val Loss: 0.1086 | Val IoU: 0.9210 | 🕒 130.88s
2025-10-20 14:50:02,069 [INFO] - Epoch 10 | Val Loss: 0.1070 | Val IoU: 0.9220 | 🕒 129.94s
2025-10-20 14:52:12,732 [INFO] - Epoch 11 | Val Loss: 0.1076 | Val IoU: 0.9189 | 🕒 130.66s
2025-10-20 14:54:23,220 [INFO] - Epoch 12 | Val Loss: 0.1085 | Val IoU: 0.9210 | 🕒 130.49s
2025-10-20 14:56:33,171 [INFO] - Epoch 13 | Val Loss: 0.1039 | Val IoU: 0.9235 | 🕒 129.95s
2025-10-20 14:58:44,174 [INFO] - Epoch 14 | Val Loss: 0.1063 | Val IoU: 0.9231 | 🕒 131.00s
2025-10-20 15:00:53,389 [INFO] - Epoch 15 | Val Loss: 0.1130 | Val IoU: 0.9214 | 🕒 129.21s
2025-10-20 15:03:02,780 [INFO] - Epoch 16 | Val Loss: 0.1120 | Val IoU: 0.9226 | 🕒 129.39s
2025-10-20 15:05:12,214 [INFO] - Epoch 17 | Val Loss: 0.1087 | Val IoU: 0.9233 | 🕒 129.43s
2025-10-20 15:07:22,002 [INFO] - Epoch 18 | Val Loss: 0.1089 | Val IoU: 0.9242 | 🕒 129.79s
2025-10-20 15:09:32,194 [INFO] - Epoch 19 | Val Loss: 0.1040 | Val IoU: 0.9254 | 🕒 130.19s
2025-10-20 15:11:42,262 [INFO] - Epoch 20 | Val Loss: 0.1026 | Val IoU: 0.9271 | 🕒 130.07s
2025-10-20 15:13:58,232 [INFO] - Epoch 21 | Val Loss: 0.1031 | Val IoU: 0.9265 | 🕒 135.97s
2025-10-20 15:16:07,598 [INFO] - Epoch 22 | Val Loss: 0.1034 | Val IoU: 0.9271 | 🕒 129.36s
2025-10-20 15:18:17,572 [INFO] - Epoch 23 | Val Loss: 0.1039 | Val IoU: 0.9271 | 🕒 129.97s
2025-10-20 15:20:28,143 [INFO] - Epoch 24 | Val Loss: 0.1041 | Val IoU: 0.9270 | 🕒 130.57s
2025-10-20 15:22:38,722 [INFO] - Epoch 25 | Val Loss: 0.1047 | Val IoU: 0.9272 | 🕒 130.58s
2025-10-20 15:24:48,541 [INFO] - Epoch 26 | Val Loss: 0.1050 | Val IoU: 0.9272 | 🕒 129.82s
2025-10-20 15:26:58,793 [INFO] - Epoch 27 | Val Loss: 0.1066 | Val IoU: 0.9274 | 🕒 130.25s
2025-10-20 15:29:07,722 [INFO] - Epoch 28 | Val Loss: 0.1063 | Val IoU: 0.9272 | 🕒 128.93s
2025-10-20 15:31:24,786 [INFO] - Epoch 29 | Val Loss: 0.1063 | Val IoU: 0.9272 | 🕒 137.06s
2025-10-20 15:34:41,095 [INFO] - Epoch 30 | Val Loss: 0.1072 | Val IoU: 0.9273 | 🕒 196.30s
2025-10-20 15:34:41,095 [INFO] - 
--- Training for Massachusetts_CrossEntropyLoss_UPerNet_mobileone_s0 complete ---
2025-10-20 15:34:41,102 [INFO] - 📄 Time report saved at: plot/plot_Massachusetts_CrossEntropyLoss_UPerNet_mobileone_s0\training_times.txt
2025-10-20 15:34:41,102 [INFO] - ✅ Best model saved at: model/model_Massachusetts_CrossEntropyLoss_UPerNet_mobileone_s0.pt
2025-10-20 15:34:41,108 [INFO] - 📊 Per-epoch results saved at: plot/plot_Massachusetts_CrossEntropyLoss_UPerNet_mobileone_s0\epoch_results.csv
2025-10-20 15:34:41,174 [INFO] - 
Training history saved to 'plot/plot_Massachusetts_CrossEntropyLoss_UPerNet_mobileone_s0' directory.
2025-10-20 15:34:52,645 [INFO] - Summary plot saved at: plot/plot_Massachusetts_CrossEntropyLoss_UPerNet_mobileone_s0\training_metrics_summary.png
2025-10-20 15:34:53,777 [INFO] - 📈 Confusion matrix saved at: plot/plot_Massachusetts_CrossEntropyLoss_UPerNet_mobileone_s0\confusion_matrix.png
2025-10-20 15:34:53,777 [INFO] - 
============================= EXPERIMENT FINISHED ==============================

