2025-08-04 13:12:41,754 [INFO] - 
=========================== STARTING NEW EXPERIMENT ============================
2025-08-04 13:12:41,754 [INFO] - Configuration: TGRS_Road_CrossEntropyLoss_DeepLabV3Plus_mobileone_s0
2025-08-04 13:12:41,754 [INFO] - ================================================================================
2025-08-04 13:12:41,754 [INFO] - 🔄 Loading data...
2025-08-04 13:12:41,762 [INFO] - 🔧 Initializing model, loss function, and optimizer...
2025-08-04 13:16:13,476 [INFO] - Epoch 01 | Val Loss: 0.1644 | Val IoU: 0.8769 | 🕒 211.29s
2025-08-04 13:16:29,472 [INFO] - Epoch 02 | Val Loss: 0.1247 | Val IoU: 0.9018 | 🕒 16.00s
2025-08-04 13:16:44,621 [INFO] - Epoch 03 | Val Loss: 0.1017 | Val IoU: 0.9196 | 🕒 15.15s
2025-08-04 13:16:59,184 [INFO] - Epoch 04 | Val Loss: 0.0876 | Val IoU: 0.9308 | 🕒 14.56s
2025-08-04 13:17:13,593 [INFO] - Epoch 05 | Val Loss: 0.0835 | Val IoU: 0.9345 | 🕒 14.41s
2025-08-04 13:17:27,879 [INFO] - Epoch 06 | Val Loss: 0.0833 | Val IoU: 0.9341 | 🕒 14.29s
2025-08-04 13:17:42,222 [INFO] - Epoch 07 | Val Loss: 0.0891 | Val IoU: 0.9277 | 🕒 14.34s
2025-08-04 13:17:56,753 [INFO] - Epoch 08 | Val Loss: 0.0836 | Val IoU: 0.9338 | 🕒 14.53s
2025-08-04 13:18:11,518 [INFO] - Epoch 09 | Val Loss: 0.0729 | Val IoU: 0.9407 | 🕒 14.76s
2025-08-04 13:18:26,137 [INFO] - Epoch 10 | Val Loss: 0.0809 | Val IoU: 0.9371 | 🕒 14.62s
2025-08-04 13:18:40,802 [INFO] - Epoch 11 | Val Loss: 0.0784 | Val IoU: 0.9384 | 🕒 14.66s
2025-08-04 13:18:55,829 [INFO] - Epoch 12 | Val Loss: 0.0690 | Val IoU: 0.9447 | 🕒 15.03s
2025-08-04 13:19:10,423 [INFO] - Epoch 13 | Val Loss: 0.0711 | Val IoU: 0.9440 | 🕒 14.59s
2025-08-04 13:19:25,111 [INFO] - Epoch 14 | Val Loss: 0.0684 | Val IoU: 0.9461 | 🕒 14.69s
2025-08-04 13:19:39,958 [INFO] - Epoch 15 | Val Loss: 0.0659 | Val IoU: 0.9473 | 🕒 14.85s
2025-08-04 13:19:54,632 [INFO] - Epoch 16 | Val Loss: 0.0625 | Val IoU: 0.9500 | 🕒 14.67s
2025-08-04 13:20:09,191 [INFO] - Epoch 17 | Val Loss: 0.0627 | Val IoU: 0.9497 | 🕒 14.56s
2025-08-04 13:20:23,639 [INFO] - Epoch 18 | Val Loss: 0.0641 | Val IoU: 0.9499 | 🕒 14.45s
2025-08-04 13:20:38,182 [INFO] - Epoch 19 | Val Loss: 0.0648 | Val IoU: 0.9497 | 🕒 14.54s
2025-08-04 13:20:52,853 [INFO] - Epoch 20 | Val Loss: 0.0771 | Val IoU: 0.9416 | 🕒 14.67s
2025-08-04 13:21:07,522 [INFO] - Epoch 21 | Val Loss: 0.0840 | Val IoU: 0.9386 | 🕒 14.67s
2025-08-04 13:21:22,125 [INFO] - Epoch 22 | Val Loss: 0.0635 | Val IoU: 0.9513 | 🕒 14.60s
2025-08-04 13:21:36,764 [INFO] - Epoch 23 | Val Loss: 0.0639 | Val IoU: 0.9512 | 🕒 14.64s
2025-08-04 13:21:51,167 [INFO] - Epoch 24 | Val Loss: 0.0652 | Val IoU: 0.9506 | 🕒 14.40s
2025-08-04 13:22:05,612 [INFO] - Epoch 25 | Val Loss: 0.0651 | Val IoU: 0.9508 | 🕒 14.44s
2025-08-04 13:22:20,010 [INFO] - Epoch 26 | Val Loss: 0.0656 | Val IoU: 0.9506 | 🕒 14.40s
2025-08-04 13:22:34,654 [INFO] - Epoch 27 | Val Loss: 0.0639 | Val IoU: 0.9515 | 🕒 14.64s
2025-08-04 13:22:49,194 [INFO] - Epoch 28 | Val Loss: 0.0675 | Val IoU: 0.9497 | 🕒 14.54s
2025-08-04 13:23:03,922 [INFO] - Epoch 29 | Val Loss: 0.0672 | Val IoU: 0.9499 | 🕒 14.73s
2025-08-04 13:23:18,555 [INFO] - Epoch 30 | Val Loss: 0.0656 | Val IoU: 0.9507 | 🕒 14.63s
2025-08-04 13:23:18,555 [INFO] - 
--- Training for TGRS_Road_CrossEntropyLoss_DeepLabV3Plus_mobileone_s0 complete ---
2025-08-04 13:23:18,555 [INFO] - 📄 Time report saved at: plot/plot_TGRS_Road_CrossEntropyLoss_DeepLabV3Plus_mobileone_s0/training_times.txt
2025-08-04 13:23:18,555 [INFO] - ✅ Best model saved at: model/model_TGRS_Road_CrossEntropyLoss_DeepLabV3Plus_mobileone_s0.pt
2025-08-04 13:23:18,555 [INFO] - 📊 Per-epoch results saved at: plot/plot_TGRS_Road_CrossEntropyLoss_DeepLabV3Plus_mobileone_s0/epoch_results.csv
2025-08-04 13:23:18,557 [INFO] - 
Training history saved to 'plot/plot_TGRS_Road_CrossEntropyLoss_DeepLabV3Plus_mobileone_s0' directory.
2025-08-04 13:23:19,551 [INFO] - Summary plot saved at: plot/plot_TGRS_Road_CrossEntropyLoss_DeepLabV3Plus_mobileone_s0/training_metrics_summary.png
2025-08-04 13:23:19,681 [INFO] - 📈 Confusion matrix saved at: plot/plot_TGRS_Road_CrossEntropyLoss_DeepLabV3Plus_mobileone_s0/confusion_matrix.png
2025-08-04 13:23:19,682 [INFO] - 
============================= EXPERIMENT FINISHED ==============================

