2025-08-04 14:18:25,773 [INFO] - 
=========================== STARTING NEW EXPERIMENT ============================
2025-08-04 14:18:25,773 [INFO] - Configuration: TGRS_Road_CrossEntropyLoss_UNet++_mobileone_s4
2025-08-04 14:18:25,773 [INFO] - ================================================================================
2025-08-04 14:18:25,773 [INFO] - 🔄 Loading data...
2025-08-04 14:18:25,782 [INFO] - 🔧 Initializing model, loss function, and optimizer...
2025-08-04 14:19:13,533 [INFO] - Epoch 01 | Val Loss: 0.1031 | Val IoU: 0.9238 | 🕒 46.61s
2025-08-04 14:20:00,132 [INFO] - Epoch 02 | Val Loss: 0.0688 | Val IoU: 0.9463 | 🕒 46.60s
2025-08-04 14:20:46,335 [INFO] - Epoch 03 | Val Loss: 0.0635 | Val IoU: 0.9493 | 🕒 46.20s
2025-08-04 14:21:32,707 [INFO] - Epoch 04 | Val Loss: 0.0603 | Val IoU: 0.9525 | 🕒 46.37s
2025-08-04 14:22:18,909 [INFO] - Epoch 05 | Val Loss: 0.0576 | Val IoU: 0.9543 | 🕒 46.20s
2025-08-04 14:23:05,004 [INFO] - Epoch 06 | Val Loss: 0.0562 | Val IoU: 0.9542 | 🕒 46.09s
2025-08-04 14:23:51,116 [INFO] - Epoch 07 | Val Loss: 0.0571 | Val IoU: 0.9547 | 🕒 46.11s
2025-08-04 14:24:37,188 [INFO] - Epoch 08 | Val Loss: 0.0531 | Val IoU: 0.9578 | 🕒 46.07s
2025-08-04 14:25:23,400 [INFO] - Epoch 09 | Val Loss: 0.0617 | Val IoU: 0.9512 | 🕒 46.21s
2025-08-04 14:26:09,203 [INFO] - Epoch 10 | Val Loss: 0.0563 | Val IoU: 0.9543 | 🕒 45.80s
2025-08-04 14:26:54,868 [INFO] - Epoch 11 | Val Loss: 0.0608 | Val IoU: 0.9527 | 🕒 45.66s
2025-08-04 14:27:40,678 [INFO] - Epoch 12 | Val Loss: 0.0616 | Val IoU: 0.9526 | 🕒 45.81s
2025-08-04 14:28:26,525 [INFO] - Epoch 13 | Val Loss: 0.0550 | Val IoU: 0.9571 | 🕒 45.85s
2025-08-04 14:29:12,411 [INFO] - Epoch 14 | Val Loss: 0.0621 | Val IoU: 0.9537 | 🕒 45.89s
2025-08-04 14:29:58,514 [INFO] - Epoch 15 | Val Loss: 0.0538 | Val IoU: 0.9590 | 🕒 46.10s
2025-08-04 14:30:44,527 [INFO] - Epoch 16 | Val Loss: 0.0550 | Val IoU: 0.9587 | 🕒 46.01s
2025-08-04 14:31:30,288 [INFO] - Epoch 17 | Val Loss: 0.0560 | Val IoU: 0.9586 | 🕒 45.76s
2025-08-04 14:32:16,312 [INFO] - Epoch 18 | Val Loss: 0.0559 | Val IoU: 0.9589 | 🕒 46.02s
2025-08-04 14:33:02,537 [INFO] - Epoch 19 | Val Loss: 0.0556 | Val IoU: 0.9592 | 🕒 46.22s
2025-08-04 14:33:48,541 [INFO] - Epoch 20 | Val Loss: 0.0560 | Val IoU: 0.9592 | 🕒 46.00s
2025-08-04 14:34:34,337 [INFO] - Epoch 21 | Val Loss: 0.0562 | Val IoU: 0.9591 | 🕒 45.80s
2025-08-04 14:35:20,140 [INFO] - Epoch 22 | Val Loss: 0.0575 | Val IoU: 0.9585 | 🕒 45.80s
2025-08-04 14:36:05,885 [INFO] - Epoch 23 | Val Loss: 0.0568 | Val IoU: 0.9589 | 🕒 45.74s
2025-08-04 14:36:51,697 [INFO] - Epoch 24 | Val Loss: 0.0572 | Val IoU: 0.9587 | 🕒 45.81s
2025-08-04 14:37:37,534 [INFO] - Epoch 25 | Val Loss: 0.0570 | Val IoU: 0.9589 | 🕒 45.84s
2025-08-04 14:38:23,369 [INFO] - Epoch 26 | Val Loss: 0.0569 | Val IoU: 0.9588 | 🕒 45.84s
2025-08-04 14:39:09,188 [INFO] - Epoch 27 | Val Loss: 0.0570 | Val IoU: 0.9589 | 🕒 45.82s
2025-08-04 14:39:55,117 [INFO] - Epoch 28 | Val Loss: 0.0573 | Val IoU: 0.9587 | 🕒 45.93s
2025-08-04 14:40:40,861 [INFO] - Epoch 29 | Val Loss: 0.0562 | Val IoU: 0.9592 | 🕒 45.74s
2025-08-04 14:41:26,620 [INFO] - Epoch 30 | Val Loss: 0.0564 | Val IoU: 0.9591 | 🕒 45.76s
2025-08-04 14:41:26,620 [INFO] - 
--- Training for TGRS_Road_CrossEntropyLoss_UNet++_mobileone_s4 complete ---
2025-08-04 14:41:26,620 [INFO] - 📄 Time report saved at: plot/plot_TGRS_Road_CrossEntropyLoss_UNet++_mobileone_s4/training_times.txt
2025-08-04 14:41:26,620 [INFO] - ✅ Best model saved at: model/model_TGRS_Road_CrossEntropyLoss_UNet++_mobileone_s4.pt
2025-08-04 14:41:26,620 [INFO] - 📊 Per-epoch results saved at: plot/plot_TGRS_Road_CrossEntropyLoss_UNet++_mobileone_s4/epoch_results.csv
2025-08-04 14:41:26,621 [INFO] - 
Training history saved to 'plot/plot_TGRS_Road_CrossEntropyLoss_UNet++_mobileone_s4' directory.
2025-08-04 14:41:27,813 [INFO] - Summary plot saved at: plot/plot_TGRS_Road_CrossEntropyLoss_UNet++_mobileone_s4/training_metrics_summary.png
2025-08-04 14:41:27,936 [INFO] - 📈 Confusion matrix saved at: plot/plot_TGRS_Road_CrossEntropyLoss_UNet++_mobileone_s4/confusion_matrix.png
2025-08-04 14:41:27,936 [INFO] - 
============================= EXPERIMENT FINISHED ==============================

