2025-10-11 22:07:45,113 [INFO] - 
=========================== STARTING NEW EXPERIMENT ============================
2025-10-11 22:07:45,113 [INFO] - The device used: cuda
2025-10-11 22:07:45,113 [INFO] - Configuration: TGRS_Road_CrossEntropyLoss_PAN_mobileone_s3
2025-10-11 22:07:45,113 [INFO] - ================================================================================
2025-10-11 22:07:45,113 [INFO] - 🔄 Loading data...
2025-10-11 22:07:45,115 [INFO] - 🔧 Initializing model, loss function, and optimizer...
2025-10-11 22:07:59,435 [INFO] - Epoch 01 | Val Loss: 0.1524 | Val IoU: 0.8942 | 🕒 14.12s
2025-10-11 22:08:14,075 [INFO] - Epoch 02 | Val Loss: 0.1187 | Val IoU: 0.9078 | 🕒 14.64s
2025-10-11 22:08:28,320 [INFO] - Epoch 03 | Val Loss: 0.1136 | Val IoU: 0.9126 | 🕒 14.25s
2025-10-11 22:08:42,564 [INFO] - Epoch 04 | Val Loss: 0.0993 | Val IoU: 0.9231 | 🕒 14.24s
2025-10-11 22:08:56,741 [INFO] - Epoch 05 | Val Loss: 0.0954 | Val IoU: 0.9268 | 🕒 14.17s
2025-10-11 22:09:10,879 [INFO] - Epoch 06 | Val Loss: 0.0970 | Val IoU: 0.9235 | 🕒 14.14s
2025-10-11 22:09:25,438 [INFO] - Epoch 07 | Val Loss: 0.0889 | Val IoU: 0.9305 | 🕒 14.56s
2025-10-11 22:09:39,571 [INFO] - Epoch 08 | Val Loss: 0.0859 | Val IoU: 0.9324 | 🕒 14.13s
2025-10-11 22:09:53,867 [INFO] - Epoch 09 | Val Loss: 0.0833 | Val IoU: 0.9330 | 🕒 14.30s
2025-10-11 22:10:07,826 [INFO] - Epoch 10 | Val Loss: 0.0834 | Val IoU: 0.9349 | 🕒 13.96s
2025-10-11 22:10:21,877 [INFO] - Epoch 11 | Val Loss: 0.0799 | Val IoU: 0.9346 | 🕒 14.05s
2025-10-11 22:10:35,964 [INFO] - Epoch 12 | Val Loss: 0.0756 | Val IoU: 0.9393 | 🕒 14.09s
2025-10-11 22:10:49,967 [INFO] - Epoch 13 | Val Loss: 0.0726 | Val IoU: 0.9414 | 🕒 14.00s
2025-10-11 22:11:03,866 [INFO] - Epoch 14 | Val Loss: 0.0777 | Val IoU: 0.9363 | 🕒 13.90s
2025-10-11 22:11:17,731 [INFO] - Epoch 15 | Val Loss: 0.0773 | Val IoU: 0.9378 | 🕒 13.86s
2025-10-11 22:11:31,952 [INFO] - Epoch 16 | Val Loss: 0.0737 | Val IoU: 0.9408 | 🕒 14.22s
2025-10-11 22:11:45,841 [INFO] - Epoch 17 | Val Loss: 0.0964 | Val IoU: 0.9236 | 🕒 13.89s
2025-10-11 22:11:59,846 [INFO] - Epoch 18 | Val Loss: 0.0704 | Val IoU: 0.9434 | 🕒 14.00s
2025-10-11 22:12:13,799 [INFO] - Epoch 19 | Val Loss: 0.0742 | Val IoU: 0.9400 | 🕒 13.95s
2025-10-11 22:12:27,870 [INFO] - Epoch 20 | Val Loss: 0.0695 | Val IoU: 0.9435 | 🕒 14.07s
2025-10-11 22:12:42,248 [INFO] - Epoch 21 | Val Loss: 0.0707 | Val IoU: 0.9435 | 🕒 14.38s
2025-10-11 22:12:56,221 [INFO] - Epoch 22 | Val Loss: 0.0798 | Val IoU: 0.9367 | 🕒 13.97s
2025-10-11 22:13:10,611 [INFO] - Epoch 23 | Val Loss: 0.0850 | Val IoU: 0.9362 | 🕒 14.39s
2025-10-11 22:13:25,223 [INFO] - Epoch 24 | Val Loss: 0.0827 | Val IoU: 0.9358 | 🕒 14.61s
2025-10-11 22:13:39,797 [INFO] - Epoch 25 | Val Loss: 0.0695 | Val IoU: 0.9440 | 🕒 14.57s
2025-10-11 22:13:54,278 [INFO] - Epoch 26 | Val Loss: 0.0712 | Val IoU: 0.9436 | 🕒 14.48s
2025-10-11 22:14:08,396 [INFO] - Epoch 27 | Val Loss: 0.0724 | Val IoU: 0.9432 | 🕒 14.12s
2025-10-11 22:14:22,375 [INFO] - Epoch 28 | Val Loss: 0.0732 | Val IoU: 0.9430 | 🕒 13.98s
2025-10-11 22:14:36,523 [INFO] - Epoch 29 | Val Loss: 0.0700 | Val IoU: 0.9446 | 🕒 14.15s
2025-10-11 22:14:52,311 [INFO] - Epoch 30 | Val Loss: 0.0670 | Val IoU: 0.9472 | 🕒 15.79s
2025-10-11 22:14:52,312 [INFO] - 
--- Training for TGRS_Road_CrossEntropyLoss_PAN_mobileone_s3 complete ---
2025-10-11 22:14:52,313 [INFO] - 📄 Time report saved at: plot/plot_TGRS_Road_CrossEntropyLoss_PAN_mobileone_s3\training_times.txt
2025-10-11 22:14:52,314 [INFO] - ✅ Best model saved at: model/model_TGRS_Road_CrossEntropyLoss_PAN_mobileone_s3.pt
2025-10-11 22:14:52,314 [INFO] - 📊 Per-epoch results saved at: plot/plot_TGRS_Road_CrossEntropyLoss_PAN_mobileone_s3\epoch_results.csv
2025-10-11 22:14:52,330 [INFO] - 
Training history saved to 'plot/plot_TGRS_Road_CrossEntropyLoss_PAN_mobileone_s3' directory.
2025-10-11 22:14:54,335 [INFO] - Summary plot saved at: plot/plot_TGRS_Road_CrossEntropyLoss_PAN_mobileone_s3\training_metrics_summary.png
2025-10-11 22:14:54,458 [INFO] - 📈 Confusion matrix saved at: plot/plot_TGRS_Road_CrossEntropyLoss_PAN_mobileone_s3\confusion_matrix.png
2025-10-11 22:14:54,458 [INFO] - 
============================= EXPERIMENT FINISHED ==============================

