2025-10-16 23:19:34,079 [INFO] - 
=========================== STARTING NEW EXPERIMENT ============================
2025-10-16 23:19:34,080 [INFO] - The device used: cuda
2025-10-16 23:19:34,080 [INFO] - Configuration: DeepGlobal_CrossEntropyLoss_PSPNet_mobileone_s1
2025-10-16 23:19:34,080 [INFO] - ================================================================================
2025-10-16 23:19:34,080 [INFO] - 🔄 Loading data...
2025-10-16 23:19:34,102 [INFO] - 🔧 Initializing model, loss function, and optimizer...
2025-10-16 23:20:38,656 [INFO] - Epoch 01 | Val Loss: 0.1086 | Val IoU: 0.9245 | 🕒 64.14s
2025-10-16 23:21:43,115 [INFO] - Epoch 02 | Val Loss: 0.0942 | Val IoU: 0.9308 | 🕒 64.46s
2025-10-16 23:22:45,254 [INFO] - Epoch 03 | Val Loss: 0.0858 | Val IoU: 0.9356 | 🕒 62.14s
2025-10-16 23:23:48,828 [INFO] - Epoch 04 | Val Loss: 0.0929 | Val IoU: 0.9323 | 🕒 63.57s
2025-10-16 23:24:51,565 [INFO] - Epoch 05 | Val Loss: 0.0789 | Val IoU: 0.9399 | 🕒 62.74s
2025-10-16 23:25:52,691 [INFO] - Epoch 06 | Val Loss: 0.0788 | Val IoU: 0.9401 | 🕒 61.12s
2025-10-16 23:26:56,075 [INFO] - Epoch 07 | Val Loss: 0.0781 | Val IoU: 0.9407 | 🕒 63.38s
2025-10-16 23:27:57,539 [INFO] - Epoch 08 | Val Loss: 0.0783 | Val IoU: 0.9411 | 🕒 61.46s
2025-10-16 23:29:00,392 [INFO] - Epoch 09 | Val Loss: 0.0823 | Val IoU: 0.9405 | 🕒 62.85s
2025-10-16 23:30:00,109 [INFO] - Epoch 10 | Val Loss: 0.0790 | Val IoU: 0.9425 | 🕒 59.72s
2025-10-16 23:31:01,788 [INFO] - Epoch 11 | Val Loss: 0.0767 | Val IoU: 0.9413 | 🕒 61.68s
2025-10-16 23:32:03,002 [INFO] - Epoch 12 | Val Loss: 0.0831 | Val IoU: 0.9420 | 🕒 61.21s
2025-10-16 23:33:04,338 [INFO] - Epoch 13 | Val Loss: 0.0774 | Val IoU: 0.9406 | 🕒 61.34s
2025-10-16 23:34:06,608 [INFO] - Epoch 14 | Val Loss: 0.0773 | Val IoU: 0.9441 | 🕒 62.27s
2025-10-16 23:35:07,172 [INFO] - Epoch 15 | Val Loss: 0.0855 | Val IoU: 0.9409 | 🕒 60.56s
2025-10-16 23:36:08,942 [INFO] - Epoch 16 | Val Loss: 0.0906 | Val IoU: 0.9370 | 🕒 61.77s
2025-10-16 23:37:10,087 [INFO] - Epoch 17 | Val Loss: 0.0777 | Val IoU: 0.9415 | 🕒 61.14s
2025-10-16 23:38:10,709 [INFO] - Epoch 18 | Val Loss: 0.0777 | Val IoU: 0.9459 | 🕒 60.62s
2025-10-16 23:39:14,734 [INFO] - Epoch 19 | Val Loss: 0.0780 | Val IoU: 0.9459 | 🕒 64.02s
2025-10-16 23:40:16,585 [INFO] - Epoch 20 | Val Loss: 0.0800 | Val IoU: 0.9457 | 🕒 61.85s
2025-10-16 23:41:12,527 [INFO] - Epoch 21 | Val Loss: 0.0824 | Val IoU: 0.9458 | 🕒 55.94s
2025-10-16 23:42:04,583 [INFO] - Epoch 22 | Val Loss: 0.0818 | Val IoU: 0.9456 | 🕒 52.06s
2025-10-16 23:43:02,158 [INFO] - Epoch 23 | Val Loss: 0.0807 | Val IoU: 0.9452 | 🕒 57.58s
2025-10-16 23:43:58,940 [INFO] - Epoch 24 | Val Loss: 0.0817 | Val IoU: 0.9457 | 🕒 56.78s
2025-10-16 23:45:02,026 [INFO] - Epoch 25 | Val Loss: 0.0836 | Val IoU: 0.9458 | 🕒 63.08s
2025-10-16 23:46:01,785 [INFO] - Epoch 26 | Val Loss: 0.0833 | Val IoU: 0.9458 | 🕒 59.76s
2025-10-16 23:47:01,660 [INFO] - Epoch 27 | Val Loss: 0.0840 | Val IoU: 0.9457 | 🕒 59.87s
2025-10-16 23:48:01,241 [INFO] - Epoch 28 | Val Loss: 0.0851 | Val IoU: 0.9458 | 🕒 59.58s
2025-10-16 23:49:00,791 [INFO] - Epoch 29 | Val Loss: 0.0835 | Val IoU: 0.9458 | 🕒 59.55s
2025-10-16 23:49:59,922 [INFO] - Epoch 30 | Val Loss: 0.0850 | Val IoU: 0.9458 | 🕒 59.13s
2025-10-16 23:49:59,922 [INFO] - 
--- Training for DeepGlobal_CrossEntropyLoss_PSPNet_mobileone_s1 complete ---
2025-10-16 23:49:59,923 [INFO] - 📄 Time report saved at: plot/plot_DeepGlobal_CrossEntropyLoss_PSPNet_mobileone_s1\training_times.txt
2025-10-16 23:49:59,924 [INFO] - ✅ Best model saved at: model/model_DeepGlobal_CrossEntropyLoss_PSPNet_mobileone_s1.pt
2025-10-16 23:49:59,924 [INFO] - 📊 Per-epoch results saved at: plot/plot_DeepGlobal_CrossEntropyLoss_PSPNet_mobileone_s1\epoch_results.csv
2025-10-16 23:49:59,937 [INFO] - 
Training history saved to 'plot/plot_DeepGlobal_CrossEntropyLoss_PSPNet_mobileone_s1' directory.
2025-10-16 23:50:01,558 [INFO] - Summary plot saved at: plot/plot_DeepGlobal_CrossEntropyLoss_PSPNet_mobileone_s1\training_metrics_summary.png
2025-10-16 23:50:01,769 [INFO] - 📈 Confusion matrix saved at: plot/plot_DeepGlobal_CrossEntropyLoss_PSPNet_mobileone_s1\confusion_matrix.png
2025-10-16 23:50:01,769 [INFO] - 
============================= EXPERIMENT FINISHED ==============================

