2025-08-11 14:16:48,091 [INFO] - 
=========================== STARTING NEW EXPERIMENT ============================
2025-08-11 14:16:48,091 [INFO] - Configuration: DeepGlobal_CrossEntropyLoss_UNet++_mobileone_s4
2025-08-11 14:16:48,091 [INFO] - ================================================================================
2025-08-11 14:16:48,091 [INFO] - 🔄 Loading data...
2025-08-11 14:16:59,396 [INFO] - 🔧 Initializing model, loss function, and optimizer...
2025-08-11 14:36:12,538 [INFO] - Epoch 01 | Val Loss: 0.0781 | Val IoU: 0.9419 | 🕒 1151.08s
2025-08-11 14:41:16,938 [INFO] - Epoch 02 | Val Loss: 0.0697 | Val IoU: 0.9481 | 🕒 304.40s
2025-08-11 14:46:18,798 [INFO] - Epoch 03 | Val Loss: 0.0788 | Val IoU: 0.9387 | 🕒 301.86s
2025-08-11 14:51:20,262 [INFO] - Epoch 04 | Val Loss: 0.0667 | Val IoU: 0.9498 | 🕒 301.46s
2025-08-11 14:56:21,911 [INFO] - Epoch 05 | Val Loss: 0.0624 | Val IoU: 0.9523 | 🕒 301.65s
2025-08-11 15:01:23,650 [INFO] - Epoch 06 | Val Loss: 0.0697 | Val IoU: 0.9497 | 🕒 301.74s
2025-08-11 15:06:25,012 [INFO] - Epoch 07 | Val Loss: 0.0764 | Val IoU: 0.9452 | 🕒 301.36s
2025-08-11 15:11:26,856 [INFO] - Epoch 08 | Val Loss: 0.0626 | Val IoU: 0.9539 | 🕒 301.84s
2025-08-11 15:16:28,197 [INFO] - Epoch 09 | Val Loss: 0.0652 | Val IoU: 0.9536 | 🕒 301.34s
2025-08-11 15:21:29,594 [INFO] - Epoch 10 | Val Loss: 0.0739 | Val IoU: 0.9519 | 🕒 301.40s
2025-08-11 15:26:31,244 [INFO] - Epoch 11 | Val Loss: 0.0748 | Val IoU: 0.9517 | 🕒 301.65s
2025-08-11 15:31:32,889 [INFO] - Epoch 12 | Val Loss: 0.0681 | Val IoU: 0.9558 | 🕒 301.64s
2025-08-11 15:36:34,280 [INFO] - Epoch 13 | Val Loss: 0.0679 | Val IoU: 0.9563 | 🕒 301.39s
2025-08-11 15:41:35,111 [INFO] - Epoch 14 | Val Loss: 0.0704 | Val IoU: 0.9553 | 🕒 300.83s
2025-08-11 15:46:36,092 [INFO] - Epoch 15 | Val Loss: 0.0709 | Val IoU: 0.9555 | 🕒 300.98s
2025-08-11 15:51:37,139 [INFO] - Epoch 16 | Val Loss: 0.0766 | Val IoU: 0.9536 | 🕒 301.05s
2025-08-11 15:56:38,202 [INFO] - Epoch 17 | Val Loss: 0.0769 | Val IoU: 0.9543 | 🕒 301.06s
2025-08-11 16:01:39,354 [INFO] - Epoch 18 | Val Loss: 0.0753 | Val IoU: 0.9549 | 🕒 301.15s
2025-08-11 16:06:40,398 [INFO] - Epoch 19 | Val Loss: 0.0785 | Val IoU: 0.9551 | 🕒 301.04s
2025-08-11 16:11:41,612 [INFO] - Epoch 20 | Val Loss: 0.0786 | Val IoU: 0.9541 | 🕒 301.21s
2025-08-11 16:16:42,849 [INFO] - Epoch 21 | Val Loss: 0.0805 | Val IoU: 0.9530 | 🕒 301.24s
2025-08-11 16:21:44,309 [INFO] - Epoch 22 | Val Loss: 0.0792 | Val IoU: 0.9537 | 🕒 301.46s
2025-08-11 16:26:45,258 [INFO] - Epoch 23 | Val Loss: 0.0799 | Val IoU: 0.9539 | 🕒 300.95s
2025-08-11 16:31:46,490 [INFO] - Epoch 24 | Val Loss: 0.0813 | Val IoU: 0.9528 | 🕒 301.23s
2025-08-11 16:36:47,802 [INFO] - Epoch 25 | Val Loss: 0.0808 | Val IoU: 0.9543 | 🕒 301.31s
2025-08-11 16:41:49,337 [INFO] - Epoch 26 | Val Loss: 0.0808 | Val IoU: 0.9547 | 🕒 301.53s
2025-08-11 16:46:51,319 [INFO] - Epoch 27 | Val Loss: 0.0804 | Val IoU: 0.9534 | 🕒 301.98s
2025-08-11 16:51:53,046 [INFO] - Epoch 28 | Val Loss: 0.0816 | Val IoU: 0.9534 | 🕒 301.73s
2025-08-11 16:56:54,970 [INFO] - Epoch 29 | Val Loss: 0.0781 | Val IoU: 0.9550 | 🕒 301.92s
2025-08-11 17:01:56,720 [INFO] - Epoch 30 | Val Loss: 0.0803 | Val IoU: 0.9542 | 🕒 301.75s
2025-08-11 17:01:56,720 [INFO] - 
--- Training for DeepGlobal_CrossEntropyLoss_UNet++_mobileone_s4 complete ---
2025-08-11 17:01:56,720 [INFO] - 📄 Time report saved at: plot/plot_DeepGlobal_CrossEntropyLoss_UNet++_mobileone_s4/training_times.txt
2025-08-11 17:01:56,720 [INFO] - ✅ Best model saved at: model/model_DeepGlobal_CrossEntropyLoss_UNet++_mobileone_s4.pt
2025-08-11 17:01:56,720 [INFO] - 📊 Per-epoch results saved at: plot/plot_DeepGlobal_CrossEntropyLoss_UNet++_mobileone_s4/epoch_results.csv
2025-08-11 17:01:56,723 [INFO] - 
Training history saved to 'plot/plot_DeepGlobal_CrossEntropyLoss_UNet++_mobileone_s4' directory.
2025-08-11 17:01:57,817 [INFO] - Summary plot saved at: plot/plot_DeepGlobal_CrossEntropyLoss_UNet++_mobileone_s4/training_metrics_summary.png
2025-08-11 17:01:57,947 [INFO] - 📈 Confusion matrix saved at: plot/plot_DeepGlobal_CrossEntropyLoss_UNet++_mobileone_s4/confusion_matrix.png
2025-08-11 17:01:57,947 [INFO] - 
============================= EXPERIMENT FINISHED ==============================

