2025-10-11 22:31:12,456 [INFO] - 
=========================== STARTING NEW EXPERIMENT ============================
2025-10-11 22:31:12,456 [INFO] - The device used: cuda
2025-10-11 22:31:12,456 [INFO] - Configuration: TGRS_Road_CrossEntropyLoss_UPerNet_mobileone_s1
2025-10-11 22:31:12,456 [INFO] - ================================================================================
2025-10-11 22:31:12,456 [INFO] - 🔄 Loading data...
2025-10-11 22:31:12,457 [INFO] - 🔧 Initializing model, loss function, and optimizer...
2025-10-11 22:31:42,323 [INFO] - Epoch 01 | Val Loss: 0.1578 | Val IoU: 0.8791 | 🕒 29.67s
2025-10-11 22:32:11,923 [INFO] - Epoch 02 | Val Loss: 0.1245 | Val IoU: 0.9069 | 🕒 29.60s
2025-10-11 22:32:41,833 [INFO] - Epoch 03 | Val Loss: 0.1024 | Val IoU: 0.9190 | 🕒 29.91s
2025-10-11 22:33:11,402 [INFO] - Epoch 04 | Val Loss: 0.1055 | Val IoU: 0.9158 | 🕒 29.57s
2025-10-11 22:33:41,050 [INFO] - Epoch 05 | Val Loss: 0.0953 | Val IoU: 0.9230 | 🕒 29.65s
2025-10-11 22:34:10,668 [INFO] - Epoch 06 | Val Loss: 0.0959 | Val IoU: 0.9238 | 🕒 29.62s
2025-10-11 22:34:40,435 [INFO] - Epoch 07 | Val Loss: 0.0857 | Val IoU: 0.9311 | 🕒 29.77s
2025-10-11 22:35:10,050 [INFO] - Epoch 08 | Val Loss: 0.0810 | Val IoU: 0.9349 | 🕒 29.61s
2025-10-11 22:35:39,676 [INFO] - Epoch 09 | Val Loss: 0.0807 | Val IoU: 0.9359 | 🕒 29.63s
2025-10-11 22:36:09,453 [INFO] - Epoch 10 | Val Loss: 0.0774 | Val IoU: 0.9378 | 🕒 29.78s
2025-10-11 22:36:39,267 [INFO] - Epoch 11 | Val Loss: 0.0721 | Val IoU: 0.9421 | 🕒 29.81s
2025-10-11 22:37:09,100 [INFO] - Epoch 12 | Val Loss: 0.0719 | Val IoU: 0.9424 | 🕒 29.83s
2025-10-11 22:37:38,662 [INFO] - Epoch 13 | Val Loss: 0.0728 | Val IoU: 0.9420 | 🕒 29.56s
2025-10-11 22:38:08,366 [INFO] - Epoch 14 | Val Loss: 0.0676 | Val IoU: 0.9456 | 🕒 29.70s
2025-10-11 22:38:37,938 [INFO] - Epoch 15 | Val Loss: 0.0766 | Val IoU: 0.9405 | 🕒 29.57s
2025-10-11 22:39:07,743 [INFO] - Epoch 16 | Val Loss: 0.0665 | Val IoU: 0.9467 | 🕒 29.80s
2025-10-11 22:39:37,396 [INFO] - Epoch 17 | Val Loss: 0.0666 | Val IoU: 0.9475 | 🕒 29.65s
2025-10-11 22:40:07,169 [INFO] - Epoch 18 | Val Loss: 0.0672 | Val IoU: 0.9477 | 🕒 29.77s
2025-10-11 22:40:36,915 [INFO] - Epoch 19 | Val Loss: 0.0658 | Val IoU: 0.9483 | 🕒 29.75s
2025-10-11 22:41:06,471 [INFO] - Epoch 20 | Val Loss: 0.0756 | Val IoU: 0.9425 | 🕒 29.56s
2025-10-11 22:41:36,301 [INFO] - Epoch 21 | Val Loss: 0.0644 | Val IoU: 0.9492 | 🕒 29.83s
2025-10-11 22:42:05,957 [INFO] - Epoch 22 | Val Loss: 0.0645 | Val IoU: 0.9497 | 🕒 29.66s
2025-10-11 22:42:35,764 [INFO] - Epoch 23 | Val Loss: 0.0650 | Val IoU: 0.9505 | 🕒 29.81s
2025-10-11 22:43:05,314 [INFO] - Epoch 24 | Val Loss: 0.0676 | Val IoU: 0.9483 | 🕒 29.55s
2025-10-11 22:43:34,923 [INFO] - Epoch 25 | Val Loss: 0.0671 | Val IoU: 0.9492 | 🕒 29.61s
2025-10-11 22:44:04,478 [INFO] - Epoch 26 | Val Loss: 0.0650 | Val IoU: 0.9502 | 🕒 29.55s
2025-10-11 22:44:34,108 [INFO] - Epoch 27 | Val Loss: 0.0695 | Val IoU: 0.9486 | 🕒 29.63s
2025-10-11 22:45:03,788 [INFO] - Epoch 28 | Val Loss: 0.0653 | Val IoU: 0.9509 | 🕒 29.68s
2025-10-11 22:45:33,435 [INFO] - Epoch 29 | Val Loss: 0.0679 | Val IoU: 0.9496 | 🕒 29.65s
2025-10-11 22:46:02,987 [INFO] - Epoch 30 | Val Loss: 0.0684 | Val IoU: 0.9496 | 🕒 29.55s
2025-10-11 22:46:02,987 [INFO] - 
--- Training for TGRS_Road_CrossEntropyLoss_UPerNet_mobileone_s1 complete ---
2025-10-11 22:46:02,987 [INFO] - 📄 Time report saved at: plot/plot_TGRS_Road_CrossEntropyLoss_UPerNet_mobileone_s1\training_times.txt
2025-10-11 22:46:02,987 [INFO] - ✅ Best model saved at: model/model_TGRS_Road_CrossEntropyLoss_UPerNet_mobileone_s1.pt
2025-10-11 22:46:02,987 [INFO] - 📊 Per-epoch results saved at: plot/plot_TGRS_Road_CrossEntropyLoss_UPerNet_mobileone_s1\epoch_results.csv
2025-10-11 22:46:02,992 [INFO] - 
Training history saved to 'plot/plot_TGRS_Road_CrossEntropyLoss_UPerNet_mobileone_s1' directory.
2025-10-11 22:46:03,649 [INFO] - Summary plot saved at: plot/plot_TGRS_Road_CrossEntropyLoss_UPerNet_mobileone_s1\training_metrics_summary.png
2025-10-11 22:46:03,746 [INFO] - 📈 Confusion matrix saved at: plot/plot_TGRS_Road_CrossEntropyLoss_UPerNet_mobileone_s1\confusion_matrix.png
2025-10-11 22:46:03,747 [INFO] - 
============================= EXPERIMENT FINISHED ==============================

