2025-10-22 11:47:49,612 [INFO] - 
=========================== STARTING NEW EXPERIMENT ============================
2025-10-22 11:47:49,612 [INFO] - The device used: cuda
2025-10-22 11:47:49,612 [INFO] - Configuration: DeepGlobal_CrossEntropyLoss_UPerNet_mobileone_s1
2025-10-22 11:47:49,612 [INFO] - ================================================================================
2025-10-22 11:47:49,612 [INFO] - 🔄 Loading data...
2025-10-22 11:47:49,624 [INFO] - 🔧 Initializing model, loss function, and optimizer...
2025-10-22 11:51:14,137 [INFO] - Epoch 01 | Val Loss: 0.0966 | Val IoU: 0.9318 | 🕒 204.18s
2025-10-22 11:54:37,344 [INFO] - Epoch 02 | Val Loss: 0.0864 | Val IoU: 0.9349 | 🕒 203.21s
2025-10-22 11:58:00,634 [INFO] - Epoch 03 | Val Loss: 0.0782 | Val IoU: 0.9409 | 🕒 203.29s
2025-10-22 12:01:24,415 [INFO] - Epoch 04 | Val Loss: 0.0909 | Val IoU: 0.9345 | 🕒 203.78s
2025-10-22 12:04:48,542 [INFO] - Epoch 05 | Val Loss: 0.0735 | Val IoU: 0.9435 | 🕒 204.13s
2025-10-22 12:08:12,956 [INFO] - Epoch 06 | Val Loss: 0.0693 | Val IoU: 0.9477 | 🕒 204.41s
2025-10-22 12:11:37,577 [INFO] - Epoch 07 | Val Loss: 0.0681 | Val IoU: 0.9480 | 🕒 204.62s
2025-10-22 12:15:00,813 [INFO] - Epoch 08 | Val Loss: 0.0795 | Val IoU: 0.9402 | 🕒 203.24s
2025-10-22 12:18:24,085 [INFO] - Epoch 09 | Val Loss: 0.0666 | Val IoU: 0.9507 | 🕒 203.27s
2025-10-22 12:21:47,728 [INFO] - Epoch 10 | Val Loss: 0.0716 | Val IoU: 0.9494 | 🕒 203.64s
2025-10-22 12:25:07,840 [INFO] - Epoch 11 | Val Loss: 0.0698 | Val IoU: 0.9475 | 🕒 200.11s
2025-10-22 12:28:28,325 [INFO] - Epoch 12 | Val Loss: 0.0676 | Val IoU: 0.9497 | 🕒 200.48s
2025-10-22 12:31:49,573 [INFO] - Epoch 13 | Val Loss: 0.0702 | Val IoU: 0.9498 | 🕒 201.25s
2025-10-22 12:35:12,176 [INFO] - Epoch 14 | Val Loss: 0.0812 | Val IoU: 0.9443 | 🕒 202.60s
2025-10-22 12:38:35,067 [INFO] - Epoch 15 | Val Loss: 0.0730 | Val IoU: 0.9489 | 🕒 202.89s
2025-10-22 12:41:57,364 [INFO] - Epoch 16 | Val Loss: 0.0701 | Val IoU: 0.9531 | 🕒 202.30s
2025-10-22 12:45:20,638 [INFO] - Epoch 17 | Val Loss: 0.0709 | Val IoU: 0.9531 | 🕒 203.27s
2025-10-22 12:48:45,721 [INFO] - Epoch 18 | Val Loss: 0.0714 | Val IoU: 0.9529 | 🕒 205.08s
2025-10-22 12:52:10,669 [INFO] - Epoch 19 | Val Loss: 0.0737 | Val IoU: 0.9526 | 🕒 204.95s
2025-10-22 12:55:35,646 [INFO] - Epoch 20 | Val Loss: 0.0760 | Val IoU: 0.9528 | 🕒 204.98s
2025-10-22 12:59:03,856 [INFO] - Epoch 21 | Val Loss: 0.0789 | Val IoU: 0.9527 | 🕒 208.21s
2025-10-22 13:02:34,340 [INFO] - Epoch 22 | Val Loss: 0.0767 | Val IoU: 0.9529 | 🕒 210.48s
2025-10-22 13:06:01,359 [INFO] - Epoch 23 | Val Loss: 0.0761 | Val IoU: 0.9529 | 🕒 207.02s
2025-10-22 13:09:24,944 [INFO] - Epoch 24 | Val Loss: 0.0786 | Val IoU: 0.9527 | 🕒 203.58s
2025-10-22 13:12:48,017 [INFO] - Epoch 25 | Val Loss: 0.0788 | Val IoU: 0.9528 | 🕒 203.07s
2025-10-22 13:16:12,991 [INFO] - Epoch 26 | Val Loss: 0.0799 | Val IoU: 0.9527 | 🕒 204.97s
2025-10-22 13:19:39,375 [INFO] - Epoch 27 | Val Loss: 0.0787 | Val IoU: 0.9529 | 🕒 206.38s
2025-10-22 13:23:04,944 [INFO] - Epoch 28 | Val Loss: 0.0789 | Val IoU: 0.9530 | 🕒 205.57s
2025-10-22 13:26:30,188 [INFO] - Epoch 29 | Val Loss: 0.0777 | Val IoU: 0.9528 | 🕒 205.24s
2025-10-22 13:29:52,532 [INFO] - Epoch 30 | Val Loss: 0.0778 | Val IoU: 0.9528 | 🕒 202.34s
2025-10-22 13:29:52,533 [INFO] - 
--- Training for DeepGlobal_CrossEntropyLoss_UPerNet_mobileone_s1 complete ---
2025-10-22 13:29:52,539 [INFO] - 📄 Time report saved at: plot/plot_DeepGlobal_CrossEntropyLoss_UPerNet_mobileone_s1\training_times.txt
2025-10-22 13:29:52,540 [INFO] - ✅ Best model saved at: model/model_DeepGlobal_CrossEntropyLoss_UPerNet_mobileone_s1.pt
2025-10-22 13:29:52,540 [INFO] - 📊 Per-epoch results saved at: plot/plot_DeepGlobal_CrossEntropyLoss_UPerNet_mobileone_s1\epoch_results.csv
2025-10-22 13:29:52,560 [INFO] - 
Training history saved to 'plot/plot_DeepGlobal_CrossEntropyLoss_UPerNet_mobileone_s1' directory.
2025-10-22 13:29:53,946 [INFO] - Summary plot saved at: plot/plot_DeepGlobal_CrossEntropyLoss_UPerNet_mobileone_s1\training_metrics_summary.png
2025-10-22 13:29:54,133 [INFO] - 📈 Confusion matrix saved at: plot/plot_DeepGlobal_CrossEntropyLoss_UPerNet_mobileone_s1\confusion_matrix.png
2025-10-22 13:29:54,133 [INFO] - 
============================= EXPERIMENT FINISHED ==============================

