2025-08-05 18:04:46,030 [INFO] - 
=========================== STARTING NEW EXPERIMENT ============================
2025-08-05 18:04:46,030 [INFO] - Configuration: Massachusetts_CrossEntropyLoss_DeepLabV3Plus_mobileone_s1
2025-08-05 18:04:46,030 [INFO] - ================================================================================
2025-08-05 18:04:46,030 [INFO] - 🔄 Loading data...
2025-08-05 18:04:46,033 [INFO] - 🔧 Initializing model, loss function, and optimizer...
2025-08-05 18:05:15,700 [INFO] - Epoch 01 | Val Loss: 0.1422 | Val IoU: 0.9060 | 🕒 29.40s
2025-08-05 18:05:45,561 [INFO] - Epoch 02 | Val Loss: 0.1284 | Val IoU: 0.9093 | 🕒 29.86s
2025-08-05 18:06:15,540 [INFO] - Epoch 03 | Val Loss: 0.1213 | Val IoU: 0.9113 | 🕒 29.98s
2025-08-05 18:06:44,958 [INFO] - Epoch 04 | Val Loss: 0.1201 | Val IoU: 0.9128 | 🕒 29.42s
2025-08-05 18:07:14,130 [INFO] - Epoch 05 | Val Loss: 0.1167 | Val IoU: 0.9142 | 🕒 29.17s
2025-08-05 18:07:42,694 [INFO] - Epoch 06 | Val Loss: 0.1144 | Val IoU: 0.9165 | 🕒 28.56s
2025-08-05 18:08:10,834 [INFO] - Epoch 07 | Val Loss: 0.1186 | Val IoU: 0.9163 | 🕒 28.14s
2025-08-05 18:08:39,379 [INFO] - Epoch 08 | Val Loss: 0.1185 | Val IoU: 0.9183 | 🕒 28.55s
2025-08-05 18:09:08,121 [INFO] - Epoch 09 | Val Loss: 0.1102 | Val IoU: 0.9193 | 🕒 28.74s
2025-08-05 18:09:36,227 [INFO] - Epoch 10 | Val Loss: 0.1112 | Val IoU: 0.9187 | 🕒 28.11s
2025-08-05 18:10:04,229 [INFO] - Epoch 11 | Val Loss: 0.1197 | Val IoU: 0.9188 | 🕒 28.00s
2025-08-05 18:10:32,502 [INFO] - Epoch 12 | Val Loss: 0.1125 | Val IoU: 0.9202 | 🕒 28.27s
2025-08-05 18:11:00,393 [INFO] - Epoch 13 | Val Loss: 0.1122 | Val IoU: 0.9214 | 🕒 27.89s
2025-08-05 18:11:28,560 [INFO] - Epoch 14 | Val Loss: 0.1096 | Val IoU: 0.9212 | 🕒 28.17s
2025-08-05 18:11:56,881 [INFO] - Epoch 15 | Val Loss: 0.1200 | Val IoU: 0.9179 | 🕒 28.32s
2025-08-05 18:12:25,526 [INFO] - Epoch 16 | Val Loss: 0.1323 | Val IoU: 0.9201 | 🕒 28.64s
2025-08-05 18:12:53,792 [INFO] - Epoch 17 | Val Loss: 0.1159 | Val IoU: 0.9217 | 🕒 28.27s
2025-08-05 18:13:21,948 [INFO] - Epoch 18 | Val Loss: 0.1099 | Val IoU: 0.9222 | 🕒 28.16s
2025-08-05 18:13:50,740 [INFO] - Epoch 19 | Val Loss: 0.1133 | Val IoU: 0.9231 | 🕒 28.79s
2025-08-05 18:14:18,481 [INFO] - Epoch 20 | Val Loss: 0.1237 | Val IoU: 0.9218 | 🕒 27.74s
2025-08-05 18:14:46,354 [INFO] - Epoch 21 | Val Loss: 0.1131 | Val IoU: 0.9242 | 🕒 27.87s
2025-08-05 18:15:14,161 [INFO] - Epoch 22 | Val Loss: 0.1141 | Val IoU: 0.9245 | 🕒 27.81s
2025-08-05 18:15:41,904 [INFO] - Epoch 23 | Val Loss: 0.1144 | Val IoU: 0.9243 | 🕒 27.74s
2025-08-05 18:16:09,730 [INFO] - Epoch 24 | Val Loss: 0.1161 | Val IoU: 0.9248 | 🕒 27.83s
2025-08-05 18:16:37,434 [INFO] - Epoch 25 | Val Loss: 0.1146 | Val IoU: 0.9244 | 🕒 27.70s
2025-08-05 18:17:05,201 [INFO] - Epoch 26 | Val Loss: 0.1172 | Val IoU: 0.9245 | 🕒 27.77s
2025-08-05 18:17:32,937 [INFO] - Epoch 27 | Val Loss: 0.1155 | Val IoU: 0.9245 | 🕒 27.74s
2025-08-05 18:18:00,681 [INFO] - Epoch 28 | Val Loss: 0.1160 | Val IoU: 0.9244 | 🕒 27.74s
2025-08-05 18:18:28,451 [INFO] - Epoch 29 | Val Loss: 0.1160 | Val IoU: 0.9244 | 🕒 27.77s
2025-08-05 18:18:56,195 [INFO] - Epoch 30 | Val Loss: 0.1173 | Val IoU: 0.9245 | 🕒 27.74s
2025-08-05 18:18:56,195 [INFO] - 
--- Training for Massachusetts_CrossEntropyLoss_DeepLabV3Plus_mobileone_s1 complete ---
2025-08-05 18:18:56,195 [INFO] - 📄 Time report saved at: plot/plot_Massachusetts_CrossEntropyLoss_DeepLabV3Plus_mobileone_s1/training_times.txt
2025-08-05 18:18:56,195 [INFO] - ✅ Best model saved at: model/model_Massachusetts_CrossEntropyLoss_DeepLabV3Plus_mobileone_s1.pt
2025-08-05 18:18:56,195 [INFO] - 📊 Per-epoch results saved at: plot/plot_Massachusetts_CrossEntropyLoss_DeepLabV3Plus_mobileone_s1/epoch_results.csv
2025-08-05 18:18:56,196 [INFO] - 
Training history saved to 'plot/plot_Massachusetts_CrossEntropyLoss_DeepLabV3Plus_mobileone_s1' directory.
2025-08-05 18:18:56,852 [INFO] - Summary plot saved at: plot/plot_Massachusetts_CrossEntropyLoss_DeepLabV3Plus_mobileone_s1/training_metrics_summary.png
2025-08-05 18:18:57,001 [INFO] - 📈 Confusion matrix saved at: plot/plot_Massachusetts_CrossEntropyLoss_DeepLabV3Plus_mobileone_s1/confusion_matrix.png
2025-08-05 18:18:57,002 [INFO] - 
============================= EXPERIMENT FINISHED ==============================

