2025-10-11 22:15:08,078 [INFO] - 
=========================== STARTING NEW EXPERIMENT ============================
2025-10-11 22:15:08,078 [INFO] - The device used: cuda
2025-10-11 22:15:08,078 [INFO] - Configuration: TGRS_Road_CrossEntropyLoss_UPerNet_mobileone_s0
2025-10-11 22:15:08,078 [INFO] - ================================================================================
2025-10-11 22:15:08,078 [INFO] - 🔄 Loading data...
2025-10-11 22:15:08,080 [INFO] - 🔧 Initializing model, loss function, and optimizer...
2025-10-11 22:15:41,059 [INFO] - Epoch 01 | Val Loss: 0.1939 | Val IoU: 0.8570 | 🕒 32.63s
2025-10-11 22:16:13,494 [INFO] - Epoch 02 | Val Loss: 0.1160 | Val IoU: 0.9086 | 🕒 32.43s
2025-10-11 22:16:45,727 [INFO] - Epoch 03 | Val Loss: 0.1024 | Val IoU: 0.9182 | 🕒 32.23s
2025-10-11 22:17:17,968 [INFO] - Epoch 04 | Val Loss: 0.1015 | Val IoU: 0.9172 | 🕒 32.24s
2025-10-11 22:17:50,268 [INFO] - Epoch 05 | Val Loss: 0.0910 | Val IoU: 0.9270 | 🕒 32.30s
2025-10-11 22:18:22,735 [INFO] - Epoch 06 | Val Loss: 0.0865 | Val IoU: 0.9301 | 🕒 32.47s
2025-10-11 22:18:55,094 [INFO] - Epoch 07 | Val Loss: 0.0817 | Val IoU: 0.9331 | 🕒 32.36s
2025-10-11 22:19:27,597 [INFO] - Epoch 08 | Val Loss: 0.0790 | Val IoU: 0.9355 | 🕒 32.50s
2025-10-11 22:19:59,756 [INFO] - Epoch 09 | Val Loss: 0.0794 | Val IoU: 0.9359 | 🕒 32.16s
2025-10-11 22:20:32,100 [INFO] - Epoch 10 | Val Loss: 0.0707 | Val IoU: 0.9424 | 🕒 32.34s
2025-10-11 22:21:04,095 [INFO] - Epoch 11 | Val Loss: 0.0764 | Val IoU: 0.9387 | 🕒 31.99s
2025-10-11 22:21:36,082 [INFO] - Epoch 12 | Val Loss: 0.0737 | Val IoU: 0.9407 | 🕒 31.99s
2025-10-11 22:22:07,969 [INFO] - Epoch 13 | Val Loss: 0.0744 | Val IoU: 0.9401 | 🕒 31.89s
2025-10-11 22:22:39,980 [INFO] - Epoch 14 | Val Loss: 0.0777 | Val IoU: 0.9392 | 🕒 32.01s
2025-10-11 22:23:11,857 [INFO] - Epoch 15 | Val Loss: 0.0780 | Val IoU: 0.9388 | 🕒 31.88s
2025-10-11 22:23:43,817 [INFO] - Epoch 16 | Val Loss: 0.0773 | Val IoU: 0.9395 | 🕒 31.96s
2025-10-11 22:24:15,885 [INFO] - Epoch 17 | Val Loss: 0.0650 | Val IoU: 0.9474 | 🕒 32.07s
2025-10-11 22:24:47,932 [INFO] - Epoch 18 | Val Loss: 0.0654 | Val IoU: 0.9472 | 🕒 32.05s
2025-10-11 22:25:19,854 [INFO] - Epoch 19 | Val Loss: 0.0652 | Val IoU: 0.9473 | 🕒 31.92s
2025-10-11 22:25:52,058 [INFO] - Epoch 20 | Val Loss: 0.0640 | Val IoU: 0.9485 | 🕒 32.20s
2025-10-11 22:26:23,991 [INFO] - Epoch 21 | Val Loss: 0.0647 | Val IoU: 0.9480 | 🕒 31.93s
2025-10-11 22:26:55,952 [INFO] - Epoch 22 | Val Loss: 0.0645 | Val IoU: 0.9482 | 🕒 31.96s
2025-10-11 22:27:28,060 [INFO] - Epoch 23 | Val Loss: 0.0642 | Val IoU: 0.9487 | 🕒 32.11s
2025-10-11 22:27:59,963 [INFO] - Epoch 24 | Val Loss: 0.0666 | Val IoU: 0.9472 | 🕒 31.90s
2025-10-11 22:28:31,988 [INFO] - Epoch 25 | Val Loss: 0.0667 | Val IoU: 0.9471 | 🕒 32.02s
2025-10-11 22:29:04,071 [INFO] - Epoch 26 | Val Loss: 0.0640 | Val IoU: 0.9488 | 🕒 32.08s
2025-10-11 22:29:35,947 [INFO] - Epoch 27 | Val Loss: 0.0658 | Val IoU: 0.9477 | 🕒 31.87s
2025-10-11 22:30:07,796 [INFO] - Epoch 28 | Val Loss: 0.0643 | Val IoU: 0.9487 | 🕒 31.85s
2025-10-11 22:30:39,804 [INFO] - Epoch 29 | Val Loss: 0.0648 | Val IoU: 0.9484 | 🕒 32.01s
2025-10-11 22:31:11,695 [INFO] - Epoch 30 | Val Loss: 0.0664 | Val IoU: 0.9474 | 🕒 31.89s
2025-10-11 22:31:11,695 [INFO] - 
--- Training for TGRS_Road_CrossEntropyLoss_UPerNet_mobileone_s0 complete ---
2025-10-11 22:31:11,695 [INFO] - 📄 Time report saved at: plot/plot_TGRS_Road_CrossEntropyLoss_UPerNet_mobileone_s0\training_times.txt
2025-10-11 22:31:11,695 [INFO] - ✅ Best model saved at: model/model_TGRS_Road_CrossEntropyLoss_UPerNet_mobileone_s0.pt
2025-10-11 22:31:11,695 [INFO] - 📊 Per-epoch results saved at: plot/plot_TGRS_Road_CrossEntropyLoss_UPerNet_mobileone_s0\epoch_results.csv
2025-10-11 22:31:11,700 [INFO] - 
Training history saved to 'plot/plot_TGRS_Road_CrossEntropyLoss_UPerNet_mobileone_s0' directory.
2025-10-11 22:31:12,364 [INFO] - Summary plot saved at: plot/plot_TGRS_Road_CrossEntropyLoss_UPerNet_mobileone_s0\training_metrics_summary.png
2025-10-11 22:31:12,449 [INFO] - 📈 Confusion matrix saved at: plot/plot_TGRS_Road_CrossEntropyLoss_UPerNet_mobileone_s0\confusion_matrix.png
2025-10-11 22:31:12,449 [INFO] - 
============================= EXPERIMENT FINISHED ==============================

