2025-10-08 16:32:58,102 [INFO] - 
=========================== STARTING NEW EXPERIMENT ============================
2025-10-08 16:32:58,102 [INFO] - Configuration: Massachusetts_CrossEntropyLoss_PSPNet_mobileone_s0
2025-10-08 16:32:58,102 [INFO] - ================================================================================
2025-10-08 16:32:58,102 [INFO] - 🔄 Loading data...
2025-10-08 16:33:02,416 [INFO] - 🔧 Initializing model, loss function, and optimizer...
2025-10-08 16:38:51,303 [INFO] - Epoch 01 | Val Loss: 0.1529 | Val IoU: 0.9040 | 🕒 346.19s
2025-10-08 16:39:29,227 [INFO] - Epoch 02 | Val Loss: 0.1550 | Val IoU: 0.9040 | 🕒 37.92s
2025-10-08 16:40:06,521 [INFO] - Epoch 03 | Val Loss: 0.1554 | Val IoU: 0.9038 | 🕒 37.29s
2025-10-08 16:40:43,961 [INFO] - Epoch 04 | Val Loss: 0.1358 | Val IoU: 0.9041 | 🕒 37.44s
2025-10-08 16:41:21,478 [INFO] - Epoch 05 | Val Loss: 0.1332 | Val IoU: 0.9042 | 🕒 37.52s
2025-10-08 16:41:58,995 [INFO] - Epoch 06 | Val Loss: 0.1321 | Val IoU: 0.9049 | 🕒 37.52s
2025-10-08 16:42:36,738 [INFO] - Epoch 07 | Val Loss: 0.1296 | Val IoU: 0.9050 | 🕒 37.74s
2025-10-08 16:43:15,056 [INFO] - Epoch 08 | Val Loss: 0.1320 | Val IoU: 0.9026 | 🕒 38.32s
2025-10-08 16:43:52,530 [INFO] - Epoch 09 | Val Loss: 0.1526 | Val IoU: 0.9050 | 🕒 37.47s
2025-10-08 16:44:29,970 [INFO] - Epoch 10 | Val Loss: 0.1322 | Val IoU: 0.9023 | 🕒 37.44s
2025-10-08 16:45:07,249 [INFO] - Epoch 11 | Val Loss: 0.1366 | Val IoU: 0.9047 | 🕒 37.28s
2025-10-08 16:45:44,725 [INFO] - Epoch 12 | Val Loss: 0.1324 | Val IoU: 0.9054 | 🕒 37.48s
2025-10-08 16:46:22,395 [INFO] - Epoch 13 | Val Loss: 0.1349 | Val IoU: 0.9045 | 🕒 37.67s
2025-10-08 16:47:00,174 [INFO] - Epoch 14 | Val Loss: 0.1265 | Val IoU: 0.9058 | 🕒 37.78s
2025-10-08 16:47:38,221 [INFO] - Epoch 15 | Val Loss: 0.1257 | Val IoU: 0.9057 | 🕒 38.05s
2025-10-08 16:48:15,780 [INFO] - Epoch 16 | Val Loss: 0.1254 | Val IoU: 0.9057 | 🕒 37.56s
2025-10-08 16:48:53,826 [INFO] - Epoch 17 | Val Loss: 0.1249 | Val IoU: 0.9055 | 🕒 38.05s
2025-10-08 16:49:31,420 [INFO] - Epoch 18 | Val Loss: 0.1255 | Val IoU: 0.9058 | 🕒 37.59s
2025-10-08 16:50:08,693 [INFO] - Epoch 19 | Val Loss: 0.1266 | Val IoU: 0.9056 | 🕒 37.27s
2025-10-08 16:50:46,147 [INFO] - Epoch 20 | Val Loss: 0.1274 | Val IoU: 0.9056 | 🕒 37.45s
2025-10-08 16:51:23,582 [INFO] - Epoch 21 | Val Loss: 0.1252 | Val IoU: 0.9057 | 🕒 37.43s
2025-10-08 16:52:00,920 [INFO] - Epoch 22 | Val Loss: 0.1254 | Val IoU: 0.9054 | 🕒 37.34s
2025-10-08 16:52:38,418 [INFO] - Epoch 23 | Val Loss: 0.1272 | Val IoU: 0.9057 | 🕒 37.50s
2025-10-08 16:53:17,237 [INFO] - Epoch 24 | Val Loss: 0.1270 | Val IoU: 0.9056 | 🕒 38.82s
2025-10-08 16:53:54,752 [INFO] - Epoch 25 | Val Loss: 0.1263 | Val IoU: 0.9057 | 🕒 37.51s
2025-10-08 16:54:32,456 [INFO] - Epoch 26 | Val Loss: 0.1257 | Val IoU: 0.9056 | 🕒 37.70s
2025-10-08 16:55:09,819 [INFO] - Epoch 27 | Val Loss: 0.1255 | Val IoU: 0.9056 | 🕒 37.36s
2025-10-08 16:55:47,112 [INFO] - Epoch 28 | Val Loss: 0.1261 | Val IoU: 0.9056 | 🕒 37.29s
2025-10-08 16:56:24,497 [INFO] - Epoch 29 | Val Loss: 0.1261 | Val IoU: 0.9055 | 🕒 37.38s
2025-10-08 16:57:01,972 [INFO] - Epoch 30 | Val Loss: 0.1261 | Val IoU: 0.9056 | 🕒 37.47s
2025-10-08 16:57:01,972 [INFO] - 
--- Training for Massachusetts_CrossEntropyLoss_PSPNet_mobileone_s0 complete ---
2025-10-08 16:57:01,972 [INFO] - 📄 Time report saved at: plot/plot_Massachusetts_CrossEntropyLoss_PSPNet_mobileone_s0/training_times.txt
2025-10-08 16:57:01,972 [INFO] - ✅ Best model saved at: model/model_Massachusetts_CrossEntropyLoss_PSPNet_mobileone_s0.pt
2025-10-08 16:57:01,972 [INFO] - 📊 Per-epoch results saved at: plot/plot_Massachusetts_CrossEntropyLoss_PSPNet_mobileone_s0/epoch_results.csv
2025-10-08 16:57:01,973 [INFO] - 
Training history saved to 'plot/plot_Massachusetts_CrossEntropyLoss_PSPNet_mobileone_s0' directory.
2025-10-08 16:57:03,098 [INFO] - Summary plot saved at: plot/plot_Massachusetts_CrossEntropyLoss_PSPNet_mobileone_s0/training_metrics_summary.png
2025-10-08 16:57:03,237 [INFO] - 📈 Confusion matrix saved at: plot/plot_Massachusetts_CrossEntropyLoss_PSPNet_mobileone_s0/confusion_matrix.png
2025-10-08 16:57:03,238 [INFO] - 
============================= EXPERIMENT FINISHED ==============================

