2025-10-20 20:09:53,652 [INFO] - 
=========================== STARTING NEW EXPERIMENT ============================
2025-10-20 20:09:53,652 [INFO] - The device used: cuda
2025-10-20 20:09:53,652 [INFO] - Configuration: DeepGlobal_CrossEntropyLoss_PAN_mobileone_s3
2025-10-20 20:09:53,652 [INFO] - ================================================================================
2025-10-20 20:09:53,652 [INFO] - 🔄 Loading data...
2025-10-20 20:09:53,663 [INFO] - 🔧 Initializing model, loss function, and optimizer...
2025-10-20 20:11:30,831 [INFO] - Epoch 01 | Val Loss: 0.0939 | Val IoU: 0.9318 | 🕒 96.93s
2025-10-20 20:13:06,189 [INFO] - Epoch 02 | Val Loss: 0.0882 | Val IoU: 0.9354 | 🕒 95.36s
2025-10-20 20:14:41,774 [INFO] - Epoch 03 | Val Loss: 0.0934 | Val IoU: 0.9348 | 🕒 95.58s
2025-10-20 20:16:17,515 [INFO] - Epoch 04 | Val Loss: 0.0879 | Val IoU: 0.9358 | 🕒 95.74s
2025-10-20 20:17:53,391 [INFO] - Epoch 05 | Val Loss: 0.0774 | Val IoU: 0.9419 | 🕒 95.88s
2025-10-20 20:19:29,902 [INFO] - Epoch 06 | Val Loss: 0.0859 | Val IoU: 0.9389 | 🕒 96.51s
2025-10-20 20:21:12,228 [INFO] - Epoch 07 | Val Loss: 0.0885 | Val IoU: 0.9402 | 🕒 102.32s
2025-10-20 20:22:51,287 [INFO] - Epoch 08 | Val Loss: 0.0879 | Val IoU: 0.9369 | 🕒 99.06s
2025-10-20 20:24:27,465 [INFO] - Epoch 09 | Val Loss: 0.0950 | Val IoU: 0.9375 | 🕒 96.18s
2025-10-20 20:26:03,819 [INFO] - Epoch 10 | Val Loss: 0.0870 | Val IoU: 0.9417 | 🕒 96.35s
2025-10-20 20:27:40,338 [INFO] - Epoch 11 | Val Loss: 0.0769 | Val IoU: 0.9430 | 🕒 96.52s
2025-10-20 20:29:16,347 [INFO] - Epoch 12 | Val Loss: 0.0762 | Val IoU: 0.9447 | 🕒 96.01s
2025-10-20 20:30:52,898 [INFO] - Epoch 13 | Val Loss: 0.0938 | Val IoU: 0.9385 | 🕒 96.55s
2025-10-20 20:32:34,932 [INFO] - Epoch 14 | Val Loss: 0.1237 | Val IoU: 0.9413 | 🕒 102.03s
2025-10-20 20:34:23,276 [INFO] - Epoch 15 | Val Loss: 0.1020 | Val IoU: 0.9445 | 🕒 108.34s
2025-10-20 20:36:08,341 [INFO] - Epoch 16 | Val Loss: 0.0787 | Val IoU: 0.9454 | 🕒 105.07s
2025-10-20 20:38:05,871 [INFO] - Epoch 17 | Val Loss: 0.1124 | Val IoU: 0.9418 | 🕒 117.53s
2025-10-20 20:39:56,064 [INFO] - Epoch 18 | Val Loss: 0.0793 | Val IoU: 0.9428 | 🕒 110.19s
2025-10-20 20:41:45,251 [INFO] - Epoch 19 | Val Loss: 0.0755 | Val IoU: 0.9481 | 🕒 109.19s
2025-10-20 20:43:31,920 [INFO] - Epoch 20 | Val Loss: 0.0772 | Val IoU: 0.9481 | 🕒 106.67s
2025-10-20 20:45:18,983 [INFO] - Epoch 21 | Val Loss: 0.0790 | Val IoU: 0.9482 | 🕒 107.06s
2025-10-20 20:47:03,115 [INFO] - Epoch 22 | Val Loss: 0.0874 | Val IoU: 0.9481 | 🕒 104.13s
2025-10-20 20:48:45,457 [INFO] - Epoch 23 | Val Loss: 0.1166 | Val IoU: 0.9472 | 🕒 102.34s
2025-10-20 20:50:31,803 [INFO] - Epoch 24 | Val Loss: 0.0961 | Val IoU: 0.9479 | 🕒 106.35s
2025-10-20 20:52:20,578 [INFO] - Epoch 25 | Val Loss: 0.0868 | Val IoU: 0.9481 | 🕒 108.78s
2025-10-20 20:54:11,148 [INFO] - Epoch 26 | Val Loss: 0.0922 | Val IoU: 0.9480 | 🕒 110.57s
2025-10-20 20:56:00,848 [INFO] - Epoch 27 | Val Loss: 0.1115 | Val IoU: 0.9473 | 🕒 109.70s
2025-10-20 20:57:49,860 [INFO] - Epoch 28 | Val Loss: 0.0957 | Val IoU: 0.9481 | 🕒 109.01s
2025-10-20 20:59:39,632 [INFO] - Epoch 29 | Val Loss: 0.0865 | Val IoU: 0.9481 | 🕒 109.77s
2025-10-20 21:01:28,711 [INFO] - Epoch 30 | Val Loss: 0.0898 | Val IoU: 0.9481 | 🕒 109.08s
2025-10-20 21:01:28,712 [INFO] - 
--- Training for DeepGlobal_CrossEntropyLoss_PAN_mobileone_s3 complete ---
2025-10-20 21:01:28,715 [INFO] - 📄 Time report saved at: plot/plot_DeepGlobal_CrossEntropyLoss_PAN_mobileone_s3\training_times.txt
2025-10-20 21:01:28,715 [INFO] - ✅ Best model saved at: model/model_DeepGlobal_CrossEntropyLoss_PAN_mobileone_s3.pt
2025-10-20 21:01:28,716 [INFO] - 📊 Per-epoch results saved at: plot/plot_DeepGlobal_CrossEntropyLoss_PAN_mobileone_s3\epoch_results.csv
2025-10-20 21:01:28,740 [INFO] - 
Training history saved to 'plot/plot_DeepGlobal_CrossEntropyLoss_PAN_mobileone_s3' directory.
2025-10-20 21:01:32,539 [INFO] - Summary plot saved at: plot/plot_DeepGlobal_CrossEntropyLoss_PAN_mobileone_s3\training_metrics_summary.png
2025-10-20 21:01:32,740 [INFO] - 📈 Confusion matrix saved at: plot/plot_DeepGlobal_CrossEntropyLoss_PAN_mobileone_s3\confusion_matrix.png
2025-10-20 21:01:32,740 [INFO] - 
============================= EXPERIMENT FINISHED ==============================

