2025-10-11 16:04:57,871 [INFO] - 
=========================== STARTING NEW EXPERIMENT ============================
2025-10-11 16:04:57,871 [INFO] - The device used: cuda
2025-10-11 16:04:57,871 [INFO] - Configuration: TGRS_Road_CrossEntropyLoss_DeepLabV3Plus_mobileone_s1
2025-10-11 16:04:57,871 [INFO] - ================================================================================
2025-10-11 16:04:57,871 [INFO] - 🔄 Loading data...
2025-10-11 16:04:57,872 [INFO] - 🔧 Initializing model, loss function, and optimizer...
2025-10-11 16:05:05,899 [INFO] - Epoch 01 | Val Loss: 0.2340 | Val IoU: 0.8292 | 🕒 7.92s
2025-10-11 16:05:13,898 [INFO] - Epoch 02 | Val Loss: 0.1283 | Val IoU: 0.9055 | 🕒 8.00s
2025-10-11 16:05:21,848 [INFO] - Epoch 03 | Val Loss: 0.1162 | Val IoU: 0.9089 | 🕒 7.95s
2025-10-11 16:05:29,790 [INFO] - Epoch 04 | Val Loss: 0.0995 | Val IoU: 0.9195 | 🕒 7.94s
2025-10-11 16:05:37,720 [INFO] - Epoch 05 | Val Loss: 0.0913 | Val IoU: 0.9257 | 🕒 7.93s
2025-10-11 16:05:45,680 [INFO] - Epoch 06 | Val Loss: 0.0831 | Val IoU: 0.9324 | 🕒 7.96s
2025-10-11 16:05:53,630 [INFO] - Epoch 07 | Val Loss: 0.0704 | Val IoU: 0.9435 | 🕒 7.95s
2025-10-11 16:06:01,496 [INFO] - Epoch 08 | Val Loss: 0.0708 | Val IoU: 0.9430 | 🕒 7.87s
2025-10-11 16:06:09,488 [INFO] - Epoch 09 | Val Loss: 0.0682 | Val IoU: 0.9453 | 🕒 7.99s
2025-10-11 16:06:17,444 [INFO] - Epoch 10 | Val Loss: 0.0682 | Val IoU: 0.9456 | 🕒 7.96s
2025-10-11 16:06:25,289 [INFO] - Epoch 11 | Val Loss: 0.0688 | Val IoU: 0.9443 | 🕒 7.85s
2025-10-11 16:06:33,180 [INFO] - Epoch 12 | Val Loss: 0.0760 | Val IoU: 0.9414 | 🕒 7.89s
2025-10-11 16:06:41,049 [INFO] - Epoch 13 | Val Loss: 0.0699 | Val IoU: 0.9445 | 🕒 7.87s
2025-10-11 16:06:49,039 [INFO] - Epoch 14 | Val Loss: 0.0674 | Val IoU: 0.9472 | 🕒 7.99s
2025-10-11 16:06:56,931 [INFO] - Epoch 15 | Val Loss: 0.0679 | Val IoU: 0.9469 | 🕒 7.89s
2025-10-11 16:07:04,915 [INFO] - Epoch 16 | Val Loss: 0.0645 | Val IoU: 0.9484 | 🕒 7.98s
2025-10-11 16:07:12,884 [INFO] - Epoch 17 | Val Loss: 0.0641 | Val IoU: 0.9495 | 🕒 7.97s
2025-10-11 16:07:20,771 [INFO] - Epoch 18 | Val Loss: 0.0737 | Val IoU: 0.9440 | 🕒 7.89s
2025-10-11 16:07:28,672 [INFO] - Epoch 19 | Val Loss: 0.0683 | Val IoU: 0.9486 | 🕒 7.90s
2025-10-11 16:07:36,635 [INFO] - Epoch 20 | Val Loss: 0.0658 | Val IoU: 0.9501 | 🕒 7.96s
2025-10-11 16:07:44,514 [INFO] - Epoch 21 | Val Loss: 0.0670 | Val IoU: 0.9493 | 🕒 7.88s
2025-10-11 16:07:52,413 [INFO] - Epoch 22 | Val Loss: 0.0686 | Val IoU: 0.9489 | 🕒 7.90s
2025-10-11 16:08:00,310 [INFO] - Epoch 23 | Val Loss: 0.0701 | Val IoU: 0.9477 | 🕒 7.90s
2025-10-11 16:08:08,236 [INFO] - Epoch 24 | Val Loss: 0.0694 | Val IoU: 0.9488 | 🕒 7.93s
2025-10-11 16:08:16,139 [INFO] - Epoch 25 | Val Loss: 0.0682 | Val IoU: 0.9495 | 🕒 7.90s
2025-10-11 16:08:24,127 [INFO] - Epoch 26 | Val Loss: 0.0651 | Val IoU: 0.9511 | 🕒 7.99s
2025-10-11 16:08:32,041 [INFO] - Epoch 27 | Val Loss: 0.0658 | Val IoU: 0.9509 | 🕒 7.91s
2025-10-11 16:08:39,942 [INFO] - Epoch 28 | Val Loss: 0.0678 | Val IoU: 0.9501 | 🕒 7.90s
2025-10-11 16:08:47,831 [INFO] - Epoch 29 | Val Loss: 0.0676 | Val IoU: 0.9503 | 🕒 7.89s
2025-10-11 16:08:55,735 [INFO] - Epoch 30 | Val Loss: 0.0681 | Val IoU: 0.9502 | 🕒 7.90s
2025-10-11 16:08:55,735 [INFO] - 
--- Training for TGRS_Road_CrossEntropyLoss_DeepLabV3Plus_mobileone_s1 complete ---
2025-10-11 16:08:55,735 [INFO] - 📄 Time report saved at: plot/plot_TGRS_Road_CrossEntropyLoss_DeepLabV3Plus_mobileone_s1/training_times.txt
2025-10-11 16:08:55,735 [INFO] - ✅ Best model saved at: model/model_TGRS_Road_CrossEntropyLoss_DeepLabV3Plus_mobileone_s1.pt
2025-10-11 16:08:55,735 [INFO] - 📊 Per-epoch results saved at: plot/plot_TGRS_Road_CrossEntropyLoss_DeepLabV3Plus_mobileone_s1/epoch_results.csv
2025-10-11 16:08:55,736 [INFO] - 
Training history saved to 'plot/plot_TGRS_Road_CrossEntropyLoss_DeepLabV3Plus_mobileone_s1' directory.
2025-10-11 16:08:56,358 [INFO] - Summary plot saved at: plot/plot_TGRS_Road_CrossEntropyLoss_DeepLabV3Plus_mobileone_s1/training_metrics_summary.png
2025-10-11 16:08:56,442 [INFO] - 📈 Confusion matrix saved at: plot/plot_TGRS_Road_CrossEntropyLoss_DeepLabV3Plus_mobileone_s1/confusion_matrix.png
2025-10-11 16:08:56,442 [INFO] - 
============================= EXPERIMENT FINISHED ==============================

