2025-10-10 14:27:14,797 [INFO] - 
=========================== STARTING NEW EXPERIMENT ============================
2025-10-10 14:27:14,797 [INFO] - The device used: cuda
2025-10-10 14:27:14,798 [INFO] - Configuration: TGRS_Road_CrossEntropyLoss_FPN_mobileone_s1
2025-10-10 14:27:14,798 [INFO] - ================================================================================
2025-10-10 14:27:14,798 [INFO] - 🔄 Loading data...
2025-10-10 14:27:14,799 [INFO] - 🔧 Initializing model, loss function, and optimizer...
2025-10-10 14:27:28,834 [INFO] - Epoch 01 | Val Loss: 0.2554 | Val IoU: 0.8022 | 🕒 13.84s
2025-10-10 14:27:42,184 [INFO] - Epoch 02 | Val Loss: 0.1334 | Val IoU: 0.8948 | 🕒 13.35s
2025-10-10 14:27:55,655 [INFO] - Epoch 03 | Val Loss: 0.1083 | Val IoU: 0.9149 | 🕒 13.47s
2025-10-10 14:28:08,357 [INFO] - Epoch 04 | Val Loss: 0.1117 | Val IoU: 0.9118 | 🕒 12.70s
2025-10-10 14:28:21,187 [INFO] - Epoch 05 | Val Loss: 0.0922 | Val IoU: 0.9267 | 🕒 12.83s
2025-10-10 14:28:34,191 [INFO] - Epoch 06 | Val Loss: 0.1002 | Val IoU: 0.9215 | 🕒 13.00s
2025-10-10 14:28:47,821 [INFO] - Epoch 07 | Val Loss: 0.0895 | Val IoU: 0.9277 | 🕒 13.63s
2025-10-10 14:29:01,740 [INFO] - Epoch 08 | Val Loss: 0.0889 | Val IoU: 0.9299 | 🕒 13.92s
2025-10-10 14:29:14,570 [INFO] - Epoch 09 | Val Loss: 0.0875 | Val IoU: 0.9303 | 🕒 12.83s
2025-10-10 14:29:27,495 [INFO] - Epoch 10 | Val Loss: 0.0794 | Val IoU: 0.9359 | 🕒 12.92s
2025-10-10 14:29:40,129 [INFO] - Epoch 11 | Val Loss: 0.0872 | Val IoU: 0.9308 | 🕒 12.63s
2025-10-10 14:29:53,942 [INFO] - Epoch 12 | Val Loss: 0.0801 | Val IoU: 0.9361 | 🕒 13.81s
2025-10-10 14:30:07,189 [INFO] - Epoch 13 | Val Loss: 0.0839 | Val IoU: 0.9341 | 🕒 13.25s
2025-10-10 14:30:20,036 [INFO] - Epoch 14 | Val Loss: 0.0802 | Val IoU: 0.9372 | 🕒 12.85s
2025-10-10 14:30:33,473 [INFO] - Epoch 15 | Val Loss: 0.0859 | Val IoU: 0.9364 | 🕒 13.44s
2025-10-10 14:30:46,959 [INFO] - Epoch 16 | Val Loss: 0.0812 | Val IoU: 0.9365 | 🕒 13.48s
2025-10-10 14:31:00,555 [INFO] - Epoch 17 | Val Loss: 0.0763 | Val IoU: 0.9400 | 🕒 13.60s
2025-10-10 14:31:13,809 [INFO] - Epoch 18 | Val Loss: 0.0762 | Val IoU: 0.9401 | 🕒 13.25s
2025-10-10 14:31:26,402 [INFO] - Epoch 19 | Val Loss: 0.0770 | Val IoU: 0.9401 | 🕒 12.59s
2025-10-10 14:31:40,368 [INFO] - Epoch 20 | Val Loss: 0.0773 | Val IoU: 0.9403 | 🕒 13.97s
2025-10-10 14:31:53,551 [INFO] - Epoch 21 | Val Loss: 0.0778 | Val IoU: 0.9402 | 🕒 13.18s
2025-10-10 14:32:07,385 [INFO] - Epoch 22 | Val Loss: 0.0782 | Val IoU: 0.9404 | 🕒 13.83s
2025-10-10 14:32:20,657 [INFO] - Epoch 23 | Val Loss: 0.0754 | Val IoU: 0.9418 | 🕒 13.27s
2025-10-10 14:32:33,977 [INFO] - Epoch 24 | Val Loss: 0.0776 | Val IoU: 0.9408 | 🕒 13.32s
2025-10-10 14:32:47,027 [INFO] - Epoch 25 | Val Loss: 0.0788 | Val IoU: 0.9401 | 🕒 13.05s
2025-10-10 14:33:00,205 [INFO] - Epoch 26 | Val Loss: 0.0791 | Val IoU: 0.9404 | 🕒 13.18s
2025-10-10 14:33:14,042 [INFO] - Epoch 27 | Val Loss: 0.0795 | Val IoU: 0.9403 | 🕒 13.84s
2025-10-10 14:33:26,865 [INFO] - Epoch 28 | Val Loss: 0.0781 | Val IoU: 0.9415 | 🕒 12.82s
2025-10-10 14:33:40,876 [INFO] - Epoch 29 | Val Loss: 0.0785 | Val IoU: 0.9416 | 🕒 14.01s
2025-10-10 14:33:54,324 [INFO] - Epoch 30 | Val Loss: 0.0807 | Val IoU: 0.9406 | 🕒 13.45s
2025-10-10 14:33:54,325 [INFO] - 
--- Training for TGRS_Road_CrossEntropyLoss_FPN_mobileone_s1 complete ---
2025-10-10 14:33:54,325 [INFO] - 📄 Time report saved at: plot/plot_TGRS_Road_CrossEntropyLoss_FPN_mobileone_s1\training_times.txt
2025-10-10 14:33:54,326 [INFO] - ✅ Best model saved at: model/model_TGRS_Road_CrossEntropyLoss_FPN_mobileone_s1.pt
2025-10-10 14:33:54,326 [INFO] - 📊 Per-epoch results saved at: plot/plot_TGRS_Road_CrossEntropyLoss_FPN_mobileone_s1\epoch_results.csv
2025-10-10 14:33:54,337 [INFO] - 
Training history saved to 'plot/plot_TGRS_Road_CrossEntropyLoss_FPN_mobileone_s1' directory.
2025-10-10 14:33:55,537 [INFO] - Summary plot saved at: plot/plot_TGRS_Road_CrossEntropyLoss_FPN_mobileone_s1\training_metrics_summary.png
2025-10-10 14:33:55,680 [INFO] - 📈 Confusion matrix saved at: plot/plot_TGRS_Road_CrossEntropyLoss_FPN_mobileone_s1\confusion_matrix.png
2025-10-10 14:33:55,681 [INFO] - 
============================= EXPERIMENT FINISHED ==============================

