2025-10-11 20:50:27,808 [INFO] - 
=========================== STARTING NEW EXPERIMENT ============================
2025-10-11 20:50:27,808 [INFO] - The device used: cuda
2025-10-11 20:50:27,808 [INFO] - Configuration: TGRS_Road_CrossEntropyLoss_PSPNet_mobileone_s3
2025-10-11 20:50:27,808 [INFO] - ================================================================================
2025-10-11 20:50:27,808 [INFO] - 🔄 Loading data...
2025-10-11 20:50:27,810 [INFO] - 🔧 Initializing model, loss function, and optimizer...
2025-10-11 20:50:38,328 [INFO] - Epoch 01 | Val Loss: 0.1816 | Val IoU: 0.8611 | 🕒 10.33s
2025-10-11 20:50:48,657 [INFO] - Epoch 02 | Val Loss: 0.1515 | Val IoU: 0.8773 | 🕒 10.33s
2025-10-11 20:50:59,249 [INFO] - Epoch 03 | Val Loss: 0.1249 | Val IoU: 0.8936 | 🕒 10.59s
2025-10-11 20:51:09,839 [INFO] - Epoch 04 | Val Loss: 0.1122 | Val IoU: 0.9034 | 🕒 10.59s
2025-10-11 20:51:20,406 [INFO] - Epoch 05 | Val Loss: 0.1104 | Val IoU: 0.9054 | 🕒 10.57s
2025-10-11 20:51:31,012 [INFO] - Epoch 06 | Val Loss: 0.0885 | Val IoU: 0.9260 | 🕒 10.61s
2025-10-11 20:51:41,394 [INFO] - Epoch 07 | Val Loss: 0.0959 | Val IoU: 0.9193 | 🕒 10.38s
2025-10-11 20:51:51,815 [INFO] - Epoch 08 | Val Loss: 0.0868 | Val IoU: 0.9301 | 🕒 10.42s
2025-10-11 20:52:02,213 [INFO] - Epoch 09 | Val Loss: 0.0809 | Val IoU: 0.9343 | 🕒 10.40s
2025-10-11 20:52:13,160 [INFO] - Epoch 10 | Val Loss: 0.0765 | Val IoU: 0.9379 | 🕒 10.95s
2025-10-11 20:52:23,549 [INFO] - Epoch 11 | Val Loss: 0.0816 | Val IoU: 0.9349 | 🕒 10.39s
2025-10-11 20:52:33,880 [INFO] - Epoch 12 | Val Loss: 0.0835 | Val IoU: 0.9335 | 🕒 10.33s
2025-10-11 20:52:44,187 [INFO] - Epoch 13 | Val Loss: 0.0830 | Val IoU: 0.9333 | 🕒 10.31s
2025-10-11 20:52:54,522 [INFO] - Epoch 14 | Val Loss: 0.1413 | Val IoU: 0.9028 | 🕒 10.34s
2025-10-11 20:53:04,847 [INFO] - Epoch 15 | Val Loss: 0.0744 | Val IoU: 0.9408 | 🕒 10.32s
2025-10-11 20:53:15,605 [INFO] - Epoch 16 | Val Loss: 0.0732 | Val IoU: 0.9426 | 🕒 10.76s
2025-10-11 20:53:25,970 [INFO] - Epoch 17 | Val Loss: 0.0740 | Val IoU: 0.9419 | 🕒 10.36s
2025-10-11 20:53:36,361 [INFO] - Epoch 18 | Val Loss: 0.0793 | Val IoU: 0.9397 | 🕒 10.39s
2025-10-11 20:53:46,695 [INFO] - Epoch 19 | Val Loss: 0.0791 | Val IoU: 0.9396 | 🕒 10.33s
2025-10-11 20:53:57,015 [INFO] - Epoch 20 | Val Loss: 0.0892 | Val IoU: 0.9372 | 🕒 10.32s
2025-10-11 20:54:07,413 [INFO] - Epoch 21 | Val Loss: 0.0831 | Val IoU: 0.9360 | 🕒 10.40s
2025-10-11 20:54:18,003 [INFO] - Epoch 22 | Val Loss: 0.0739 | Val IoU: 0.9435 | 🕒 10.59s
2025-10-11 20:54:28,638 [INFO] - Epoch 23 | Val Loss: 0.0748 | Val IoU: 0.9438 | 🕒 10.64s
2025-10-11 20:54:38,943 [INFO] - Epoch 24 | Val Loss: 0.0746 | Val IoU: 0.9441 | 🕒 10.31s
2025-10-11 20:54:49,241 [INFO] - Epoch 25 | Val Loss: 0.0764 | Val IoU: 0.9427 | 🕒 10.30s
2025-10-11 20:54:59,599 [INFO] - Epoch 26 | Val Loss: 0.0748 | Val IoU: 0.9442 | 🕒 10.36s
2025-10-11 20:55:09,847 [INFO] - Epoch 27 | Val Loss: 0.0762 | Val IoU: 0.9433 | 🕒 10.25s
2025-10-11 20:55:20,082 [INFO] - Epoch 28 | Val Loss: 0.0760 | Val IoU: 0.9434 | 🕒 10.23s
2025-10-11 20:55:30,680 [INFO] - Epoch 29 | Val Loss: 0.0758 | Val IoU: 0.9436 | 🕒 10.60s
2025-10-11 20:55:40,930 [INFO] - Epoch 30 | Val Loss: 0.0758 | Val IoU: 0.9436 | 🕒 10.25s
2025-10-11 20:55:40,930 [INFO] - 
--- Training for TGRS_Road_CrossEntropyLoss_PSPNet_mobileone_s3 complete ---
2025-10-11 20:55:40,931 [INFO] - 📄 Time report saved at: plot/plot_TGRS_Road_CrossEntropyLoss_PSPNet_mobileone_s3\training_times.txt
2025-10-11 20:55:40,931 [INFO] - ✅ Best model saved at: model/model_TGRS_Road_CrossEntropyLoss_PSPNet_mobileone_s3.pt
2025-10-11 20:55:40,931 [INFO] - 📊 Per-epoch results saved at: plot/plot_TGRS_Road_CrossEntropyLoss_PSPNet_mobileone_s3\epoch_results.csv
2025-10-11 20:55:40,939 [INFO] - 
Training history saved to 'plot/plot_TGRS_Road_CrossEntropyLoss_PSPNet_mobileone_s3' directory.
2025-10-11 20:55:41,687 [INFO] - Summary plot saved at: plot/plot_TGRS_Road_CrossEntropyLoss_PSPNet_mobileone_s3\training_metrics_summary.png
2025-10-11 20:55:41,786 [INFO] - 📈 Confusion matrix saved at: plot/plot_TGRS_Road_CrossEntropyLoss_PSPNet_mobileone_s3\confusion_matrix.png
2025-10-11 20:55:41,786 [INFO] - 
============================= EXPERIMENT FINISHED ==============================

