2025-10-19 04:56:38,806 [INFO] - 
=========================== STARTING NEW EXPERIMENT ============================
2025-10-19 04:56:38,806 [INFO] - The device used: cuda
2025-10-19 04:56:38,806 [INFO] - Configuration: DeepGlobal_CrossEntropyLoss_FPN_mobileone_s2
2025-10-19 04:56:38,806 [INFO] - ================================================================================
2025-10-19 04:56:38,806 [INFO] - 🔄 Loading data...
2025-10-19 04:56:38,816 [INFO] - 🔧 Initializing model, loss function, and optimizer...
2025-10-19 04:58:06,700 [INFO] - Epoch 01 | Val Loss: 0.1189 | Val IoU: 0.9173 | 🕒 87.63s
2025-10-19 04:59:34,249 [INFO] - Epoch 02 | Val Loss: 0.0836 | Val IoU: 0.9378 | 🕒 87.55s
2025-10-19 05:01:00,764 [INFO] - Epoch 03 | Val Loss: 0.0777 | Val IoU: 0.9412 | 🕒 86.51s
2025-10-19 05:02:28,010 [INFO] - Epoch 04 | Val Loss: 0.0800 | Val IoU: 0.9385 | 🕒 87.24s
2025-10-19 05:03:55,523 [INFO] - Epoch 05 | Val Loss: 0.0765 | Val IoU: 0.9424 | 🕒 87.51s
2025-10-19 05:05:22,585 [INFO] - Epoch 06 | Val Loss: 0.0737 | Val IoU: 0.9450 | 🕒 87.06s
2025-10-19 05:06:49,946 [INFO] - Epoch 07 | Val Loss: 0.0775 | Val IoU: 0.9445 | 🕒 87.36s
2025-10-19 05:08:16,885 [INFO] - Epoch 08 | Val Loss: 0.0802 | Val IoU: 0.9403 | 🕒 86.94s
2025-10-19 05:09:43,191 [INFO] - Epoch 09 | Val Loss: 0.0765 | Val IoU: 0.9453 | 🕒 86.31s
2025-10-19 05:11:10,286 [INFO] - Epoch 10 | Val Loss: 0.0754 | Val IoU: 0.9466 | 🕒 87.09s
2025-10-19 05:12:37,638 [INFO] - Epoch 11 | Val Loss: 0.0744 | Val IoU: 0.9451 | 🕒 87.35s
2025-10-19 05:14:04,282 [INFO] - Epoch 12 | Val Loss: 0.0692 | Val IoU: 0.9491 | 🕒 86.64s
2025-10-19 05:15:29,038 [INFO] - Epoch 13 | Val Loss: 0.0781 | Val IoU: 0.9404 | 🕒 84.76s
2025-10-19 05:16:54,165 [INFO] - Epoch 14 | Val Loss: 0.0760 | Val IoU: 0.9490 | 🕒 85.13s
2025-10-19 05:18:20,889 [INFO] - Epoch 15 | Val Loss: 0.0752 | Val IoU: 0.9487 | 🕒 86.72s
2025-10-19 05:19:45,848 [INFO] - Epoch 16 | Val Loss: 0.0827 | Val IoU: 0.9449 | 🕒 84.96s
2025-10-19 05:21:10,663 [INFO] - Epoch 17 | Val Loss: 0.0730 | Val IoU: 0.9460 | 🕒 84.82s
2025-10-19 05:22:35,867 [INFO] - Epoch 18 | Val Loss: 0.0763 | Val IoU: 0.9502 | 🕒 85.20s
2025-10-19 05:24:00,682 [INFO] - Epoch 19 | Val Loss: 0.0750 | Val IoU: 0.9517 | 🕒 84.82s
2025-10-19 05:25:25,012 [INFO] - Epoch 20 | Val Loss: 0.0771 | Val IoU: 0.9520 | 🕒 84.33s
2025-10-19 05:26:49,646 [INFO] - Epoch 21 | Val Loss: 0.0822 | Val IoU: 0.9519 | 🕒 84.63s
2025-10-19 05:28:14,382 [INFO] - Epoch 22 | Val Loss: 0.0833 | Val IoU: 0.9517 | 🕒 84.74s
2025-10-19 05:29:38,806 [INFO] - Epoch 23 | Val Loss: 0.0852 | Val IoU: 0.9519 | 🕒 84.42s
2025-10-19 05:31:03,595 [INFO] - Epoch 24 | Val Loss: 0.0883 | Val IoU: 0.9521 | 🕒 84.79s
2025-10-19 05:32:28,716 [INFO] - Epoch 25 | Val Loss: 0.0880 | Val IoU: 0.9519 | 🕒 85.12s
2025-10-19 05:33:53,324 [INFO] - Epoch 26 | Val Loss: 0.0904 | Val IoU: 0.9521 | 🕒 84.61s
2025-10-19 05:35:17,419 [INFO] - Epoch 27 | Val Loss: 0.0881 | Val IoU: 0.9517 | 🕒 84.09s
2025-10-19 05:36:42,175 [INFO] - Epoch 28 | Val Loss: 0.0878 | Val IoU: 0.9516 | 🕒 84.76s
2025-10-19 05:38:06,610 [INFO] - Epoch 29 | Val Loss: 0.0900 | Val IoU: 0.9517 | 🕒 84.43s
2025-10-19 05:39:30,925 [INFO] - Epoch 30 | Val Loss: 0.0897 | Val IoU: 0.9518 | 🕒 84.32s
2025-10-19 05:39:30,925 [INFO] - 
--- Training for DeepGlobal_CrossEntropyLoss_FPN_mobileone_s2 complete ---
2025-10-19 05:39:30,925 [INFO] - 📄 Time report saved at: plot/plot_DeepGlobal_CrossEntropyLoss_FPN_mobileone_s2\training_times.txt
2025-10-19 05:39:30,925 [INFO] - ✅ Best model saved at: model/model_DeepGlobal_CrossEntropyLoss_FPN_mobileone_s2.pt
2025-10-19 05:39:30,925 [INFO] - 📊 Per-epoch results saved at: plot/plot_DeepGlobal_CrossEntropyLoss_FPN_mobileone_s2\epoch_results.csv
2025-10-19 05:39:30,929 [INFO] - 
Training history saved to 'plot/plot_DeepGlobal_CrossEntropyLoss_FPN_mobileone_s2' directory.
