2025-10-17 11:36:16,982 [INFO] - 
=========================== STARTING NEW EXPERIMENT ============================
2025-10-17 11:36:16,982 [INFO] - The device used: cuda
2025-10-17 11:36:16,982 [INFO] - Configuration: Massachusetts_CrossEntropyLoss_DeepLabV3_mobileone_s2
2025-10-17 11:36:16,982 [INFO] - ================================================================================
2025-10-17 11:36:16,982 [INFO] - 🔄 Loading data...
2025-10-17 11:36:22,116 [INFO] - 🔧 Initializing model, loss function, and optimizer...
2025-10-17 12:00:31,023 [INFO] - Epoch 01 | Val Loss: 0.1824 | Val IoU: 0.9040 | 🕒 1442.56s
2025-10-17 12:08:27,232 [INFO] - Epoch 02 | Val Loss: 0.1397 | Val IoU: 0.9035 | 🕒 476.21s
2025-10-17 12:16:23,309 [INFO] - Epoch 03 | Val Loss: 0.1349 | Val IoU: 0.9038 | 🕒 476.08s
2025-10-17 12:24:19,160 [INFO] - Epoch 04 | Val Loss: 0.1299 | Val IoU: 0.9042 | 🕒 475.85s
2025-10-17 12:32:15,045 [INFO] - Epoch 05 | Val Loss: 0.1308 | Val IoU: 0.9047 | 🕒 475.88s
2025-10-17 12:40:10,856 [INFO] - Epoch 06 | Val Loss: 0.1515 | Val IoU: 0.9045 | 🕒 475.81s
2025-10-17 12:48:06,344 [INFO] - Epoch 07 | Val Loss: 0.1313 | Val IoU: 0.9040 | 🕒 475.49s
2025-10-17 12:56:02,155 [INFO] - Epoch 08 | Val Loss: 0.1321 | Val IoU: 0.9052 | 🕒 475.81s
2025-10-17 13:03:57,907 [INFO] - Epoch 09 | Val Loss: 0.1372 | Val IoU: 0.8982 | 🕒 475.75s
2025-10-17 13:11:53,347 [INFO] - Epoch 10 | Val Loss: 0.1298 | Val IoU: 0.9045 | 🕒 475.44s
2025-10-17 13:19:49,297 [INFO] - Epoch 11 | Val Loss: 0.1284 | Val IoU: 0.9053 | 🕒 475.95s
2025-10-17 13:27:44,797 [INFO] - Epoch 12 | Val Loss: 0.1406 | Val IoU: 0.9050 | 🕒 475.50s
2025-10-17 13:35:40,641 [INFO] - Epoch 13 | Val Loss: 0.1325 | Val IoU: 0.9055 | 🕒 475.84s
2025-10-17 13:43:36,167 [INFO] - Epoch 14 | Val Loss: 0.1360 | Val IoU: 0.9044 | 🕒 475.53s
2025-10-17 13:51:31,597 [INFO] - Epoch 15 | Val Loss: 0.1347 | Val IoU: 0.9054 | 🕒 475.43s
2025-10-17 13:59:27,132 [INFO] - Epoch 16 | Val Loss: 0.1439 | Val IoU: 0.9039 | 🕒 475.53s
2025-10-17 14:07:22,503 [INFO] - Epoch 17 | Val Loss: 0.1409 | Val IoU: 0.9051 | 🕒 475.37s
2025-10-17 14:15:17,934 [INFO] - Epoch 18 | Val Loss: 0.1415 | Val IoU: 0.9054 | 🕒 475.43s
2025-10-17 14:23:13,309 [INFO] - Epoch 19 | Val Loss: 0.1412 | Val IoU: 0.9054 | 🕒 475.37s
2025-10-17 14:31:08,821 [INFO] - Epoch 20 | Val Loss: 0.1421 | Val IoU: 0.9053 | 🕒 475.51s
2025-10-17 14:39:04,423 [INFO] - Epoch 21 | Val Loss: 0.1462 | Val IoU: 0.9053 | 🕒 475.60s
2025-10-17 14:46:59,682 [INFO] - Epoch 22 | Val Loss: 0.1464 | Val IoU: 0.9052 | 🕒 475.26s
2025-10-17 14:54:55,509 [INFO] - Epoch 23 | Val Loss: 0.1480 | Val IoU: 0.9053 | 🕒 475.83s
2025-10-17 15:02:51,098 [INFO] - Epoch 24 | Val Loss: 0.1493 | Val IoU: 0.9051 | 🕒 475.59s
2025-10-17 15:10:46,835 [INFO] - Epoch 25 | Val Loss: 0.1497 | Val IoU: 0.9050 | 🕒 475.74s
2025-10-17 15:18:42,553 [INFO] - Epoch 26 | Val Loss: 0.1485 | Val IoU: 0.9051 | 🕒 475.72s
2025-10-17 15:26:37,778 [INFO] - Epoch 27 | Val Loss: 0.1488 | Val IoU: 0.9050 | 🕒 475.22s
2025-10-17 15:34:33,440 [INFO] - Epoch 28 | Val Loss: 0.1486 | Val IoU: 0.9052 | 🕒 475.66s
2025-10-17 15:42:29,002 [INFO] - Epoch 29 | Val Loss: 0.1500 | Val IoU: 0.9051 | 🕒 475.56s
2025-10-17 15:50:24,624 [INFO] - Epoch 30 | Val Loss: 0.1500 | Val IoU: 0.9051 | 🕒 475.62s
2025-10-17 15:50:24,624 [INFO] - 
--- Training for Massachusetts_CrossEntropyLoss_DeepLabV3_mobileone_s2 complete ---
2025-10-17 15:50:24,625 [INFO] - 📄 Time report saved at: plot/plot_Massachusetts_CrossEntropyLoss_DeepLabV3_mobileone_s2/training_times.txt
2025-10-17 15:50:24,625 [INFO] - ✅ Best model saved at: model/model_Massachusetts_CrossEntropyLoss_DeepLabV3_mobileone_s2.pt
2025-10-17 15:50:24,625 [INFO] - 📊 Per-epoch results saved at: plot/plot_Massachusetts_CrossEntropyLoss_DeepLabV3_mobileone_s2/epoch_results.csv
2025-10-17 15:50:24,626 [INFO] - 
Training history saved to 'plot/plot_Massachusetts_CrossEntropyLoss_DeepLabV3_mobileone_s2' directory.
2025-10-17 15:50:25,768 [INFO] - Summary plot saved at: plot/plot_Massachusetts_CrossEntropyLoss_DeepLabV3_mobileone_s2/training_metrics_summary.png
2025-10-17 15:50:25,894 [INFO] - 📈 Confusion matrix saved at: plot/plot_Massachusetts_CrossEntropyLoss_DeepLabV3_mobileone_s2/confusion_matrix.png
2025-10-17 15:50:25,894 [INFO] - 
============================= EXPERIMENT FINISHED ==============================

