2025-08-06 09:11:20,644 [INFO] - 
=========================== STARTING NEW EXPERIMENT ============================
2025-08-06 09:11:20,644 [INFO] - Configuration: Massachusetts_CrossEntropyLoss_SegFormer_mobileone_s0
2025-08-06 09:11:20,644 [INFO] - ================================================================================
2025-08-06 09:11:20,644 [INFO] - 🔄 Loading data...
2025-08-06 09:11:20,647 [INFO] - 🔧 Initializing model, loss function, and optimizer...
2025-08-06 09:12:01,174 [INFO] - Epoch 01 | Val Loss: 0.1412 | Val IoU: 0.9057 | 🕒 40.30s
2025-08-06 09:12:39,179 [INFO] - Epoch 02 | Val Loss: 0.1308 | Val IoU: 0.9064 | 🕒 38.00s
2025-08-06 09:13:17,800 [INFO] - Epoch 03 | Val Loss: 0.1263 | Val IoU: 0.9081 | 🕒 38.62s
2025-08-06 09:13:56,578 [INFO] - Epoch 04 | Val Loss: 0.1225 | Val IoU: 0.9097 | 🕒 38.78s
2025-08-06 09:14:36,133 [INFO] - Epoch 05 | Val Loss: 0.1208 | Val IoU: 0.9107 | 🕒 39.55s
2025-08-06 09:15:12,750 [INFO] - Epoch 06 | Val Loss: 0.1196 | Val IoU: 0.9120 | 🕒 36.62s
2025-08-06 09:15:49,399 [INFO] - Epoch 07 | Val Loss: 0.1163 | Val IoU: 0.9133 | 🕒 36.65s
2025-08-06 09:16:26,039 [INFO] - Epoch 08 | Val Loss: 0.1161 | Val IoU: 0.9144 | 🕒 36.64s
2025-08-06 09:17:02,731 [INFO] - Epoch 09 | Val Loss: 0.1144 | Val IoU: 0.9146 | 🕒 36.69s
2025-08-06 09:17:39,324 [INFO] - Epoch 10 | Val Loss: 0.1226 | Val IoU: 0.9122 | 🕒 36.59s
2025-08-06 09:18:16,228 [INFO] - Epoch 11 | Val Loss: 0.1111 | Val IoU: 0.9174 | 🕒 36.90s
2025-08-06 09:18:52,922 [INFO] - Epoch 12 | Val Loss: 0.1121 | Val IoU: 0.9170 | 🕒 36.69s
2025-08-06 09:19:29,534 [INFO] - Epoch 13 | Val Loss: 0.1164 | Val IoU: 0.9152 | 🕒 36.61s
2025-08-06 09:20:06,259 [INFO] - Epoch 14 | Val Loss: 0.1150 | Val IoU: 0.9140 | 🕒 36.73s
2025-08-06 09:20:43,156 [INFO] - Epoch 15 | Val Loss: 0.1124 | Val IoU: 0.9176 | 🕒 36.90s
2025-08-06 09:21:19,839 [INFO] - Epoch 16 | Val Loss: 0.1135 | Val IoU: 0.9171 | 🕒 36.68s
2025-08-06 09:21:56,470 [INFO] - Epoch 17 | Val Loss: 0.1150 | Val IoU: 0.9159 | 🕒 36.63s
2025-08-06 09:22:33,345 [INFO] - Epoch 18 | Val Loss: 0.1083 | Val IoU: 0.9202 | 🕒 36.87s
2025-08-06 09:23:10,054 [INFO] - Epoch 19 | Val Loss: 0.1084 | Val IoU: 0.9201 | 🕒 36.71s
2025-08-06 09:23:46,868 [INFO] - Epoch 20 | Val Loss: 0.1087 | Val IoU: 0.9203 | 🕒 36.81s
2025-08-06 09:24:23,771 [INFO] - Epoch 21 | Val Loss: 0.1091 | Val IoU: 0.9204 | 🕒 36.90s
2025-08-06 09:25:00,501 [INFO] - Epoch 22 | Val Loss: 0.1098 | Val IoU: 0.9201 | 🕒 36.73s
2025-08-06 09:25:37,224 [INFO] - Epoch 23 | Val Loss: 0.1090 | Val IoU: 0.9201 | 🕒 36.72s
2025-08-06 09:26:13,928 [INFO] - Epoch 24 | Val Loss: 0.1107 | Val IoU: 0.9204 | 🕒 36.70s
2025-08-06 09:26:50,819 [INFO] - Epoch 25 | Val Loss: 0.1098 | Val IoU: 0.9206 | 🕒 36.89s
2025-08-06 09:27:27,568 [INFO] - Epoch 26 | Val Loss: 0.1102 | Val IoU: 0.9206 | 🕒 36.75s
2025-08-06 09:28:04,322 [INFO] - Epoch 27 | Val Loss: 0.1104 | Val IoU: 0.9205 | 🕒 36.75s
2025-08-06 09:28:40,945 [INFO] - Epoch 28 | Val Loss: 0.1102 | Val IoU: 0.9203 | 🕒 36.62s
2025-08-06 09:29:17,680 [INFO] - Epoch 29 | Val Loss: 0.1099 | Val IoU: 0.9205 | 🕒 36.73s
2025-08-06 09:29:54,338 [INFO] - Epoch 30 | Val Loss: 0.1108 | Val IoU: 0.9204 | 🕒 36.66s
2025-08-06 09:29:54,338 [INFO] - 
--- Training for Massachusetts_CrossEntropyLoss_SegFormer_mobileone_s0 complete ---
2025-08-06 09:29:54,338 [INFO] - 📄 Time report saved at: plot/plot_Massachusetts_CrossEntropyLoss_SegFormer_mobileone_s0/training_times.txt
2025-08-06 09:29:54,338 [INFO] - ✅ Best model saved at: model/model_Massachusetts_CrossEntropyLoss_SegFormer_mobileone_s0.pt
2025-08-06 09:29:54,339 [INFO] - 📊 Per-epoch results saved at: plot/plot_Massachusetts_CrossEntropyLoss_SegFormer_mobileone_s0/epoch_results.csv
2025-08-06 09:29:54,339 [INFO] - 
Training history saved to 'plot/plot_Massachusetts_CrossEntropyLoss_SegFormer_mobileone_s0' directory.
2025-08-06 09:29:55,157 [INFO] - Summary plot saved at: plot/plot_Massachusetts_CrossEntropyLoss_SegFormer_mobileone_s0/training_metrics_summary.png
2025-08-06 09:29:55,308 [INFO] - 📈 Confusion matrix saved at: plot/plot_Massachusetts_CrossEntropyLoss_SegFormer_mobileone_s0/confusion_matrix.png
2025-08-06 09:29:55,309 [INFO] - 
============================= EXPERIMENT FINISHED ==============================

