2025-10-11 22:01:50,739 [INFO] - 
=========================== STARTING NEW EXPERIMENT ============================
2025-10-11 22:01:50,740 [INFO] - The device used: cuda
2025-10-11 22:01:50,740 [INFO] - Configuration: TGRS_Road_CrossEntropyLoss_PAN_mobileone_s2
2025-10-11 22:01:50,740 [INFO] - ================================================================================
2025-10-11 22:01:50,740 [INFO] - 🔄 Loading data...
2025-10-11 22:01:50,741 [INFO] - 🔧 Initializing model, loss function, and optimizer...
2025-10-11 22:02:02,747 [INFO] - Epoch 01 | Val Loss: 0.1374 | Val IoU: 0.8985 | 🕒 11.83s
2025-10-11 22:02:14,477 [INFO] - Epoch 02 | Val Loss: 0.1172 | Val IoU: 0.9069 | 🕒 11.73s
2025-10-11 22:02:26,327 [INFO] - Epoch 03 | Val Loss: 0.0971 | Val IoU: 0.9240 | 🕒 11.85s
2025-10-11 22:02:38,007 [INFO] - Epoch 04 | Val Loss: 0.0894 | Val IoU: 0.9284 | 🕒 11.68s
2025-10-11 22:02:50,032 [INFO] - Epoch 05 | Val Loss: 0.0863 | Val IoU: 0.9318 | 🕒 12.03s
2025-10-11 22:03:01,572 [INFO] - Epoch 06 | Val Loss: 0.0915 | Val IoU: 0.9256 | 🕒 11.54s
2025-10-11 22:03:13,132 [INFO] - Epoch 07 | Val Loss: 0.0862 | Val IoU: 0.9310 | 🕒 11.56s
2025-10-11 22:03:24,772 [INFO] - Epoch 08 | Val Loss: 0.0891 | Val IoU: 0.9297 | 🕒 11.64s
2025-10-11 22:03:36,433 [INFO] - Epoch 09 | Val Loss: 0.0812 | Val IoU: 0.9338 | 🕒 11.66s
2025-10-11 22:03:48,476 [INFO] - Epoch 10 | Val Loss: 0.0823 | Val IoU: 0.9338 | 🕒 12.04s
2025-10-11 22:04:00,305 [INFO] - Epoch 11 | Val Loss: 0.0785 | Val IoU: 0.9370 | 🕒 11.83s
2025-10-11 22:04:12,046 [INFO] - Epoch 12 | Val Loss: 0.0730 | Val IoU: 0.9413 | 🕒 11.74s
2025-10-11 22:04:23,879 [INFO] - Epoch 13 | Val Loss: 0.0759 | Val IoU: 0.9390 | 🕒 11.83s
2025-10-11 22:04:35,698 [INFO] - Epoch 14 | Val Loss: 0.0806 | Val IoU: 0.9369 | 🕒 11.82s
2025-10-11 22:04:47,606 [INFO] - Epoch 15 | Val Loss: 0.0712 | Val IoU: 0.9424 | 🕒 11.91s
2025-10-11 22:04:59,682 [INFO] - Epoch 16 | Val Loss: 0.0751 | Val IoU: 0.9401 | 🕒 12.07s
2025-10-11 22:05:11,263 [INFO] - Epoch 17 | Val Loss: 0.0750 | Val IoU: 0.9403 | 🕒 11.58s
2025-10-11 22:05:22,847 [INFO] - Epoch 18 | Val Loss: 0.0817 | Val IoU: 0.9356 | 🕒 11.58s
2025-10-11 22:05:34,425 [INFO] - Epoch 19 | Val Loss: 0.0814 | Val IoU: 0.9383 | 🕒 11.58s
2025-10-11 22:05:46,065 [INFO] - Epoch 20 | Val Loss: 0.0719 | Val IoU: 0.9439 | 🕒 11.64s
2025-10-11 22:05:57,912 [INFO] - Epoch 21 | Val Loss: 0.0776 | Val IoU: 0.9398 | 🕒 11.85s
2025-10-11 22:06:09,754 [INFO] - Epoch 22 | Val Loss: 0.0690 | Val IoU: 0.9454 | 🕒 11.84s
2025-10-11 22:06:21,379 [INFO] - Epoch 23 | Val Loss: 0.0685 | Val IoU: 0.9461 | 🕒 11.62s
2025-10-11 22:06:32,976 [INFO] - Epoch 24 | Val Loss: 0.0694 | Val IoU: 0.9457 | 🕒 11.60s
2025-10-11 22:06:44,529 [INFO] - Epoch 25 | Val Loss: 0.0709 | Val IoU: 0.9448 | 🕒 11.55s
2025-10-11 22:06:56,196 [INFO] - Epoch 26 | Val Loss: 0.0709 | Val IoU: 0.9450 | 🕒 11.67s
2025-10-11 22:07:08,412 [INFO] - Epoch 27 | Val Loss: 0.0714 | Val IoU: 0.9448 | 🕒 12.22s
2025-10-11 22:07:20,335 [INFO] - Epoch 28 | Val Loss: 0.0712 | Val IoU: 0.9449 | 🕒 11.92s
2025-10-11 22:07:32,312 [INFO] - Epoch 29 | Val Loss: 0.0726 | Val IoU: 0.9442 | 🕒 11.98s
2025-10-11 22:07:44,296 [INFO] - Epoch 30 | Val Loss: 0.0717 | Val IoU: 0.9449 | 🕒 11.98s
2025-10-11 22:07:44,296 [INFO] - 
--- Training for TGRS_Road_CrossEntropyLoss_PAN_mobileone_s2 complete ---
2025-10-11 22:07:44,297 [INFO] - 📄 Time report saved at: plot/plot_TGRS_Road_CrossEntropyLoss_PAN_mobileone_s2\training_times.txt
2025-10-11 22:07:44,297 [INFO] - ✅ Best model saved at: model/model_TGRS_Road_CrossEntropyLoss_PAN_mobileone_s2.pt
2025-10-11 22:07:44,297 [INFO] - 📊 Per-epoch results saved at: plot/plot_TGRS_Road_CrossEntropyLoss_PAN_mobileone_s2\epoch_results.csv
2025-10-11 22:07:44,301 [INFO] - 
Training history saved to 'plot/plot_TGRS_Road_CrossEntropyLoss_PAN_mobileone_s2' directory.
2025-10-11 22:07:45,009 [INFO] - Summary plot saved at: plot/plot_TGRS_Road_CrossEntropyLoss_PAN_mobileone_s2\training_metrics_summary.png
2025-10-11 22:07:45,108 [INFO] - 📈 Confusion matrix saved at: plot/plot_TGRS_Road_CrossEntropyLoss_PAN_mobileone_s2\confusion_matrix.png
2025-10-11 22:07:45,108 [INFO] - 
============================= EXPERIMENT FINISHED ==============================

