2025-08-07 19:43:24,380 [INFO] - 
=========================== STARTING NEW EXPERIMENT ============================
2025-08-07 19:43:24,380 [INFO] - Configuration: DeepGlobal_CrossEntropyLoss_DeepLabV3Plus_mobileone_s4
2025-08-07 19:43:24,380 [INFO] - ================================================================================
2025-08-07 19:43:24,380 [INFO] - 🔄 Loading data...
2025-08-07 19:43:24,388 [INFO] - 🔧 Initializing model, loss function, and optimizer...
2025-08-07 19:47:37,525 [INFO] - Epoch 01 | Val Loss: 0.1102 | Val IoU: 0.9283 | 🕒 252.81s
2025-08-07 19:52:03,538 [INFO] - Epoch 02 | Val Loss: 0.0917 | Val IoU: 0.9333 | 🕒 266.01s
2025-08-07 19:56:31,797 [INFO] - Epoch 03 | Val Loss: 0.0842 | Val IoU: 0.9396 | 🕒 268.26s
2025-08-07 20:01:05,194 [INFO] - Epoch 04 | Val Loss: 0.0795 | Val IoU: 0.9430 | 🕒 273.39s
2025-08-07 20:05:47,870 [INFO] - Epoch 05 | Val Loss: 0.0748 | Val IoU: 0.9448 | 🕒 282.67s
2025-08-07 20:10:39,941 [INFO] - Epoch 06 | Val Loss: 0.0800 | Val IoU: 0.9451 | 🕒 292.07s
2025-08-07 20:15:44,890 [INFO] - Epoch 07 | Val Loss: 0.0759 | Val IoU: 0.9461 | 🕒 304.94s
2025-08-07 20:20:49,617 [INFO] - Epoch 08 | Val Loss: 0.0679 | Val IoU: 0.9487 | 🕒 304.73s
2025-08-07 20:25:51,625 [INFO] - Epoch 09 | Val Loss: 0.0745 | Val IoU: 0.9454 | 🕒 302.01s
2025-08-07 20:30:53,310 [INFO] - Epoch 10 | Val Loss: 0.0749 | Val IoU: 0.9478 | 🕒 301.68s
2025-08-07 20:33:59,785 [INFO] - Epoch 11 | Val Loss: 0.0738 | Val IoU: 0.9491 | 🕒 186.48s
2025-08-07 20:37:02,123 [INFO] - Epoch 12 | Val Loss: 0.0713 | Val IoU: 0.9489 | 🕒 182.34s
2025-08-07 20:40:11,055 [INFO] - Epoch 13 | Val Loss: 0.0721 | Val IoU: 0.9512 | 🕒 188.93s
2025-08-07 20:43:20,119 [INFO] - Epoch 14 | Val Loss: 0.0786 | Val IoU: 0.9503 | 🕒 189.06s
2025-08-07 20:46:27,642 [INFO] - Epoch 15 | Val Loss: 0.0695 | Val IoU: 0.9517 | 🕒 187.52s
2025-08-07 20:49:34,025 [INFO] - Epoch 16 | Val Loss: 0.0704 | Val IoU: 0.9513 | 🕒 186.38s
2025-08-07 20:52:48,875 [INFO] - Epoch 17 | Val Loss: 0.0733 | Val IoU: 0.9521 | 🕒 194.85s
2025-08-07 20:56:15,930 [INFO] - Epoch 18 | Val Loss: 0.0736 | Val IoU: 0.9519 | 🕒 207.05s
2025-08-07 20:59:28,972 [INFO] - Epoch 19 | Val Loss: 0.0758 | Val IoU: 0.9518 | 🕒 193.04s
2025-08-07 21:02:32,881 [INFO] - Epoch 20 | Val Loss: 0.0762 | Val IoU: 0.9518 | 🕒 183.91s
2025-08-07 21:05:40,634 [INFO] - Epoch 21 | Val Loss: 0.0780 | Val IoU: 0.9520 | 🕒 187.75s
2025-08-07 21:08:40,520 [INFO] - Epoch 22 | Val Loss: 0.0776 | Val IoU: 0.9517 | 🕒 179.88s
2025-08-07 21:11:42,235 [INFO] - Epoch 23 | Val Loss: 0.0779 | Val IoU: 0.9518 | 🕒 181.71s
2025-08-07 21:14:40,418 [INFO] - Epoch 24 | Val Loss: 0.0784 | Val IoU: 0.9518 | 🕒 178.18s
2025-08-07 21:17:39,119 [INFO] - Epoch 25 | Val Loss: 0.0786 | Val IoU: 0.9518 | 🕒 178.70s
2025-08-07 21:20:38,437 [INFO] - Epoch 26 | Val Loss: 0.0777 | Val IoU: 0.9519 | 🕒 179.32s
2025-08-07 21:23:39,580 [INFO] - Epoch 27 | Val Loss: 0.0789 | Val IoU: 0.9517 | 🕒 181.14s
2025-08-07 21:26:38,070 [INFO] - Epoch 28 | Val Loss: 0.0795 | Val IoU: 0.9517 | 🕒 178.49s
2025-08-07 21:29:37,718 [INFO] - Epoch 29 | Val Loss: 0.0790 | Val IoU: 0.9517 | 🕒 179.65s
2025-08-07 21:32:37,380 [INFO] - Epoch 30 | Val Loss: 0.0782 | Val IoU: 0.9517 | 🕒 179.66s
2025-08-07 21:32:37,380 [INFO] - 
--- Training for DeepGlobal_CrossEntropyLoss_DeepLabV3Plus_mobileone_s4 complete ---
2025-08-07 21:32:37,381 [INFO] - 📄 Time report saved at: plot/plot_DeepGlobal_CrossEntropyLoss_DeepLabV3Plus_mobileone_s4\training_times.txt
2025-08-07 21:32:37,381 [INFO] - ✅ Best model saved at: model/model_DeepGlobal_CrossEntropyLoss_DeepLabV3Plus_mobileone_s4.pt
2025-08-07 21:32:37,381 [INFO] - 📊 Per-epoch results saved at: plot/plot_DeepGlobal_CrossEntropyLoss_DeepLabV3Plus_mobileone_s4\epoch_results.csv
2025-08-07 21:32:37,390 [INFO] - 
Training history saved to 'plot/plot_DeepGlobal_CrossEntropyLoss_DeepLabV3Plus_mobileone_s4' directory.
2025-08-07 21:32:38,375 [INFO] - Summary plot saved at: plot/plot_DeepGlobal_CrossEntropyLoss_DeepLabV3Plus_mobileone_s4\training_metrics_summary.png
2025-08-07 21:32:38,876 [INFO] - 📈 Confusion matrix saved at: plot/plot_DeepGlobal_CrossEntropyLoss_DeepLabV3Plus_mobileone_s4\confusion_matrix.png
2025-08-07 21:32:38,876 [INFO] - 
============================= EXPERIMENT FINISHED ==============================

