2025-10-08 17:36:48,960 [INFO] - 
=========================== STARTING NEW EXPERIMENT ============================
2025-10-08 17:36:48,960 [INFO] - The device used: cuda
2025-10-08 17:36:48,960 [INFO] - Configuration: Massachusetts_CrossEntropyLoss_PAN_mobileone_s1
2025-10-08 17:36:48,961 [INFO] - ================================================================================
2025-10-08 17:36:48,961 [INFO] - 🔄 Loading data...
2025-10-08 17:36:48,982 [INFO] - 🔧 Initializing model, loss function, and optimizer...
2025-10-08 17:37:33,609 [INFO] - Epoch 01 | Val Loss: 0.1397 | Val IoU: 0.9047 | 🕒 43.51s
2025-10-08 17:38:15,412 [INFO] - Epoch 02 | Val Loss: 0.1333 | Val IoU: 0.9053 | 🕒 41.80s
2025-10-08 17:38:57,477 [INFO] - Epoch 03 | Val Loss: 0.1428 | Val IoU: 0.9059 | 🕒 42.06s
2025-10-08 17:39:39,352 [INFO] - Epoch 04 | Val Loss: 0.1360 | Val IoU: 0.9058 | 🕒 41.88s
2025-10-08 17:40:21,441 [INFO] - Epoch 05 | Val Loss: 0.1314 | Val IoU: 0.9070 | 🕒 42.09s
2025-10-08 17:41:03,308 [INFO] - Epoch 06 | Val Loss: 0.1263 | Val IoU: 0.9072 | 🕒 41.86s
2025-10-08 17:41:45,457 [INFO] - Epoch 07 | Val Loss: 0.1308 | Val IoU: 0.9029 | 🕒 42.15s
2025-10-08 17:42:28,010 [INFO] - Epoch 08 | Val Loss: 0.1256 | Val IoU: 0.9081 | 🕒 42.55s
2025-10-08 17:43:09,769 [INFO] - Epoch 09 | Val Loss: 0.1312 | Val IoU: 0.9080 | 🕒 41.76s
2025-10-08 17:43:51,544 [INFO] - Epoch 10 | Val Loss: 0.1310 | Val IoU: 0.9074 | 🕒 41.77s
2025-10-08 17:44:33,628 [INFO] - Epoch 11 | Val Loss: 0.1253 | Val IoU: 0.9076 | 🕒 42.08s
2025-10-08 17:45:15,902 [INFO] - Epoch 12 | Val Loss: 0.1260 | Val IoU: 0.9073 | 🕒 42.27s
2025-10-08 17:45:57,949 [INFO] - Epoch 13 | Val Loss: 0.1206 | Val IoU: 0.9092 | 🕒 42.05s
2025-10-08 17:46:39,837 [INFO] - Epoch 14 | Val Loss: 0.1197 | Val IoU: 0.9097 | 🕒 41.89s
2025-10-08 17:47:21,891 [INFO] - Epoch 15 | Val Loss: 0.1288 | Val IoU: 0.9076 | 🕒 42.05s
2025-10-08 17:48:04,021 [INFO] - Epoch 16 | Val Loss: 0.1328 | Val IoU: 0.9093 | 🕒 42.13s
2025-10-08 17:48:46,283 [INFO] - Epoch 17 | Val Loss: 0.1179 | Val IoU: 0.9100 | 🕒 42.26s
2025-10-08 17:49:28,369 [INFO] - Epoch 18 | Val Loss: 0.1613 | Val IoU: 0.9089 | 🕒 42.08s
2025-10-08 17:50:10,432 [INFO] - Epoch 19 | Val Loss: 0.1429 | Val IoU: 0.9101 | 🕒 42.06s
2025-10-08 17:50:52,275 [INFO] - Epoch 20 | Val Loss: 0.1443 | Val IoU: 0.9107 | 🕒 41.84s
2025-10-08 17:51:34,273 [INFO] - Epoch 21 | Val Loss: 0.1249 | Val IoU: 0.9121 | 🕒 42.00s
2025-10-08 17:52:16,673 [INFO] - Epoch 22 | Val Loss: 0.1218 | Val IoU: 0.9092 | 🕒 42.40s
2025-10-08 17:52:58,762 [INFO] - Epoch 23 | Val Loss: 0.1179 | Val IoU: 0.9120 | 🕒 42.09s
2025-10-08 17:53:40,528 [INFO] - Epoch 24 | Val Loss: 0.1246 | Val IoU: 0.9128 | 🕒 41.77s
2025-10-08 17:54:22,841 [INFO] - Epoch 25 | Val Loss: 0.1169 | Val IoU: 0.9131 | 🕒 42.31s
2025-10-08 17:55:05,241 [INFO] - Epoch 26 | Val Loss: 0.1237 | Val IoU: 0.9134 | 🕒 42.40s
2025-10-08 17:55:47,224 [INFO] - Epoch 27 | Val Loss: 0.1442 | Val IoU: 0.9125 | 🕒 41.98s
2025-10-08 17:56:29,059 [INFO] - Epoch 28 | Val Loss: 0.1350 | Val IoU: 0.9125 | 🕒 41.83s
2025-10-08 17:57:10,836 [INFO] - Epoch 29 | Val Loss: 0.1727 | Val IoU: 0.9118 | 🕒 41.78s
2025-10-08 17:57:53,057 [INFO] - Epoch 30 | Val Loss: 0.1251 | Val IoU: 0.9130 | 🕒 42.22s
2025-10-08 17:57:53,057 [INFO] - 
--- Training for Massachusetts_CrossEntropyLoss_PAN_mobileone_s1 complete ---
2025-10-08 17:57:53,057 [INFO] - 📄 Time report saved at: plot/plot_Massachusetts_CrossEntropyLoss_PAN_mobileone_s1/training_times.txt
2025-10-08 17:57:53,058 [INFO] - ✅ Best model saved at: model/model_Massachusetts_CrossEntropyLoss_PAN_mobileone_s1.pt
2025-10-08 17:57:53,058 [INFO] - 📊 Per-epoch results saved at: plot/plot_Massachusetts_CrossEntropyLoss_PAN_mobileone_s1/epoch_results.csv
2025-10-08 17:57:53,059 [INFO] - 
Training history saved to 'plot/plot_Massachusetts_CrossEntropyLoss_PAN_mobileone_s1' directory.
2025-10-08 17:57:54,785 [INFO] - Summary plot saved at: plot/plot_Massachusetts_CrossEntropyLoss_PAN_mobileone_s1/training_metrics_summary.png
2025-10-08 17:57:54,963 [INFO] - 📈 Confusion matrix saved at: plot/plot_Massachusetts_CrossEntropyLoss_PAN_mobileone_s1/confusion_matrix.png
2025-10-08 17:57:54,963 [INFO] - 
============================= EXPERIMENT FINISHED ==============================

