2025-08-05 17:47:00,726 [INFO] - 
=========================== STARTING NEW EXPERIMENT ============================
2025-08-05 17:47:00,726 [INFO] - Configuration: Massachusetts_CrossEntropyLoss_DeepLabV3Plus_mobileone_s0
2025-08-05 17:47:00,726 [INFO] - ================================================================================
2025-08-05 17:47:00,726 [INFO] - 🔄 Loading data...
2025-08-05 17:47:00,730 [INFO] - 🔧 Initializing model, loss function, and optimizer...
2025-08-05 17:47:40,368 [INFO] - Epoch 01 | Val Loss: 0.1658 | Val IoU: 0.9046 | 🕒 39.33s
2025-08-05 17:48:16,522 [INFO] - Epoch 02 | Val Loss: 0.1326 | Val IoU: 0.9064 | 🕒 36.15s
2025-08-05 17:48:51,635 [INFO] - Epoch 03 | Val Loss: 0.1313 | Val IoU: 0.9080 | 🕒 35.11s
2025-08-05 17:49:26,779 [INFO] - Epoch 04 | Val Loss: 0.1323 | Val IoU: 0.9088 | 🕒 35.14s
2025-08-05 17:50:01,916 [INFO] - Epoch 05 | Val Loss: 0.1262 | Val IoU: 0.9109 | 🕒 35.14s
2025-08-05 17:50:36,990 [INFO] - Epoch 06 | Val Loss: 0.1248 | Val IoU: 0.9104 | 🕒 35.07s
2025-08-05 17:51:12,214 [INFO] - Epoch 07 | Val Loss: 0.1298 | Val IoU: 0.9120 | 🕒 35.22s
2025-08-05 17:51:47,431 [INFO] - Epoch 08 | Val Loss: 0.1192 | Val IoU: 0.9160 | 🕒 35.22s
2025-08-05 17:52:22,683 [INFO] - Epoch 09 | Val Loss: 0.1137 | Val IoU: 0.9165 | 🕒 35.25s
2025-08-05 17:52:57,876 [INFO] - Epoch 10 | Val Loss: 0.1186 | Val IoU: 0.9143 | 🕒 35.19s
2025-08-05 17:53:33,044 [INFO] - Epoch 11 | Val Loss: 0.1129 | Val IoU: 0.9162 | 🕒 35.17s
2025-08-05 17:54:08,420 [INFO] - Epoch 12 | Val Loss: 0.1158 | Val IoU: 0.9180 | 🕒 35.38s
2025-08-05 17:54:43,704 [INFO] - Epoch 13 | Val Loss: 0.1097 | Val IoU: 0.9198 | 🕒 35.28s
2025-08-05 17:55:19,033 [INFO] - Epoch 14 | Val Loss: 0.1118 | Val IoU: 0.9200 | 🕒 35.33s
2025-08-05 17:55:54,171 [INFO] - Epoch 15 | Val Loss: 0.1090 | Val IoU: 0.9191 | 🕒 35.14s
2025-08-05 17:56:29,341 [INFO] - Epoch 16 | Val Loss: 0.1179 | Val IoU: 0.9187 | 🕒 35.17s
2025-08-05 17:57:04,471 [INFO] - Epoch 17 | Val Loss: 0.1159 | Val IoU: 0.9195 | 🕒 35.13s
2025-08-05 17:57:39,630 [INFO] - Epoch 18 | Val Loss: 0.1099 | Val IoU: 0.9189 | 🕒 35.16s
2025-08-05 17:58:14,924 [INFO] - Epoch 19 | Val Loss: 0.1089 | Val IoU: 0.9217 | 🕒 35.29s
2025-08-05 17:58:50,295 [INFO] - Epoch 20 | Val Loss: 0.1102 | Val IoU: 0.9215 | 🕒 35.37s
2025-08-05 17:59:26,814 [INFO] - Epoch 21 | Val Loss: 0.1085 | Val IoU: 0.9218 | 🕒 36.52s
2025-08-05 18:00:02,192 [INFO] - Epoch 22 | Val Loss: 0.1088 | Val IoU: 0.9224 | 🕒 35.38s
2025-08-05 18:00:37,705 [INFO] - Epoch 23 | Val Loss: 0.1092 | Val IoU: 0.9214 | 🕒 35.51s
2025-08-05 18:01:13,062 [INFO] - Epoch 24 | Val Loss: 0.1120 | Val IoU: 0.9224 | 🕒 35.36s
2025-08-05 18:01:48,323 [INFO] - Epoch 25 | Val Loss: 0.1116 | Val IoU: 0.9206 | 🕒 35.26s
2025-08-05 18:02:23,745 [INFO] - Epoch 26 | Val Loss: 0.1104 | Val IoU: 0.9225 | 🕒 35.42s
2025-08-05 18:02:58,966 [INFO] - Epoch 27 | Val Loss: 0.1123 | Val IoU: 0.9183 | 🕒 35.22s
2025-08-05 18:03:34,358 [INFO] - Epoch 28 | Val Loss: 0.1093 | Val IoU: 0.9236 | 🕒 35.39s
2025-08-05 18:04:09,725 [INFO] - Epoch 29 | Val Loss: 0.1098 | Val IoU: 0.9242 | 🕒 35.37s
2025-08-05 18:04:45,012 [INFO] - Epoch 30 | Val Loss: 0.1111 | Val IoU: 0.9241 | 🕒 35.29s
2025-08-05 18:04:45,012 [INFO] - 
--- Training for Massachusetts_CrossEntropyLoss_DeepLabV3Plus_mobileone_s0 complete ---
2025-08-05 18:04:45,012 [INFO] - 📄 Time report saved at: plot/plot_Massachusetts_CrossEntropyLoss_DeepLabV3Plus_mobileone_s0/training_times.txt
2025-08-05 18:04:45,012 [INFO] - ✅ Best model saved at: model/model_Massachusetts_CrossEntropyLoss_DeepLabV3Plus_mobileone_s0.pt
2025-08-05 18:04:45,012 [INFO] - 📊 Per-epoch results saved at: plot/plot_Massachusetts_CrossEntropyLoss_DeepLabV3Plus_mobileone_s0/epoch_results.csv
2025-08-05 18:04:45,013 [INFO] - 
Training history saved to 'plot/plot_Massachusetts_CrossEntropyLoss_DeepLabV3Plus_mobileone_s0' directory.
2025-08-05 18:04:45,872 [INFO] - Summary plot saved at: plot/plot_Massachusetts_CrossEntropyLoss_DeepLabV3Plus_mobileone_s0/training_metrics_summary.png
2025-08-05 18:04:46,024 [INFO] - 📈 Confusion matrix saved at: plot/plot_Massachusetts_CrossEntropyLoss_DeepLabV3Plus_mobileone_s0/confusion_matrix.png
2025-08-05 18:04:46,024 [INFO] - 
============================= EXPERIMENT FINISHED ==============================

