2025-10-13 14:01:42,259 [INFO] - 
=========================== STARTING NEW EXPERIMENT ============================
2025-10-13 14:01:42,259 [INFO] - The device used: cuda
2025-10-13 14:01:42,259 [INFO] - Configuration: Massachusetts_CrossEntropyLoss_FPN_mobileone_s3
2025-10-13 14:01:42,259 [INFO] - ================================================================================
2025-10-13 14:01:42,259 [INFO] - 🔄 Loading data...
2025-10-13 14:01:42,270 [INFO] - 🔧 Initializing model, loss function, and optimizer...
2025-10-13 14:02:41,957 [INFO] - Epoch 01 | Val Loss: 0.1828 | Val IoU: 0.9040 | 🕒 59.41s
2025-10-13 14:03:59,834 [INFO] - Epoch 02 | Val Loss: 0.1404 | Val IoU: 0.9045 | 🕒 77.88s
2025-10-13 14:05:02,477 [INFO] - Epoch 03 | Val Loss: 0.1322 | Val IoU: 0.9060 | 🕒 62.64s
2025-10-13 14:06:16,468 [INFO] - Epoch 04 | Val Loss: 0.1286 | Val IoU: 0.9077 | 🕒 73.99s
2025-10-13 14:07:27,239 [INFO] - Epoch 05 | Val Loss: 0.1233 | Val IoU: 0.9083 | 🕒 70.77s
2025-10-13 14:08:43,496 [INFO] - Epoch 06 | Val Loss: 0.1219 | Val IoU: 0.9085 | 🕒 76.26s
2025-10-13 14:09:52,401 [INFO] - Epoch 07 | Val Loss: 0.1186 | Val IoU: 0.9111 | 🕒 68.91s
2025-10-13 14:11:00,679 [INFO] - Epoch 08 | Val Loss: 0.1203 | Val IoU: 0.9081 | 🕒 68.28s
2025-10-13 14:12:11,324 [INFO] - Epoch 09 | Val Loss: 0.1135 | Val IoU: 0.9126 | 🕒 70.64s
2025-10-13 14:13:19,687 [INFO] - Epoch 10 | Val Loss: 0.1112 | Val IoU: 0.9154 | 🕒 68.36s
2025-10-13 14:14:25,750 [INFO] - Epoch 11 | Val Loss: 0.1123 | Val IoU: 0.9132 | 🕒 66.06s
2025-10-13 14:15:30,152 [INFO] - Epoch 12 | Val Loss: 0.1112 | Val IoU: 0.9161 | 🕒 64.40s
2025-10-13 14:16:34,799 [INFO] - Epoch 13 | Val Loss: 0.1103 | Val IoU: 0.9166 | 🕒 64.64s
2025-10-13 14:17:39,011 [INFO] - Epoch 14 | Val Loss: 0.1136 | Val IoU: 0.9174 | 🕒 64.21s
2025-10-13 14:18:44,139 [INFO] - Epoch 15 | Val Loss: 0.1081 | Val IoU: 0.9203 | 🕒 65.13s
2025-10-13 14:19:48,970 [INFO] - Epoch 16 | Val Loss: 0.1081 | Val IoU: 0.9192 | 🕒 64.83s
2025-10-13 14:20:53,253 [INFO] - Epoch 17 | Val Loss: 0.1160 | Val IoU: 0.9172 | 🕒 64.28s
2025-10-13 14:21:57,443 [INFO] - Epoch 18 | Val Loss: 0.1089 | Val IoU: 0.9223 | 🕒 64.19s
2025-10-13 14:23:01,767 [INFO] - Epoch 19 | Val Loss: 0.1082 | Val IoU: 0.9215 | 🕒 64.32s
2025-10-13 14:24:09,582 [INFO] - Epoch 20 | Val Loss: 0.1121 | Val IoU: 0.9222 | 🕒 67.81s
2025-10-13 14:25:17,636 [INFO] - Epoch 21 | Val Loss: 0.1140 | Val IoU: 0.9218 | 🕒 68.05s
2025-10-13 14:26:23,131 [INFO] - Epoch 22 | Val Loss: 0.1154 | Val IoU: 0.9207 | 🕒 65.49s
2025-10-13 14:27:28,974 [INFO] - Epoch 23 | Val Loss: 0.1125 | Val IoU: 0.9239 | 🕒 65.84s
2025-10-13 14:28:35,867 [INFO] - Epoch 24 | Val Loss: 0.1134 | Val IoU: 0.9241 | 🕒 66.89s
2025-10-13 14:29:41,608 [INFO] - Epoch 25 | Val Loss: 0.1164 | Val IoU: 0.9242 | 🕒 65.74s
2025-10-13 14:30:50,720 [INFO] - Epoch 26 | Val Loss: 0.1159 | Val IoU: 0.9250 | 🕒 69.11s
2025-10-13 14:32:00,151 [INFO] - Epoch 27 | Val Loss: 0.1201 | Val IoU: 0.9245 | 🕒 69.43s
2025-10-13 14:33:09,884 [INFO] - Epoch 28 | Val Loss: 0.1190 | Val IoU: 0.9246 | 🕒 69.73s
2025-10-13 14:34:14,593 [INFO] - Epoch 29 | Val Loss: 0.1202 | Val IoU: 0.9246 | 🕒 64.71s
2025-10-13 14:35:21,197 [INFO] - Epoch 30 | Val Loss: 0.1209 | Val IoU: 0.9245 | 🕒 66.60s
2025-10-13 14:35:21,198 [INFO] - 
--- Training for Massachusetts_CrossEntropyLoss_FPN_mobileone_s3 complete ---
2025-10-13 14:35:21,208 [INFO] - 📄 Time report saved at: plot/plot_Massachusetts_CrossEntropyLoss_FPN_mobileone_s3\training_times.txt
2025-10-13 14:35:21,208 [INFO] - ✅ Best model saved at: model/model_Massachusetts_CrossEntropyLoss_FPN_mobileone_s3.pt
2025-10-13 14:35:21,210 [INFO] - 📊 Per-epoch results saved at: plot/plot_Massachusetts_CrossEntropyLoss_FPN_mobileone_s3\epoch_results.csv
2025-10-13 14:35:21,288 [INFO] - 
Training history saved to 'plot/plot_Massachusetts_CrossEntropyLoss_FPN_mobileone_s3' directory.
2025-10-13 14:35:23,533 [INFO] - Summary plot saved at: plot/plot_Massachusetts_CrossEntropyLoss_FPN_mobileone_s3\training_metrics_summary.png
2025-10-13 14:35:23,777 [INFO] - 📈 Confusion matrix saved at: plot/plot_Massachusetts_CrossEntropyLoss_FPN_mobileone_s3\confusion_matrix.png
2025-10-13 14:35:23,778 [INFO] - 
============================= EXPERIMENT FINISHED ==============================

