2025-10-16 16:23:26,337 [INFO] - 
=========================== STARTING NEW EXPERIMENT ============================
2025-10-16 16:23:26,337 [INFO] - The device used: cuda
2025-10-16 16:23:26,337 [INFO] - Configuration: TGRS_Road_CrossEntropyLoss_DeepLabV3_mobileone_s1
2025-10-16 16:23:26,337 [INFO] - ================================================================================
2025-10-16 16:23:26,337 [INFO] - 🔄 Loading data...
2025-10-16 16:23:26,347 [INFO] - 🔧 Initializing model, loss function, and optimizer...
2025-10-16 16:24:58,978 [INFO] - Epoch 01 | Val Loss: 0.3175 | Val IoU: 0.7942 | 🕒 86.47s
2025-10-16 16:26:24,983 [INFO] - Epoch 02 | Val Loss: 0.1649 | Val IoU: 0.8635 | 🕒 86.00s
2025-10-16 16:27:51,245 [INFO] - Epoch 03 | Val Loss: 0.1161 | Val IoU: 0.9064 | 🕒 86.26s
2025-10-16 16:29:17,460 [INFO] - Epoch 04 | Val Loss: 0.1036 | Val IoU: 0.9161 | 🕒 86.21s
2025-10-16 16:30:43,630 [INFO] - Epoch 05 | Val Loss: 0.0952 | Val IoU: 0.9227 | 🕒 86.17s
2025-10-16 16:32:09,912 [INFO] - Epoch 06 | Val Loss: 0.0876 | Val IoU: 0.9291 | 🕒 86.28s
2025-10-16 16:33:35,954 [INFO] - Epoch 07 | Val Loss: 0.0853 | Val IoU: 0.9315 | 🕒 86.04s
2025-10-16 16:35:01,974 [INFO] - Epoch 08 | Val Loss: 0.1007 | Val IoU: 0.9199 | 🕒 86.02s
2025-10-16 16:36:27,992 [INFO] - Epoch 09 | Val Loss: 0.0807 | Val IoU: 0.9349 | 🕒 86.02s
2025-10-16 16:37:54,011 [INFO] - Epoch 10 | Val Loss: 0.0984 | Val IoU: 0.9253 | 🕒 86.02s
2025-10-16 16:39:20,125 [INFO] - Epoch 11 | Val Loss: 0.0796 | Val IoU: 0.9354 | 🕒 86.11s
2025-10-16 16:40:46,105 [INFO] - Epoch 12 | Val Loss: 0.0828 | Val IoU: 0.9361 | 🕒 85.98s
2025-10-16 16:42:12,294 [INFO] - Epoch 13 | Val Loss: 0.0791 | Val IoU: 0.9383 | 🕒 86.19s
2025-10-16 16:43:38,327 [INFO] - Epoch 14 | Val Loss: 0.0853 | Val IoU: 0.9340 | 🕒 86.03s
2025-10-16 16:45:04,389 [INFO] - Epoch 15 | Val Loss: 0.0777 | Val IoU: 0.9399 | 🕒 86.06s
2025-10-16 16:46:30,255 [INFO] - Epoch 16 | Val Loss: 0.0890 | Val IoU: 0.9338 | 🕒 85.87s
2025-10-16 16:47:56,300 [INFO] - Epoch 17 | Val Loss: 0.0890 | Val IoU: 0.9336 | 🕒 86.04s
2025-10-16 16:49:22,157 [INFO] - Epoch 18 | Val Loss: 0.0920 | Val IoU: 0.9341 | 🕒 85.86s
2025-10-16 16:50:48,024 [INFO] - Epoch 19 | Val Loss: 0.0814 | Val IoU: 0.9393 | 🕒 85.87s
2025-10-16 16:52:14,163 [INFO] - Epoch 20 | Val Loss: 0.0818 | Val IoU: 0.9406 | 🕒 86.14s
2025-10-16 16:53:40,258 [INFO] - Epoch 21 | Val Loss: 0.0786 | Val IoU: 0.9414 | 🕒 86.09s
2025-10-16 16:55:06,521 [INFO] - Epoch 22 | Val Loss: 0.0808 | Val IoU: 0.9415 | 🕒 86.26s
2025-10-16 16:56:32,794 [INFO] - Epoch 23 | Val Loss: 0.0793 | Val IoU: 0.9424 | 🕒 86.27s
2025-10-16 16:57:58,878 [INFO] - Epoch 24 | Val Loss: 0.0792 | Val IoU: 0.9426 | 🕒 86.08s
2025-10-16 16:59:24,980 [INFO] - Epoch 25 | Val Loss: 0.0796 | Val IoU: 0.9428 | 🕒 86.10s
2025-10-16 17:00:51,009 [INFO] - Epoch 26 | Val Loss: 0.0791 | Val IoU: 0.9431 | 🕒 86.03s
2025-10-16 17:02:17,021 [INFO] - Epoch 27 | Val Loss: 0.0790 | Val IoU: 0.9432 | 🕒 86.01s
2025-10-16 17:03:42,959 [INFO] - Epoch 28 | Val Loss: 0.0797 | Val IoU: 0.9428 | 🕒 85.94s
2025-10-16 17:05:08,845 [INFO] - Epoch 29 | Val Loss: 0.0801 | Val IoU: 0.9427 | 🕒 85.89s
2025-10-16 17:06:34,794 [INFO] - Epoch 30 | Val Loss: 0.0809 | Val IoU: 0.9422 | 🕒 85.95s
2025-10-16 17:06:34,795 [INFO] - 
--- Training for TGRS_Road_CrossEntropyLoss_DeepLabV3_mobileone_s1 complete ---
2025-10-16 17:06:34,795 [INFO] - 📄 Time report saved at: plot/plot_TGRS_Road_CrossEntropyLoss_DeepLabV3_mobileone_s1/training_times.txt
2025-10-16 17:06:34,795 [INFO] - ✅ Best model saved at: model/model_TGRS_Road_CrossEntropyLoss_DeepLabV3_mobileone_s1.pt
2025-10-16 17:06:34,795 [INFO] - 📊 Per-epoch results saved at: plot/plot_TGRS_Road_CrossEntropyLoss_DeepLabV3_mobileone_s1/epoch_results.csv
2025-10-16 17:06:34,796 [INFO] - 
Training history saved to 'plot/plot_TGRS_Road_CrossEntropyLoss_DeepLabV3_mobileone_s1' directory.
2025-10-16 17:06:35,802 [INFO] - Summary plot saved at: plot/plot_TGRS_Road_CrossEntropyLoss_DeepLabV3_mobileone_s1/training_metrics_summary.png
2025-10-16 17:06:35,931 [INFO] - 📈 Confusion matrix saved at: plot/plot_TGRS_Road_CrossEntropyLoss_DeepLabV3_mobileone_s1/confusion_matrix.png
2025-10-16 17:06:35,931 [INFO] - 
============================= EXPERIMENT FINISHED ==============================

