2025-08-06 06:33:22,279 [INFO] - 
=========================== STARTING NEW EXPERIMENT ============================
2025-08-06 06:33:22,280 [INFO] - Configuration: Massachusetts_CrossEntropyLoss_UNet++_mobileone_s3
2025-08-06 06:33:22,280 [INFO] - ================================================================================
2025-08-06 06:33:22,280 [INFO] - 🔄 Loading data...
2025-08-06 06:33:22,301 [INFO] - 🔧 Initializing model, loss function, and optimizer...
2025-08-06 06:35:33,222 [INFO] - Epoch 01 | Val Loss: 0.1011 | Val IoU: 0.9314 | 🕒 129.00s
2025-08-06 06:37:40,687 [INFO] - Epoch 02 | Val Loss: 0.0926 | Val IoU: 0.9386 | 🕒 127.46s
2025-08-06 06:39:47,901 [INFO] - Epoch 03 | Val Loss: 0.0894 | Val IoU: 0.9397 | 🕒 127.21s
2025-08-06 06:41:55,692 [INFO] - Epoch 04 | Val Loss: 0.0855 | Val IoU: 0.9415 | 🕒 127.79s
2025-08-06 06:44:03,313 [INFO] - Epoch 05 | Val Loss: 0.0875 | Val IoU: 0.9419 | 🕒 127.62s
2025-08-06 06:46:10,601 [INFO] - Epoch 06 | Val Loss: 0.0995 | Val IoU: 0.9365 | 🕒 127.29s
2025-08-06 06:48:17,618 [INFO] - Epoch 07 | Val Loss: 0.0879 | Val IoU: 0.9418 | 🕒 127.02s
2025-08-06 06:50:25,222 [INFO] - Epoch 08 | Val Loss: 0.0838 | Val IoU: 0.9429 | 🕒 127.60s
2025-08-06 06:52:32,762 [INFO] - Epoch 09 | Val Loss: 0.0860 | Val IoU: 0.9436 | 🕒 127.54s
2025-08-06 06:54:40,038 [INFO] - Epoch 10 | Val Loss: 0.0883 | Val IoU: 0.9438 | 🕒 127.28s
2025-08-06 06:56:47,290 [INFO] - Epoch 11 | Val Loss: 0.0876 | Val IoU: 0.9410 | 🕒 127.25s
2025-08-06 06:58:54,179 [INFO] - Epoch 12 | Val Loss: 0.1019 | Val IoU: 0.9434 | 🕒 126.89s
2025-08-06 07:01:01,462 [INFO] - Epoch 13 | Val Loss: 0.0904 | Val IoU: 0.9429 | 🕒 127.28s
2025-08-06 07:03:08,857 [INFO] - Epoch 14 | Val Loss: 0.0988 | Val IoU: 0.9446 | 🕒 127.39s
2025-08-06 07:05:16,276 [INFO] - Epoch 15 | Val Loss: 0.0937 | Val IoU: 0.9454 | 🕒 127.42s
2025-08-06 07:07:23,403 [INFO] - Epoch 16 | Val Loss: 0.0966 | Val IoU: 0.9448 | 🕒 127.13s
2025-08-06 07:09:30,491 [INFO] - Epoch 17 | Val Loss: 0.0969 | Val IoU: 0.9450 | 🕒 127.09s
2025-08-06 07:11:37,588 [INFO] - Epoch 18 | Val Loss: 0.0991 | Val IoU: 0.9450 | 🕒 127.10s
2025-08-06 07:13:44,968 [INFO] - Epoch 19 | Val Loss: 0.1020 | Val IoU: 0.9443 | 🕒 127.38s
2025-08-06 07:15:51,974 [INFO] - Epoch 20 | Val Loss: 0.0994 | Val IoU: 0.9437 | 🕒 127.01s
2025-08-06 07:17:59,283 [INFO] - Epoch 21 | Val Loss: 0.1033 | Val IoU: 0.9446 | 🕒 127.31s
2025-08-06 07:20:06,395 [INFO] - Epoch 22 | Val Loss: 0.1022 | Val IoU: 0.9446 | 🕒 127.11s
2025-08-06 07:22:13,328 [INFO] - Epoch 23 | Val Loss: 0.1012 | Val IoU: 0.9441 | 🕒 126.93s
2025-08-06 07:24:20,580 [INFO] - Epoch 24 | Val Loss: 0.1053 | Val IoU: 0.9444 | 🕒 127.25s
2025-08-06 07:26:27,638 [INFO] - Epoch 25 | Val Loss: 0.1053 | Val IoU: 0.9444 | 🕒 127.06s
2025-08-06 07:28:34,753 [INFO] - Epoch 26 | Val Loss: 0.1016 | Val IoU: 0.9441 | 🕒 127.11s
2025-08-06 07:30:41,756 [INFO] - Epoch 27 | Val Loss: 0.1031 | Val IoU: 0.9440 | 🕒 127.00s
2025-08-06 07:32:49,028 [INFO] - Epoch 28 | Val Loss: 0.1023 | Val IoU: 0.9443 | 🕒 127.27s
2025-08-06 07:34:56,025 [INFO] - Epoch 29 | Val Loss: 0.1025 | Val IoU: 0.9443 | 🕒 127.00s
2025-08-06 07:37:03,404 [INFO] - Epoch 30 | Val Loss: 0.1024 | Val IoU: 0.9443 | 🕒 127.38s
2025-08-06 07:37:03,404 [INFO] - 
--- Training for Massachusetts_CrossEntropyLoss_UNet++_mobileone_s3 complete ---
2025-08-06 07:37:03,405 [INFO] - 📄 Time report saved at: plot/plot_Massachusetts_CrossEntropyLoss_UNet++_mobileone_s3/training_times.txt
2025-08-06 07:37:03,405 [INFO] - ✅ Best model saved at: model/model_Massachusetts_CrossEntropyLoss_UNet++_mobileone_s3.pt
2025-08-06 07:37:03,405 [INFO] - 📊 Per-epoch results saved at: plot/plot_Massachusetts_CrossEntropyLoss_UNet++_mobileone_s3/epoch_results.csv
2025-08-06 07:37:03,406 [INFO] - 
Training history saved to 'plot/plot_Massachusetts_CrossEntropyLoss_UNet++_mobileone_s3' directory.
2025-08-06 07:37:04,712 [INFO] - Summary plot saved at: plot/plot_Massachusetts_CrossEntropyLoss_UNet++_mobileone_s3/training_metrics_summary.png
2025-08-06 07:37:04,850 [INFO] - 📈 Confusion matrix saved at: plot/plot_Massachusetts_CrossEntropyLoss_UNet++_mobileone_s3/confusion_matrix.png
2025-08-06 07:37:04,850 [INFO] - 
============================= EXPERIMENT FINISHED ==============================

