2025-10-22 09:47:24,408 [INFO] - 
=========================== STARTING NEW EXPERIMENT ============================
2025-10-22 09:47:24,408 [INFO] - The device used: cuda
2025-10-22 09:47:24,408 [INFO] - Configuration: DeepGlobal_CrossEntropyLoss_UPerNet_mobileone_s0
2025-10-22 09:47:24,408 [INFO] - ================================================================================
2025-10-22 09:47:24,408 [INFO] - 🔄 Loading data...
2025-10-22 09:47:24,415 [INFO] - 🔧 Initializing model, loss function, and optimizer...
2025-10-22 09:51:05,943 [INFO] - Epoch 01 | Val Loss: 0.0970 | Val IoU: 0.9276 | 🕒 221.06s
2025-10-22 09:55:00,446 [INFO] - Epoch 02 | Val Loss: 0.0900 | Val IoU: 0.9315 | 🕒 234.50s
2025-10-22 09:58:56,320 [INFO] - Epoch 03 | Val Loss: 0.0812 | Val IoU: 0.9406 | 🕒 235.87s
2025-10-22 10:02:57,852 [INFO] - Epoch 04 | Val Loss: 0.0748 | Val IoU: 0.9435 | 🕒 241.53s
2025-10-22 10:07:07,724 [INFO] - Epoch 05 | Val Loss: 0.0733 | Val IoU: 0.9445 | 🕒 249.87s
2025-10-22 10:11:29,650 [INFO] - Epoch 06 | Val Loss: 0.0719 | Val IoU: 0.9456 | 🕒 261.93s
2025-10-22 10:15:52,734 [INFO] - Epoch 07 | Val Loss: 0.0770 | Val IoU: 0.9448 | 🕒 263.08s
2025-10-22 10:20:17,992 [INFO] - Epoch 08 | Val Loss: 0.0758 | Val IoU: 0.9443 | 🕒 265.25s
2025-10-22 10:24:42,614 [INFO] - Epoch 09 | Val Loss: 0.0733 | Val IoU: 0.9445 | 🕒 264.62s
2025-10-22 10:29:08,445 [INFO] - Epoch 10 | Val Loss: 0.0717 | Val IoU: 0.9463 | 🕒 265.83s
2025-10-22 10:33:34,290 [INFO] - Epoch 11 | Val Loss: 0.0719 | Val IoU: 0.9470 | 🕒 265.84s
2025-10-22 10:38:00,574 [INFO] - Epoch 12 | Val Loss: 0.0752 | Val IoU: 0.9483 | 🕒 266.28s
2025-10-22 10:42:24,547 [INFO] - Epoch 13 | Val Loss: 0.0776 | Val IoU: 0.9411 | 🕒 263.97s
2025-10-22 10:46:50,243 [INFO] - Epoch 14 | Val Loss: 0.0717 | Val IoU: 0.9461 | 🕒 265.69s
2025-10-22 10:50:48,374 [INFO] - Epoch 15 | Val Loss: 0.0715 | Val IoU: 0.9456 | 🕒 238.13s
2025-10-22 10:54:47,694 [INFO] - Epoch 16 | Val Loss: 0.0692 | Val IoU: 0.9468 | 🕒 239.32s
2025-10-22 10:58:45,640 [INFO] - Epoch 17 | Val Loss: 0.0736 | Val IoU: 0.9492 | 🕒 237.95s
2025-10-22 11:02:40,580 [INFO] - Epoch 18 | Val Loss: 0.0724 | Val IoU: 0.9492 | 🕒 234.94s
2025-10-22 11:06:42,693 [INFO] - Epoch 19 | Val Loss: 0.0768 | Val IoU: 0.9394 | 🕒 242.11s
2025-10-22 11:10:42,372 [INFO] - Epoch 20 | Val Loss: 0.0690 | Val IoU: 0.9494 | 🕒 239.68s
2025-10-22 11:14:39,155 [INFO] - Epoch 21 | Val Loss: 0.0737 | Val IoU: 0.9499 | 🕒 236.78s
2025-10-22 11:18:27,904 [INFO] - Epoch 22 | Val Loss: 0.0710 | Val IoU: 0.9483 | 🕒 228.75s
2025-10-22 11:22:10,391 [INFO] - Epoch 23 | Val Loss: 0.0791 | Val IoU: 0.9465 | 🕒 222.49s
2025-10-22 11:25:50,803 [INFO] - Epoch 24 | Val Loss: 0.0700 | Val IoU: 0.9503 | 🕒 220.41s
2025-10-22 11:29:31,194 [INFO] - Epoch 25 | Val Loss: 0.0688 | Val IoU: 0.9494 | 🕒 220.39s
2025-10-22 11:33:11,184 [INFO] - Epoch 26 | Val Loss: 0.0729 | Val IoU: 0.9500 | 🕒 219.99s
2025-10-22 11:36:51,811 [INFO] - Epoch 27 | Val Loss: 0.0773 | Val IoU: 0.9500 | 🕒 220.63s
2025-10-22 11:40:31,181 [INFO] - Epoch 28 | Val Loss: 0.0700 | Val IoU: 0.9502 | 🕒 219.37s
2025-10-22 11:44:08,457 [INFO] - Epoch 29 | Val Loss: 0.0733 | Val IoU: 0.9466 | 🕒 217.27s
2025-10-22 11:47:48,083 [INFO] - Epoch 30 | Val Loss: 0.0748 | Val IoU: 0.9489 | 🕒 219.62s
2025-10-22 11:47:48,083 [INFO] - 
--- Training for DeepGlobal_CrossEntropyLoss_UPerNet_mobileone_s0 complete ---
2025-10-22 11:47:48,084 [INFO] - 📄 Time report saved at: plot/plot_DeepGlobal_CrossEntropyLoss_UPerNet_mobileone_s0\training_times.txt
2025-10-22 11:47:48,084 [INFO] - ✅ Best model saved at: model/model_DeepGlobal_CrossEntropyLoss_UPerNet_mobileone_s0.pt
2025-10-22 11:47:48,084 [INFO] - 📊 Per-epoch results saved at: plot/plot_DeepGlobal_CrossEntropyLoss_UPerNet_mobileone_s0\epoch_results.csv
2025-10-22 11:47:48,100 [INFO] - 
Training history saved to 'plot/plot_DeepGlobal_CrossEntropyLoss_UPerNet_mobileone_s0' directory.
2025-10-22 11:47:49,438 [INFO] - Summary plot saved at: plot/plot_DeepGlobal_CrossEntropyLoss_UPerNet_mobileone_s0\training_metrics_summary.png
2025-10-22 11:47:49,583 [INFO] - 📈 Confusion matrix saved at: plot/plot_DeepGlobal_CrossEntropyLoss_UPerNet_mobileone_s0\confusion_matrix.png
2025-10-22 11:47:49,583 [INFO] - 
============================= EXPERIMENT FINISHED ==============================

