2025-08-04 13:43:50,337 [INFO] - 
=========================== STARTING NEW EXPERIMENT ============================
2025-08-04 13:43:50,337 [INFO] - Configuration: TGRS_Road_CrossEntropyLoss_DeepLabV3Plus_mobileone_s4
2025-08-04 13:43:50,337 [INFO] - ================================================================================
2025-08-04 13:43:50,337 [INFO] - 🔄 Loading data...
2025-08-04 13:43:50,349 [INFO] - 🔧 Initializing model, loss function, and optimizer...
2025-08-04 13:44:16,144 [INFO] - Epoch 01 | Val Loss: 0.1908 | Val IoU: 0.8833 | 🕒 24.41s
2025-08-04 13:44:40,461 [INFO] - Epoch 02 | Val Loss: 0.1353 | Val IoU: 0.8983 | 🕒 24.32s
2025-08-04 13:45:04,298 [INFO] - Epoch 03 | Val Loss: 0.1170 | Val IoU: 0.9126 | 🕒 23.84s
2025-08-04 13:45:28,321 [INFO] - Epoch 04 | Val Loss: 0.0910 | Val IoU: 0.9272 | 🕒 24.02s
2025-08-04 13:45:52,169 [INFO] - Epoch 05 | Val Loss: 0.0743 | Val IoU: 0.9402 | 🕒 23.85s
2025-08-04 13:46:16,165 [INFO] - Epoch 06 | Val Loss: 0.0709 | Val IoU: 0.9428 | 🕒 23.99s
2025-08-04 13:46:40,248 [INFO] - Epoch 07 | Val Loss: 0.0739 | Val IoU: 0.9414 | 🕒 24.08s
2025-08-04 13:47:04,007 [INFO] - Epoch 08 | Val Loss: 0.0640 | Val IoU: 0.9485 | 🕒 23.76s
2025-08-04 13:47:27,812 [INFO] - Epoch 09 | Val Loss: 0.0660 | Val IoU: 0.9475 | 🕒 23.81s
2025-08-04 13:47:51,659 [INFO] - Epoch 10 | Val Loss: 0.0620 | Val IoU: 0.9506 | 🕒 23.85s
2025-08-04 13:48:15,262 [INFO] - Epoch 11 | Val Loss: 0.0635 | Val IoU: 0.9495 | 🕒 23.60s
2025-08-04 13:48:39,023 [INFO] - Epoch 12 | Val Loss: 0.0616 | Val IoU: 0.9501 | 🕒 23.76s
2025-08-04 13:49:02,735 [INFO] - Epoch 13 | Val Loss: 0.0646 | Val IoU: 0.9499 | 🕒 23.71s
2025-08-04 13:49:26,378 [INFO] - Epoch 14 | Val Loss: 0.0583 | Val IoU: 0.9535 | 🕒 23.64s
2025-08-04 13:49:50,132 [INFO] - Epoch 15 | Val Loss: 0.0617 | Val IoU: 0.9510 | 🕒 23.75s
2025-08-04 13:50:13,791 [INFO] - Epoch 16 | Val Loss: 0.0652 | Val IoU: 0.9489 | 🕒 23.66s
2025-08-04 13:50:37,493 [INFO] - Epoch 17 | Val Loss: 0.0640 | Val IoU: 0.9514 | 🕒 23.70s
2025-08-04 13:51:01,378 [INFO] - Epoch 18 | Val Loss: 0.0704 | Val IoU: 0.9467 | 🕒 23.89s
2025-08-04 13:51:24,789 [INFO] - Epoch 19 | Val Loss: 0.0585 | Val IoU: 0.9530 | 🕒 23.41s
2025-08-04 13:51:48,678 [INFO] - Epoch 20 | Val Loss: 0.0580 | Val IoU: 0.9541 | 🕒 23.89s
2025-08-04 13:52:12,318 [INFO] - Epoch 21 | Val Loss: 0.0627 | Val IoU: 0.9525 | 🕒 23.64s
2025-08-04 13:52:36,123 [INFO] - Epoch 22 | Val Loss: 0.0583 | Val IoU: 0.9545 | 🕒 23.81s
2025-08-04 13:53:00,243 [INFO] - Epoch 23 | Val Loss: 0.0647 | Val IoU: 0.9518 | 🕒 24.12s
2025-08-04 13:53:23,803 [INFO] - Epoch 24 | Val Loss: 0.0619 | Val IoU: 0.9531 | 🕒 23.56s
2025-08-04 13:53:47,357 [INFO] - Epoch 25 | Val Loss: 0.0606 | Val IoU: 0.9539 | 🕒 23.55s
2025-08-04 13:54:11,034 [INFO] - Epoch 26 | Val Loss: 0.0685 | Val IoU: 0.9503 | 🕒 23.68s
2025-08-04 13:54:34,673 [INFO] - Epoch 27 | Val Loss: 0.0645 | Val IoU: 0.9527 | 🕒 23.64s
2025-08-04 13:54:58,426 [INFO] - Epoch 28 | Val Loss: 0.0633 | Val IoU: 0.9537 | 🕒 23.75s
2025-08-04 13:55:22,173 [INFO] - Epoch 29 | Val Loss: 0.0630 | Val IoU: 0.9539 | 🕒 23.75s
2025-08-04 13:55:45,755 [INFO] - Epoch 30 | Val Loss: 0.0633 | Val IoU: 0.9538 | 🕒 23.58s
2025-08-04 13:55:45,755 [INFO] - 
--- Training for TGRS_Road_CrossEntropyLoss_DeepLabV3Plus_mobileone_s4 complete ---
2025-08-04 13:55:45,756 [INFO] - 📄 Time report saved at: plot/plot_TGRS_Road_CrossEntropyLoss_DeepLabV3Plus_mobileone_s4/training_times.txt
2025-08-04 13:55:45,756 [INFO] - ✅ Best model saved at: model/model_TGRS_Road_CrossEntropyLoss_DeepLabV3Plus_mobileone_s4.pt
2025-08-04 13:55:45,756 [INFO] - 📊 Per-epoch results saved at: plot/plot_TGRS_Road_CrossEntropyLoss_DeepLabV3Plus_mobileone_s4/epoch_results.csv
2025-08-04 13:55:45,757 [INFO] - 
Training history saved to 'plot/plot_TGRS_Road_CrossEntropyLoss_DeepLabV3Plus_mobileone_s4' directory.
2025-08-04 13:55:46,860 [INFO] - Summary plot saved at: plot/plot_TGRS_Road_CrossEntropyLoss_DeepLabV3Plus_mobileone_s4/training_metrics_summary.png
2025-08-04 13:55:47,038 [INFO] - 📈 Confusion matrix saved at: plot/plot_TGRS_Road_CrossEntropyLoss_DeepLabV3Plus_mobileone_s4/confusion_matrix.png
2025-08-04 13:55:47,038 [INFO] - 
============================= EXPERIMENT FINISHED ==============================

